ARM GAS  /tmp/ccJ6S1xd.s 			page 1


   1              		.syntax unified
   2              		.cpu cortex-m4
   3              		.fpu softvfp
   4              		.eabi_attribute 20, 1
   5              		.eabi_attribute 21, 1
   6              		.eabi_attribute 23, 3
   7              		.eabi_attribute 24, 1
   8              		.eabi_attribute 25, 1
   9              		.eabi_attribute 26, 1
  10              		.eabi_attribute 30, 2
  11              		.eabi_attribute 34, 1
  12              		.eabi_attribute 18, 4
  13              		.thumb
  14              		.file	"board.c"
  15              		.text
  16              	.Ltext0:
  17              		.section	.gnu.lto_.profile.583817dc67f15a6a,"",%progbits
  18 0000 789C6366 		.ascii	"x\234cf```a\200\000F\006o3\000\001@\000\212"
  18      60606061 
  18      80004606 
  18      6F330001 
  18      40008A
  19              		.text
  20              		.section	.gnu.lto_.jmpfuncs.583817dc67f15a6a,"",%progbits
  21 0000 789C6366 		.ascii	"x\234cf\300\016x\24143\0203\202\030L@\014\000\001\375"
  21      C00E78A1 
  21      34331033 
  21      82184C40 
  21      0C0001FD 
  22 0014 0017     		.ascii	"\000\027"
  23              		.text
  24              		.section	.gnu.lto_.inline.583817dc67f15a6a,"",%progbits
  25 0000 789C6366 		.ascii	"x\234cf\300\016\\\24043\003\203\2111#\003S\322\205\277"
  25      C00E5CA0 
  25      34330383 
  25      89312303 
  25      53D285BF 
  26 0014 AC0C6C0B 		.ascii	"\254\014l\013\344\231@\202\214\014\254b@1 \013.\302"
  26      E4994082 
  26      8C0CAC62 
  26      4031200B 
  26      2EC2
  27 0026 05239818 		.ascii	"\005#\230\030\230\231P\345\030\000\006\240\005}"
  27      989950E5 
  27      180006A0 
  27      057D
  28              		.text
  29              		.section	.gnu.lto_.pureconst.583817dc67f15a6a,"",%progbits
  30 0000 789C6366 		.ascii	"x\234cf```g\200\000f\006)F\011&\006\000\001\234\000"
  30      60606067 
  30      80006606 
  30      29460926 
  30      0600019C 
  31 0015 43       		.ascii	"C"
  32              		.text
  33              		.section	.gnu.lto_stm32_gpio_init.583817dc67f15a6a,"",%progbits
  34 0000 789CA599 		.ascii	"x\234\245\231YLTW\030\307\357wf\230asI\3234\306\227"
ARM GAS  /tmp/ccJ6S1xd.s 			page 2


  34      594C5457 
  34      18C7EF77 
  34      66986173 
  34      49D334C6 
  35 0015 36F1C1A4 		.ascii	"6\361\301\244\011\222h\322\244i\023\037\254M\372\320"
  35      099268D2 
  35      A469131F 
  35      AC4DFAD0 
  36 0025 9A54D3A4 		.ascii	"\232T\323\244OVm\252$M1\265\2175\336a\261(kq\001\244"
  36      4F566DAA 
  36      244D31B5 
  36      8F35DE61 
  36      B1286B71 
  37 003b 54409155 		.ascii	"T@\221UYeG.\2400\200\012(\373\"\310bqw\224*(tz\316w"
  37      5965472E 
  37      A030800A 
  37      28FB22C8 
  37      62717794 
  38 0055 EE913BD3 		.ascii	"\356\221;\323\231\3063\2328\343\314\\~\377\357;\337"
  38      99C6339A 
  38      38E3CC5C 
  38      7EFFEF3B 
  38      DF
  39 0066 F9DD7B47 		.ascii	"\371\335{GL\312\177\377\254\245\177'\327(\312V\372\014"
  39      4CCA7FFF 
  39      ACA57F27 
  39      D728CA56 
  39      FA0C
  40 0078 260548D2 		.ascii	"&\005H\322uE\261\371\023\000\366\017\005\224C\004\016"
  40      7545B1F9 
  40      1300F60F 
  40      05944304 
  40      0E
  41 0089 C15DE220 		.ascii	"\301]\342 \220\244\025\246\006\255\317QU\365I\366\300"
  41      90A415A6 
  41      06ADCF51 
  41      55F549F6 
  41      C0
  42 009a 2FEAF1EF 		.ascii	"/\352\361\357\026\210\242<#\234\003\271\260^\241\007"
  42      1688A23C 
  42      239C03B9 
  42      B05EA107 
  43 00aa 39A29606 		.ascii	"9\242\226\006\202,Q\364\240\325\3743\310\003\013\320"
  43      822C51F4 
  43      A0D5FC33 
  43      C8030BD0 
  44 00ba E7E27734 		.ascii	"\347\342w4\325\351\234\312\251w\2307\021e\201\3200\372"
  44      D5E99CCA 
  44      A9779837 
  44      116581D0 
  44      30FA
  45 00cc 60610F56 		.ascii	"`a\017V\366\240(\323\364p\026:C\010{6\015Cse\351\370"
  45      F6A028D3 
  45      F470163A 
  45      43087B36 
  45      0D437365 
  46 00e2 46067841 		.ascii	"F\006xAX\001\035\366\234\232\200Y\262@\210\232\031\243"
ARM GAS  /tmp/ccJ6S1xd.s 			page 3


  46      58011DF6 
  46      9C9A8059 
  46      B240889A 
  46      19A3
  47 00f4 9A59DCF8 		.ascii	"\232Y\334\370tW\217?\276\245\260\227\021\347\262j\375"
  47      74578F3F 
  47      BEA5B097 
  47      11E7B26A 
  47      FD
  48 0105 33201D16 		.ascii	"3 \035\026\210\011\362a-\024\300Z\374`\352\345\251\231"
  48      8809F261 
  48      2D14C05A 
  48      FC60EAE5 
  48      A999
  49 0117 A0904235 		.ascii	"\240\220B5\312\346\277@\314P\010\031\360\024+\207\""
  49      CAE6BF40 
  49      CC500819 
  49      F0142B87 
  49      22
  50 0128 08518621 		.ascii	"\010Q\206!r\316\302sL<j\250y\266\002\030\027Tu\236."
  50      72CEC273 
  50      4C3C6AA8 
  50      79B60218 
  50      1754759E 
  51 013d CB79CAA1 		.ascii	"\313y\312\241\365$\003;J\"\350\302rP1\204P<\243\354"
  51      F524033B 
  51      4A22E8C2 
  51      72503184 
  51      503CA3EC 
  52 0151 7F630830 		.ascii	"\177c\0100F\3112\243\024B\214M\233\351[e\274\262\312"
  52      46C932A3 
  52      14428C4D 
  52      9BE95B65 
  52      BCB2CA
  53 0164 9E71C23B 		.ascii	"\236q\302;\220)\257\034\321l<P\341\272\016V\012\362"
  53      9029AF1C 
  53      D16C3C50 
  53      E1BA0E56 
  53      0AF2
  54 0176 B9EB8BCB 		.ascii	"\271\353\213\313\330J\326\265U\351\007\2423\206\333"
  54      D84AD6B5 
  54      55E907A2 
  54      3386DB
  55 0185 9B3F357D 		.ascii	"\233?5}\014\354\247j.\314]\013b}\370}\300^\326&\333"
  55      0CECA76A 
  55      2ECC5D0B 
  55      627DF87D 
  55      C05ED626 
  56 019a 532DECA5 		.ascii	"S-\354\245\005G\3339\364\370\264i]\226\252FL\324\346"
  56      0547DB39 
  56      F4F8B469 
  56      5D96AA46 
  56      4CD4E6
  57 01ad B405AB76 		.ascii	"\264\005\253v5j\302\351|\177\201X\241\012LtoA5\255\240"
  57      356AC2E9 
  57      7C7F8158 
  57      A10A4C74 
ARM GAS  /tmp/ccJ6S1xd.s 			page 4


  57      6F4135AD 
  58 01c2 8655C077 		.ascii	"\206U\300w`-\254\243?\326\320p\242\316\304(V\272\007"
  58      602DACA3 
  58      3FD6D070 
  58      A2CEC428 
  58      56BA07
  59 01d5 35B30275 		.ascii	"5\263\002u\364\210~\210\320\234\035\242\215\303Ecmf"
  59      F4887E88 
  59      D09C1DA2 
  59      8DC34563 
  59      6D66
  60 01e7 D366ACE1 		.ascii	"\323f\254\341ne\333\"xJ\361\207z\217)\015\230r2\261"
  60      6E65DB22 
  60      784AF187 
  60      7A8F290D 
  60      987232B1 
  61 01fb B7DA74F0 		.ascii	"\267\332t\360\225\232\252\322\206\003\226\330t\214\203"
  61      959AAAD2 
  61      860396D8 
  61      748C83
  62 020a 09C097F9 		.ascii	"\011\300\227\371\211\307\253\351J\244\333\222\330Q\201"
  62      89C7ABE9 
  62      4AA4DB92 
  62      D85181
  63 0219 70090E42 		.ascii	"p\011\016B\243\276b\017\247\217h&\272bI\352Dg\364{\013"
  63      A3BE620F 
  63      A78F6826 
  63      BA6249EA 
  63      4467F47B 
  64 022e 2408345C 		.ascii	"$\0104\\4\235T<\225\225\032\200|\315\304ji\202\020V"
  64      349D543C 
  64      95951A80 
  64      7CCDC46A 
  64      69821056 
  65 0242 BC02CD70 		.ascii	"\274\002\315p\020G\342\350\315\366s\321MK\351\004V\034"
  65      1047E2E8 
  65      CDF673D1 
  65      4D4BE904 
  65      561C
  66 0254 5B0694EE 		.ascii	"[\006\224\356\031\001w!\241\205\"\024\270\214\253\360"
  66      19017721 
  66      A1852214 
  66      B88CABF0 
  67 0264 BA582B26 		.ascii	"\272X+&\226&\307\276\014z]l0[6\270\242\027\373\352X"
  67      9626C7BE 
  67      0C7A5D6C 
  67      305B36B8 
  67      A217FBEA 
  68 0279 4D1BC1F1 		.ascii	"M\033\301\361N\344G[\330\204[\261X\023'B\033nK\333\271"
  68      4EE4475B 
  68      D8845BB1 
  68      58132742 
  68      1B6E4BDB 
  69 028e BA382B3A 		.ascii	"\2728+:C3\354\372\326)\355\313\366\323\003\337,A[\303"
  69      4333ECFA 
  69      D629EDCB 
  69      F6D303DF 
ARM GAS  /tmp/ccJ6S1xd.s 			page 5


  69      2C415BC3 
  70 02a2 F8EDC837 		.ascii	"\370\355\3107\353\374\016\344\317\267\337\216\362\343"
  70      EBFC0EE4 
  70      CFB7DF8E 
  70      F2E3
  71 02b0 4ECE47DE 		.ascii	"N\316G\336\241\331\235z\206\303\267\214\253\230\341"
  71      A1D99D7A 
  71      86C3B78C 
  71      AB98E1
  72 02bf A7675CC3 		.ascii	"\247g\\\303\014m\246\361,\357\2417\2737\223\276}]\364"
  72      0C6DA6F1 
  72      2CEFA137 
  72      BB3793BE 
  72      7D5DF4
  73 02d2 D1EF5346 		.ascii	"\321\357SF\027fX\364\214n\314H\271?_\201\013\017N'\355"
  73      176658F4 
  73      8C6ECC48 
  73      B93F5F81 
  73      0B0F4E27 
  74 02e7 A24774E1 		.ascii	"\242Gt\341[\302\015L\260\352\01171\241>.\356\336J\375"
  74      5BC20D4C 
  74      B0EA0937 
  74      31A13E2E 
  74      EEDE4AFD 
  75 02fb ECA515D0 		.ascii	"\354\245\025\320\016{E\027\003>e\364a\206\277\236\321"
  75      0E7B4517 
  75      033E65F4 
  75      6186BF9E 
  75      D1
  76 030c 8F19F6EC 		.ascii	"\217\031\366\354\007#\026\236\241}\242\300\200\350\302"
  76      0723169E 
  76      A17DA2C0 
  76      80E8C2
  77 031b B784414C 		.ascii	"\267\204AL\010\320\023\206\370~*\351Y\344\263P\273#"
  77      08D01386 
  77      F87E2AE9 
  77      59E4B350 
  77      BB23
  78 032d 7AA989C3 		.ascii	"z\251\211\303\334\344\325>\235\035F\320[GYv<\337\364"
  78      DCE4D53E 
  78      9D1D46D0 
  78      5B475976 
  78      3CDFF4
  79 0340 6A0C9E1D 		.ascii	"j\014\236\035F\015\314\345s\201\232\246f\222\030\315"
  79      460DCCE5 
  79      73819AA6 
  79      669218CD 
  80 0350 E9DCECFD 		.ascii	"\351\334\354\375D0\366?'\002w\363oy6\377:7\177\034\233"
  80      4430F63F 
  80      270277F3 
  80      6F7936FF 
  80      3A377F1C 
  81 0365 0FF46CFE 		.ascii	"\017\364l\376\2040\377\266W\3633\250\371\264\032\326"
  81      8430FFB6 
  81      57F333A8 
  81      F9B41AD6 
  82 0375 A257F327 		.ascii	"\242W\363'\321\374)\034L\336Tg\231q0\243\206\301h\255"
ARM GAS  /tmp/ccJ6S1xd.s 			page 6


  82      D1FC291C 
  82      4CDE5467 
  82      997130A3 
  82      86C168AD 
  83 0389 37EFB8AA 		.ascii	"7\357\270\252>-Tg\010\230\301\321\\\215=\235Fp4\032"
  83      3E2D5467 
  83      0898C1D1 
  83      5C8D3D9D 
  83      4670341A 
  84 039d 2870C7E8 		.ascii	"(p\307\350\272L\004\237\375_\302u\014\230\305\200\341"
  84      BA4C049F 
  84      FD5FC275 
  84      0C98C580 
  84      E1
  85 03ae 2AFB59BE 		.ascii	"*\373Y\276\273\264\3334\372\256\321t\371\204{\302tL"
  85      BBB4DB34 
  85      FAAED174 
  85      F9847BC2 
  85      744C
  86 03c0 B88F09D1 		.ascii	"\270\217\011\321%\351\267\360f\002N\034\355e\216<0\232"
  86      25E9B7F0 
  86      66024E1C 
  86      ED658E3C 
  86      309A
  87 03d2 2E9FF150 		.ascii	".\237\361P\230\216\031\217\350\324\\\304\226\007>\026"
  87      988E198F 
  87      E8D45CC4 
  87      96073E16 
  88 03e2 6223F009 		.ascii	"b#\360\011\026=T\336\324f\322\305V3\351\2229\214b\313"
  88      163D54DE 
  88      D466D2C5 
  88      5633E992 
  88      398C62CB 
  89 03f6 673C1562 		.ascii	"g<\025bc\3063Z\264\335\350\261<pNx\214\300\277\261\350"
  89      63C6335A 
  89      B4DDE8B1 
  89      3C704E78 
  89      8CC0BFB1 
  90 040b B49335BF 		.ascii	"\264\2235\277\362\232\233\250E\317\337F\342\027\350"
  90      F29A9BA8 
  90      45CFDF46 
  90      E217E8
  91 041a DCF9D248 		.ascii	"\334\371\322H\307J.q\022J<\357\263\304\013\022\022\277"
  91      C74A2E71 
  91      124A3CEF 
  91      B3C40B12 
  91      12BF
  92 042c F42CF110 		.ascii	"\364,\361\020\227\370\025v\036\344Y\342E!\361\222W\211"
  92      97F81576 
  92      1EE459E2 
  92      4521F192 
  92      5789
  93 043e CBA9C4B4 		.ascii	"\313\251\304\264\032\326\242W\211\377A\211\2358\225"
  93      1AD6A257 
  93      89FF4189 
  93      9D3895
  94 044d ECAE47A3 		.ascii	"\354\256G\243\201\206\251\314\033\246\222\036\031\337"
ARM GAS  /tmp/ccJ6S1xd.s 			page 7


  94      8186A9CC 
  94      1BA6921E 
  94      19DF
  95 045b 1DEC22B1 		.ascii	"\035\354\"\261Jt\211\031\002l$\304\365\002-\203\344"
  95      4A748919 
  95      026C24C4 
  95      F5022D83 
  95      E4
  96 046c 838E20BA 		.ascii	"\203\216 \272\264\010\214$\270;\213\307\316\211\313"
  96      B4088C24 
  96      B83B8BC7 
  96      CE89CB
  97 047b 8EAAAE52 		.ascii	"\216\252\256R \212\030\264\225\317\210&\272\266\230"
  97      208A18B4 
  97      95CF8826 
  97      BAB698
  98 048a 711833EE 		.ascii	"q\0303\356?\236\255\3437\346}\005}\037*\360\0331X+\037"
  98      3F9EADE3 
  98      37E67D05 
  98      7D1F2AF0 
  98      1B31582B 
  99 049f 1143746B 		.ascii	"\021Ctk1\342\010q\263V\036x\224\350\326\"0\026k\236"
  99      31E20871 
  99      B3561E78 
  99      94E8D622 
  99      30166B9E 
 100 04b3 4D5013F4 		.ascii	"MP\023\364K\245:Jg\020G\014\322\312G\304\023]Z\214H"
 100      4BA53A4A 
 100      6710470C 
 100      D2CA47C4 
 100      135D5A8C 
 101 04c8 206ED2CA 		.ascii	" n\322\312\003\023\211.-\002\223\260\346\243Gl\017\371"
 101      0313892E 
 101      2D0293B0 
 101      E6A3476C 
 101      0FF9
 102 04da 4D8AFAAE 		.ascii	"M\212\372\256\002\277\223\267\2206\2310\307\346K&\223"
 102      02BF93B7 
 102      90369930 
 102      C7E64B26 
 102      93
 103 04eb 56716953 		.ascii	"VqiSQ\332c\304Wi\217\2237\227\366\004\361(\355(\227"
 103      51DA63C4 
 103      57698F93 
 103      3797F604 
 103      F128ED28 
 104 0500 F624761E 		.ascii	"\366$v\036\354Y\332\024\242K\233J\274I[C\245\245\325"
 104      EC59DA14 
 104      A24B9B4A 
 104      BC495B43 
 104      A5A5D5
 105 0513 B016BD4A 		.ascii	"\260\026\275J\233F\230\264\247\360{\231]\273\3500\033"
 105      9B4698B4 
 105      A7F07B99 
 105      5DBBE830 
 105      1B
 106 0524 A642D7E0 		.ascii	"\246B\327\340\365T^$\236YZ\345\"m\272\220\226!\340\017"
ARM GAS  /tmp/ccJ6S1xd.s 			page 8


 106      F5545E24 
 106      9E595AE5 
 106      226DBA90 
 106      9621E00F 
 107 0538 77696590 		.ascii	"wie\220|\320\031BZ\004\376i\3349\276\001O\013C\021\230"
 107      7CD01942 
 107      5A04FE69 
 107      DC39BE01 
 107      4F0B4311 
 108 054d 893B67AE 		.ascii	"\211;g\256V\353[!\014e\027\326,\243\242\362\031\331"
 108      56EB5B21 
 108      0C6517D6 
 108      2CA3A2F2 
 108      19D9
 109 055f 4251CC38 		.ascii	"BQ\3148\343\256\250<\360\254P\024\2019\306e\035\360"
 109      E3AEA83C 
 109      F0AC5014 
 109      8139C665 
 109      1DF0
 110 0571 09784E08 		.ascii	"\011xN\010\211\300\\w!\345\201yBH\004\346\353@\237\005"
 110      89C05C77 
 110      21E58179 
 110      424804E6 
 110      EB409F05 
 111 0585 2C405F26 		.ascii	",@_&\343\037-\005r\0013Q\300B\237\005,\222\020\360\274"
 111      E31F2D05 
 111      72013351 
 111      C0429F05 
 111      2C9210F0 
 112 059a 6701C7B9 		.ascii	"g\001\307\271\200\027\260\323\025\236\005,\026\002\226"
 112      8017B0D3 
 112      159E052C 
 112      160296
 113 05a9 7815B091 		.ascii	"x\025\260\221\012H\253a-z\025\260\024\005,\303)\304"
 113      0A48AB61 
 113      2D7A15B0 
 113      14052CC3 
 113      29C4
 114 05bb D8E73B57 		.ascii	"\330\347;W\030\246Ph\230B{|U\273\325E\300r! C@\205\273"
 114      18A65068 
 114      98427B7C 
 114      55BBD545 
 114      C0722120 
 115 05d3 8032483E 		.ascii	"\2002H>\330\213B@\004V\242/\231Q\203\221\374\212\246"
 115      D88B4240 
 115      0456A22F 
 115      99518391 
 115      FC8AA6
 116 05e6 D9169DF4 		.ascii	"\331\026\235\364\252Ye\274j\312gT\013'1\243\0063\232"
 116      AA5965BC 
 116      6ACA6754 
 116      0B2731A3 
 116      06339A
 117 05f9 2ED88682 		.ascii	".\330\206\202\371\315nA\037\335\250\265F%\345#\352\204"
 117      F9CD6E41 
 117      1FDDA8B5 
 117      4625E523 
ARM GAS  /tmp/ccJ6S1xd.s 			page 9


 117      EA84
 118 060b 9218518F 		.ascii	"\222\030Q\217\021\011\235\247\232\370\255\251\223~%"
 118      11099DA7 
 118      9AF8ADA9 
 118      937E25
 119 061a 68200645 		.ascii	"h \006E\345\003.\011E1\240\321]Qy\240&\024E`\223\273"
 119      E5032E09 
 119      4531A0D1 
 119      5D5179A0 
 119      26144560 
 120 0630 A2F2C066 		.ascii	"\242\362\300f\241(\002[p\011r\272\023s\371*k*~\245\270"
 120      A128025B 
 120      700972BA 
 120      1373F92A 
 120      6B2A7EA5 
 121 0645 FC3697CD 		.ascii	"\3746\227\315+(\331\322\215\242X3\2676\017\255m\365"
 121      2B28D9D2 
 121      8DA25833 
 121      B7360FAD 
 121      6DF5
 122 0657 D9DA3609 		.ascii	"\331\3326\011k\355\236\255\275\307\255m\307\346Wz\266"
 122      6BED9EAD 
 122      BDC7AD6D 
 122      C7E6577A 
 122      B6
 123 0668 B64358DB 		.ascii	"\266CX\333\351\325\332>j-\255\206\265\350\325\332\253"
 123      E9D5DA3E 
 123      6A2DAD86 
 123      B5E8D5DA 
 123      AB
 124 0679 68ED351C 		.ascii	"h\3555\034LK\356H\265\361f\246\3250\230+-\031g\\\255"
 124      4C4BEE48 
 124      B5F166A6 
 124      D530982B 
 124      2D19675C 
 125 068e BD2EAC65 		.ascii	"\275.\254e\010\350r\267V\006\311g\335-\254E`\017\316"
 125      08E872B7 
 125      5606C967 
 125      DD2DAC45 
 125      600FCE
 126 06a1 7A7022A2 		.ascii	"zp\"\242\003\377\357\022\250\2617\214\306\312\363o\012"
 126      03FFEF12 
 126      A8B1378C 
 126      C6CAF36F 
 126      0A
 127 06b2 6391DF8B 		.ascii	"c\221\337\213\374\347\261Yqx\266\206n~\025\3553*+\237"
 127      FCE7B159 
 127      7178B686 
 127      6E7E15ED 
 127      332A2B9F 
 128 06c6 D12F94C5 		.ascii	"\321/\224\305\214\001\367\253\250<pP(\212\300!wE\345"
 128      8C01F7AB 
 128      A83C7050 
 128      288AC021 
 128      7745E5
 129 06d9 81C34251 		.ascii	"\201\303BQ\004\216\270+*\017\034\025\212\"pL\007\336"
 129      048EB82B 
ARM GAS  /tmp/ccJ6S1xd.s 			page 10


 129      2A0F1C15 
 129      8A22704C 
 129      07DE
 130 06eb 029B96F2 		.ascii	"\002\233\226\362\025\356P\205\375\316\001\330\357\032"
 130      15EE5085 
 130      FDCE01D8 
 130      EF1A
 131 06f9 A8051F6D 		.ascii	"\250\005\037m\330\020\272e_\330\356\260m\333C\303\017"
 131      D810BA65 
 131      5FD8EEB0 
 131      6DDB43C3 
 131      0F
 132 070a 84EEDBF5 		.ascii	"\204\356\333\365c\350\356\360]?\177\177 t\373\216\235"
 132      63E8EEF0 
 132      5D3F7F7F 
 132      2074FB8E 
 132      9D
 133 071b DB777CB9 		.ascii	"\333w|\271i\343\347\233v~\366\305\366-\333\276\331\372"
 133      69E3E79B 
 133      767EF6C5 
 133      F62DDBBE 
 133      D9FA
 134 072d F5B7FCB3 		.ascii	"\365\267\374\263\015{\024\277\275\373\303\302\367[\366"
 134      0D7B14BF 
 134      BDFBC3C2 
 134      F75BF6
 135 073c 84FFF443 		.ascii	"\204\377\364C\330\336\177\001!\240\363j"
 135      D8DE7F01 
 135      21A0F36A 
 136              		.text
 137              		.section	.gnu.lto___early_init.583817dc67f15a6a,"",%progbits
 138 0000 789C6366 		.ascii	"x\234cf\300\004R@|\006\210-\200\230\221\231\201\221"
 138      C0045240 
 138      7C06882D 
 138      80989199 
 138      8191
 139 0012 69C23906 		.ascii	"i\3029\006\206F\016&FF\020\203\201\221\241\236\211\261"
 139      86460E26 
 139      46461083 
 139      8191A19E 
 139      89B1
 140 0024 9EF125D3 		.ascii	"\236\361%\323G&\306\011\007V\317\340V_\332\320\320\360"
 140      4726C609 
 140      0756CFE0 
 140      565FDAD0 
 140      D0F0
 141 0036 61D15789 		.ascii	"a\321W\211V\211\237L\014\014\237\231 \3060.gTg\000\252"
 141      56899F4C 
 141      0C0C9F99 
 141      20C6302E 
 141      67546700 
 142 004b F9D8F2F7 		.ascii	"\371\330\362\367:7[\013P\215\000D\216q\005#\033#\220"
 142      3A375B0B 
 142      508D0044 
 142      8E710523 
 142      1B2390
 143 005e 5E2F74A0 		.ascii	"^/t\240\341\377\377\307s\336|eaa`x\002\224\002\231\377"
ARM GAS  /tmp/ccJ6S1xd.s 			page 11


 143      E1FFFFC7 
 143      73DE7C65 
 143      61616078 
 143      02940299 
 144 0073 94890944 		.ascii	"\224\211\011D3\337al>p\363\034#H1\310\224y\227\373\326"
 144      33DF616C 
 144      3E70F31C 
 144      234831C8 
 144      947997FB 
 145 0088 31D5FE6E 		.ascii	"1\325\376n\350h\340\370\311\304\370\231\011h\000\343"
 145      E868E0F8 
 145      C9C4F899 
 145      096800E3 
 146 0098 4AC65A86 		.ascii	"J\306Z\206\237@\345 \245\267\370p\251\004\232\313\270"
 146      9F40E520 
 146      A5B7F870 
 146      A9049ACB 
 146      B8
 147 00a9 0AAAF21E 		.ascii	"\012\252\362\036c\343\201\273~`\225\014 +\031AV\001"
 147      63E381BB 
 147      7E60950C 
 147      202B1941 
 147      5601
 148 00bb 1598E9E9 		.ascii	"\025\230\351\351\351;gd&e\372\007\353\347\027\353g$"
 148      E93B6764 
 148      2665FA07 
 148      EBE717EB 
 148      6724
 149 00cd E6E827E5 		.ascii	"\346\350'\345'\026\245\024\353\007\207\304\007\207\370"
 149      2716A514 
 149      EB0787C4 
 149      0787F8
 150 00dc 1A1BB919 		.ascii	"\032\033\271\031\307\273x\006;\373\207\271\006EB\344"
 150      C7BB7806 
 150      3BFB87B9 
 150      064542E4 
 151 00ec F4921900 		.ascii	"\364\222\031\000\242x[v"
 151      A2785B76 
 152              		.text
 153              		.section	.gnu.lto_boardInit.583817dc67f15a6a,"",%progbits
 154 0000 789C6366 		.ascii	"x\234cf\300\004R@\\\002\304\026@\314\310\314\300\310"
 154      C0045240 
 154      5C02C416 
 154      40CCC8CC 
 154      C0C8
 155 0012 34E11C03 		.ascii	"4\341\034\003C#\007\023##\210\301\300\310P\317\304X"
 155      43230713 
 155      232388C1 
 155      C0C850CF 
 155      C458
 156 0024 CFF892E9 		.ascii	"\317\370\222\351#\023\343\204\003\253gp\253/mhh\370"
 156      2313E384 
 156      03AB6770 
 156      AB2F6D68 
 156      68F8
 157 0036 D03459B2 		.ascii	"\3204Y\262U\342'\023\003\303g&\2101\214\313\031\325"
 157      55E22713 
ARM GAS  /tmp/ccJ6S1xd.s 			page 12


 157      03C36726 
 157      88318CCB 
 157      19D5
 158 0048 19806A3E 		.ascii	"\031\200j>\266\374\275\316\315\326\002T#\000\221c\\"
 158      B6FCBDCE 
 158      CDD60254 
 158      23009163 
 158      5C
 159 0059 C1C8C608 		.ascii	"\301\310\306\010\244\327\013\035h\370\377\177\361\364"
 159      A4D70B1D 
 159      68F8FF7F 
 159      F1F4
 160 0067 35935981 		.ascii	"5\223Y\201\302O\200\030d\376S&&\020\315|\217\221\021"
 160      C24F8018 
 160      64FE5326 
 160      2610CD7C 
 160      8F9111
 161 007a A41064D2 		.ascii	"\244\020d\322\023&F\220\020P\201\231\236\236\276sFf"
 161      13264690 
 161      10508199 
 161      9E9EBE73 
 161      4666
 162 008c 52A67FB0 		.ascii	"R\246\177\260~~\261~Fb\216~R~bQJ\261~pH|p\210\257\261"
 162      7E7EB17E 
 162      46628E7E 
 162      527E6251 
 162      4AB17E70 
 163 00a6 919B71BC 		.ascii	"\221\233q\274\213g\260\263\177\230kP$DN/\231\001\000"
 163      8B67B0B3 
 163      7F986B50 
 163      24444E2F 
 163      990100
 164 00b9 4D693994 		.ascii	"Mi9\224"
 165              		.text
 166              		.section	.gnu.lto_.symbol_nodes.583817dc67f15a6a,"",%progbits
 167 0000 789C4DC8 		.ascii	"x\234M\310\261\011\200@\020\005\321\331\277\311\005"
 167      B1098040 
 167      1005D1D9 
 167      BFC905
 168 000f D6673B7B 		.ascii	"\326g;{\241\241\015(\207m\234\032\031[\203\225\210\202"
 168      A1A10D28 
 168      876D9C1A 
 168      195B8395 
 168      8882
 169 0021 0A4E32F0 		.ascii	"\012N2\360\034hySU@\277C\004C\351\0324+\354\223\261"
 169      1C687953 
 169      5540BF43 
 169      0443E91A 
 169      342BEC93 
 170 0036 24B428F4 		.ascii	"$\264(\364\007[\025\376\0009'\334`:Nss\266\373\\A\004"
 170      075B15FE 
 170      003927DC 
 170      603A4E73 
 170      73B6FB5C 
 171 004c 18E2     		.ascii	"\030\342"
 172              		.text
 173              		.section	.gnu.lto_.refs.583817dc67f15a6a,"",%progbits
ARM GAS  /tmp/ccJ6S1xd.s 			page 13


 174 0000 789C6366 		.ascii	"x\234cf```d\200\002\000\000=\000\005"
 174      60606064 
 174      80020000 
 174      3D0005
 175              		.text
 176              		.section	.gnu.lto_.decls.583817dc67f15a6a,"",%progbits
 177 0000 789CAD58 		.ascii	"x\234\255XkP\024W\026\356\333wf\030\306\001\334\302"
 177      6B501457 
 177      16EEDB77 
 177      6618C601 
 177      DCC2
 178 0012 3C2A95DA 		.ascii	"<*\225\332%\246\212J\245\\\307`*\265\217\332D\005|T"
 178      25A68A4A 
 178      A55CC760 
 178      2AB58FDA 
 178      44057C54 
 179 0026 54A8C124 		.ascii	"T\250\301$\225\332\332\232%0Fj\021(\030w\315\277\226"
 179      95DADA9A 
 179      2530466A 
 179      11281877 
 179      CDBF96
 180 0039 41454041 		.ascii	"AE@A|\004\321\204\221A@@y*\242\010\003\2067\022#A\215"
 180      7C04D184 
 180      91414040 
 180      792AA208 
 180      03863712 
 181 0050 CF11A3F8 		.ascii	"\317\021\243\370B\320\200\202Qf\317\275wfz\246m\262"
 181      42D08082 
 181      5166CFBD 
 181      77667AA6 
 181      6DB2
 182 0062 D9ADED9A 		.ascii	"\331\255\355\2323\335\247\357w\277{\356\271\347\234"
 182      33DDA7EF 
 182      77BF7BEE 
 182      B9E79C
 183 0071 DBDD98E3 		.ascii	"\333\335\230\343\270y\210\343\034p\004\275\304q\275"
 183      B87988E3 
 183      1C7004BD 
 183      C471BD
 184 0080 3CC729E0 		.ascii	"<\307)\340^$'\036D\257\0009\014R\005R\303\275x\220v"
 184      5E24271E 
 184      44AF0039 
 184      0C520552 
 184      C3BD7890 
 185 0095 3F67BF37 		.ascii	"?g\2777@n\200\\\007i\002\361\007\321\202\274\004\343"
 185      406E805C 
 185      076902F1 
 185      07D182BC 
 185      04E3
 186 00a7 CC010907 		.ascii	"\314\001\011\007\011\003Y\0142\013$\000\332.\203\014"
 186      0903590C 
 186      320B2400 
 186      DA2E830C 
 187 00b7 807C00FA 		.ascii	"\200|\000\372o@\374@|@4 \376\004\0032\003\344O \177"
 187      6F40FC40 
 187      7C403420 
 187      FE040332 
ARM GAS  /tmp/ccJ6S1xd.s 			page 14


 187      03E44F20 
 188 00cc 01F933C8 		.ascii	"\001\3713\310\373 \177\004\341\235\343\177\010\327\360"
 188      FB207F04 
 188      E19DE37F 
 188      08D7F0
 189 00db E356206F 		.ascii	"\343V o\333\210\335\330i\333Jh;\350\274\217\235m\025"
 189      DB88DDD8 
 189      69DB4A68 
 189      3BE8BC8F 
 189      9D6D15
 190 00ee D3CC89CC 		.ascii	"\323\314\211\314\025y\370\0029\357I\217\207<j8<vz\306"
 190      1579F802 
 190      39EF498F 
 190      873C6A38 
 190      3C767AC6 
 191 0102 6D1EF96B 		.ascii	"m\036\371k\202\210z<\2673O\005\252V\243 \352\211\237"
 191      82887A3C 
 191      B7334F05 
 191      AA56A320 
 191      EA899F
 192 0115 07BF57BC 		.ascii	"\007\277W\274\262K\200#\307,\314T\240\310\227Q\011z"
 192      B24B8023 
 192      C72CCC54 
 192      A0C89751 
 192      097A
 193 0127 0D95A2D7 		.ascii	"\015\225\242\327\200\365 z\005\376\377\252`L\343\326"
 193      80F5207A 
 193      05FEFFAA 
 193      604CE3D6 
 194 0137 D12B0ACC 		.ascii	"\321+\012\314#rm\315\273\376\275fN\031tK\027lgxq\270"
 194      23726DCD 
 194      BBFEBD66 
 194      4E19744B 
 194      176C6778 
 195 014d 61DBD759 		.ascii	"a\333\327Y\252\240\257\005[\325h\303X\267\377\036\301"
 195      AAA0AF05 
 195      5BD568C3 
 195      58B7FF1E 
 195      C1
 196 015e 922A4C39 		.ascii	"\222*L9\034\210\222\2412\204Q9\232CM\206kf{\005\012"
 196      1C8892A1 
 196      32845139 
 196      9A434D86 
 196      6B667B05 
 197 0173 828EADDB 		.ascii	"\202\216\255\333\037\015#\034I\3313\316\225\274\017"
 197      1F0D231C 
 197      49D933CE 
 197      95BC0F
 198 0182 1C962A7B 		.ascii	"\034\226*{Y\207\321\226&<s80#8\344Ap\310Ep\230\022\224"
 198      5987D196 
 198      263C7338 
 198      302338E4 
 198      4170C845 
 199 019a 15640FF8 		.ascii	"\025d\017\370\340\277Q\202\212\261\246\006\037`\250"
 199      E0BF5182 
 199      8AB1A606 
 199      1F60A8
ARM GAS  /tmp/ccJ6S1xd.s 			page 15


 200 01a9 AAB2E41D 		.ascii	"\252\262\344\035Tu\0126\207\343\003\332\277\322\243"
 200      54750A36 
 200      87E303DA 
 200      BFD2A3
 201 01b8 7FA5AB7F 		.ascii	"\177\245\253\177\025\355_Rr\356\220\022\177N\373\337"
 201      15ED5F52 
 201      72EE9012 
 201      7F4EFBDF 
 202 01c8 31DB47C9 		.ascii	"1\333G\311,\354\302\350\204\265\366\245\274\032\241"
 202      2CECC2E8 
 202      84B5F6A5 
 202      BC1AA1
 203 01d7 955A8110 		.ascii	"\225Z\201\020e\251\366`\251v\261\324P\226\336=EEZ\352"
 203      65A9F660 
 203      A976B1D4 
 203      5096DE3D 
 203      45455AEA 
 204 01eb 6E0B264C 		.ascii	"n\013&L\216\243\347\257#\352\357w\211\232\337w~\213"
 204      8EA3E7AF 
 204      23EAEF77 
 204      899ADF77 
 204      7E8B
 205 01fd 1297233A 		.ascii	"\022\227#:\312\206\342\023Y>\320\366\206\206\272\356"
 205      CA86E213 
 205      593ED0F6 
 205      8686BAEE 
 206 020d DADEC922 		.ascii	"\332\336\311\"_\252\222\220\017 \267\232\233&\3325\270"
 206      5FAA9290 
 206      0F20B79A 
 206      9B26DA35 
 206      B8
 207 021e 9EC1B3D2 		.ascii	"\236\301\263\322\355]\032l\243\012\337yK\260\372\243"
 207      ED5D1A6C 
 207      A30ADF79 
 207      4BB0FAA3 
 208 022e 604D112C 		.ascii	"`M\021,\301\350\336\222\301\245fa\001:\2014\250\301"
 208      C1E8DE92 
 208      C1A56661 
 208      013A8134 
 208      A8C1
 209 0240 6D1BE525 		.ascii	"m\033\345%G\272 \244\222\345\365\355\364\347\334\253"
 209      47BA20A4 
 209      92E5F5ED 
 209      F4E7DCAB 
 210 0250 8B8EA360 		.ascii	"\213\216\243`@P,:\0127\353\341&\020\267=kJS\"M\260|"
 210      40502C3A 
 210      0A37EBE1 
 210      2610B73D 
 210      6B4A5322 
 211 0267 A793329D 		.ascii	"\247\2232\235\250\011\223\233s_\026\004\005j\004\023"
 211      A809939B 
 211      735F1604 
 211      056A0413 
 212 0277 8E892680 		.ascii	"\216\211&\200Ebh\264\026\255\327\000\255\371\327\321"
 212      456268B4 
 212      16ADD700 
 212      ADF9D7D1 
ARM GAS  /tmp/ccJ6S1xd.s 			page 16


 213 0287 428FD433 		.ascii	"B\217\3243\367o\004\340},\344\204\354\2414\214\013\230"
 213      F76F04E0 
 213      7D2CE484 
 213      ECA1348C 
 213      0B98
 214 0299 B225D73C 		.ascii	"\262%\327<\244\306EL)\332\265\273BI}\254&j\177iN\272"
 214      A4C6454C 
 214      29DAB5BB 
 214      42497DAC 
 214      266A7F69 
 215 02af 1A97B2B6 		.ascii	"\032\227\262\266\311\276\241#\030W3\245gp\342'-\005"
 215      C9BEA123 
 215      185733A5 
 215      6770E227 
 215      2D05
 216 02c1 CE24EA91 		.ascii	"\316$\352\221\354\241\002\005>\316\332\332\316o\272"
 216      ECA10205 
 216      3ECEDADA 
 216      CE6FBA
 217 02d0 A3C22D4C 		.ascii	"\243\302-L\331\363\244\267=\200\002_%\352\017%\233w"
 217      D9F3A4B7 
 217      3D80025F 
 217      25EA0F25 
 217      9B77
 218 02e2 A871176B 		.ascii	"\250q\027k\333~`\347&\036\177\307\024WviYv5\267\367"
 218      DB7E60E7 
 218      261E7FC7 
 218      14577669 
 218      597635B7 
 219 02f7 15FAE273 		.ascii	"\025\372\342s\254m|<;\225\307\027\231R:\330\227\353"
 219      AC6D7C3C 
 219      3B95C717 
 219      99523AD8 
 219      97EB
 220 0309 47816F11 		.ascii	"G\201o\021\265\253h\357\244?\036dm\217\207\276\265!"
 220      B5AB68EF 
 220      A43F1E64 
 220      6D8F87BE 
 220      B521
 221 031b 7C9B29D7 		.ascii	"|\233)\327\236\\k\365\241\300y\240\006L\336\373\361"
 221      9E5C6BF5 
 221      A1C079A0 
 221      064CDEFB 
 221      F1
 222 032c AC2F9AED 		.ascii	"\254/\232\355<\002\311_\360l\213\220f\036\275\232Y\250"
 222      3C02C95F 
 222      F06C8B90 
 222      661EBD9A 
 222      59A8
 223 033e 3D5823D8 		.ascii	"=X#\330\3220j\002\2477\203\323/\242@\321\247o\221\014"
 223      D2306A02 
 223      A73783D3 
 223      2FA240D1 
 223      A76F910C 
 224 0352 7E1BFE38 		.ascii	"~\033\3768\002\267l\251\216uAm\262\320\022\344\306\356"
 224      02B76CA9 
 224      8E75416D 
ARM GAS  /tmp/ccJ6S1xd.s 			page 17


 224      B2D012E4 
 224      C6EE
 225 0364 15B1DF4A 		.ascii	"\025\261\337J\261}H\002\336*\202\333\245\3406)x\217"
 225      B17D4802 
 225      DE2A82DB 
 225      A5E03629 
 225      788F
 226 0376 08EE9582 		.ascii	"\010\356\225\202{\244\340L\021|J\012n\225\202\263D\360"
 226      7BA4E04C 
 226      117C4A0A 
 226      6E9582B3 
 226      44F0
 227 0388 37F26688 		.ascii	"7\362f\210\276\310\023\261\335\362VP\354vZ\026\005a"
 227      BEC813B1 
 227      DDF25650 
 227      EC765A16 
 227      0561
 228 039a 818943B5 		.ascii	"\201\211C\265\320^G\233\010\032\002\025]\203\230=\213"
 228      D05E479B 
 228      081A0215 
 228      5D83983D 
 228      8B
 229 03ab 66A37E90 		.ascii	"f\243~\220K \347A.\200\014\200\330A\256\200\374\000"
 229      4B20E741 
 229      2E800C80 
 229      D841AE80 
 229      FC00
 230 03bd 720EE432 		.ascii	"r\016\3442\310\367 W\321l\232\015\324\212\014\321\212"
 230      C8F72057 
 230      D16C9A0D 
 230      D48A0CD1 
 230      8A
 231 03ce 16F9E989 		.ascii	"\026\371\351\211\026\347\213\330\323\362+\"b\263El\227"
 231      16E78BD8 
 231      D3F22B22 
 231      62B3456C 
 231      97
 232 03df 14DB2975 		.ascii	"\024\333)u\333>\021|F\012\376N$&9n\237\252T\011\210"
 232      DB3E117C 
 232      460AFE4E 
 232      2426396E 
 232      9FAA5409 
 233 03f4 403857F5 		.ascii	"@8W\365\343\334\263\261o\253.BP\355[\021\345\352\220"
 233      E3DCB3B1 
 233      6FAB2E42 
 233      50ED5B11 
 233      E5EA90
 234 0407 1F987241 		.ascii	"\037\230rA\221)\274x\252\036\243\300`9\017\243Ap\354"
 234      9129BC78 
 234      AA1EA3C0 
 234      60390FA3 
 234      4170EC
 235 041a FFC3C9D4 		.ascii	"\377\303\311\324\346\257\252\265`\363u\240;\"V%2\005"
 235      E6AFAAB5 
 235      60F375A0 
 235      3B225625 
 235      3205
ARM GAS  /tmp/ccJ6S1xd.s 			page 18


 236 042c 575572EC 		.ascii	"WUr\354?\373\2616C,v\024+n\2017\220\226Vw8\003\370\351"
 236      3FFBB136 
 236      432C7614 
 236      2B6E8137 
 236      90965677 
 237 0444 C6FE4D3C 		.ascii	"\306\376M<\255\3566\236t\336]v;\026[1M\334\251K\233"
 237      ADEE369E 
 237      74DE5D76 
 237      3B165B31 
 237      4DDCA94B 
 238 0459 D2B4B88A 		.ascii	"\322\264\270\212)[k\363\363\325\370(S&r\016\034P\340"
 238      295B6BF3 
 238      F3D5F828 
 238      5326720E 
 238      1C50E0
 239 046c 934C39B1 		.ascii	"\223L9\261\377\340\210\032\2671\245\271k\303i\015\356"
 239      FFE0881A 
 239      B731A5B9 
 239      6BC3690D 
 239      EE
 240 047d 61CAA5DC 		.ascii	"a\312\245\334\375%\376\370[\246\364M\345<\362\301\375"
 240      FD25FEF8 
 240      5BA6F44D 
 240      E53CF2C1 
 240      FD
 241 048e D8AB6EF9 		.ascii	"\330\253n\371\263\272\225\177\376\346\030\246%\202\032"
 241      B3BA957F 
 241      FEE618A6 
 241      25821A
 242 049d B1AB7B6F 		.ascii	"\261\253{o\266\022\0170h\316\365\334~\005\276\212\275"
 242      B6120F30 
 242      68CEF5DC 
 242      7E05BE8A 
 242      BD
 243 04ae 369820B6 		.ascii	"6\230 \266\301|yo\242NMU\262\237\222e\270r\346\272\257"
 243      C17C796F 
 243      A24E4D55 
 243      B29F9265 
 243      B872E6BA 
 244 04c3 7B13193A 		.ascii	"{\023\031:\367:\251\340c\260|\243\242\257\202<7\021"
 244      F73AA9E0 
 244      63B07CA3 
 244      A2AF823C 
 244      3711
 245 04d5 A8DDCA52 		.ascii	"\250\335\312R(\334\303\340\237\007d\255~\202\365\011"
 245      28DCC3E0 
 245      9F0764AD 
 245      7E82F509 
 246 04e5 7216EE87 		.ascii	"r\026\356\207p\363\021\333Dj\007\037dj\\\304\223\035"
 246      70F311DB 
 246      446A071F 
 246      646A5CC4 
 246      931D
 247 04f7 DBE8D6F0 		.ascii	"\333\350\326\360\030\210GD\3421\364\213\314\343\262"
 247      18884744 
 247      E231F48B 
 247      CCE3B2
ARM GAS  /tmp/ccJ6S1xd.s 			page 19


 248 0506 CCA87E24 		.ascii	"\314\250~${\020\341;l~\231;\307\272x<L\025EFs\343,\004"
 248      7B10E13B 
 248      6C7E993B 
 248      C7BA783C 
 248      4C154546 
 249 051e 1532D802 		.ascii	"\0252\330\002|\243\367\262G\226\232\315\302\316W\351"
 249      7CA3F7B2 
 249      47969ACD 
 249      C2CE57E9 
 250 052e B04F60D8 		.ascii	"\260O`\330\247\260\256n\366\267$In\021\026$s\036\313"
 250      A7B0AE6E 
 250      F6B72449 
 250      6E111624 
 250      731ECB
 251 0541 FED4197F 		.ascii	"\376\324\031\177\317\300\212I\210\251\237\335\211+\244"
 251      CFC08A49 
 251      88A99FDD 
 251      892BA4
 252 0550 5A4E9A55 		.ascii	"ZN\232U\245\363(\357\204,\3570r\247\314\011+R\023\204"
 252      A5F328EF 
 252      842CEF30 
 252      72A7CC09 
 252      2B521384 
 253 0564 2463C0F6 		.ascii	"$c\300\366\356\273\355\303*\\\246\240\266g\215\327_"
 253      EEBBEDC3 
 253      2A5CA6A0 
 253      B6678DD7 
 253      5F
 254 0575 D242959F 		.ascii	"\322B\225\237E\215\267\037\267\366i\205\316yt3\275\017"
 254      458DB71F 
 254      B7F66985 
 254      CE797433 
 254      BD0F
 255 0587 4308FC2C 		.ascii	"C\010\374,\371\272\016#4\335P\332R\231\025\317\247\207"
 255      F9BA0E23 
 255      34DD50DA 
 255      529915CF 
 255      A787
 256 0599 E63A9FF0 		.ascii	"\346:\237\360H\242\211\263$`2\313\015|0\232\202Y:<3"
 256      48A289B3 
 256      246032CB 
 256      0D7C309A 
 256      82593A3C 
 257 05ae A7C1EC03 		.ascii	"\247\301\354\003\231\003\220\027m/\314\036\311\014\230"
 257      99039017 
 257      6D2FCC1E 
 257      C90C98
 258 05bd 059C1BA6 		.ascii	"\005\234\033\246\345\344\274\010\241\317\216\013\205"
 258      E5E4BC08 
 258      A1CF8E0B 
 258      85
 259 05ca 531A5C41 		.ascii	"S\032\\A\347\213Z\236v6*p5S\204\251\316\347~\270\236"
 259      E78B5A9E 
 259      76362A70 
 259      355384A9 
 259      CEE77EB8 
 260 05df 295F5DE9 		.ascii	")_]\351\277\357\207\033\251\242-\037\275X\256Dl\327"
ARM GAS  /tmp/ccJ6S1xd.s 			page 20


 260      BFEF871B 
 260      A9A22D1F 
 260      BD58AE44 
 260      6CD7
 261 05f1 A347302D 		.ascii	"\243G0-5\207\235\356!\205\346\016\3149\235\237fc\360"
 261      35879DEE 
 261      2185E60E 
 261      CC399D9F 
 261      6663F0
 262 0604 2C2F3F02 		.ascii	",/?\002\200UJ\002'\263\316\205Yg\362\263\321v\220\255"
 262      80554A02 
 262      27B3CE85 
 262      5967F2B3 
 262      D17690AD 
 263 0618 209B41B6 		.ascii	" \233A\266\200d\200\344\200d\201l\003\311\346=\212v"
 263      806480E4 
 263      8064816C 
 263      03C9E63D 
 263      8A76
 264 062a A555E51C 		.ascii	"\245U\345\034\371\256td\351.s\314\015\275'\017\365("
 264      F9AE7464 
 264      E92E73CC 
 264      0DBD270F 
 264      F528
 265 063c C3E56EEC 		.ascii	"\303\345n\354-)V\262\217w\272\221i\274\004\371Bq?\344"
 265      2D2956B2 
 265      8F77BA91 
 265      69BC04F9 
 265      42713FE4 
 266 0650 C6DE9677 		.ascii	"\306\336\226w\223H\333\345\206n\224\322\366H\240\335"
 266      9348DBE5 
 266      866E94D2 
 266      F648A0DD 
 267 0660 6EE82679 		.ascii	"n\350&y\250\333\202\015\366f\253\221l/\251\020\024f"
 267      A8DB820D 
 267      F666AB91 
 267      6C2FA910 
 267      1466
 268 0672 7973DDBC 		.ascii	"ys\335\274\366\012\217e\035\222\365B\211\230X\007\255"
 268      F60A8F65 
 268      1D92F542 
 268      89985807 
 268      AD
 269 0683 642F02C8 		.ascii	"d/\002\310\013\321\311\177Y\333\362\004\212O \305\365"
 269      0BD1C97F 
 269      59DBF204 
 269      8A4F20C5 
 269      F5
 270 0694 C4A8D14E 		.ascii	"\304\250\321N \272)\026\036\322\211\036r\341\201v@T"
 270      20BA2916 
 270      1ED2891E 
 270      72E18176 
 270      4054
 271 06a6 FCAF1102 		.ascii	"\374\257\021\002\361;zo\240M\351\265\237\354\344=\367"
 271      F13B7A6F 
 271      A04DE9B5 
 271      9FECE43D 
ARM GAS  /tmp/ccJ6S1xd.s 			page 21


 271      F7
 272 06b7 935DBCD6 		.ascii	"\223]\274\326e\007\\\222\375`\342h\211?\255\355v\232"
 272      65075C92 
 272      FD60E268 
 272      893FADED 
 272      769A
 273 06c9 00358DB7 		.ascii	"\0005\215\267\307\331\243\347\353D}\326\235\337\240"
 273      C7D9A3E7 
 273      EB447DD6 
 273      9DDFA0
 274 06d8 C52D2C39 		.ascii	"\305-,9\012r\366\215+q\007S\254cg\036\252q\037S\012"
 274      0A72F68D 
 274      2B710753 
 274      AC63671E 
 274      AA711F53 
 275 06ed 2B1B3EC1 		.ascii	"+\033>\301\347\330u\235\245\242\003\343\313Li\035.\317"
 275      E7D8759D 
 275      A5A203E3 
 275      CB4C691D 
 275      2ECF
 276 06ff F4C776A6 		.ascii	"\364\307v\246\224\036\330:\204\361M\252\370niI\273\245"
 276      941ED83A 
 276      84F14DAA 
 276      F86E6949 
 276      BBA5
 277 0711 753D5906 		.ascii	"u=Y\006\262\252\331Pw\323\271\211\223\322\263\007V\254"
 277      B2AAD950 
 277      77D3B989 
 277      93D2B307 
 277      56AC
 278 0723 789A45A0 		.ascii	"x\232E\240\205\360J\215\260\000V\227`\367I\261^\331"
 278      85F04A8D 
 278      B0005697 
 278      60F749B1 
 278      5ED9
 279 0735 00D81F44 		.ascii	"\000\330\037Dl\236,\257\010\275,B\367J\241\336\317}"
 279      6C9E2CAF 
 279      08BD2C42 
 279      F74AA1DE 
 279      CF7D
 280 0747 00BE2A82 		.ascii	"\000\276*\202\277\222\267\301\003|I\004\347\3133\213"
 280      BF92B7C1 
 280      037C4904 
 280      E7CB338B 
 281 0757 565C13B1 		.ascii	"V\\\023\261_K\261\036\241\353\031D\273\371\327\320\227"
 281      5F4BB11E 
 281      A1EB1944 
 281      BBF9D7D0 
 281      97
 282 0768 3C692A76 		.ascii	"<i*vFP\011D\320~\210\220\002\220\"\220B\020\013\210"
 282      46500944 
 282      D07E8890 
 282      02902290 
 282      42100B88 
 283 077c 15E400EF 		.ascii	"\025\344\000\357Qm/\204\250I\247\027k\355\311c\033\033"
 283      516D2F84 
 283      A849A717 
ARM GAS  /tmp/ccJ6S1xd.s 			page 22


 283      6BEDC963 
 283      1B1B
 284 078e 30BE4BD7 		.ascii	"0\276K\327\214\257\275_{K)ynr\015\212\312`\254\377z"
 284      8CAFBD5F 
 284      7B4B2979 
 284      6E720D8A 
 284      CA60ACFF 
 285 07a3 DCDB2A78 		.ascii	"\334\333*x\245\205N\245\274;?\212y\361\351\250\267|"
 285      A5854EA5 
 285      BC3B3F8A 
 285      79F1E9A8 
 285      B77C
 286 07b5 77A632D0 		.ascii	"w\2462\3209\234e\272\341\270\3778\026P\331\036\324_"
 286      399C65BA 
 286      E1B8FF38 
 286      1650D91E 
 286      D45F
 287 07c7 54786546 		.ascii	"TxeF\271WfT\360"
 287      B9576654 
 287      F0
 288 07d0 EC49AB82 		.ascii	"\354I\253\202\246E\343H\326wj\366\244\245\241\357x="
 288      A645E348 
 288      D6776AF6 
 288      A4A5A1EF 
 288      783D
 289 07e2 397BD87B 		.ascii	"9{\330{t)\015\345\201\347\247\177\213\237\260\260\266"
 289      74290DE5 
 289      81E7A77F 
 289      8B9FB0B0 
 289      B6
 290 07f3 3FCFA953 		.ascii	"?\317\251S\342)\246\354\354\336\376w\274Q\311\236\177"
 290      E229A6EC 
 290      ECDEFE77 
 290      BC51C99E 
 290      7F
 291 0804 6C87FAD9 		.ascii	"l\207\372\331\273\324\037\350W\201\212\234\335>8\213"
 291      BBD41FE8 
 291      57818A9C 
 291      DD3E388B 
 292 0814 B50D35DD 		.ascii	"\265\0155\335\027x\332\026I\337\370\233\3574\316\300"
 292      1778DA16 
 292      49DFF89B 
 292      EF34CEC0 
 293 0824 3B585BC1 		.ascii	";X[\301\266\232I\366\221$\211\275\270>N\367\301\371"
 293      B69A49F6 
 293      912489BD 
 293      B83E4EF7 
 293      C1F9
 294 0836 ACADAEB9 		.ascii	"\254\255\256\271\366\021{\207L'\272:\335\361\264'\000"
 294      F6117B87 
 294      4C27BA3A 
 294      DDF1B427 
 294      00
 295 0847 39DFCD82 		.ascii	"9\337\315\202\351\226\274\315\272\222\3241\342\326z"
 295      E996BCCD 
 295      BA92D431 
 295      E2D67A
ARM GAS  /tmp/ccJ6S1xd.s 			page 23


 296 0856 706B239C 		.ascii	"pk#\234\335^;\306{\205\244`y\232J\303\214\200\253\244"
 296      DD5E3BC6 
 296      7B85A460 
 296      799A4AC3 
 296      8C80ABA4 
 297 086a 60EF820E 		.ascii	"`\357\202\016\340\3647\235\274\265Rh\235\007\257gt\034"
 297      E0F4379D 
 297      BCB55268 
 297      9D07AF67 
 297      741C
 298 087c 02C061DA 		.ascii	"\002\300a\332\326\350\014\015\033\254[3,\315q\220\223"
 298      D6E80C0D 
 298      1BAC5B33 
 298      2CCD7190 
 298      93
 299 088d 2027409A 		.ascii	" '@\232@\032\334\333\034\014\364\\\264\252Z:T\015\357"
 299      401ADCDB 
 299      1C0CF45C 
 299      B4AA5A3A 
 299      540DEF
 300 08a0 F50462C9 		.ascii	"\365\004b\311t\031uD\212<*A\216\210\254\225R\254X\003"
 300      74197544 
 300      8A3C2A41 
 300      8E88AC95 
 300      52AC5803 
 301 08b4 685C0E43 		.ascii	"h\\\016C>4\312\345C\353\315\301c\276x?]\014\276\270"
 301      3E34CAE5 
 301      43EBCDC1 
 301      63BE783F 
 301      5D0CBEB8 
 302 08c8 E959FB0C 		.ascii	"\351Y\373\014I>\270f\214N\301D\177\355\244\351\230\225"
 302      493EB866 
 302      8C4EC144 
 302      7FEDA4E9 
 302      9895
 303 08da B057B442 		.ascii	"\260W\264B\207\0261\027\032=r\241{\327\205'\001^\271"
 303      87163117 
 303      1A3D72A1 
 303      7BD78527 
 303      015EB9
 304 08ed 203714F7 		.ascii	" 7\024\367\213\343\220H\336]P:\303+\017\276\361\312"
 304      8BE39048 
 304      DE5D503A 
 304      C32B0FBE 
 304      F1CA
 305 08ff 8336671E 		.ascii	"\2036g\036\264\321<8kK\353\364\227M@\356\327g\037j\347"
 305      B4D13C38 
 305      6B4BEBF4 
 305      974D40EE 
 305      D7671F6A 
 306 0914 03812BED 		.ascii	"\003\201+\355H\306\025?\005\317r\214|\326#\351\322_"
 306      48C6153F 
 306      05CF728C 
 306      7CD623E9 
 306      D25F
 307 0926 FC5843EF 		.ascii	"\374XC\357\221\235\251\203\2477\007\034[7i\247\375*"
 307      919DA983 
ARM GAS  /tmp/ccJ6S1xd.s 			page 24


 307      A737071C 
 307      5B3769A7 
 307      FD2A
 308 0938 D8C593AF 		.ascii	"\330\305\223\257\202\235\274\363\263`]\373%\233\022"
 308      829DBCF3 
 308      B3605DFB 
 308      259B12
 309 0947 57B2ECB8 		.ascii	"W\262\354\270pj\373>\236~\376\263\027\034\350\200\355"
 309      706AFB3E 
 309      9E7EFEB3 
 309      171CE880 
 309      ED
 310 0958 9C7C7A6B 		.ascii	"\234|zk\026\020\355\205\272y\361\273\031\\3\333zx\362"
 310      1610ED85 
 310      BA79F1BB 
 310      195C33DB 
 310      7A78F2
 311 096b DDAC73C3 		.ascii	"\335\254s\303\335\013Z\334\300X\314-\303]\350\315\375"
 311      DD0B5ADC 
 311      C058CC2D 
 311      C35DE8CD 
 311      FD
 312 097c C2198BBD 		.ascii	"\302\031\213\275\321\034\001$\202\335\341\370\035\365"
 312      D11C0124 
 312      82DDE1F8 
 312      1DF5
 313 098a 532FA3F0 		.ascii	"S/\243\360\210\353^B\204\212\021\317\241\323\374\233"
 313      88EB5E42 
 313      848A11CF 
 313      A1D3FC9B 
 314 099a D0FB6A9E 		.ascii	"\320\373j\236-\303\273\320\220ov\242\375}N\007\223s"
 314      2DC3BBD0 
 314      906F76A2 
 314      FD7D4E07 
 314      9373
 315 09ac 408A69ED 		.ascii	"@\212i\355\374\020\303\347Iq\211\206\270\2048\223j\311"
 315      FC10C3E7 
 315      49718986 
 315      B8843893 
 315      6AC9
 316 09be CA8F8242 		.ascii	"\312\217\202B\271\367\346\316\325\205\256\211\373,."
 316      B9F7E6CE 
 316      D585AE89 
 316      FB2C2E
 317 09cd 224A9798 		.ascii	"\"J\227\230\242[\023\035\257\373,1:96E\027\265\312\020"
 317      A25B131D 
 317      AFFB2C31 
 317      3A393645 
 317      17B5CA10 
 318 09e1 B56AC5FC 		.ascii	"\265j\305\374\220\305\363\015a\313\242B#>\016\327\177"
 318      90C5F30D 
 318      61CBA242 
 318      233E0ED7 
 318      7F
 319 09f2 CADAE6C6 		.ascii	"\312\332\346\306pZ\203\301\030\235\034\377\005\245\362"
 319      705A83C1 
 319      189D1CFF 
ARM GAS  /tmp/ccJ6S1xd.s 			page 25


 319      05A5F2
 320 0a01 A57797C1 		.ascii	"\245w\227\301\325L6HL|b\314?hS\310\213\364I\211\311"
 320      D54C3648 
 320      4C7C62CC 
 320      3F6853C8 
 320      8BF44989 
 321 0a16 26C20ED4 		.ascii	"&\302\016\324:\347\000\353\327\223\026C||\354\3345\334"
 321      3AE700EB 
 321      D7931643 
 321      7C7CECDC 
 321      35DC
 322 0a28 0C7D68A8 		.ascii	"\014}h\250a\325\027I\3060\343j\365\272\270\004\023\020"
 322      61D51749 
 322      C630E36A 
 322      F5BAB804 
 322      1310
 323 0a3a 9A340683 		.ascii	"\2324\006\203\353\362\367\272u)\311\272\270\204\230"
 323      EBF2F7BA 
 323      7529C9BA 
 323      B88498
 324 0a49 F875B146 		.ascii	"\370u\261F]\202\361_\361q\237\351\326F\307\254\211K"
 324      5D82F15F 
 324      F1719FE9 
 324      D646C7AC 
 324      894B
 325 0a5b 30EA0CB1 		.ascii	"0\352\014\261\306\325\321\353\342M\006\023\020\244\000"
 325      C6D5D1EB 
 325      E24D0613 
 325      10A400
 326 0a6a DB6C3974 		.ascii	"\333l9t\312\027):C\212)\026\030\001\302\207\352\025"
 326      CA17293A 
 326      438A2916 
 326      1801C287 
 326      EA15
 327 0a7c A18B97E8 		.ascii	"\241\213\227\350q\3502\275za\344\242\020}\324*z\361"
 327      71E832BD 
 327      7A61E4A2 
 327      107DD42A 
 327      7AF1
 328 0a8e 0EB9502D 		.ascii	"\016\271P-\\\272(|\245\336\20748\317\357\300Y\261(,"
 328      5CBA287C 
 328      A5DE8734 
 328      38CFEFC0 
 328      59B1282C 
 329 0aa2 147A44C1 		.ascii	"\024zD\301\215\245\213\010NI(B\350\377\374w\275g\035"
 329      8DA58B08 
 329      4E492842 
 329      E8FFFC77 
 329      BD671D
 330 0ab5 93B8766D 		.ascii	"\223\270vmb\202\316\270\336\004\023\366\2303u\326\352"
 330      6282CEB8 
 330      DE0413F6 
 330      983375D6 
 330      EA
 331 0ac6 F9F3E6AF 		.ascii	"\371\363\346\257\217\0013\264\036\013dR\256\210\010"
 331      8F0133B4 
 331      1E0B6452 
ARM GAS  /tmp/ccJ6S1xd.s 			page 26


 331      AE8808
 332 0ad5 0BD7AB22 		.ascii	"\013\327\253\"V}\032\031\256\367\211\210\212\014\017"
 332      567D1A19 
 332      AEF78988 
 332      8A0C0F
 333 0ae4 0FD32B23 		.ascii	"\017\323+#?\212\014\323\343e \021az\364\011\365\316"
 333      3F8A0CD3 
 333      E3652011 
 333      617AF409 
 333      F5CE
 334 0af6 3BEFB9BD 		.ascii	";\357\271\275C.q\212\321\244\214\211\207\305\221YYO"
 334      432E718A 
 334      D1A48C89 
 334      87C59159 
 334      594F
 335 0b08 D72F5F1E 		.ascii	"\327/_\036\246[\022\271,\342\237!:q`0\003-U,\212\322"
 335      A65B12B9 
 335      2CE29F21 
 335      3A716030 
 335      032D552C 
 336 0b1e EB95CB23 		.ascii	"\353\225\313#B?\324+\026.\326/'\177K\225k\023c\215\311"
 336      423FD42B 
 336      162ED62F 
 336      277F4B95 
 336      6B13638D 
 337 0b33 AA44E2D7 		.ascii	"\252D\342\327d\237\304\224$\24316Y\231\264.)6\031'\306"
 337      649FC494 
 337      24A33136 
 337      5999B42E 
 337      29361927 
 338 0b48 262BA257 		.ascii	"&+\242W'\307\223\2775Z:\001\260b]\222\301\244\212\\"
 338      27C793BF 
 338      355A3A01 
 338      B0625D92 
 338      C1A48A5C 
 339 0b5c 18166D8A 		.ascii	"\030\026m\212VE.b\247Pv\012c\247pvZLN~\264[Lb\302\352"
 339      56452E62 
 339      A750760A 
 339      63A77076 
 339      5A4C4E7E 
 340 0b76 B8CF0D26 		.ascii	"\270\317\015&_w\230\006\322+\327\252\262\366\177\003"
 340      5F779806 
 340      D22BD7AA 
 340      B2F67F03 
 341 0b86 F15AD84A 		.ascii	"\361Z\330J"
 342              		.text
 343              		.section	.gnu.lto_.symtab.583817dc67f15a6a,"",%progbits
 344 0000 5F5F6561 		.ascii	"__early_init\000\000\000\000\000\000\000\000\000\000"
 344      726C795F 
 344      696E6974 
 344      00000000 
 344      00000000 
 345 0016 0000AE00 		.ascii	"\000\000\256\000\000\000boardInit\000\000\000\000\000"
 345      0000626F 
 345      61726449 
 345      6E697400 
 345      00000000 
ARM GAS  /tmp/ccJ6S1xd.s 			page 27


 346 002a 00000000 		.ascii	"\000\000\000\000\000\000\000\260\000\000\000stm32_c"
 346      000000B0 
 346      00000073 
 346      746D3332 
 346      5F63
 347 003c 6C6F636B 		.ascii	"lock_init\000\000\002\000\000\000\000\000\000\000\000"
 347      5F696E69 
 347      74000002 
 347      00000000 
 347      00000000 
 348 0050 00B20000 		.ascii	"\000\262\000\000\000"
 348      00
 349              		.text
 350              		.section	.gnu.lto_.opts,"",%progbits
 351 0000 272D666E 		.ascii	"'-fno-trapv' '-mcpu=cortex-m4' '-mno-thumb-interwor"
 351      6F2D7472 
 351      61707627 
 351      20272D6D 
 351      6370753D 
 352 0033 6B272027 		.ascii	"k' '-mthumb' '-ggdb' '-O2' '-fomit-frame-pointer' '"
 352      2D6D7468 
 352      756D6227 
 352      20272D67 
 352      67646227 
 353 0066 2D66616C 		.ascii	"-falign-functions=16' '-ffunction-sections' '-fdata"
 353      69676E2D 
 353      66756E63 
 353      74696F6E 
 353      733D3136 
 354 0099 2D736563 		.ascii	"-sections' '-fno-common' '-flto'\000"
 354      74696F6E 
 354      73272027 
 354      2D666E6F 
 354      2D636F6D 
 355              		.text
 356              		.comm	__gnu_lto_v1,1,1
 357              		.comm	__gnu_lto_slim,1,1
 358              		.ident	"GCC: (15:4.9.3+svn231177-1) 4.9.3 20150529 (prerelease)"
ARM GAS  /tmp/ccJ6S1xd.s 			page 28


DEFINED SYMBOLS
                            *ABS*:0000000000000000 board.c
                            *COM*:0000000000000001 __gnu_lto_v1
                            *COM*:0000000000000001 __gnu_lto_slim

NO UNDEFINED SYMBOLS
