ARM GAS  /tmp/ccWO12Ph.s 			page 1


   1              		.syntax unified
   2              		.cpu cortex-m4
   3              		.fpu softvfp
   4              		.eabi_attribute 20, 1
   5              		.eabi_attribute 21, 1
   6              		.eabi_attribute 23, 3
   7              		.eabi_attribute 24, 1
   8              		.eabi_attribute 25, 1
   9              		.eabi_attribute 26, 1
  10              		.eabi_attribute 30, 2
  11              		.eabi_attribute 34, 1
  12              		.eabi_attribute 18, 4
  13              		.thumb
  14              		.file	"chcore_v7m.c"
  15              		.text
  16              	.Ltext0:
  17              		.section	.gnu.lto_.profile.8ac86b9f5057516e,"",%progbits
  18 0000 789C6366 		.ascii	"x\234cf```a\200\000F\006]\011\000\000\346\000N"
  18      60606061 
  18      80004606 
  18      5D090000 
  18      E6004E
  19              		.text
  20              		.section	.gnu.lto_.jmpfuncs.8ac86b9f5057516e,"",%progbits
  21 0000 789C6366 		.ascii	"x\234cf\300\016x\24143\214`\001b\000\002\024\000\033"
  21      C00E78A1 
  21      34338C60 
  21      01620002 
  21      14001B
  22              		.text
  23              		.section	.gnu.lto_.inline.8ac86b9f5057516e,"",%progbits
  24 0000 789C6366 		.ascii	"x\234cf\300\016\\\24143\003\003\257\010#\003\223\300"
  24      C00E5CA1 
  24      34330303 
  24      AF082303 
  24      93C0
  25 0012 865C06B6 		.ascii	"\206\\\006\266\005\362L 1&n\260\004\0277P\234gN$\\\234"
  25      05F24C20 
  25      31266EB0 
  25      04173750 
  25      9C674E24 
  26 0028 910B48B0 		.ascii	"\221\013H\2600\260\263\001\3059\016\330\301\305\031"
  26      30B0B301 
  26      C5390ED8 
  26      C1C519
  27 0037 00E9E906 		.ascii	"\000\351\351\006@"
  27      40
  28              		.text
  29              		.section	.gnu.lto_.pureconst.8ac86b9f5057516e,"",%progbits
  30 0000 789C6366 		.ascii	"x\234cf```g\200\000f\006+f+\026+\000\002\350\000\303"
  30      60606067 
  30      80006606 
  30      2B662B16 
  30      2B0002E8 
  31              		.text
  32              		.section	.gnu.lto__port_irq_epilogue.part.0.8ac86b9f5057516e,"",%progbits
  33 0000 789C9D54 		.ascii	"x\234\235T[o\023G\024\23633\2731\266IP\037\020\245\017"
ARM GAS  /tmp/ccWO12Ph.s 			page 2


  33      5B6F1347 
  33      149E3333 
  33      BB31B649 
  33      501F10A5 
  34 0015 8914A1A8 		.ascii	"\211\024\241\250\022d+^x\241\252P\324\007\036,P\374"
  34      12642B5E 
  34      78A1AA50 
  34      D4071E2C 
  34      50FC
  35 0027 0350D9BA 		.ascii	"\003P\331\272MT\202-\333\240H\025b\354\030\022\020M"
  35      4D54822D 
  35      DBA04815 
  35      62EC1812 
  35      104D
  36 0039 B9B4900A 		.ascii	"\271\264\220\012\245\320\"T\022\267I\350=@\033sII\271"
  36      A5D02254 
  36      12B749E8 
  36      3D401B73 
  36      4949B9
  37 004c 98229410 		.ascii	"\230\"\224\020 $\006%-HT\015\270\205lQp\317\031\033"
  37      20240625 
  37      2D48540D 
  37      B8856C51 
  37      70CF191B 
  38 0060 A2503F54 		.ascii	"\242P?T\265\344\231\2353\347\233\363\235\357\233]\301"
  38      B5E4999D 
  38      33E79BF3 
  38      9DEF9B5D 
  38      C1
  39 0071 FEFD7B1D 		.ascii	"\376\375{\035\377.\203\261N\234\241\204\201\2713\215"
  39      FF2E83B1 
  39      4E9CA184 
  39      81B9338D 
  40 0081 0F26703D 		.ascii	"\017&p=s.Z\252\230rK\032\275\002\014\212\306\\\362\351"
  40      732E5AAA 
  40      98724B1A 
  40      BD020C8A 
  40      C65CF2E9 
  41 0095 8301400F 		.ascii	"\203\001@\017\014\330f\223\013i\300f\270\313\357s\330"
  41      0CD86693 
  41      0B69C066 
  41      B8CBEF73 
  41      D8
  42 00a6 994AB679 		.ascii	"\231J\266y\252\016+\245&?\355[\260e\201\303\031\313"
  42      AA0E2BA5 
  42      263FED5B 
  42      B06581C3 
  42      19CB
  43 00b8 F27C45F8 		.ascii	"\362|E\370\014\252\030\346\334OL_\365\230\011\314\231"
  43      0CAA18E6 
  43      DC4F4C5F 
  43      F59809CC 
  43      99
  44 00c9 97DF8323 		.ascii	"\227\337\203#X\2271\201{\035#\177\245J\305R\240\274"
  44      58973181 
  44      7B1D237F 
  44      A54AC552 
ARM GAS  /tmp/ccWO12Ph.s 			page 3


  44      A0BC
  45 00db DEAE3F2F 		.ascii	"\336\256?/z\356p\207C\005-\217\355\036h3i\311%-o=\370"
  45      7AEE7087 
  45      43052D8F 
  45      ED1E6833 
  45      69C9252D 
  46 00f2 E377A8FC 		.ascii	"\343w\250\374D\251\370\2443ri\376G\352`|\227\312\345"
  46      44A9F8A4 
  46      337269FE 
  46      47EA607C 
  46      97CAE5
  47 0105 5E03870B 		.ascii	"^\003\207\013\350\000\201'C',\204$,,t\014\237C%\002"
  47      E8008127 
  47      43272C84 
  47      242C2C74 
  47      0C9F4325 
  48 011a 7F4D7ED0 		.ascii	"\177M~\320l\020p;R\034\366n\031P\211L.W\2160V\004\363"
  48      6C10703B 
  48      521CF66E 
  48      1950894C 
  48      2E578E30 
  49 0131 85C6EC1D 		.ascii	"\205\306\354\035\274\350\022\0335\253\367\256\336\316"
  49      BCE8121B 
  49      35ABF7AE 
  49      DECE
  50 013f 94E9BA99 		.ascii	"\224\351\272\231'\207\322^\365\014.\241\253h\325n\250"
  50      2787D25E 
  50      F50C2EA1 
  50      AB68D56E 
  50      A8
  51 0150 EC7E4121 		.ascii	"\354~A!\265\337\322\213\274\240Yp\035\025z\224\314\341"
  51      B5DFD28B 
  51      BCA05970 
  51      1D157A94 
  51      CCE1
  52 0162 868183C9 		.ascii	"\206\201\203\311\3308\252A\262\216\343\002g1\301\271"
  52      D838AA41 
  52      B28EE302 
  52      6731C1B9 
  53 0172 9E6F40EC 		.ascii	"\236o@\354v\366\326\0011[<Bk\355\330lU3\375\207.K\006"
  53      76F6D601 
  53      315B3C42 
  53      6BEDD86C 
  53      5533FD87 
  54 0189 3D606639 		.ascii	"=`f9<'8Ugp\2240\360%\216(\373\273\230\261\347\304\373"
  54      3C273855 
  54      67709430 
  54      F0258E28 
  54      FBBB98B1 
  55 01a0 7D65E52D 		.ascii	"}e\345-\320\256\332*\034^B\240{SW\316\224H$\004_A\271"
  55      D0AEDA2A 
  55      1C5E42A0 
  55      7B5357CE 
  55      94482404 
  56 01b7 AE70A047 		.ascii	"\256p\240G9\036\214\300\327 \037\341\311\014\276\001"
  56      391E8CC0 
  56      D7201FE1 
ARM GAS  /tmp/ccWO12Ph.s 			page 4


  56      C90CBE01 
  57 01c7 C986209E 		.ascii	"\311\206 \236!nt\034\235N;\327!>\334\274\257\265\337"
  57      216E741C 
  57      9D4E3BD7 
  57      213EDCBC 
  57      AFB5DF
  58 01da 24128F38 		.ascii	"$\022\2178\247\330\020pZ\021i\214`JS\333\326\241\216"
  58      A7D81070 
  58      5A11698C 
  58      604A53DB 
  58      D6A18E
  59 01ed A5F90C81 		.ascii	"\245\371\014\201!\254pg\333\300\324\034m1J\232+c\360"
  59      21AC7067 
  59      DBC0D41C 
  59      6D314A9A 
  59      2B63F0
  60 0200 2DCA380B 		.ascii	"-\3128\013(\350\354\311\311t\334\240\030B\256\017\367"
  60      28E8ECC9 
  60      C974DCA0 
  60      1842AE0F 
  60      F7
  61 0211 4E971044 		.ascii	"N\227\020D\346!t\207\272w\365\210v\330\037S\312\345"
  61      E6217487 
  61      BA77F588 
  61      76D81F53 
  61      CAE5
  62 0223 70171E0D 		.ascii	"p\027\036\015\337\221\035\324\302\340\336\351\271K\222"
  62      DF911DD4 
  62      C2E0DEE9 
  62      B94B92
  63 0232 A844EA45 		.ascii	"\250D\352E\207\317\201\357\241\035\036\350\353\011\275"
  63      87CF81EF 
  63      A11D1EE8 
  63      EB09BD
  64 0241 B0041376 		.ascii	"\260\004\023v\367^\333\341\246\343\334\230\343bp\014"
  64      F75EDBE1 
  64      A6E3DC98 
  64      E362700C 
  65 0251 815871B4 		.ascii	"\201Xq\264y\264\323\235\247*\211D\201\023\002Z\317\306"
  65      79B4D39D 
  65      A72A8944 
  65      8113025A 
  65      CFC6
  66 0263 CE49B103 		.ascii	"\316I\261\003\264\3207/$\352\363W\343\357\323\201T\342"
  66      B4D0372F 
  66      24EAF357 
  66      E3EFD381 
  66      54E2
  67 0275 A07A92CB 		.ascii	"\240z\222\313\351\373x\274\350\3158A\035I\246\335=z"
  67      E9FB78BC 
  67      E8CD3841 
  67      1D49A6DD 
  67      3D7A
  68 0287 78B6BB99 		.ascii	"x\266\273\231\211\316\227)\241\340#\177\376\305\201"
  68      89CE9729 
  68      A1E0237F 
  68      FEC581
ARM GAS  /tmp/ccWO12Ph.s 			page 5


  69 0296 1FB4873F 		.ascii	"\037\264\207?\3527\207\355\007\334\036\2737\265G\224"
  69      EA3787ED 
  69      07DC1EBB 
  69      37B54794 
  70 02a6 1F2998E8 		.ascii	"\037)\230\350!\304\2077\036\307\334\332\304\276\247"
  70      21C48737 
  70      1EC7DCDA 
  70      C4BEA7
  71 02b5 26FED2B3 		.ascii	"&\376\322\263\315 \023Sd\242\304\235\223h\342\0104\245"
  71      CD201353 
  71      64A2C49D 
  71      9368E208 
  71      34A5
  72 02c7 C6CE79F3 		.ascii	"\306\316y\363\035\032\230\366\361\225\326.\276\351\261"
  72      1D1A98F6 
  72      F195D62E 
  72      BEE9B1
  73 02d6 6A2109BD 		.ascii	"j!\011\275Yl\231\301)\330\204\327t.\033\204\304\265"
  73      596C99C1 
  73      29D884D7 
  73      742E1B84 
  73      C4B5
  74 02e8 A6B533B9 		.ascii	"\246\2653\271c\343\227.\273H3\"t\272\320\336\004BZ\252"
  74      63E3972E 
  74      BB483322 
  74      74BAD0DE 
  74      04425AAA 
  75 02fc 046AF7B0 		.ascii	"\004j\367\2609\235\\]P\353\277Y\363\022YsF[C\315A\277"
  75      399D5C5D 
  75      50EBBF59 
  75      F3125973 
  75      465B43CD 
  76 0312 B6668652 		.ascii	"\266f\206Rj\271\303K\263\232\374O\310\211\212\311g\305"
  76      6AB9C34B 
  76      B39AFC4F 
  76      C8898AC9 
  76      67C5
  77 0324 1EFE9F62 		.ascii	"\036\376\237bgg\212\015\024/\206_J\370\271P\314\320"
  77      67678A0D 
  77      142F865F 
  77      4AF8B950 
  77      CCD0
  78 0336 2FE528C4 		.ascii	"/\345(\304R\373\316\353{@\015\217#\034\303\250\265U"
  78      52FBCEEB 
  78      7B400D8F 
  78      231CC3A8 
  78      B555
  79 0348 5D6DD5D4 		.ascii	"]m\325\324\325\257\255_\345\267\202\021\313\01664\004"
  79      D5AFAD5F 
  79      E5B78211 
  79      CB0E3634 
  79      04
  80 0359 D75BA160 		.ascii	"\327[\241`8\032\261V\324\372j|\215\226]g\007\303\201"
  80      381AB156 
  80      D4FA6A7C 
  80      8D965D67 
  80      07C381
ARM GAS  /tmp/ccWO12Ph.s 			page 6


  81 036c 351B9735 		.ascii	"5\033\2275T\333\314\014\007\"\033\326E\227\027\205\005"
  81      54DBCC0C 
  81      07221BD6 
  81      45971785 
  81      05
  82 037d 1AA304B2 		.ascii	"\032\243\004\262j|\376\225~\253\006Q\326\312\365\366"
  82      6A7CFE95 
  82      7EAB0651 
  82      D6CAF5F6 
  83 038d BA0D6F06 		.ascii	"\272\015o\006,\273!R\037Y\363\266mW\3271iG\033C^_\255"
  83      2CBB2152 
  83      1F59F3B6 
  83      6D57D731 
  83      69471B43 
  84 03a4 BF62D12B 		.ascii	"\277b\321+\213+B\221\020\023\257\206Yi4\030Z\365\326"
  84      8B2B4291 
  84      1013AF86 
  84      59693418 
  84      5AF5D6
  85 03b7 EA70D0F6 		.ascii	"\352p\320\366G\337\260\337\361\372\374\265\264\267\030"
  85      47DFB0DF 
  85      F1FAFCB5 
  85      B4B718
  86 03c6 93180FB3 		.ascii	"\223\030\017\263\177\000Sw\375\335"
  86      7F005377 
  86      FDDD
  87              		.text
  88              		.section	.gnu.lto__port_irq_epilogue.8ac86b9f5057516e,"",%progbits
  89 0000 789C9553 		.ascii	"x\234\225SYO\023Q\024\276\337\235i)\320(\361\301\030"
  89      594F1351 
  89      14BEDF9D 
  89      6929D028 
  89      F1C118
  90 0013 5E68628C 		.ascii	"^hb\214\232(c|\220\027\023cx\362\201h\344\007\270\214"
  90      9A28637C 
  90      90171363 
  90      78F28168 
  90      E407B88C 
  91 0027 559A584B 		.ascii	"U\232XKZ4\370`\270\245uyP\342\022\0255\210\013\256("
  91      5A34F860 
  91      B8A57579 
  91      50E21215 
  91      35880BAE 
  92 003c 2EB85150 		.ascii	".\270QP\300\265!\256\261j\\\"u\301%B\242\202K5Z\317"
  92      C0B521AE 
  92      B16A5C22 
  92      75C12542 
  92      A2824B35 
  93 0052 99562388 		.ascii	"\231V#\210\2116\351\334;\367|\347|\347~\347\033M\374"
  93      8936E9DC 
  93      3BF77CE7 
  93      7CE77EE7 
  93      1B4DFC
  94 0065 F99B4CFF 		.ascii	"\371\233L\3771\272\020Wh\205]@\256\275.D\320!\245\026"
  94      31BA1057 
  94      68855D40 
  94      AEBD2E44 
ARM GAS  /tmp/ccWO12Ph.s 			page 7


  94      D021A516 
  95 0079 1B2E5496 		.ascii	"\033.T\226\336R \224S\203\215\217\241\247\326\240\303"
  95      DE522094 
  95      53838D8F 
  95      A1A7D6A0 
  95      C3
  96 008a 06F04640 		.ascii	"\006\360F@THM\267\241\002\257\345;\211\265m\365\325"
  96      54484DB7 
  96      A102AFE5 
  96      3B89B56D 
  96      F5D5
  97 009c D9A3F728 		.ascii	"\331\243\367(\245\336\356j\035\261|DB\012\321+SD\330"
  97      A5DEEE6A 
  97      1DB17C44 
  97      420AD12B 
  97      5344D8
  98 00af 87D18230 		.ascii	"\207\321\2020\357\302\337\356e\333\303\204\311I\305"
  98      EFC2DFEE 
  98      65DBC384 
  98      C949C5
  99 00be B01F76D0 		.ascii	"\260\037v\320zdX\233J&\237\325v\337\327\035\232HH\350"
  99      7A64589B 
  99      4A269FD5 
  99      76DFD71D 
  99      9A4848E8 
 100 00d2 FC10E239 		.ascii	"\374\020\3429\201\230\254KJ^\265\273\250\314\341B\365"
 100      8198AC4B 
 100      4A5EB5BB 
 100      A8CCE142 
 100      F5
 101 00e3 2ADAEED4 		.ascii	"*\332\356\324&\202\367M\015}\327\262_\311\204\224.~"
 101      2682F74D 
 101      0D7DD7B2 
 101      5FC98494 
 101      2E7E
 102 00f5 8DAC8F56 		.ascii	"\215\254\217V\333\371U\323\3715\2661\261\316>r\247R"
 102      DBF955D3 
 102      F935B631 
 102      B1CE3E72 
 102      A752
 103 0107 956FBFC4 		.ascii	"\225o\277\304^\314^\037Ru\264MN\311KH\035\007\240Q\033"
 103      5ECC5E1F 
 103      5275B44D 
 103      4EC94B48 
 103      1D07A051 
 104 011c 38885CD4 		.ascii	"8\210\\\324#7\255\012\016a$%>Y\363\241\021\\Gw\011\034"
 104      2337AD0A 
 104      0E612425 
 104      3E59F3A1 
 104      115C4777 
 105 0132 A6E84354 		.ascii	"\246\350CT>=\271\262\247\240\337=\342\341\012\353\022"
 105      3E3DB9B2 
 105      A7A0DF3D 
 105      E2E10AEB 
 105      12
 106 0143 BD12FD2F 		.ascii	"\275\022\375/\030\357\353\271\001\201\006\016\311\376"
 106      18EFEBB9 
ARM GAS  /tmp/ccWO12Ph.s 			page 8


 106      0181060E 
 106      C9FE
 107 0151 A1B6BEF9 		.ascii	"\241\266\276\371\314!p\204\203\332@ap\224f!p\214\225"
 107      CC217084 
 107      83DA4061 
 107      70946621 
 107      708C95
 108 0164 81D8070A 		.ascii	"\201\330\007\012wv\177\336\240\345\235A\215\252v%\244"
 108      77767FDE 
 108      A0E59D41 
 108      8DAA7625 
 108      A4
 109 0175 8D33363E 		.ascii	"\21536>\374\032\314\322I\036\034G\236\340\223\255\313"
 109      FC1ACCD2 
 109      491E1C47 
 109      9EE093AD 
 109      CB
 110 0186 376F71D2 		.ascii	"7oq\322\011\032iV\334\260\300\011\350\024\350X\271\343"
 110      091A6956 
 110      DCB0C009 
 110      E814E858 
 110      B9E3
 111 0198 A39ED79C 		.ascii	"\243\236\327\234\316\2663\366f\367\345H\246\225}\222"
 111      CEB633F6 
 111      66F7E548 
 111      A6957D92 
 112 01a8 B3718A04 		.ascii	"\263q\212\004\177\200\363\247\232^\327N\342\353|\222"
 112      7F80F3A7 
 112      9A5ED74E 
 112      E2EB7C92 
 113 01b8 1AA1DEBC 		.ascii	"\032\241\336\274\257\352\314b\0112\324\203\220\032\302"
 113      AFEACC62 
 113      0932D483 
 113      901AC2
 114 01c7 899DCF6F 		.ascii	"\211\235\317o\334rXG\026\347\261\216d\207\263\006\333"
 114      DC725847 
 114      16E7B18E 
 114      6487B306 
 114      DB
 115 01d8 90900E9C 		.ascii	"\220\220\016\234&\031\3170/\005\252z\243O2\307\327\253"
 115      2619CF30 
 115      2F05AA7A 
 115      A34F32C7 
 115      D7AB
 116 01ea 304532D1 		.ascii	"0E2\321\204\032\274\267\274\200\010\306\023S\350\363"
 116      841ABCB7 
 116      BC8008C6 
 116      1353E8F3 
 117 01fa 8A984C11 		.ascii	"\212\230L\021\351)\256x\344j\255U\030,A3\225\271\203"
 117      E929AE78 
 117      E46AAD55 
 117      182C4133 
 117      95B983
 118 020d F0FD506E 		.ascii	"\360\375Pn\032D\210\340\336\346\325\031\026\202\312"
 118      1A4488E0 
 118      DEE6D519 
 118      1682CA
ARM GAS  /tmp/ccWO12Ph.s 			page 9


 119 021c B4A4C7D5 		.ascii	"\264\244\307\325E\372\305\206k\217\020\312a$So\277]"
 119      45FAC586 
 119      6B8F10CA 
 119      6124536F 
 119      BF5D
 120 022e D520977D 		.ascii	"\325 \227}U\253\224#!\263z%\031\034g\261\214\014\225"
 120      55AB9423 
 120      21B37A25 
 120      191C67B1 
 120      8C0C95
 121 0241 6D25E8A2 		.ascii	"m%\350\242\245\340\227\221~\267\307\211\227\377d\217"
 121      A5E09791 
 121      7EB7C789 
 121      97FF648F 
 122 0251 73963D7E 		.ascii	"s\226=~\011\301\345[\377j\217\272F\244\375a\033\350"
 122      09C1E55B 
 122      FF6A8FBA 
 122      46A4FD61 
 122      1BE8
 123 0263 8FA61885 		.ascii	"\217\246\030\205\3328d\037\340\217\310\002&\021h\037"
 123      DA38641F 
 123      E08FC802 
 123      2611681F 
 124 0273 DC1FE72D 		.ascii	"\334\037\347-\177\\\370\315\037u=\361\210\375\347\350"
 124      7F5CF8CD 
 124      1F753DF1 
 124      88FDE7E8 
 125 0283 5BADD15F 		.ascii	"[\255\321_\264F?p\316\227h\316\254\201\315\372\232\036"
 125      B4463F70 
 125      CE9768CE 
 125      AC81CDFA 
 125      9A1E
 126 0295 2318EF3A 		.ascii	"#\030\357:>\226p\233\356\\sh\027`yx\315\275\247\361"
 126      3E96709B 
 126      EE5C7368 
 126      17607978 
 126      CDBDA7F1 
 127 02a9 A19624F1 		.ascii	"\241\226$\361\357\273\257;UT\205\343\311$\011\342\304"
 127      EFBBAF3B 
 127      555485E3 
 127      C92409E2 
 127      C4
 128 02ba E5C104E9 		.ascii	"\345\301\004\351\337\036\256p\347\373\255\026\243\374"
 128      DF1EAE70 
 128      E7FBAD16 
 128      A3FC
 129 02c8 E48F184C 		.ascii	"\344\217\030LG]\030\371\371Fa\211g\256gz\261\341\013"
 129      475D18F9 
 129      F9466189 
 129      67AE677A 
 129      B1E10B
 130 02db 18A6CFEB 		.ascii	"\030\246\317\353\365-2J}\376\262\2001ufQaQ\271a\226"
 130      F52D324A 
 130      7DFEB280 
 130      31756651 
 130      6151B961 
 131 02f0 983EBF7B 		.ascii	"\230>\277{\326\222\002o\276)2\346\316\011\270g\370="
ARM GAS  /tmp/ccWO12Ph.s 			page 10


 131      D692026F 
 131      BE2932E6 
 131      CE09B867 
 131      F83D
 132 0302 FF975722 		.ascii	"\377\227W\"&\017\212w\227\2271\332(,*\236Vl\024\022"
 132      260F8A77 
 132      979731DA 
 132      282C2A9E 
 132      566C1412 
 133 0316 DC98B6C8 		.ascii	"\334\230\266\310\\\270x\236\3330\275\001O`\326\002\323"
 133      5CB8789E 
 133      DB30BD01 
 133      4F60D602 
 133      D3
 134 0327 A4E49CA2 		.ascii	"\244\344\234\242\342\231.&.\365{\306\271FM\020\322/"
 134      E2992E26 
 134      2EF57BC6 
 134      B9464D10 
 134      D22F
 135 0339 32BC6EAF 		.ascii	"2\274n\257\317\277T\350fYy\351\017*g\272d"
 135      CFBF54E8 
 135      665979E9 
 135      0F2A67BA 
 135      64
 136              		.text
 137              		.section	.gnu.lto_SVC_Handler.8ac86b9f5057516e,"",%progbits
 138 0000 789C9593 		.ascii	"x\234\225\223\333OSY\024\306\327\332{sZ\245A2\017>\360"
 138      DB4F5359 
 138      14C6D7DA 
 138      7B735AA5 
 138      41320F3E 
 139 0015 D226C4F8 		.ascii	"\322&\304\370b8\223y\361Ec\014Od\322@\350\037`\364X"
 139      62389379 
 139      F145630C 
 139      4F64D240 
 139      E81F60F4 
 140 002a A16A6D73 		.ascii	"\241jmsZ\015\306\007Ok\235j\274k\324\2421b\242\361R"
 140      5A0DC607 
 140      4F6B9D6A 
 140      BC6BD4A2 
 140      3162A2F1 
 141 003f 54746674 		.ascii	"Ttft\254\267:\003B\274\341df`\"\250\025\221\210b\024"
 141      ACB73A03 
 141      42BCE164 
 141      666022A8 
 141      15918862 
 142 0054 EF8D81BA 		.ascii	"\357\215\201\272\327n5\202$\306&=\227\275\276\365\255"
 142      D76E3582 
 142      24C6263D 
 142      97BDBEF5 
 142      AD
 143 0065 B57E7B1F 		.ascii	"\265~{\037\016_\377\312\344\377g\001\360A\336\221\003"
 143      0E5FFFCA 
 143      E4FF6701 
 143      F041DE91 
 143      03
 144 0076 B2ADB700 		.ascii	"\262\255\267\000\"v\206H\017\200\260\232\341j\034d\303"
ARM GAS  /tmp/ccWO12Ph.s 			page 11


 144      22768648 
 144      0F80B09A 
 144      E16A1C64 
 144      C3
 145 0087 0CB7A693 		.ascii	"\014\267\246\223\211\342\351\207,\313z\321\327\031\251"
 145      89E2E987 
 145      2CCB7AD1 
 145      D719A9
 146 0096 49639601 		.ascii	"Ic\226\001\274by\037<\214\323A\212v\375w\323\316\177"
 146      BC62791F 
 146      3C8CD341 
 146      8A76FD77 
 146      D3CE7F
 147 00a9 427A3C77 		.ascii	"Bz<w\342\365\315\342\307,\313\320E\257\251\355\035\011"
 147      E2F5CDE2 
 147      C72CCBD0 
 147      45AFA9ED 
 147      1D09
 148 00bb 8D5E99A0 		.ascii	"\215^\231\240\327M\335}\231)\345\007,+\232Y\367\360"
 148      D74DDD7D 
 148      9929E507 
 148      2C2B9A59 
 148      F7F0
 149 00cd BAC3EAB0 		.ascii	"\272\303\352\260b\231\\\316\231e\034\217 \227\266x\024"
 149      62995CCE 
 149      99651C8F 
 149      2097B678 
 149      14
 150 00de CBF01896 		.ascii	"\313\360\030\226\025\032\225)\303\261\221\356b-&\033"
 150      151A9529 
 150      C3B191EE 
 150      622D261B 
 151 00ee 28C52496 		.ascii	"(\305$\226\347kc3j\010\300hEj\216\366\276I\227\360\231"
 151      E76B6333 
 151      6A08C068 
 151      456A8EF6 
 151      BE4997F0 
 152 0103 AA81072F 		.ascii	"\252\201\007/\237?CU\342\305ho\347\324F\253)\272\315"
 152      9F3F4355 
 152      E2C5686F 
 152      E7D446AB 
 152      29BACD
 153 0116 CAE5E6C8 		.ascii	"\312\345\346\310\306\005\036\237\250\010\236\300\362"
 153      C6051E9F 
 153      A8089EC0 
 153      F2
 154 0123 933FA4A5 		.ascii	"\223?\244\245\350\374p<\256\357a6)\221\306\\]\005dY"
 154      E8FC703C 
 154      AEEF6136 
 154      2991C65C 
 154      5D056459 
 155 0137 91A64400 		.ascii	"\221\246D\000\375\2628!z\304\030\335y\017F\372F\036"
 155      FDB23821 
 155      7AC418DD 
 155      790F46FA 
 155      461E
 156 0149 ECE763FA 		.ascii	"\354\347c\372\314\254\035H\013\325\342+\206\343G \033"
ARM GAS  /tmp/ccWO12Ph.s 			page 12


 156      CCAC1D48 
 156      0BD5E22B 
 156      86E34720 
 156      1B
 157 015a 3C899A2C 		.ascii	"<\211\232,\333\"\257r\210UR\261\343\302\226\313S\234"
 157      DB22AF72 
 157      885552B1 
 157      E3C296CB 
 157      539C
 158 016c EB709F95 		.ascii	"\353p\237\225pe\231FIC\357\377i\265\011Y\017O\241S\221"
 158      70659946 
 158      4943EFFF 
 158      69B50959 
 158      0F4FA153 
 159 0181 D8DF6265 		.ascii	"\330\337be\213\345\012\236F\361\216\221\303\257(\240"
 159      8BE50A9E 
 159      46F18E91 
 159      C3AF28A0 
 160 0191 0BA3196A 		.ascii	"\013\243\031j\201\354\310\235\"w0\372\177|wb\215FM\274"
 160      81ECC89D 
 160      227730FA 
 160      7F7C7762 
 160      8D464DBC 
 161 01a5 638CD6BA 		.ascii	"c\214\326\272\220)jI\2220)Y\223\370e\240\261$\257\340"
 161      90296A49 
 161      92302959 
 161      93F865A0 
 161      B124AFE0 
 162 01b9 72E9CBCD 		.ascii	"r\351\313\315c.\300\337$\2401I\234|\357\305G\033\013"
 162      632EC0DF 
 162      24A03149 
 162      9C7CEFC5 
 162      471B0B
 163 01cc B682960A 		.ascii	"\266\202\226\012\012\231\274\271=rM\360\215\250F\276"
 163      0A99BCB9 
 163      3D724DF0 
 163      8DA846BE 
 164 01dc 7B23E6CB 		.ascii	"{#\346\313\357\363h\263\366y\227\005\376>\341\006\234"
 164      EFF368B3 
 164      F6799705 
 164      FE3EE106 
 164      9C
 165 01ed 217B018A 		.ascii	"!{\001\212\346\251C\343h\366\327Q\274\300\223\215\343"
 165      E6A943E3 
 165      68F6D751 
 165      BCC0938D 
 165      E3
 166 01fe 097856B1 		.ascii	"\011xV\261\374C\235\007\330\2132|\177\350\375\016\356"
 166      FC439D07 
 166      D88B327C 
 166      7FE8FD0E 
 166      EE
 167 020f 3C528069 		.ascii	"<R\200i\243\214\235=\037\"\223\025\314s\237`\336nY_"
 167      A38C9D3D 
 167      1F229315 
 167      CC739F60 
 167      DE6E595F 
ARM GAS  /tmp/ccWO12Ph.s 			page 13


 168 0223 44305304 		.ascii	"D0S\004S~\013x>\017\263\224\242I\253\343\212\203'\363"
 168      537E0B78 
 168      3E0FB394 
 168      A249ABE3 
 168      8A8327F3 
 169 0237 B3FCBB33 		.ascii	"\263\374\2733\273M\313\237\250\247mo\035\315\247\255"
 169      BB4DCB9F 
 169      A8A76D6F 
 169      1DCDA7AD 
 170 0247 74ACC91A 		.ascii	"t\254\311\032\235\223\3434\321\205\011'\272\250\316"
 170      9D93E334 
 170      D1850927 
 170      BAA8CE
 171 0256 E5FDFECE 		.ascii	"\345\375\376\316\277\355\304\223\374/\311h\017F\373"
 171      BFEDC493 
 171      FC2FC968 
 171      0F46FB
 172 0265 46062F8D 		.ascii	"F\006/\215\233\260uqa:>v\272L\327\206\3662\300\313\024"
 172      9BB07571 
 172      613A3E76 
 172      BA4CD786 
 172      F632C0CB 
 173 027a 126343E9 		.ascii	"\022cC\351T\035\325\000LS\260\350+*W\024\225?\211\012"
 173      541DD500 
 173      4C53B0E8 
 173      2B2A5714 
 173      953F890A 
 174 028e C2C36F52 		.ascii	"\302\303oR\371\253@\345\340\263LJ#*\255(T\303\200m("
 174      F9AB40E5 
 174      E0B34C4A 
 174      232AAD28 
 174      54C3806D 
 175 02a3 64E05ABC 		.ascii	"d\340Z\274\351\255p\276.d\333I{{\350jj\222\312\276J"
 175      E9AD70BE 
 175      2E64DB49 
 175      7B7BE86A 
 175      6A92CABE 
 176 02b8 D9D82EF9 		.ascii	"\331\330.\371\335\303H\346\321\023;MC\030\372\345\371"
 176      DDC348E6 
 176      D1133B4D 
 176      4318FAE5 
 176      F9
 177 02c9 979F89D4 		.ascii	"\227\237\211\324\350\025\025ze\275o\201\257\332\243"
 177      E815157A 
 177      65BD6F81 
 177      AFDAA3
 178 02d8 0742BA11 		.ascii	"\007B\272\021\360\373\003\313\364`\300\014\207\364\271"
 178      F0FB03CB 
 178      F460C00C 
 178      87F4B9
 179 02e7 B5EE4A77 		.ascii	"\265\356Jw\203n\324\033\001\323;o\305L\177\205\001\302"
 179      836ED41B 
 179      01D33B6F 
 179      C54C7F85 
 179      01C2
 180 02f9 08370435 		.ascii	"\0107\0045\323\033Z\2764<k\302\\oC\2302\365J\267\247"
 180      D31B5ABE 
ARM GAS  /tmp/ccWO12Ph.s 			page 14


 180      343C6BC2 
 180      5C6F4398 
 180      32F54AB7 
 181 030e CAA357CA 		.ascii	"\312\243W\312T\275j\231\261t\371B\257n\370C\276\320"
 181      54BD6A99 
 181      B174F942 
 181      AF6EF843 
 181      BED0
 182 0320 BC3AC3A8 		.ascii	"\274:\303\250\250\007\207\273\326\343\232\366\343\014"
 182      A80787BB 
 182      D6E39AF6 
 182      E30C
 183 032e 57301404 		.ascii	"W0\024\004>\333\204\222p X\275\250\306\014\030\236\360"
 183      3EDB8492 
 183      702058BD 
 183      A8C60C18 
 183      9EF0
 184 0340 7C6389C3 		.ascii	"|c\211\303\355\251\245\330\014)\002f\202m\301\374\220"
 184      EDA9A5D8 
 184      0C290266 
 184      826DC1FC 
 184      90
 185 0351 B7C6F47D 		.ascii	"\267\306\364}_\303\365PJ>\224\0334}\312\313\346\367"
 185      5FC3F550 
 185      4A3E941B 
 185      347DCACB 
 185      E6F7
 186 0363 FA03E64A 		.ascii	"\372\003\346J\370\010\351\263\312\200"
 186      F808E9B3 
 186      CA80
 187              		.text
 188              		.section	.gnu.lto_.symbol_nodes.8ac86b9f5057516e,"",%progbits
 189 0000 789C6366 		.ascii	"x\234cf``(a\200\002\246\205L\365\014\014\023\31610\324"
 189      60602861 
 189      8002A685 
 189      4CF50C0C 
 189      13CE3130 
 190 0015 D733CE5D 		.ascii	"\3273\316]\304\301\3008\233\251\236\021\"\300\320\320"
 190      C4C1C038 
 190      9BA99E11 
 190      22C0D0D0 
 191 0025 01E4CF61 		.ascii	"\001\344\317a\252gB\3423\315d\252g\206j`\230\267\000"
 191      AA6742E2 
 191      33CD64AA 
 191      67866A60 
 191      98B700
 192 0038 283083A9 		.ascii	"(0\203\251\236\005Y\200q\026S=+LG\003\007\0033\003+"
 192      9E055980 
 192      7116533D 
 192      2B4C4703 
 192      07033303 
 193 004d C393B637 		.ascii	"\303\223\2667\362\314\314\014\014\207V\2521\000\000"
 193      F2CCCC0C 
 193      0C8756AA 
 193      310000
 194 005c 306E1EF4 		.ascii	"0n\036\364"
 195              		.text
ARM GAS  /tmp/ccWO12Ph.s 			page 15


 196              		.section	.gnu.lto_.refs.8ac86b9f5057516e,"",%progbits
 197 0000 789C6366 		.ascii	"x\234cf``\340d\200\000&\006&F^&&>\006\000\001~\0001"
 197      6060E064 
 197      80002606 
 197      26465E26 
 197      263E0600 
 198              		.text
 199              		.section	.gnu.lto_.decls.8ac86b9f5057516e,"",%progbits
 200 0000 789CBD58 		.ascii	"x\234\275X{PSW\032\317\271'\004\022\002t\264\265-\263"
 200      7B505357 
 200      1ACFB927 
 200      04120274 
 200      B4B52DB3 
 201 0014 33ABFEC1 		.ascii	"3\253\376\301\330n\327\330vg\332\231\335\231\212\321"
 201      D86ED7D8 
 201      7667DA99 
 201      DD998AD1 
 202 0024 5676C795 		.ascii	"Vv\307\225MZwgwgR\032R\311\224WC\334\332\377.\006m\300"
 202      4D5A7767 
 202      7767521A 
 202      52C99457 
 202      43DCDAFF 
 203 003c 07149587 		.ascii	"\007\024\225\207\012F\301\007 \017y(*\002\342\013\005"
 203      0A46C107 
 203      200F7928 
 203      2A02E20B 
 203      05
 204 004d 159F4811 		.ascii	"\025\237H\021\010jE\305\007*>\020J\366;\347\334\233"
 204      086A45C5 
 204      072A3E10 
 204      4AF63BE7 
 204      DC9B
 205 005f DC84D076 		.ascii	"\334\204\320v\377\331;\363%\371\356\371\335\337\367"
 205      FFD93BF3 
 205      25F9EEF9 
 205      DDDFF7
 206 006e FBCEF9CE 		.ascii	"\373\316\371\316\271\347\004\313d2;\222\311\\p\235\236"
 206      B9E704CB 
 206      64323B92 
 206      C95C709D 
 206      9E
 207 007f 26937D82 		.ascii	"&\223}\202e29\334\213\226y.\005\330\036\260J\260\275"
 207      653239DC 
 207      8B96792E 
 207      05D81EB0 
 207      4AB0BD
 208 0092 60356075 		.ascii	"`5`u`\207e\023/\202\013\023\236\017\005S\203\035\003"
 208      60876513 
 208      2F820B13 
 208      9E0F0553 
 208      831D03
 209 00a5 EB079B01 		.ascii	"\353\007\233\001V\0176\010\326\007\326\006\266\030\354"
 209      560F3608 
 209      D607D606 
 209      B618EC
 210 00b4 01D843B0 		.ascii	"\001\330C\260C`C`\034X\017X\227$\366S\260\227BLQ\207"
 210      43604360 
ARM GAS  /tmp/ccWO12Ph.s 			page 16


 210      1C580F58 
 210      9724F653 
 210      B097424C 
 211 00ca EF457485 		.ascii	"\357Et\205\010\261g\370\304'1\\`\177\207\\\227\200\005"
 211      08B167F8 
 211      C427315C 
 211      607F875C 
 211      978005
 212 00dd 80FD03AC 		.ascii	"\200\375\003\254D\320\006?eQ\360\021(\360\374\023~\377"
 212      44D0063F 
 212      6551F011 
 212      28F0FC13 
 212      7EFF
 213 00ef 1BCC8058 		.ascii	"\033\314\200X\374\030\3706\242\2111I?(}\362\355\027"
 213      FC18F836 
 213      A2893149 
 213      3F287DF2 
 213      ED17
 214 0101 62CE1072 		.ascii	"b\316\020r\025c\213}Y'\311G\3445\370\341~\304\241\003"
 214      15638B7D 
 214      5927C947 
 214      E435F8E1 
 214      7EC4A103 
 215 0115 15C36782 		.ascii	"\025\303g\202os(T5\235\270\007\263[\363\024\340\252"
 215      6F732854 
 215      359DB807 
 215      B35BF314 
 215      E0AA
 216 0127 5572E21E 		.ascii	"Ur\342\036\032\275~I\376\372F\036\256,\033\377\212\034"
 216      1ABD7E49 
 216      FEFA461E 
 216      AE2C1BFF 
 216      8A1C
 217 0139 454F43BB 		.ascii	"EOC\273P8\332\215\302!\243\022\364:|\376K\316\230\252"
 217      5038DA8D 
 217      C221A312 
 217      F43A7CFE 
 217      4BCE98AA 
 218 014d ABD2AE29 		.ascii	"\253\322\256)1\207\310\357\242\274\376K\252wJ\3411;"
 218      3187C8EF 
 218      A2BCFE4B 
 218      AA774AE1 
 218      313B
 219 015f DFECC49E 		.ascii	"\337\354\304\236p;\266Wm@\323\013\371\346\252\241\266"
 219      703BB657 
 219      6D40D30B 
 219      F9E6AAA1 
 219      B6
 220 0170 E1EF707E 		.ascii	"\341\357p~\226c\005?\356r!\236#l\250\024aT\206\336!"
 220      9663053F 
 220      EE72219E 
 220      236CA814 
 220      615486DE 
 221 0185 60F29B3E 		.ascii	"`\362\233>\205\366\240\351\277(\245\334K\212\243j\347"
 221      85F6A0E9 
 221      BF28A5DC 
 221      4B8AA36A 
ARM GAS  /tmp/ccWO12Ph.s 			page 17


 221      E7
 222 0196 4010D653 		.ascii	"@\020\326S)\373\317\326>%\021\235\374PW\321s\355\367"
 222      29FBCFD6 
 222      3E25119D 
 222      FC5057D1 
 222      73EDF7
 223 01a9 B6AC62DE 		.ascii	"\266\254b\336\351r\375\226>\203*$\001+\304\200\2254"
 223      E972FD96 
 223      3E832A24 
 223      012BC480 
 223      9534
 224 01bb 60DBA69C 		.ascii	"`\333\246\234\343\034\316G,\241\233\367{\325\224\305"
 224      E31CCE47 
 224      2CA19BF7 
 224      7BD594C5 
 225 01cb D15BB96A 		.ascii	"\321[\271jz+\337\354r}D\031\252$\014U\"\303^\312\260"
 225      7A2BDFEC 
 225      727D4419 
 225      AA240C55 
 225      22C35ECA 
 226 01e0 6BF060A9 		.ascii	"k\360`\251\022\2273\206\315k\267\266\206\000\203C\310"
 226      12973386 
 226      CD6BB7B6 
 226      86008343 
 226      C8
 227 01f1 9C1732E7 		.ascii	"\234\0272\347(K\265\204\245Zd\251\241,\366\301\356\273"
 227      284BB584 
 227      A55A64A9 
 227      A12CF6C1 
 227      EEBB
 228 0203 2ADCCC58 		.ascii	"*\334\314X\234\225%\033\003)\213c\274\232\237\233\306"
 228      9C95251B 
 228      03298B63 
 228      BC9A9F9B 
 228      C6
 229 0214 8FB95C98 		.ascii	"\217\271\\\2302\324J\030jE\206:\312\220\233\323\266"
 229      32D44A18 
 229      6A45863A 
 229      CA909BD3 
 229      B6
 230 0225 2510B753 		.ascii	"%\020\267S\006\371\315\221\336\347\201(\\\031\021\236"
 230      06F9CD91 
 230      DEE78128 
 230      5C19119E 
 231 0235 C707A17A 		.ascii	"\307\007\241z\244\224}\307\363+\370\241\025Y\257|-C"
 231      A4947DC7 
 231      F32BF8A1 
 231      1559AF7C 
 231      2D43
 232 0247 EF84A3B7 		.ascii	"\357\204\243\267\302e\350\000\212\240M2\264\037\272"
 232      C265E800 
 232      8AA04D32 
 232      B41FBA
 233 0256 F8207471 		.ascii	"\370 tq1\035\313\271\344.\332\207\304\021%W\036\334"
 233      311DCBB9 
 233      E42EDA87 
 233      C4112557 
ARM GAS  /tmp/ccWO12Ph.s 			page 18


 233      1EDC
 234 0268 674410EA 		.ascii	"gD\020\352b\363:W\200t\224\010\3363L\207\274\206\351"
 234      62F33A57 
 234      80749408 
 234      DE334C87 
 234      BC86E9
 235 027b DC81C2A1 		.ascii	"\334\201\302\241`|\201e\266\253\263\273'\214\215\323"
 235      607C8165 
 235      B6ABB3BB 
 235      278C8DD3 
 236 028b B58141E9 		.ascii	"\265\201A\3518\301C\250A\222]\203\230\335a\232]S\343"
 236      38C143A8 
 236      41925D83 
 236      98DD619A 
 236      5D53E3
 237 029e 8B132A9C 		.ascii	"\213\023*\234\311\012o\215\335yJ\205\363\230\223\272"
 237      C90A6F8D 
 237      DD794A85 
 237      F39893BA 
 238 02ae F3D09A40 		.ascii	"\363\320\232@(\346\031*\032\256o\363H\261\222\272d-"
 238      28E6192A 
 238      1AAE6FF3 
 238      48B192BA 
 238      642D
 239 02c0 0A835B5C 		.ascii	"\012\203[\\\353-\276(\024E\250HvCm%\327\027\332 \305"
 239      EB2DBE28 
 239      1445A848 
 239      76436D25 
 239      D717DA20 
 240 02d5 A348859A 		.ascii	"\243H\205\232\334\361\350\323\344\262\223n\202\244\224"
 240      DCF1E8D3 
 240      E4B2936E 
 240      82A494
 241 02e4 ADA13277 		.ascii	"\255\2412wJ\250\005zj\206\212bQ3\334<\0027\201\370\370"
 241      4AA8057A 
 241      6A868A62 
 241      5133DC3C 
 241      023781F8 
 242 02f9 58635A00 		.ascii	"XcZ\000RE\370\177\350\270\237\207\250\204\222\325\331"
 242      5245F87F 
 242      E8B89F87 
 242      A88492D5 
 242      D9
 243 030a D3785E8E 		.ascii	"\323x^\216\216\201\204F\217\004P\3044\220\0062\027\332"
 243      8E818446 
 243      8F0450C4 
 243      34900632 
 243      17DA
 244 031c 4B2A393A 		.ascii	"K*9:iyN:\211\325l\022\347\024\276\354T\340a\326\011"
 244      69794E3A 
 244      89D56C12 
 244      E714BEEC 
 244      54E061D6 
 245 0331 171E1FE0 		.ascii	"\027\036\037\340\0031\217\211\303\255=\3377.G\021j\032"
 245      03318F89 
 245      C3AD3DDF 
 245      372E4711 
ARM GAS  /tmp/ccWO12Ph.s 			page 19


 245      6A1A
 246 0343 2CBFFCC9 		.ascii	",\277\374\311\362T\310\267\015\251\321)O\260\305j\026"
 246      F254C8B7 
 246      0DA9D129 
 246      4FB0C56A 
 246      16
 247 0354 2BC3235D 		.ascii	"+\303#]:\327\320i\020\277X-\240!\300\326\354\342\012"
 247      3AD7D069 
 247      10BF582D 
 247      A021C0D6 
 247      ECE20A
 248 0367 0ED7D100 		.ascii	"\016\327\321\000h\250\376Q\177(\256gNo\365\371\343a"
 248      68A8FE51 
 248      7F28AE67 
 248      4E6FF5F9 
 248      E361
 249 0379 F810738A 		.ascii	"\370\020s\2127\346\354\011\240\032\203\350j\321\230"
 249      37E6EC09 
 249      A01A83E8 
 249      6AD198
 250 0388 DF1D8C1B 		.ascii	"\337\035\214\033Y\333O\027F\\!\370\010s\332\256\277"
 250      59DB4F17 
 250      465C21F8 
 250      0873DAAE 
 250      BF
 251 0399 78A2A6C0 		.ascii	"x\242\246\300W\210\333\275m\370Y(>\316\3322\333\352"
 251      5788DBBD 
 251      6DF85928 
 251      3ECEDA32 
 251      DBEA
 252 03ab 5A82703B 		.ascii	"Z\202p;s\362\237\267\237\010\243\3007\210\233w\257}"
 252      73F29FB7 
 252      9F08A3C0 
 252      37889B77 
 252      AF7D
 253 03bd 2DC6E768 		.ascii	"-\306\347h\233j\274\240(7\010\315dW\304\324\231\016"
 253      9B6ABCA0 
 253      283708CD 
 253      6457C4D4 
 253      990E
 254 03cf 4866A8EB 		.ascii	"Hf\250\353F\323\237\263m|\361\0334\345\363\220r\037"
 254      46D39FB3 
 254      6D7CF11B 
 254      34E5F390 
 254      721F
 255 03e1 9AEA49EC 		.ascii	"\232\352I\354\002-\321\267\341CF\340\216\261\022E\353"
 255      022DD1B7 
 255      E14346E0 
 255      8EB11245 
 255      EB
 256 03f2 1C0A3DE3 		.ascii	"\034\012=\343\013\235E\220\273\220\033\232^&B/\371B"
 256      0B9D4590 
 256      BB901B9A 
 256      5E26422F 
 256      F942
 257 0404 2FFBB0DA 		.ascii	"/\373\260\332\335\320\213\376\005Hh\177r+8\353\213="
 257      DDD08BFE 
ARM GAS  /tmp/ccWO12Ph.s 			page 20


 257      0548687F 
 257      722B38EB 
 257      8B3D
 258 0416 E7433BEA 		.ascii	"\347C;\352\206\266\373\025\353Af\270\005\\\361\257\225"
 258      86B6FB15 
 258      EB4166B8 
 258      055CF1AF 
 258      95
 259 0427 092025E2 		.ascii	"\011 %\342|\231\256\340\021\301\310\304\331\307\256"
 259      7C99AEE0 
 259      11C1C8C4 
 259      D9C7AE
 260 0436 EFE904E7 		.ascii	"\357\351\004\347\371\271V\031:\001O\237$O\267\012t\200"
 260      F9B95619 
 260      3A014F9F 
 260      244FB70A 
 260      7480
 261 0448 44BD5024 		.ascii	"D\275P$\327\320Lt\025\254\033\314\011\326\011\366\003"
 261      D7D04C74 
 261      15AC1BCC 
 261      09D609F6 
 261      03
 262 0459 5817580F 		.ascii	"X\027X\017\232I\211\210\"\347x\311i5/h\352\360\237("
 262      9A498988 
 262      22E778C9 
 262      69352F68 
 262      EAF09F28 
 263 046d D304A37C 		.ascii	"\323\004\243|\253o G\241\226\326\246\024-C\375\210\226"
 263      AB6F2047 
 263      A196D6A6 
 263      142D43FD 
 263      8896
 264 047f 2FF90674 		.ascii	"/\371\006tkY\301\347\370\022-\011\371\215-U\373\302"
 264      6B59C1E7 
 264      F8122D09 
 264      F98D2D55 
 264      FBC2
 265 0491 504478B8 		.ascii	"PDx\270J\\\313n\301,\273>a-{\361\021i\220\221\325\221"
 265      4A5CCB6E 
 265      C12CBB3E 
 265      612D7BF1 
 265      11699091 
 266 04a7 7CD3193C 		.ascii	"|\323\031<\224\315\3437\334\253\343\015H\2164\311\320"
 266      94CDE337 
 266      DCABE30D 
 266      488E34C9 
 266      D0
 267 04b8 8F10F726 		.ascii	"\217\020\367&\235\361\356j\014e\325\270\256\242\370"
 267      9DF1EE6A 
 267      0C65D5B8 
 267      AEA2F8
 268 04c7 092B4E4C 		.ascii	"\011+NL\334M\235?\016c\352\322\011[}\245;Le\027VI\222"
 268      DC4D9D3F 
 268      0E63EAD2 
 268      095B7DA5 
 268      3B4C6517 
 269 04de 845A25C9 		.ascii	"\204Z%\311\341.\345\236\025\216\3560\352\322\323\033"
ARM GAS  /tmp/ccWO12Ph.s 			page 21


 269      E12EE59E 
 269      158EEE30 
 269      EAD2D31B 
 270 04ee 6E044CC9 		.ascii	"n\004L\311\022\372|:\242\302\007\000~\233\302\007\321"
 270      12FA7C3A 
 270      A2C20700 
 270      7E9BC207 
 270      D1
 271 04ff 14F121EA 		.ascii	"\024\361!\352H\346P(\233C\031\253\367\272\002'\217w"
 271      48E65028 
 271      9B4319AB 
 271      F7BA0227 
 271      8F77
 272 0511 5F8CF716 		.ascii	"_\214\367\026\015Wx;g\223R\010\347\020\303\335CL\216"
 272      0D57783B 
 272      67935208 
 272      E710C3DD 
 272      434C8E
 273 0524 0C3DA0E1 		.ascii	"\014=\240\341\356\263p\017h\270\226\365u\245\301^\203"
 273      EEB3700F 
 273      68B896F5 
 273      75A5C15E 
 273      83
 274 0535 42D66C4F 		.ascii	"B\326lO\200\207\302\240<\244\203\322\233\327\234!\367"
 274      8087C2A0 
 274      3CA483D2 
 274      9BD79C21 
 274      F7
 275 0546 42977BA1 		.ascii	"B\227{\241\207\004\364\020E\217\014\236\273\257\222"
 275      8704F410 
 275      458F0C9E 
 275      BBAF92
 276 0555 BE51C8DA 		.ascii	"\276Q\310\332\350\001?\362z\243\344\257\033k\017\304"
 276      E8013FF2 
 276      7AA3E4AF 
 276      1B6B0FC4 
 277 0565 5D6C7DD8 		.ascii	"]l}\330v\247+S\205o0\347\376\311\361\232\0009'CO\350"
 277      76A72B53 
 277      856F30E7 
 277      FEC9F19A 
 277      00392743 
 278 057b 80C39DC3 		.ascii	"\200\303\235\303;\213\256\004\263\255\310\235\314\321"
 278      3B8BAE04 
 278      B3ADC89D 
 278      CCD1
 279 0589 A85C5818 		.ascii	"\250\\X\030\350\013\307a\347\010+z,.\211h\030\311e\304"
 279      E80BC761 
 279      E7082B7A 
 279      2C2E8968 
 279      18C965C4 
 280 059d 654BF053 		.ascii	"eK\360S\366V.\257jP\002\037]\222I|\262T\325\214?\010"
 280      F6562EAF 
 280      6A50021F 
 280      5D92497C 
 280      B254D58C 
 281 05b3 9B748BF2 		.ascii	"\233t\213\362\234*}\206\004\251\353\367\361\273\202"
 281      9C2A7D86 
ARM GAS  /tmp/ccWO12Ph.s 			page 22


 281      04A9EBF7 
 281      F1BB82
 282 05c2 70857C12 		.ascii	"p\205|\022u/\326\016\367\253\251:giI7L\017\262\343h"
 282      752FD60E 
 282      F7ABA93A 
 282      67694937 
 282      4C0FB2E3 
 283 05d7 E267C809 		.ascii	"\342g\310\011\017z\341\3266B\264\275\020\265\275\244"
 283      0F7AE1D6 
 283      3642B4BD 
 283      10B5BDA4 
 284 05e7 DA529BCB 		.ascii	"\332R\233\313/\006\322\321\377\220P=/r\016\"Z{\201\304"
 284      2F06D2D1 
 284      FF90503D 
 284      2F720E22 
 284      5A7B81C4 
 285 05fb CD5E595F 		.ascii	"\315^Y_\037J]\005]\227\213\207rB&\257\215q\2616~b\265"
 285      1F4A5D05 
 285      5D978B87 
 285      724226AF 
 285      8D71B136 
 286 0612 78DF3658 		.ascii	"x\3376X\256\360\255\305Q\200\217Q\270\213\026\3078+"
 286      AEF0ADC5 
 286      51808F51 
 286      B88B16C7 
 286      382B
 287 0624 0E172D8E 		.ascii	"\016\027-\216\206\336\364\273J\252\306IW\376\323\256"
 287      86DEF4BB 
 287      4AAAC649 
 287      57FED3AE 
 288 0634 F5A9EC45 		.ascii	"\365\251\354E\260\206\346^=\260vU\030\256g\035\221a"
 288      B086E65E 
 288      3DB07655 
 288      18AE671D 
 288      9161
 289 0646 3B55AA22 		.ascii	";U\252\"jl\240\306\376\313oM2\216\347*Z\302\360\021"
 289      6A6CA0C6 
 289      FECB6F4D 
 289      328EE72A 
 289      5AC2F011 
 290 065a A1235B8A 		.ascii	"\241#[\212\227\213\217\377\212\227.\231*\303\315UJ|"
 290      978B8FFF 
 290      8A972E99 
 290      2AC3CD55 
 290      4A7C
 291 066c 923DFEF4 		.ascii	"\222=\376\364aK\017\274_\230S\333nkT\340\363\202\223"
 291      614B0FBC 
 291      5F9853DB 
 291      6E6B54E0 
 291      F38293
 292 067f 5E774681 		.ascii	"^wF\201;\005\2259\033N \334-\367\332eLc\273\214um\233"
 292      3B059539 
 292      1B4E20DC 
 292      2DF7DA65 
 292      4C63BB8C 
 293 0696 8E60EABA 		.ascii	"\216`\352\272hs\356\371\253\373\345\270Ox\260\273\004"
 293      6873EEF9 
ARM GAS  /tmp/ccWO12Ph.s 			page 23


 293      ABFBE5B8 
 293      4F78B0BB 
 293      04
 294 06a7 EA73803A 		.ascii	"\352s\200:\\\366\215\341\035H\334#x\2570Y\\\004\020"
 294      5CF68DE1 
 294      1D48DC23 
 294      78AF3059 
 294      5C0410
 295 06ba 30ADABB9 		.ascii	"0\255\253\271p\264\206\0236\010m%\231\277!\033\204L"
 295      70B48613 
 295      36086D25 
 295      99BF211B 
 295      844C
 296 06cc 4E85D671 		.ascii	"N\205\326q\356w\3664\225\270\303\346\234\235;\376\346"
 296      EE77F634 
 296      95B8C3E6 
 296      9C9D3BFE 
 296      E6
 297 06dd 9F347B32 		.ascii	"\2374{2\322\222\325m\257\021\322\357\201t\255\207\024"
 297      D292D56D 
 297      AF11D2EF 
 297      8174AD87 
 297      14
 298 06ee 62B8F7ED 		.ascii	"b\270\367\355W\326\244\346b\326\261\277L\012\370\252"
 298      57D6A4E6 
 298      62D6B1BF 
 298      4C0AF8AA 
 299 06fe A6B27436 		.ascii	"\246\262t6\350\237\323\022\\9\224\256\242c\256&\356"
 299      E89FD312 
 299      5C3994AE 
 299      A263AE26 
 299      EE
 300 070f 40D6EE4A 		.ascii	"@\326\356J\366\212\017\246\207\216G\205?W\202\271\234"
 300      F68A0FA6 
 300      878E4785 
 300      3F5782B9 
 300      9C
 301 0720 5082398C 		.ascii	"P\2029\214\273\240\243ss\210\264\004\211\356\015\020"
 301      BBA0A373 
 301      7388B404 
 301      89EE0D10 
 302 0730 7B2347E0 		.ascii	"{#G\340y\334\024\361!\202n\034\355\275\020,E\257\377"
 302      79DC14F1 
 302      21826E1C 
 302      EDBD102C 
 302      45AFFF
 303 0743 3974D3F0 		.ascii	"9t\323\360cW0~\304F\253\343\304Q\330\243<e\216\235\267"
 303      6357307E 
 303      C446ABE3 
 303      C451D8A3 
 303      3C658E9D 
 304 0758 95ABF028 		.ascii	"\225\253\360(sv_?\233\035B\023\230Ew=7\0077\207`>\200"
 304      73765F3F 
 304      9B1D4213 
 304      9845773D 
 304      37073787 
 305 076f B6DDDDBE 		.ascii	"\266\335\335\276\373\252\032\257dN\337\363\276\226@"
ARM GAS  /tmp/ccWO12Ph.s 			page 24


 305      FBAA1AAF 
 305      644EDFF3 
 305      BE9640
 306 077e 0A9C43DC 		.ascii	"\012\234C\334#+\012\366\005\343\014\3266p/\373\241\034"
 306      232B0AF6 
 306      05E30CD6 
 306      36702FFB 
 306      A11C
 307 0790 6731479C 		.ascii	"g1G\234\263j6g\267>\336\276*\010odm\325E;\366\261\316"
 307      B36A3667 
 307      B73EDEBE 
 307      2A086F64 
 307      6DD5453B 
 308 07a7 9C4BA105 		.ascii	"\234K\241\005;\234\330\263>[\351\012\264\0032b\257\312"
 308      3B9CD8B3 
 308      3E5BE90A 
 308      B4033262 
 308      AFCA
 309 07b9 9D9C677D 		.ascii	"\235\234g}\006\364\251\365\005\003\012)\332\306\375"
 309      06F4A9F5 
 309      05030A29 
 309      DAC6FD
 310 07c8 0CFA404B 		.ascii	"\014\372@K\347x0\336"
 310      E77830DE 
 311 07d0 E41D57CD 		.ascii	"\344\035W\315\342\216\331\370\032%.dm\007\366f\215\260"
 311      E28ED9F8 
 311      1A252E64 
 311      6D07F666 
 311      8DB0
 312 07e2 55642171 		.ascii	"Ud!q[\354\37465\336\316\33266l\311fzy\326[\333\256\265"
 312      5BECFC36 
 312      35DECEDA 
 312      36366CC9 
 312      667A79D6 
 313 07fa E3C9C7B7 		.ascii	"\343\311\307\267B\034\337\333lF\026\014v\224\206yF\214"
 313      421CDFDB 
 313      6C46160C 
 313      76948679 
 313      468C
 314 080c E5570E8A 		.ascii	"\345W\016\212\331\376\250\222*\256\020G,cdo\023\226"
 314      D9FEA892 
 314      2AAE1047 
 314      2C63646F 
 314      1396
 315 081e A2497E93 		.ascii	"\242I~\223\242\037V\357\336\254\306;\205\001h\274\307"
 315      A21F56EF 
 315      DEACC63B 
 315      850168BC 
 315      C7
 316 082f 73348768 		.ascii	"s4\207h\342\036;\337]\246\240\262\035,\215\266\372\036"
 316      E21E3BDF 
 316      5DA6A0B2 
 316      1D2C8DB6 
 316      FA1E
 317 0841 56B4AFD2 		.ascii	"V\264\257\322\267\360\315\275\267\203&\317\242N\314"
 317      B7F0CDBD 
 317      B78326CF 
ARM GAS  /tmp/ccWO12Ph.s 			page 25


 317      A24ECC
 318 0850 6237CBE2 		.ascii	"b7\313\342\340\366\332X\337$j@V--\273}TV\235(\353\331"
 318      E0F6DA58 
 318      DF246A40 
 318      562D2DBB 
 318      7D54569D 
 319 0867 68D9C084 		.ascii	"h\331\300\204$&E\337\273rt\265\032\227\261$\304\231"
 319      242645DF 
 319      BB7274B5 
 319      1A97B124 
 319      C499
 320 0879 A66633AD 		.ascii	"\246f3\255\370j\346\026\214\253X\333\326u\325#\3544"
 320      F86AE616 
 320      8CAB58DB 
 320      D675D523 
 320      EC34
 321 088b 9F4CDC55 		.ascii	"\237L\334U\271ig\344\370 k\253m\252y\314\346\240\235"
 321      B96967E4 
 321      F8206BAB 
 321      6DAA79CC 
 321      E6A09D
 322 089e F8AF57F4 		.ascii	"\370\257W\364\335\252u\357\230\245\327T\330@;\3704\333"
 322      DDAA75EF 
 322      98A5D754 
 322      D8403BF8 
 322      34DB
 323 08b0 907DFFD8 		.ascii	"\220}\377\330\007\245\325|s\032F+A^\006\254\024\347"
 323      07A5D57C 
 323      731A462B 
 323      415E06AC 
 323      14E7
 324 08c2 B949B7AF 		.ascii	"\271I\267\257i6\307x9\331i\022l\272\177\354\333nha\245"
 324      6936C778 
 324      39D96912 
 324      6CBA7FEC 
 324      DB6E6861 
 325 08d7 086DF085 		.ascii	"\010m\360\205\036\346\274\241cn\326\357|\241^\233\342"
 325      1EE6BCA1 
 325      636ED6EF 
 325      7CA15E9B 
 325      E2
 326 08e8 0DA98E3C 		.ascii	"\015\251\216<\015 wqS\320n\001)\326=*\361!\315t\307"
 326      0D207771 
 326      53D06E01 
 326      29D63D2A 
 326      F121CD74 
 327 08fd 2FF6252D 		.ascii	"/\366%-\342\244im\26096Q,\031\241=\276\3302/lZ\252\303"
 327      E2A4696D 
 327      B0393651 
 327      2C19A13D 
 327      BED8322F 
 328 0915 AEC99B83 		.ascii	"\256\311\233\203\362A\301&\001*\256<\336\347\002`}Y"
 328      F241C126 
 328      012AAE3C 
 328      DEE70260 
 328      7D59
 329 0927 2EB2A6F9 		.ascii	".\262\246\371\262\316\362F\346\273\343\227\372\217\357"
ARM GAS  /tmp/ccWO12Ph.s 			page 26


 329      B2CEF246 
 329      E6BBE397 
 329      FA8FEF
 330 0936 496B9D3B 		.ascii	"Ik\235;\255\355\376\323\362@G\335\335\272\312o|\311"
 330      ADEDFED3 
 330      F24047DD 
 330      DDBACA6F 
 330      7CC9
 331 0948 B866B859 		.ascii	"\270f\270Y\267\370B\013\244\254<\357( #\000\345\213"
 331      B7F8420B 
 331      A4AC3CEF 
 331      28202300 
 331      E58B
 332 095a 0E0A48B1 		.ascii	"\016\012H\261\250\321!\357nMul!\320\375\000\255\367"
 332      A8D121EF 
 332      6E4D756C 
 332      21D0FD00 
 332      ADF7
 333 096c 851EF091 		.ascii	"\205\036\360\221\372\223[\252\335\177\005H\264\256v"
 333      FA935BAA 
 333      DD7F0548 
 333      B4AE76
 334 097b 6B2DF4AF 		.ascii	"k-\364\257U\202]\353\306n\363\305:|\261k\334\330\255"
 334      55825DEB 
 334      C66EF3C5 
 334      3A7CB16B 
 334      DCD8AD
 335 098e FEB154AE 		.ascii	"\376\261T\256\364\234\304C:\251\264\211\240\311!\351"
 335      F49CC443 
 335      3AA9B489 
 335      A0C921E9 
 336 099e 12BC3B4F 		.ascii	"\022\274;Op3\321)\260#`g\300\232\300\032\301\216\203"
 336      7033D129 
 336      B0236067 
 336      C09AC01A 
 336      C18E83
 337 09b1 5D043B0D 		.ascii	"]\004;\015v\026\254\003\354\034X+\330Q\260\026\260\223"
 337      7616AC03 
 337      EC1C582B 
 337      D851B016 
 337      B093
 338 09c3 60C7C02E 		.ascii	"`\307\300.\200\265\203\265\2015s\342\301\012\272t3\351"
 338      80B583B5 
 338      813573E2 
 338      C10ABA74 
 338      33E9
 339 09d5 D22AE8D2 		.ascii	"\322*\350\322\275\202Fq]D\325>]\232\356Ng\263o:'}\017"
 339      BD824671 
 339      5D44D53E 
 339      5D9AEE4E 
 339      67B36F3A 
 340 09ec 852FCAC9 		.ascii	"\205/\312\311\241\0200>\207B\330|\244u\0258\024(b*\305"
 340      A110303E 
 340      8742D87C 
 340      A4751538 
 340      1428622A 
 341 0a01 6D4D0A42 		.ascii	"mM\012BW\200i\205gKA\036\232p\200\024;\006]\206\376"
ARM GAS  /tmp/ccWO12Ph.s 			page 27


 341      57806985 
 341      674B411E 
 341      9A708014 
 341      3B065D86 
 342 0a16 F87FF40D 		.ascii	"\370\177\364\015\254~\351\033.\327z\237X\256p\322cd"
 342      AC7EE91B 
 342      2ED77A9F 
 342      58AE70D2 
 342      6364
 343 0a28 27C7CE20 		.ascii	"'\307\316 \360\355\367\304R\342ub\271*\240\257Rt\377"
 343      F0EDF7C4 
 343      52E27562 
 343      B92AA0AF 
 343      5274FF
 344 0a3b A5CB1D2A 		.ascii	"\245\313\035*<\306\226\331\342\322\322\036\025;et\025"
 344      3CC696D9 
 344      E2D2D21E 
 344      153B6574 
 344      15
 345 0a4c 8DABF790 		.ascii	"\215\253\367\220\365\223\374i\207R\323\020=\367tq\236"
 345      F593FC69 
 345      8752D310 
 345      3DF77471 
 345      9E
 346 0a5d 7FB6E037 		.ascii	"\177\266\3407\333\307\377\300\221}\374\315K\217x\025"
 346      DBC7FFC0 
 346      917DFCCD 
 346      4B8F7815 
 347 0a6d CE5450A2 		.ascii	"\316TP\242\235\367\033n+)\221\243\264&\226\221\330\354"
 347      9DF71B6E 
 347      2B2991A3 
 347      B4269691 
 347      D8EC
 348 0a7f 1CFB1BB3 		.ascii	"\034\373\033\263[B\322-\222\\\243$\343\316L^\211\363"
 348      5B42D22D 
 348      925CA324 
 348      E3CE4C5E 
 348      89F3
 349 0a91 15939C33 		.ascii	"\025\223\2343l\353\233\207\221x\012z\366U\216\364\024"
 349      6CEB9B87 
 349      91780A7A 
 349      F6558EF4 
 349      14
 350 0aa2 444E1A3D 		.ascii	"DN\032=\"3\352\345\340\244\321#\222\367Q\362\334s\247"
 350      2233EAE5 
 350      E0A4D123 
 350      92F751F2 
 350      DC73A7
 351 0ab5 A6E05D8C 		.ascii	"\246\340]\214\333q\355\302_\204DmE!\023\023uJ4:E\232"
 351      DB71EDC2 
 351      5F84446D 
 351      45211313 
 351      754A343A 
 352 0acb 7E4A53D8 		.ascii	"~JS\330\321sG\216\033\030\317\270\255\243/\200%\372"
 352      D173478E 
 352      1B18CFB8 
 352      ADA32F80 
ARM GAS  /tmp/ccWO12Ph.s 			page 28


 352      25FA
 353 0add C38444AF 		.ascii	"\303\204D\257KH\256\213$7\270\351\2627\015\311I\026"
 353      4B48AE8B 
 353      2437B8E9 
 353      B2370DC9 
 353      4916
 354 0aef ABC16CF9 		.ascii	"\253\301l\371\332`J6\307'-]f\232\235\034c\261\316\236"
 354      DA604A36 
 354      C7272D5D 
 354      669A9D1C 
 354      63B1CE9E 
 355 0b03 A3F8E4AF 		.ascii	"\243\370\344\257\237M\327\3124\263gk\264q\346/\314\213"
 355      9F4DD7CA 
 355      34B3676B 
 355      B471E62F 
 355      CC8B
 356 0b15 F59AA414 		.ascii	"\365\232\244\024\2151)!!)QC\036J\321D\352\026i\027-"
 356      8D312921 
 356      21295143 
 356      1E4AD144 
 356      EA166917 
 357 0b2a D718E38C 		.ascii	"\327\030\343\214I\026\223\341?\037$\3146\312^c\204)"
 357      491693E1 
 357      3F1F24CC 
 357      36CA5E63 
 357      8429
 358 0b3c DF98ADC6 		.ascii	"\337\230\255\3068\303\227\226\244\004\2039\305\362\277"
 358      38C39796 
 358      A4048339 
 358      C5F2BF
 359 0b4b B1C4C9A6 		.ascii	"\261\304\311\2462\026\323r\263\325\3151e\242\324`\375"
 359      3216D372 
 359      B3D5CD31 
 359      65A2D460 
 359      FD
 360 0b5c 12AD6161 		.ascii	"\022\255aaLbl\274\311\022`\230\227\224\024\377\2461"
 360      4C626CBC 
 360      C9126098 
 360      979414FF 
 360      A631
 361 0b6e 4E6F8C8B 		.ascii	"No\214\213J\211\266\230L\011\311VsR\242\316\364\365"
 361      4A89B698 
 361      4C09C956 
 361      7352A2CE 
 361      F4F5
 362 0b80 32B3C514 		.ascii	"2\263\305\024;\323[\202\305\2521'\032\343\227\305\232"
 362      3BD35B82 
 362      C5AA3127 
 362      1AE397C5 
 362      9A
 363 0b91 20728A31 		.ascii	" r\2121.\026\242\006-3'Z\337\177\317`U\031\014\342\317"
 363      2E16A206 
 363      2D33275A 
 363      DF7FCF60 
 363      55190CE2 
 364 0ba6 DF6B9681 		.ascii	"\337k\226\201|\021\232h\372&\336\374\205&!\306\030g"
 364      7C119A68 
ARM GAS  /tmp/ccWO12Ph.s 			page 29


 364      FA26DEFC 
 364      852621C6 
 364      1867
 365 0bb8 4E34690C 		.ascii	"N4i\014\261\246/c\226\305[\015\326o\223M)\3000\323\037"
 365      B1A62F63 
 365      96C55B0D 
 365      D66F934D 
 365      29C030D3 
 366 0bcd 3AE5DB14 		.ascii	":\345\333\024\215!\305\032\013\214\000\011\0262\263"
 366      8D21C51A 
 366      0B8C0009 
 366      1632B3
 367 0bdc 1AADCB83 		.ascii	"\032\255\313\203,\246\2451\226\004\203\365w\277\266"
 367      2CA6A531 
 367      960483F5 
 367      77BFB6
 368 0beb 7F8080B3 		.ascii	"\177\200\200\263\314\341,\357r\226\3678\313\373\330"
 368      CCE12CEF 
 368      7296F738 
 368      CBFBD8
 369 0bfa F2EE7B8A 		.ascii	"\362\356{\212x\213\301\032\027\313%\033\345\313\223"
 369      788BC11A 
 369      17CB251B 
 369      E5CB93
 370 0c09 532C7263 		.ascii	"S,rc\\\214Ei0,5Y\015\321\372\350\220\230\370ob\276M"
 370      5C8C4569 
 370      302C3559 
 370      0DD1FAE8 
 370      9098F86F 
 371 0c20 319813E3 		.ascii	"1\230\023\343A\361\237\374\306\0011$\212F\273H\037\245"
 371      41F19FFC 
 371      C6013124 
 371      8A46BB48 
 371      1FA5
 372 0c32 D768218C 		.ascii	"\327h!\214&J\354\233\204\024s\212a\251\321\010\201\201"
 372      264AEC9B 
 372      8414738A 
 372      61A9D108 
 372      8181
 373 0c44 34859106 		.ascii	"4\205\221\006\351\265\363\014\237B\316\001\332\350\317"
 373      E9B5F30C 
 373      9F42CE01 
 373      DAE8CF
 374 0c53 A2E6CBA3 		.ascii	"\242\346\313\243\264z\235|\311\247\213u\001\221Q:\255"
 374      B47A9D7C 
 374      C9A78B75 
 374      0191513A 
 374      AD
 375 0c64 0EEBC1B4 		.ascii	"\016\353\301\264Z] \351\304\017\015V%\353N\370\205\365"
 375      5A5D20E9 
 375      C40F0D56 
 375      25EB4EF8 
 375      85F5
 376 0c76 0BA303F4 		.ascii	"\013\243\003\364\013\011\\\3731|,$\037\363\341#`\321"
 376      0B095CFB 
 376      317C2C24 
 376      1FF3E123 
ARM GAS  /tmp/ccWO12Ph.s 			page 30


 376      60D1
 377 0c88 A28F2375 		.ascii	"\242\217#u\362y\344#\022|\034\375\261\016\317\007\213"
 377      F279E423 
 377      127C1CFD 
 377      B10ECF07 
 377      8B
 378 0c99 9CAF9343 		.ascii	"\234\257\223C\233N\036\245\217\324)u\013\364\013tK\026"
 378      9B4E1EA5 
 378      8FD42975 
 378      0BF40B74 
 378      4B16
 379 0cab CC9F0381 		.ascii	"\314\237\003\201#\265\272?\376\317\351\220\0223&\374"
 379      23B5BA3F 
 379      FECFE990 
 379      123326FC 
 380 0cbb 01B29942 		.ascii	"\001\262\231B\307!>\311\370\225\273\302\224\356[!,\325"
 380      C7213EC9 
 380      F895BBC2 
 380      94EE5B21 
 380      2CD5
 381 0ccd 7991FA05 		.ascii	"y\221\372\005\321\272\250W\351\375e\211^\340`\311\315"
 381      D1BAA857 
 381      E9FD6589 
 381      5EE060C9 
 381      CD
 382 0cde FF02207D 		.ascii	"\377\002 }\337<"
 382      DF3C
 383              		.text
 384              		.section	.gnu.lto_.symtab.8ac86b9f5057516e,"",%progbits
 385 0000 5F706F72 		.ascii	"_port_irq_epilogue\000\000\000\000\000\000\000\000\000"
 385      745F6972 
 385      715F6570 
 385      696C6F67 
 385      75650000 
 386 001b 000000B3 		.ascii	"\000\000\000\263\000\000\000SVC_Handler\000\000\000"
 386      00000053 
 386      56435F48 
 386      616E646C 
 386      65720000 
 387 0030 00000000 		.ascii	"\000\000\000\000\000\000\000\000\000\265\000\000\000"
 387      00000000 
 387      00B50000 
 387      00
 388 003d 5F706F72 		.ascii	"_port_switch_from_isr\000\000\002\000\000\000\000\000"
 388      745F7377 
 388      69746368 
 388      5F66726F 
 388      6D5F6973 
 389 005a 00000000 		.ascii	"\000\000\000\000\257\000\000\000_port_exit_from_isr"
 389      AF000000 
 389      5F706F72 
 389      745F6578 
 389      69745F66 
 390 0075 00000200 		.ascii	"\000\000\002\000\000\000\000\000\000\000\000\000\261"
 390      00000000 
 390      00000000 
 390      B1
ARM GAS  /tmp/ccWO12Ph.s 			page 31


 391 0082 00000063 		.ascii	"\000\000\000chSchIsPreemptionRequired\000\000\002\000"
 391      68536368 
 391      49735072 
 391      65656D70 
 391      74696F6E 
 392 00a2 00000000 		.ascii	"\000\000\000\000\000\000\000\000\275\000\000\000"
 392      00000000 
 392      BD000000 
 393              		.text
 394              		.section	.gnu.lto_.opts,"",%progbits
 395 0000 272D666E 		.ascii	"'-fno-trapv' '-mcpu=cortex-m4' '-mno-thumb-interwor"
 395      6F2D7472 
 395      61707627 
 395      20272D6D 
 395      6370753D 
 396 0033 6B272027 		.ascii	"k' '-mthumb' '-ggdb' '-O2' '-fomit-frame-pointer' '"
 396      2D6D7468 
 396      756D6227 
 396      20272D67 
 396      67646227 
 397 0066 2D66616C 		.ascii	"-falign-functions=16' '-ffunction-sections' '-fdata"
 397      69676E2D 
 397      66756E63 
 397      74696F6E 
 397      733D3136 
 398 0099 2D736563 		.ascii	"-sections' '-fno-common' '-flto'\000"
 398      74696F6E 
 398      73272027 
 398      2D666E6F 
 398      2D636F6D 
 399              		.text
 400              		.comm	__gnu_lto_v1,1,1
 401              		.comm	__gnu_lto_slim,1,1
 402              		.ident	"GCC: (15:4.9.3+svn231177-1) 4.9.3 20150529 (prerelease)"
ARM GAS  /tmp/ccWO12Ph.s 			page 32


DEFINED SYMBOLS
                            *ABS*:0000000000000000 chcore_v7m.c
                            *COM*:0000000000000001 __gnu_lto_v1
                            *COM*:0000000000000001 __gnu_lto_slim

NO UNDEFINED SYMBOLS
