ARM GAS  /tmp/cc0johX6.s 			page 1


   1              		.syntax unified
   2              		.cpu cortex-m4
   3              		.fpu softvfp
   4              		.eabi_attribute 20, 1
   5              		.eabi_attribute 21, 1
   6              		.eabi_attribute 23, 3
   7              		.eabi_attribute 24, 1
   8              		.eabi_attribute 25, 1
   9              		.eabi_attribute 26, 1
  10              		.eabi_attribute 30, 2
  11              		.eabi_attribute 34, 1
  12              		.eabi_attribute 18, 4
  13              		.thumb
  14              		.file	"crt1.c"
  15              		.text
  16              	.Ltext0:
  17              		.section	.gnu.lto_.profile.d749c651bcf387a5,"",%progbits
  18 0000 789C6366 		.ascii	"x\234cf```a\200\000F\006IQ\000\000\273\0007"
  18      60606061 
  18      80004606 
  18      49510000 
  18      BB0037
  19              		.text
  20              		.section	.gnu.lto_.jmpfuncs.d749c651bcf387a5,"",%progbits
  21 0000 789C6366 		.ascii	"x\234cf\300\016\004\2414+\020320010030\260\0009\000"
  21      C00E04A1 
  21      342B1033 
  21      32303031 
  21      30303330 
  22 0018 03080024 		.ascii	"\003\010\000$"
  23              		.text
  24              		.section	.gnu.lto_.inline.d749c651bcf387a5,"",%progbits
  25 0000 789C6366 		.ascii	"x\234cf\300\016\342\2414+\003\0033\023#\003\023\220"
  25      C00EE2A1 
  25      342B0303 
  25      33132303 
  25      1390
  26 0012 C9B6401E 		.ascii	"\311\266@\036D10b\2100a\2100\003y\020\021\0260\011\244"
  26      44313062 
  26      88306188 
  26      30037910 
  26      11163009 
  27 0027 445E7102 		.ascii	"D^q\002E\224\332\026\315d\204+c\000\000\376\271\006"
  27      4594DA16 
  27      CD64842B 
  27      630000FE 
  27      B906
  28 0039 9F       		.ascii	"\237"
  29              		.text
  30              		.section	.gnu.lto_.pureconst.d749c651bcf387a5,"",%progbits
  31 0000 789C6366 		.ascii	"x\234cf``\340f\200\000V\006\011F\011&\011f\023\026)"
  31      6060E066 
  31      80005606 
  31      09460926 
  31      09661316 
  32 0015 00043A00 		.ascii	"\000\004:\000\264"
  32      B4
ARM GAS  /tmp/cc0johX6.s 			page 2


  33              		.text
  34              		.section	.gnu.lto___core_init.d749c651bcf387a5,"",%progbits
  35 0000 789C6366 		.ascii	"x\234cf\300\004R@\\\002\304\326@\314\310\314\300\310"
  35      C0045240 
  35      5C02C4D6 
  35      40CCC8CC 
  35      C0C8
  36 0012 34E11C03 		.ascii	"4\341\034\003C#\007\023##\210\301\300\310P\317\304X"
  36      43230713 
  36      232388C1 
  36      C0C850CF 
  36      C458
  37 0024 CFF892E9 		.ascii	"\317\370\222\351#\023\343\204\003\253gp\253/mhh\370"
  37      2313E384 
  37      03AB6770 
  37      AB2F6D68 
  37      68F8
  38 0036 30E9B244 		.ascii	"0\351\262D\253\304O&\006\206\317L\020c\030\2273\252"
  38      ABC44F26 
  38      0686CF4C 
  38      10631897 
  38      33AA
  39 0048 3300D57C 		.ascii	"3\000\325|l\371{\235\233\255\005\250F\000\"\307\270"
  39      6CF97B9D 
  39      9BAD05A8 
  39      460022C7 
  39      B8
  40 0059 82918D11 		.ascii	"\202\221\215\021H\257\027:\320\360\377\377\3429\177"
  40      48AF173A 
  40      D0F0FFFF 
  40      E2397F
  41 0068 2EB30085 		.ascii	".\263\000\205\237\0001\310\374\247LL \232\371\036##"
  41      9F0031C8 
  41      FCA74C4C 
  41      209AF91E 
  41      2323
  42 007a 4821C8A4 		.ascii	"H!\310\244'L\214 !\240\002K==}\347\214\314\244L\377"
  42      274C8C20 
  42      21A0024B 
  42      3D3D7DE7 
  42      8CCCA44C 
  43 008f 60FDFC62 		.ascii	"`\375\374b\375\344\374\334\334\374<\375\342\222\304"
  43      FDE4FCDC 
  43      DCFC3CFD 
  43      E292C4
  44 009e A292D202 		.ascii	"\242\222\322\002}\307 _g\337\012\220hAfNjQ\261\276\273"
  44      7DC7205F 
  44      67DF0A90 
  44      6841664E 
  44      6A51B1BE 
  45 00b3 B3B37E72 		.ascii	"\263\263~rQ\211\241^2\003\000\222\341<\315"
  45      5189A15E 
  45      32030092 
  45      E13CCD
  46              		.text
  47              		.section	.gnu.lto___early_init.d749c651bcf387a5,"",%progbits
  48 0000 789C6366 		.ascii	"x\234cf\300\004R@\\\004\304\326@\314\310\314\300\310"
ARM GAS  /tmp/cc0johX6.s 			page 3


  48      C0045240 
  48      5C04C4D6 
  48      40CCC8CC 
  48      C0C8
  49 0012 34E11C03 		.ascii	"4\341\034\003C#\007\023##\210\301\300\310P\317\304X"
  49      43230713 
  49      232388C1 
  49      C0C850CF 
  49      C458
  50 0024 CFF892E9 		.ascii	"\317\370\222\351#\023\343\204\003\253gp\253/mhh\370"
  50      2313E384 
  50      03AB6770 
  50      AB2F6D68 
  50      68F8
  51 0036 70E8BA44 		.ascii	"p\350\272D\253\304O&\006\206\317L\020c\030\2273\252"
  51      ABC44F26 
  51      0686CF4C 
  51      10631897 
  51      33AA
  52 0048 3300D57C 		.ascii	"3\000\325|l\371{\235\233\255\005\250F\000\"\307\270"
  52      6CF97B9D 
  52      9BAD05A8 
  52      460022C7 
  52      B8
  53 0059 82918D11 		.ascii	"\202\221\215\021H\257\027:\320\360\377\377\3439\022"
  53      48AF173A 
  53      D0F0FFFF 
  53      E33912
  54 0068 40C12740 		.ascii	"@\301'@\0142\375)\023\023\210f\276\307\310\010R\006"
  54      0C32FD29 
  54      13138866 
  54      BEC7C808 
  54      5206
  55 007a 32E70913 		.ascii	"2\347\011\023#H\010\250\300ROO\3379#3)\323?X?\277X?"
  55      234808A8 
  55      C0524F4F 
  55      DF392333 
  55      29D33F58 
  56 0092 393F3737 		.ascii	"9?77?O\277\270$\261\250\244\264@\3371\310\327\331\267"
  56      3F4FBFB8 
  56      24B1A8A4 
  56      B440DF31 
  56      C8D7D9B7 
  57 00a6 02245A90 		.ascii	"\002$Z\220\231\223ZT\254\357\356\354\254\237\\Tb\250"
  57      99935A54 
  57      ACEFEEEC 
  57      AC9F5C54 
  57      62A8
  58 00b8 97CC0000 		.ascii	"\227\314\000\000\336F;\204"
  58      DE463B84 
  59              		.text
  60              		.section	.gnu.lto___late_init.d749c651bcf387a5,"",%progbits
  61 0000 789C6366 		.ascii	"x\234cf\300\004R@\\\004\304\326@\314\310\314\300\310"
  61      C0045240 
  61      5C04C4D6 
  61      40CCC8CC 
  61      C0C8
ARM GAS  /tmp/cc0johX6.s 			page 4


  62 0012 34E11C03 		.ascii	"4\341\034\003C#\007\023##\210\301\300\310P\317\304X"
  62      43230713 
  62      232388C1 
  62      C0C850CF 
  62      C458
  63 0024 CFF892E9 		.ascii	"\317\370\222\351#\023\343\204\003\253gp\253/mhh\370"
  63      2313E384 
  63      03AB6770 
  63      AB2F6D68 
  63      68F8
  64 0036 B0E8B644 		.ascii	"\260\350\266D\253\304O&\006\206\317L\020c\030\2273\252"
  64      ABC44F26 
  64      0686CF4C 
  64      10631897 
  64      33AA
  65 0048 3300D57C 		.ascii	"3\000\325|l\371{\235\233\255\005\250F\000\"\307\270"
  65      6CF97B9D 
  65      9BAD05A8 
  65      460022C7 
  65      B8
  66 0059 82918D11 		.ascii	"\202\221\215\021H\257\027:\320\360\377\377\3429\022"
  66      48AF173A 
  66      D0F0FFFF 
  66      E23912
  67 0068 40C12740 		.ascii	"@\301'@\0142\375)\023\023\210f\276\307\310\010R\006"
  67      0C32FD29 
  67      13138866 
  67      BEC7C808 
  67      5206
  68 007a 32E70913 		.ascii	"2\347\011\023#H\010\250\300ROO\3379#3)\323?X?\277X?"
  68      234808A8 
  68      C0524F4F 
  68      DF392333 
  68      29D33F58 
  69 0092 393F3737 		.ascii	"9?77?O\277\270$\261\250\244\264@\3371\310\327\331\267"
  69      3F4FBFB8 
  69      24B1A8A4 
  69      B440DF31 
  69      C8D7D9B7 
  70 00a6 02245A90 		.ascii	"\002$Z\220\231\223ZT\254\357\356\354\254\237\\Tb\250"
  70      99935A54 
  70      ACEFEEEC 
  70      AC9F5C54 
  70      62A8
  71 00b8 97CC0000 		.ascii	"\227\314\000\000\263\326;("
  71      B3D63B28 
  72              		.text
  73              		.section	.gnu.lto___default_exit.d749c651bcf387a5,"",%progbits
  74 0000 789C6366 		.ascii	"x\234cf\300\004&@\\\014\304\326@\314\310\312\300\310"
  74      C0042640 
  74      5C0CC4D6 
  74      40CCC8CA 
  74      C0C8
  75 0012 34E11C03 		.ascii	"4\341\034\003C#\007\023#3\210\301\310\314\310\002\021"
  75      43230713 
  75      233388C1 
  75      C8CCC802 
ARM GAS  /tmp/cc0johX6.s 			page 5


  75      11
  76 0023 60810838 		.ascii	"`\201\010822\32431\2630\002\011\210\376\227L\037\231"
  76      3232D433 
  76      31B33002 
  76      0988FE97 
  76      4C1F99
  77 0036 18271C58 		.ascii	"\030'\034X=\203[}iCC\303\207Ow%Z%~210|f\202(`\\\316"
  77      3D835B7D 
  77      694343C3 
  77      874F7725 
  77      5A257E32 
  78 0053 A8CE0054 		.ascii	"\250\316\000T\363\261\345\357un\266\026\240\032\001"
  78      F3B1E5EF 
  78      756EB616 
  78      A01A01
  79 0062 881CE30A 		.ascii	"\210\034\343\012F6F \275^\350@\303\377\377\217\347\236"
  79      46364620 
  79      BD5EE840 
  79      C3FFFF8F 
  79      E79E
  80 0074 B9CF02E4 		.ascii	"\271\317\002\344>\001J1\002I&\240\335O\200\226\000-"
  80      3E014A31 
  80      024926A0 
  80      DD4F8096 
  80      002D
  81 0086 657CC2C4 		.ascii	"e|\302\304\002\245\031\301FZ\352\351\351;gd&e\372\007"
  81      02A519C1 
  81      465AEAE9 
  81      E93B6764 
  81      2665FA07 
  82 009a EBE717EB 		.ascii	"\353\347\027\353'\347\347\346\346\347\351\027\227$\026"
  82      27E7E7E6 
  82      E6E7E917 
  82      972416
  83 00a9 959416E8 		.ascii	"\225\224\026\350;\006\371:\373V\200D\0132sR\213\212"
  83      3B06F93A 
  83      FB568044 
  83      0B327352 
  83      8B8A
  84 00bb F5DD9D9D 		.ascii	"\365\335\235\235\365\223\213J\014\365\222\031\000\267"
  84      F5938B4A 
  84      0CF59219 
  84      00B7
  85 00c9 743FF8   		.ascii	"t?\370"
  86              		.text
  87              		.section	.gnu.lto___init_ram_areas.d749c651bcf387a5,"",%progbits
  88 0000 789C8D54 		.ascii	"x\234\215T\377k[U\024\277\347\336\227\367^\362\022\223"
  88      FF6B5B55 
  88      14BFE7DE 
  88      97F75EF2 
  88      1293
  89 0012 AE15C640 		.ascii	"\256\025\306@\024\372C\375e}\352O:\004\035\021\364\227"
  89      14FA43FD 
  89      657DEA4F 
  89      3A041D11 
  89      F497
  90 0024 29E83FE0 		.ascii	")\350?\340\254\202\005\267\206\266\202\240\245\257m"
ARM GAS  /tmp/cc0johX6.s 			page 6


  90      AC8205B7 
  90      86B682A0 
  90      A5AF6D
  91 0033 74CC695B 		.ascii	"t\314i[\212\316\200ls\370e\255]\327\316\272-\351\276"
  91      8ACE806C 
  91      73F865AD 
  91      5DD7CEBA 
  91      2DE9BE
  92 0046 345DA7E9 		.ascii	"4]\247\351t\253\024\333\011:j\221\256~A\307btit%\236"
  92      74AB14DB 
  92      093A6A91 
  92      AE7E41C7 
  92      62746974 
  93 005c 736E8A69 		.ascii	"sn\212i\266\212\201\274{\317\271\347~\316\347|\316{"
  93      B68A81BC 
  93      7BCFB9E7 
  93      7ECEE77C 
  93      CE7B
  94 006e 47899B7F 		.ascii	"G\211\233\177\373\361\377\262)\304#\270BP\200\354\235"
  94      FBF1FFB2 
  94      29C423B8 
  94      425080EC 
  94      9D
  95 007f 16A2C396 		.ascii	"\026\242\303\226\240\364F\201Oo\014\275\231\260}\322"
  95      A0F44681 
  95      4F6F0CBD 
  95      99B07DD2 
  96 008f 78232384 		.ascii	"x##\204\0270\343\226\360\202&\330\344\007K\257\023\266"
  96      1730E396 
  96      F08226D8 
  96      E4074BAF 
  96      13B6
  97 00a1 2D2D7DEE 		.ascii	"--}\356\347s\277t\264\031`\323\321\300[\003\000\264"
  97      E773BF74 
  97      B41960D3 
  97      D1C05B03 
  97      00B4
  98 00b3 0A10ED52 		.ascii	"\012\020\355R\031>\323\262\375N\000\332\015%\240X,\266"
  98      193ED3B2 
  98      FD4E00DA 
  98      0D25A058 
  98      2CB6
  99 00c5 33379FA6 		.ascii	"37\237\246h\353\345g\231\225\320\233\036L8u\037z\236"
  99      68EBE567 
  99      9995D09B 
  99      1E4C3875 
  99      1F7A9E
 100 00d8 77AD2FBB 		.ascii	"w\255/\273\361\325\215\005)DN\352\0008\004u\002c\206"
 100      F1D58D05 
 100      29444EEA 
 100      00380475 
 100      026386
 101 00eb 0767F783 		.ascii	"\007g\367\203z\020h\237:\362\307E\347'Y\220p\027\231"
 101      7A10689F 
 101      3AF2C745 
 101      E7275990 
 101      701799
ARM GAS  /tmp/cc0johX6.s 			page 7


 102 00fe 637D5309 		.ascii	"c}S\011\223Li\220\371\335G+\273e\355A\317\353\\\330"
 102      934C6990 
 102      F9DD472B 
 102      BB65ED41 
 102      CFEB5CD8 
 103 0112 93990E7A 		.ascii	"\223\231\016zS^|\241X\274\263 \025\364\203B\\\030\200"
 103      535E7CA1 
 103      58BCB320 
 103      15F48342 
 103      5C1880
 104 0125 4DF0316C 		.ascii	"M\3601l*\211\205W\262\361\225o\0343\216\004\"0\010\265"
 104      2A898557 
 104      B2F1956F 
 104      1C338E04 
 104      223008B5 
 105 0139 3A391C06 		.ascii	":9\034\006\023\204P\344\301\230\216\364\233\263!\365"
 105      138450E4 
 105      C1988EF4 
 105      9BB321F5 
 106 0149 3013E84A 		.ascii	"0\023\350Jv\214\007u\212\356\0373e)\014\030\272U\012"
 106      768C0775 
 106      8AEE1F33 
 106      65290C18 
 106      BA550A
 107 015c 38C210CB 		.ascii	"8\302\020\313\375\273OK\025e\210\314\215\353s\2671\304"
 107      FDBB4F4B 
 107      156588CC 
 107      8DEB73B7 
 107      31C4
 108 016e 7B3D87CC 		.ascii	"{=\207\3142\200\341[\002\214@\355\360\206\264W,\346"
 108      3280E15B 
 108      028C40ED 
 108      F086B457 
 108      2CE6
 109 0180 CE7DBDAB 		.ascii	"\316}\275\253\356\244\274\035\004\361\222\014\255\370"
 109      EEA4BC1D 
 109      04F1920C 
 109      ADF8
 110 018e DCE0A7CD 		.ascii	"\334\340\247\315\317\000\373\035\336\007\005\302\206"
 110      CF00FB1D 
 110      DE0705C2 
 110      86
 111 019b F0E10BB3 		.ascii	"\360\341\013\263\035\341\263*\362V\263\243\206\241\204"
 111      1DE1B32A 
 111      F256B3A3 
 111      86A184
 112 01aa 58C4AA67 		.ascii	"X\304\252g\204\270\"%.\352\022t\246\337\351\276\203"
 112      84B82225 
 112      2EEA1274 
 112      A6DFE9BE 
 112      83
 113 01bb 55D00AEC 		.ascii	"U\320\012\354\355\231M\252\266\277\275\204g\027\244"
 113      ED994DAA 
 113      B6BFBD84 
 113      6717A4
 114 01ca B922B576 		.ascii	"\271\"\265v\337/~5c\223\372&\233\003=o%a\037\274\333"
 114      DF2F7E35 
ARM GAS  /tmp/cc0johX6.s 			page 8


 114      6393FA26 
 114      9B033D6F 
 114      25611FBC 
 115 01df D14B5116 		.ascii	"\321KQ\026\034\2056\370\204\352\300\263\003\213\375"
 115      1C8536F8 
 115      84EAC0B3 
 115      038BFD
 116 01ee 098701D2 		.ascii	"\011\207\001\322\217a<\214b \326\366)\264\011J\253D"
 116      8F613C8C 
 116      6220D6F6 
 116      29B4094A 
 116      AB44
 117 0200 DCA2B411 		.ascii	"\334\242\264\021\346\223\227 \276\205\316\343G39U\321"
 117      E6939720 
 117      BE85CEE3 
 117      47333955 
 117      D1
 118 0211 22A44FBC 		.ascii	"\"\244O\274\271Cx\377\030\230y\031(\247\2428\335\261"
 118      B94378FF 
 118      18987919 
 118      28A7A238 
 118      DDB1
 119 0223 E503BF85 		.ascii	"\345\003\277\205\210\212\347\245\335\202\264\021\021"
 119      888AE7A5 
 119      DD82B411 
 119      11
 120 0230 8E97A85C 		.ascii	"\216\227\250\\=\333\375Wx\363\240\027)H?\234@\036\277"
 120      3DDBFD57 
 120      78F3A017 
 120      29483F9C 
 120      401EBF
 121 0243 F3FB0649 		.ascii	"\363\373\006I\330,\220\202\367\020\241R\"Df\0323\031"
 121      D82C9082 
 121      F710A152 
 121      2244661A 
 121      3319
 122 0255 A5133915 		.ascii	"\245\0239\025\310\365\377\205\234bd \344\2615\310#\204"
 122      C8F5FF85 
 122      9C626420 
 122      E4B135C8 
 122      2384
 123 0267 EC08B104 		.ascii	"\354\010\261\004\260F\331\205=\2736\254\212\013'\241"
 123      B046D985 
 123      3DBB36AC 
 123      8A0B27A1 
 124 0277 4DF65B79 		.ascii	"M\366[yY\343\\\376\363i\024\310\020\370\321)ds\375\365"
 124      59E35CFE 
 124      F36914C8 
 124      10F8D129 
 124      6473FDF5 
 125 028b F9D4FD9A 		.ascii	"\371\324\375\232N\250\274ncM\335P\220\201\274\224p\212"
 125      4EA8BC6E 
 125      634DDD50 
 125      9081BC94 
 125      708A
 126 029d 98C16912 		.ascii	"\230\301i\022\033\357\366\035\014\321\315\212*,\216"
 126      1BEFF61D 
ARM GAS  /tmp/cc0johX6.s 			page 9


 126      0CD1CD8A 
 126      2A2C8E
 127 02ac 55A5D833 		.ascii	"U\245\3303\030\213\320\030\336\225xm)u\217N\025\246"
 127      188BD018 
 127      DE95786D 
 127      29758F4E 
 127      15A6
 128 02be 007A272F 		.ascii	"\000z'/\201\374\267\210\260\216\272\232\272OGE(ey\024"
 128      81FCB788 
 128      B08EBA9A 
 128      BA4F4745 
 128      28657914 
 129 02d2 8B18E10E 		.ascii	"\213\030\341\016\373\004\216\207R\213\371\262\022\332"
 129      FB048E87 
 129      528BF9B2 
 129      12DA
 130 02e0 E018A9FB 		.ascii	"\340\030\251\373}q\324\247\221\202kkY_\345qV\231%K\243"
 130      7D71D4A7 
 130      91826B6B 
 130      595FE571 
 130      5699254B 
 131 02f5 CA73109F 		.ascii	"\312s\020\237\356\332Y\302\240\034\202t\226\330I\365"
 131      EEDA59C2 
 131      A01C8274 
 131      96D849F5 
 132 0305 6BF615E4 		.ascii	"k\366\025\344b\\\316=\273\004\012\033\240n\220#l\\\310"
 132      625CCE3D 
 132      BB040A1B 
 132      A06E9023 
 132      6C5CC8
 133 0318 91BE26BD 		.ascii	"\221\276&\275\200\030\212\231\224\017\320a\255\012~"
 133      80188A99 
 133      940FD061 
 133      AD0A7E
 134 0327 6D64EE7D 		.ascii	"md\356}\265\256lFI\266\011\344Q\336\216\000\372\316"
 134      B5AE6C46 
 134      49B609E4 
 134      51DE8E00 
 134      FACE
 135 0339 E2090B34 		.ascii	"\342\011\0134?V\222\261\232.\334$c5\013d\223@P&\220"
 135      3F5692B1 
 135      9A2EDC24 
 135      63350B64 
 135      93405026 
 136 034e C19A6467 		.ascii	"\301\232dgW5\251\372\277\232L\262&T;\234\253\320\244"
 136      5735A9FA 
 136      BF9A4CB2 
 136      26543B9C 
 136      ABD0A4
 137 0361 8A605913 		.ascii	"\212`Y\023#/m\023;]m\235\342\027\314O\0020\333_\266"
 137      232F6D13 
 137      3B5D6D9D 
 137      E217CC4F 
 137      0230DB5F 
 138 0376 E8D81A4C 		.ascii	"\350\330\032L\200\320_\376\260\234\013\362\210Eb\237"
 138      80D05FFE 
 138      B09C0BF2 
ARM GAS  /tmp/cc0johX6.s 			page 10


 138      8845629F 
 139 0386 9571E70F 		.ascii	"\225q\347\017\265\206\340/t\215\357S\364E\242\275\356"
 139      B586E02F 
 139      748DEF53 
 139      F445A2BD 
 139      EE
 140 0397 B0A89C0E 		.ascii	"\260\250\234\016\237\227M\207\017\336\336{\330G9\034"
 140      9F974D87 
 140      0FDEDE7B 
 140      D847391C 
 141 03a7 9BCCF393 		.ascii	"\233\314\363\223\003'\302\356\220\327\353\245\267`\241"
 141      0327C2EE 
 141      90D7EBA5 
 141      B760A1
 142 03b6 90C17B30 		.ascii	"\220\301{0\245'\"M\371\311\344\220_\317\222\273i\264"
 142      A527224D 
 142      F9C9E490 
 142      5FCF92BB 
 142      69B4
 143 03c8 9F07174B 		.ascii	"\237\007\027K\375\202G\011\2152G\214\232p\005[\200\243"
 143      FD824709 
 143      8D32478C 
 143      9A70055B 
 143      80A3
 144 03da 6C1E8777 		.ascii	"l\036\207w\356q=-\350\014\320\211\204\036\250\257w\243"
 144      EE713D2D 
 144      E80CD089 
 144      841EA8AF 
 144      77A3
 145 03ec CF373ED3 		.ascii	"\3177>\323\370\304SnS\213\333\320\264cG\323N\267\245"
 145      F8C4536E 
 145      538BDBD0 
 145      B46347D3 
 145      4EB7A5
 146 03ff 757B73EB 		.ascii	"u{s\353\2131w\353\223\333\242\333^\"o\254\361\205\347"
 146      8B3177EB 
 146      93DBA2DB 
 146      5E226FAC 
 146      F185E7
 147 0412 9A5BDC47 		.ascii	"\232[\334G\243Q\267\241\271\365\336\372\006\241\232"
 147      A351B7A1 
 147      B9F5DEFA 
 147      06A19A
 148 0421 B7C7646B 		.ascii	"\267\307dk\014b\377\000>\265Ut"
 148      0C62FF00 
 148      3EB55574 
 149              		.text
 150              		.section	.gnu.lto_.symbol_nodes.d749c651bcf387a5,"",%progbits
 151 0000 789C55CA 		.ascii	"x\234U\312\3532Bq\030\205\361\367\371\357\275)B%R(w"
 151      EB324271 
 151      1885F1F7 
 151      F9EFBD29 
 151      42255228 
 152 0015 E2D2DE19 		.ascii	"\342\322\336\031\012\205\016:9fW\344n\\\023k|P\353\313"
 152      0A850E3A 
 152      396657E4 
 152      6E5C136B 
ARM GAS  /tmp/cc0johX6.s 			page 11


 152      7C50EBCB 
 153 0029 6FE69915 		.ascii	"o\346\231\025\231\3319\366\267p\211\233\365\276\315"
 153      99D939F6 
 153      B770899B 
 153      F5BECD
 154 0038 DC6D9A66 		.ascii	"\334m\232f,4p\326B\023\017k\341\012\217\376Cl\341\032"
 154      2C3470D6 
 154      42130F6B 
 154      E10A8FFE 
 154      436CE11A 
 155 004c 8F571FC9 		.ascii	"\217W\037\311\005\226\006\217\222\033\310\273%-\202"
 155      0596068F 
 155      921BC8BB 
 155      252D82
 156 005b 6813895B 		.ascii	"h\023\211[bqG\"\356\331\020\0356E\227\214\350\221\025"
 156      62714722 
 156      EED9101D 
 156      3645978C 
 156      E89115
 157 006e 7DB6C403 		.ascii	"}\266\304\003\333b@N\014\331\021#v\305\230=1!/\036)"
 157      DB62404E 
 157      0CD91123 
 157      76C5983D 
 157      31212F1E 
 158 0083 88278AE2 		.ascii	"\210'\212\342\231}\361BI\274r \3368\024S\312\342\235"
 158      997DF142 
 158      49BC7220 
 158      DE381453 
 158      CAE29D
 159 0096 23915211 		.ascii	"#\221R\0213\252b\316\261Xp\">8\025\237\324\304\222\272"
 159      33AA62CE 
 159      B1587022 
 159      3E38159F 
 159      D4C492BA 
 160 00aa F8E2EC17 		.ascii	"\370\342\354\027\373\001\370\354@\343"
 160      FB01F8EC 
 160      40E3
 161              		.text
 162              		.section	.gnu.lto_.refs.d749c651bcf387a5,"",%progbits
 163 0000 789C25C1 		.ascii	"x\234%\301[\032\201P\030\000\300\377\233:\024\241(\227"
 163      5B1A8150 
 163      1800C0FF 
 163      9B3A14A1 
 163      2897
 164 0012 90E3B61A 		.ascii	"\220\343\266\032\373\337\217\207f\212\210\370\305L)"
 164      FBDF8F87 
 164      668A88F8 
 164      C54C29
 165 0021 91A69C2C 		.ascii	"\221\246\234,,Uj+k\215\215\255\235Vg\357\24078:9\273"
 165      2C556A2B 
 165      6B8D8DAD 
 165      9D5667EF 
 165      A037383A 
 166 0037 185DDDDC 		.ascii	"\030]\335\334M\036\262\247\227\267\217o\374\001}Z\003"
 166      4D1EB2A7 
 166      97B78F6F 
 166      FC017D5A 
ARM GAS  /tmp/cc0johX6.s 			page 12


 166      03
 167 0048 98       		.ascii	"\230"
 168              		.text
 169              		.section	.gnu.lto_.decls.d749c651bcf387a5,"",%progbits
 170 0000 789C8598 		.ascii	"x\234\205\230iLTY\026\307\353\276[U@Y\024F\323K\234"
 170      694C5459 
 170      16C7EBBE 
 170      5B554059 
 170      1446D34B 
 171 0015 A4C7D6C4 		.ascii	"\244\307\326\304\314\322#\343\206\231If\272gL\247;3"
 171      CCD223E3 
 171      86994966 
 171      BA674CA7 
 171      3B33
 172 0027 6D77CFF6 		.ascii	"mw\317\366i>Thd\322d\020;P\246\273\223\351\244\024E"
 172      693E5468 
 172      64D26410 
 172      3B50A6BB 
 172      93E9A414 
 173 003c A0551011 		.ascii	"\240U\020\021YZ(\266\206\226\035\001\331w\212B\026\027"
 173      595A28B6 
 173      86961D01 
 173      D9778A42 
 173      1617
 174 004e 7041590A 		.ascii	"pAY\012ZEd\025P@Q\346\274{\317{X\357\341L%\207\373\356"
 174      5A456415 
 174      504051E6 
 174      BC7BCF7B 
 174      58EFE14C 
 175 0066 7BE7FCCE 		.ascii	"{\347\374\316\277\356\377\276WUP\215F\323L4\232ex\375"
 175      BFEEFFBE 
 175      5755508D 
 175      46D34C34 
 175      9A6578FD 
 176 007a EE358DE6 		.ascii	"\3565\215\346}\252\321\350\341\334\247\232\225\227\016"
 176      7DAAD1E8 
 176      E1DCA79A 
 176      95970E
 177 0089 221FA208 		.ascii	"\"\037\242\010\242\004\242\002\242\012\342m\210\217"
 177      A204A202 
 177      A20AE26D 
 177      888F
 178 0097 A07600C6 		.ascii	"\240v\000\306!\210\273\020#\020c\020\223\020\217 \346"
 178      2188BB10 
 178      23106310 
 178      93108F20 
 178      E6
 179 00a8 20162196 		.ascii	" \026!\226 \226!\004\310w\2030@xB\254\205x\015\342M"
 179      20962104 
 179      C8778330 
 179      407842AC 
 179      85780DE2 
 180 00bd 889F40BC 		.ascii	"\210\237@\274\005\261\031b\013\304\317!\336\201\330"
 180      05B11962 
 180      0BC4CF21 
 180      DE81D8
 181 00cc 06B11362 		.ascii	"\006\261\023b7\304o!\336\205\370#\304\373\020\037\022"
ARM GAS  /tmp/cc0johX6.s 			page 13


 181      37C46F21 
 181      DE85F823 
 181      C4FB101F 
 181      12
 182 00dd 8DCB4BD4 		.ascii	"\215\313K\324I^\322O\360\234\362U\264J^\321*y%\253\344"
 182      495ED24F 
 182      F09CF255 
 182      B44A5ED1 
 182      2A7925AB 
 183 00f2 95AC9257 		.ascii	"\225\254\222W\261J^\305*y\342\272\0311\317\204\307{"
 183      B14A5EC5 
 183      2A79E2BA 
 183      1931CF84 
 183      C77B
 184 0104 21D9AEE1 		.ascii	"!\331\256\341\353\3711\034\337\201\361:\304'p\334\014"
 184      EBF9311C 
 184      DF81F13A 
 184      C42770DC 
 184      0C
 185 0115 E39F20B4 		.ascii	"\343\237 \264\020]\020\035\020W :\261G\025\216\037)"
 185      105D101D 
 185      1057203A 
 185      B147158E 
 185      1F29
 186 0127 D6E19140 		.ascii	"\326\341\221@*\362\347:\327<\020\210\311\260Q\234V\306"
 186      2AF2E73A 
 186      D73C1088 
 186      C9B0519C 
 186      56C6
 187 0139 38E2F530 		.ascii	"8\342\36505\032\264\342\264\352\331p\217\366\2153Vx"
 187      351AB4E2 
 187      B4EAD970 
 187      8FF68D33 
 187      5678
 188 014b 45875AD7 		.ascii	"E\207Z\327j\311\247\257\223,\262\201d\223\015@\374\201"
 188      6AC9A7AF 
 188      932CB281 
 188      64930D40 
 188      FC81
 189 015d BC017FFF 		.ascii	"\274\001\177\377\251\345\244\333\311\335vw\012\326\301"
 189      A9E5A4DB 
 189      C9DD7677 
 189      0AD6C1
 190 016c 717AFC50 		.ascii	"qz\374P\217\341\235\363P\026n\255\237&+\355n\207\206"
 190      8FE19DF3 
 190      50166EAD 
 190      9F262BED 
 190      6E8786
 191 017f CF78D1D7 		.ascii	"\317x\321\327X\322\321\256\261\031\252\0254$\227P~5"
 191      58D2D1AE 
 191      B119AA15 
 191      34249750 
 191      7E35
 192 0191 2AB2B6C6 		.ascii	"*\262\266\306kc\262\325f\233\256,\216\244\011V[\243"
 192      6B63B2D5 
 192      669BAE2C 
 192      8EA40956 
ARM GAS  /tmp/cc0johX6.s 			page 14


 192      5BA3
 193 01a3 F5C5F232 		.ascii	"\365\305\3622a\255\310yBI\016y\007Z\346\021\255F\234"
 193      61ADC879 
 193      42490E79 
 193      075AE611 
 193      AD469C
 194 01b6 F245CC27 		.ascii	"\362E\314'\033\241\266\361\324\314\004\241\177\177\005"
 194      1BA1B6F1 
 194      D4CC04A1 
 194      7F7F05
 195 01c5 F9D0406B 		.ascii	"\371\320@k\262\211\221m\325\231zGt\375\362\362\273\014"
 195      B289916D 
 195      D5997A47 
 195      74FDF2F2 
 195      BB0C
 196 01d7 5A20430B 		.ascii	"Z C\013Eh\201\004-b\320\270\033\347F<\250\357+\240\025"
 196      45688104 
 196      2D62D0B8 
 196      1BE7463C 
 196      A8EF2BA0 
 197 01ec 7D0F6C84 		.ascii	"}\017l\204Co\273@\213e\350\005\021Z,AK\030\264p\340"
 197      436FBB40 
 197      8B65E805 
 197      115A2C41 
 197      4B18B470 
 198 0201 E48C1BDD 		.ascii	"\344\214\033\335\317\240\275C\243=n\364?\3548%>\371"
 198      CFA0BD43 
 198      A33D6EF4 
 198      3FEC3825 
 198      3EF9
 199 0213 A6516C50 		.ascii	"\246QlP&5\030\350\215\255\364\220Z\222\213\204y\322"
 199      263518E8 
 199      8DADF490 
 199      5A928B84 
 199      79D2
 200 0225 742A6648 		.ascii	"t*fH\020\273\246\332\246\\\272\226\312]\313\305\256"
 200      10BBA6DA 
 200      A65CBA96 
 200      CA5DCBC5 
 200      AE
 201 0236 A552D70A 		.ascii	"\245R\327\012\326\265$\355~\277\033=JX\253\221\260\346"
 201      D6B524ED 
 201      7EBF1B3D 
 201      4A58AB91 
 201      B0E6
 202 0248 BF888842 		.ascii	"\277\210\210B[D\226\336a\225\021\225\022\002\312*\245"
 202      5B4496DE 
 202      61951195 
 202      1202CA2A 
 202      A5
 203 0259 FA2A567F 		.ascii	"\372*V\177\246\372\273\030\017\266Q\254\014\321>\274"
 203      A6FABB18 
 203      0FB651AC 
 203      0CD13EBC 
 204 0269 306B643B 		.ascii	"0kd;e\2558\255\253]\260\033h\034\307\037\017w\266\031"
 204      65AD38AD 
 204      AB5DB01B 
ARM GAS  /tmp/cc0johX6.s 			page 15


 204      681CC71F 
 204      0F77B619 
 205 027d 680A9F1C 		.ascii	"h\012\237\034\372\276\352\270\033$\276m`\357i0i1\303"
 205      FABEEAB8 
 205      1B24BE6D 
 205      60EF6930 
 205      6931C3
 206 0290 834DC5A7 		.ascii	"\203M\305\247\211\027\234\022\034\367\255\351&\262\305"
 206      89179C12 
 206      1CF7ADE9 
 206      26B2C5
 207 029f 9001FB65 		.ascii	"\220\001\373e\372v\346\360\207\241\326\367H\0231\220"
 207      FA76E6F0 
 207      87A1D6F7 
 207      48133190 
 208 02af 3A590EAB 		.ascii	":Y\016\253\026_\341V\353aq/z8L\032y+\222F\262\0052X"
 208      165FE156 
 208      EB61712F 
 208      7A384C1A 
 208      792B9246 
 209 02c7 2EA98793 		.ascii	".\251\207\223\015p\022\300-K\265Gt\304\260e\365\242"
 209      0D7012C0 
 209      2D4BB547 
 209      74C4B065 
 209      F5A2
 210 02d9 96558A98 		.ascii	"\226U\212\230\204\362c1\257[\255Z\322\014\022jW$\200"
 210      84F26331 
 210      AF5BAD5A 
 210      D20C126A 
 210      572480
 211 02ec 22791F4F 		.ascii	"\"y\037O\015\206\345\350\214\221+\\\226\274rk\330\211"
 211      0D86E5E8 
 211      8C912B5C 
 211      96BC726B 
 211      D889
 212 02fe 1133235A 		.ascii	"\0213#Z\036\025h\3513\\\230\322\206\373&\032\311o\222"
 212      1E1568E9 
 212      335C98D2 
 212      86FB261A 
 212      C96F92
 213 0311 B27B09F1 		.ascii	"\262{\011\361:\032\313'\031g\342rul9\335\305\251-3o"
 213      3A1ACB27 
 213      1967E272 
 213      756C39DD 
 213      C5A92D33 
 214 0326 4A4F53D8 		.ascii	"JOS\3305}\331\311\027\211^d\323\246M\3537m\261A\313"
 214      357DD9C9 
 214      17895E64 
 214      D3A64DEB 
 214      376DB141 
 215 033b E9CA8151 		.ascii	"\351\312\201Q\"\336\034D\354C\034 \3612Y\277\362\306"
 215      22DE1C44 
 215      EC431C20 
 215      F13259BF 
 215      F2C6
 216 034d 7E262AC8 		.ascii	"~&*\310\022uh\304t\333b\261\365\275#\224\345\266+s/"
 216      127568C4 
ARM GAS  /tmp/cc0johX6.s 			page 16


 216      74DB62B1 
 216      F5BD2394 
 216      E5B62B73 
 217 0362 1145F2E4 		.ascii	"\021E\362\344Jr\353\252\340_\210\251\247\330#\301j}"
 217      4A72EBAA 
 217      E05F88A9 
 217      A7D823C1 
 217      6A7D
 218 0374 CFA221D5 		.ascii	"\317\242!\325p\271\206a\304dX,r\025V\266\213l\"\035"
 218      70B98661 
 218      C464582C 
 218      721556B6 
 218      8B6C221D 
 219 0388 1057203A 		.ascii	"\020W :\311&\266p\254\301\302J\203\266\325\325\260\016"
 219      C926B670 
 219      ACC1C24A 
 219      83B6D5D5 
 219      B00E
 220 039a A213CE89 		.ascii	"\242\023\316\211\355\356b\202F\332\224\362\372O\317"
 220      EDEE6282 
 220      46DA94F2 
 220      FA4FCF
 221 03a9 960CB9D3 		.ascii	"\226\014\271\323\\\266>Bg\364\350i7\262~\313j\242H\017"
 221      5CB63E42 
 221      67F4E869 
 221      37B27ECB 
 221      6AA2480F 
 222 03bd 68F97FBA 		.ascii	"h\371\177\272X\257\247zB\272!\361\332\212\343bk\251"
 222      58AFA77A 
 222      42BA21F1 
 222      DA8AE362 
 222      6BA9
 223 03cf 635CE9A5 		.ascii	"c\\\351\245\3245\353\261\205\355U-4\253\362\305\333"
 223      D435EBB1 
 223      85ED552D 
 223      34ABF2C5 
 223      DB
 224 03e0 A53DF74D 		.ascii	"\245=\367M~\3670\177\245\273\311\210w\323|\272s\214"
 224      7EF7307F 
 224      A5BBC988 
 224      77D37CBA 
 224      738C
 225 03f2 B0B99B38 		.ascii	"\260\271\2338u\276\210\266z\031\302\361\271+n/\343\313"
 225      75BE88B6 
 225      7A19C2F1 
 225      B92B6E2F 
 225      E3CB
 226 0404 BBAB57DC 		.ascii	"\273\253W\334\211\340\006\271\305\3669I\211\311x\344"
 226      89E006B9 
 226      C5F63949 
 226      89C978E4 
 227 0414 B12E1ADF 		.ascii	"\261.\032\337\376F\013{\0377 \375&K\277M\326IEb\366"
 227      FE460B7B 
 227      1F3720FD 
 227      264BBF4D 
 227      D6494562 
 228 0429 D5A6EB79 		.ascii	"\325\246\353y\272\227\263\257\377\257\354\320\302\236"
ARM GAS  /tmp/cc0johX6.s 			page 17


 228      BA97B3AF 
 228      FFAFECD0 
 228      C29E
 229 0437 4C4F5ACD 		.ascii	"LOZ\315wi\334Xl\250\201\332\371\244\264 /\201lN\265"
 229      7769DC58 
 229      6CA881DA 
 229      F9A4B420 
 229      2F816C4E 
 230 044c 3A0F3B23 		.ascii	":\017;#\322/\031m\016X\304\345\345\237\262;\241\237"
 230      D22F196D 
 230      0E58C4E5 
 230      E59FB23B 
 230      A19F
 231 045e 2FE24B9A 		.ascii	"/\342K\232\373\371\343\004\352\212\342\343z\275\276"
 231      FBF9E304 
 231      EA8AE2E3 
 231      7ABDBE
 232 046d 79061F0D 		.ascii	"y\006\037\015\316\332P\276\205\007\310fv)r\240\377\250"
 232      CEDA50BE 
 232      8507C866 
 232      762972A0 
 232      FFA8
 233 047f 27EDE5FC 		.ascii	"'\355\345\374\232\304\236\337K\370nW\274S\205w\312\370"
 233      9AC49EDF 
 233      4BF86E57 
 233      BC538577 
 233      CAF8
 234 0491 F996A767 		.ascii	"\371\226\247g\011\342\341\261\"\342\207\020_q\361\334"
 234      09E2E1B1 
 234      22E28710 
 234      5F71F1DC 
 235 04a1 9C1B1DE1 		.ascii	"\234\033\035\341\370\033\223\271\367$\371\241w\\\371"
 235      F81B93B9 
 235      F724F9A1 
 235      775CF9
 236 04b0 3FAAF83F 		.ascii	"?\252\370?\312\374\330;\221\343n\022\377u\306\277\213"
 236      CAFCD83B 
 236      91E36E12 
 236      FF75C6BF 
 236      8B
 237 04c1 FCB0C2F4 		.ascii	"\374\260\302\364y\003}\302\371\361OG\007\251\304\367"
 237      79037DC2 
 237      F9F14F47 
 237      07A9C4F7 
 238 04d1 4BB0A61E 		.ascii	"K\260\246\036\266Z\305\347,kp_\325\340\276\334\340\372"
 238      B65AC5E7 
 238      2C6B705F 
 238      D5E0BEDC 
 238      E0FA
 239 04e3 74F608C5 		.ascii	"t\366\010\305\006Mo\261\006#\330 g>4\302\303\247\304"
 239      064D6FB1 
 239      0623D820 
 239      673E34C2 
 239      C3A7C4
 240 04f6 1A6EDBC8 		.ascii	"\032n\333\310\\\0237\333 \371\206m\270a\030\305Mw\017"
 240      5C1337DB 
 240      20F9866D 
ARM GAS  /tmp/cc0johX6.s 			page 18


 240      B86118C5 
 240      4D770F
 241 0509 46D878E4 		.ascii	"F\330x\344\001\371F,q\264\246?\366\242a\224i\23282\236"
 241      01F9462C 
 241      71B4A63F 
 241      F6A26194 
 241      699A3832 
 242 051e 6DE49A8E 		.ascii	"m\344\232\216+-{\250\222\364P\226tu\342\336>\256\310"
 242      2B2D7BA8 
 242      92F45096 
 242      7475E2DE 
 242      3EAEC8
 243 0531 818E8DA1 		.ascii	"\201\216\215\241\"{\367\255\021w\232\300\361\203\203"
 243      227BF7AD 
 243      11779AC0 
 243      F18383
 244 0540 8D4D54C2 		.ascii	"\215MT\302+,\233P\341'd|\355\300\335\036|\307\016\264"
 244      2B2C9B50 
 244      E127647C 
 244      EDC0DD1E 
 244      7CC70EB4 
 245 0554 6C12F977 		.ascii	"l\022\371w\034\241\217=h\026\347\367\334\011\315\324"
 245      1CA18F3D 
 245      6816E7F7 
 245      DC09CDD4 
 246 0564 215F69D9 		.ascii	"!_i\331\264\212?-\363\347\216-\367\021\211\317-{\204"
 246      B48A3F2D 
 246      F3E78E2D 
 246      F71189CF 
 246      2D7B84
 247 0577 FCB481E5 		.ascii	"\374\264\201\345t/Z\306\371\261'f\316\353%\276\322\262"
 247      742F5AC6 
 247      F9B12766 
 247      CEEB25BE 
 247      D2B2
 248 0589 59558359 		.ascii	"YU\203Y\271Aea\302E\0236@\313\346\260\301\334P\353\204"
 248      B9416561 
 248      C2451336 
 248      40CBE6B0 
 248      C1DC50EB 
 249 059e BBC2B271 		.ascii	"\273\302\262q\264l\012-\233A\313\036s\313\022o\336\233"
 249      B46C0A2D 
 249      9B41CB1E 
 249      73CB126F 
 249      DE9B
 250 05b0 A3EC6121 		.ascii	"\243\354a!\260\373\2543mQK\355\\\342\211\245\306b\003"
 250      B0FBAC33 
 250      6D514BED 
 250      5CE289A5 
 250      C66203
 251 05c3 9718A574 		.ascii	"\227\030\245tpA\245pAV\030]{\262\330\310\025\266\243"
 251      7041A570 
 251      4156185D 
 251      7BB2D8C8 
 251      15B6A3
 252 05d6 858BA8B0 		.ascii	"\205\213\250\2602s\242WG{9\277\364\324B\251N\342+,|"
 252      3273A257 
ARM GAS  /tmp/cc0johX6.s 			page 19


 252      477B39BF 
 252      F4D442A9 
 252      4EE22B2C 
 253 05eb A6E23F93 		.ascii	"\246\342?\223\371\263w\343o\012\310G\013\227\220\177"
 253      F9B377E3 
 253      6F0AC847 
 253      0B97907F 
 254 05fb A2B1FA82 		.ascii	"\242\261\372\202\007\035\341\374\226\234\216\007\270"
 254      071DE1FC 
 254      969C8E07 
 254      B8
 255 0608 C4514A0B 		.ascii	"\304QJ\013_\250\370/d~_L\344\262\244\037-\\F~nn}\272"
 255      5FA8F82F 
 255      647E5F4C 
 255      E4B2A41F 
 255      2D5C467E 
 256 0620 409F70FE 		.ascii	"@\237p\376d|E\025\225\370J\013\017\011\312\006p\006"
 256      647C4515 
 256      95F84A0B 
 256      0F09CA06 
 256      7006
 257 0632 1B0C7C97 		.ascii	"\033\014|\227\035\205\026\266\243\205\207\005\336\340"
 257      1D8516B6 
 257      A3858705 
 257      DEE0
 258 0640 F2C2D369 		.ascii	"\362\302\323i\255\302\302\247h\341s\264\320*p\013C\005"
 258      ADC2C2A7 
 258      68E173B4 
 258      D02A700B 
 258      4305
 259 0652 66E1C9FC 		.ascii	"f\341\311\374\214Y/f!\025\247\3757G\257\272\3210-\223"
 259      8C592F66 
 259      2115A7FD 
 259      3747AFBA 
 259      D1302D93 
 260 0666 78F7F163 		.ascii	"x\367\361c\\\201D\245\203a*\201a\262\300\260k\311U\270"
 260      5C8144A5 
 260      83612A81 
 260      61B2C0B0 
 260      6BC955B8 
 261 067a 89BBD0C1 		.ascii	"\211\273\320\301c(\260?\367d\251@\0238>\277b\260\\'"
 261      6328B03F 
 261      F764A940 
 261      13383EBF 
 261      62B05C27 
 262 068e F1150E46 		.ascii	"\361\025\016F\250\370\0212\377\362\267aI\370\\\353B"
 262      A8F81132 
 262      FFF2B761 
 262      49F85CEB 
 262      42
 263 069f 0723915F 		.ascii	"\007#\221_\340\314M\362\244Y\234\037Sud3\342\225\006"
 263      E0CC4DF2 
 263      A4599C1F 
 263      53756433 
 263      E29506
 264 06b2 1E57E18F 		.ascii	"\036W\341\217\313x{zT\267\214\347\006\236@\374\221%"
 264      CB787B7A 
ARM GAS  /tmp/cc0johX6.s 			page 20


 264      54B78CE7 
 264      069E40FC 
 264      9125
 265 06c4 673FA565 		.ascii	"g?\245e\034?ZyuX\220\370J\003\243T\015\242\344\006\363"
 265      1C3F5A79 
 265      755890F8 
 265      4A03A354 
 265      0DA2E406 
 266 06d9 A3CF7F70 		.ascii	"\243\317\177p\307\006h`46H\355ijV\032\030.p\003\277"
 266      C7066860 
 266      343648ED 
 266      696A561A 
 266      182E7003 
 267 06ee 15B88127 		.ascii	"\025\270\201'\321\300S\334@\351\207\220\211\377\020"
 267      D1C053DC 
 267      40E98790 
 267      89FF10
 268 06fd B2D73CB6 		.ascii	"\262\327<\266\013\324\316%\2669z\223\327p\211\347\224"
 268      0BD4CE25 
 268      B6397A93 
 268      D77089E7 
 268      94
 269 070e 0EC6AA14 		.ascii	"\016\306\252\024\306\312\012\013Z\306\235:\256\260\027"
 269      C6CA0A0B 
 269      5AC69D3A 
 269      AEB017
 270 071d 1D3C830A 		.ascii	"\035<\203\0123\013\355\365\002\355\345\374\272\270\347"
 270      330BEDF5 
 270      02EDE5FC 
 270      BAB8E7
 271 072c 6D9E125F 		.ascii	"m\236\022_\341\340Y\025\377\254\314o\257\356\211\323"
 271      E1E05915 
 271      FFACCC6F 
 271      AFEE89D3 
 272 073c 231F1D8C 		.ascii	"#\037\035\214G~\366Pd\265\226\216p\376\324\241\231\213"
 272      477EF650 
 272      64B5968E 
 272      70FED4A1 
 272      998B
 273 074e F80C39A7 		.ascii	"\370\0149\247\2640Q\305O\224\371\265\311\335\322\012"
 273      B43051C5 
 273      4F94F9B5 
 273      C9DDD20A 
 274 075e F7A28549 		.ascii	"\367\242\205I\310\317\212I\311[C\237p~ZN\345i\"\361"
 274      C8CF8A49 
 274      C95B439F 
 274      707E5A4E 
 274      E56922F1 
 275 0772 95169E53 		.ascii	"\225\026\236S58'7\030^,\273\342\211\015\320\302dl\220"
 275      35382737 
 275      185E2CBB 
 275      E2890DD0 
 275      C2646C90 
 276 0786 7EC29928 		.ascii	"~\302\231((,\214C\013\023\320\302\357\320\302\024n\341"
 276      282C8C43 
 276      0B13D0C2 
 276      EFD0C214 
ARM GAS  /tmp/cc0johX6.s 			page 21


 276      6EE1
 277 0798 787752A5 		.ascii	"xwR\245\221Y\250\023\247\337\306\217\335ZC\303tL\342"
 277      9159A813 
 277      A7DFC68F 
 277      DD5A43C3 
 277      744CE2
 278 07ab 785E53AF 		.ascii	"x^S\257\033\227\230\255\2640M\2450MV\330\020\223\357"
 278      1B9798AD 
 278      B4304DA5 
 278      304D56D8 
 278      1093EF
 279 07be C0EF2E7D 		.ascii	"\300\357.}ha:*\234\355+\036\323\321\004\316/N"
 279      68613A2A 
 279      9CED2B1E 
 279      D3D104CE 
 279      2F4E
 280 07d0 4B98A212 		.ascii	"K\230\242\022_aa\246\212\237\271\262\211/\235\316D\013"
 280      5F6161A6 
 280      8A9FB9B2 
 280      892F9DCE 
 280      440B
 281 07e2 FBD0C2EF 		.ascii	"\373\320\302\357\221\377di \002>\011Q\377\371\366i\264"
 281      91FF6469 
 281      20023E09 
 281      51FFF9F6 
 281      69B4
 282 07f4 305B6961 		.ascii	"0[ia\266\212\237-\363\213\207\223\026M\022\237[\370"
 282      B68A9F2D 
 282      F38B8793 
 282      164D129F 
 282      5BF8
 283 0806 03F2C7DB 		.ascii	"\003\362\307\333\177<\345A\3138\3376\237|Z\220\370J"
 283      7F3CE541 
 283      CB38DF36 
 283      9F7C5A90 
 283      F84A
 284 0818 0B73540D 		.ascii	"\013sT\015r\344\006m\203\0217\360\243\274\017-\314\305"
 284      72E4066D 
 284      831137F0 
 284      A3BC0F2D 
 284      CCC5
 285 082a 065535AD 		.ascii	"\006U5\255\363:\205\205\031ha\026Zx\036-\314\343\026"
 285      F33A8585 
 285      19686116 
 285      5A781E2D 
 285      CCE316
 286 083d C61C2D2F 		.ascii	"\306\034-/71\013\365\342\264#\261{\326\223\332\271\304"
 286      37310BF5 
 286      E2B423B1 
 286      7BD693DA 
 286      B9C4
 287 084f A833E131 		.ascii	"\2503\3411\356\\b\216\322\302B\225\302BYa]\207\243\002"
 287      EE5C628E 
 287      D2C24295 
 287      C2425961 
 287      5D87A302 
 288 0863 150EA285 		.ascii	"\025\016\242\205E\250\360\360\255\272P\370$\344\374"
ARM GAS  /tmp/cc0johX6.s 			page 22


 288      45A8F0F0 
 288      ADBA50F8 
 288      24E4FC
 289 0872 D4FC9AA3 		.ascii	"\324\374\232\243\236\022_a\341\005\025\377\202\314\237"
 289      9E125F61 
 289      E10515FF 
 289      82CC9F
 290 0881 4EE988C5 		.ascii	"N\351\210\305\347\364 ZX\202\374\214\013Imz:\302\371"
 290      E7F4205A 
 290      5882FC8C 
 290      0B496D7A 
 290      3AC2F9
 291 0894 2315397F 		.ascii	"#\0259\177F\274\322\3012\025\276L\306\227w4\330e<w\360"
 291      46BCD2C1 
 291      3215BE4C 
 291      C6977734 
 291      D8653C77 
 292 08a9 22E2A73A 		.ascii	"\"\342\247:\257<w\243O8\376nXi\273 \361\225\016V\250"
 292      AF3C77A3 
 292      4F38FE6E 
 292      5869BB20 
 292      F1950E56 
 293 08be 1A54C80D 		.ascii	"\032T\310\015:'\227\242q\213\017\242\203\225\330 ~\366"
 293      3A2797A2 
 293      718B0FA2 
 293      8395D820 
 293      7EF6
 294 08d0 DA0B93C2 		.ascii	"\332\013\223\302\301bt\260\024\035,G\007\253\270\203"
 294      C16274B0 
 294      141D2C47 
 294      07ABB883 
 295 08e0 D20F1B13 		.ascii	"\322\017\033\023\377a\223\035\1773_\240az&1\347\332"
 295      FF61931D 
 295      7F335FA0 
 295      617A2631 
 295      E7DA
 296 08f2 D54AFC36 		.ascii	"\325J\3746\232\257t\260V\245\260VV8^\2359\216\012\037"
 296      9AAF74B0 
 296      56A5B056 
 296      56385E9D 
 296      398E0A1F 
 297 0906 A28375A8 		.ascii	"\242\203u\2500\362r{\025|\035\345\374[\321\263\027M"
 297      30F2727B 
 297      157C1DE5 
 297      FC5BD1B3 
 297      174D
 298 0918 125FE160 		.ascii	"\022_\341`\203\212\337 \363\347&s\312p\207<D\007\033"
 298      838ADF20 
 298      F3E72673 
 298      CA70873C 
 298      44071B
 299 092b A59B3C77 		.ascii	"\245\233<w\374\030\245Y\234_R\323P\257E\276\322\302"
 299      FC18A559 
 299      9C5F52D3 
 299      50AF45BE 
 299      D2C2
 300 093d 6615BF59 		.ascii	"f\025\277Y\346\337\270\\|C/\361\271\205-\310\267\325"
ARM GAS  /tmp/cc0johX6.s 			page 23


 300      E6DFB85C 
 300      7C432FF1 
 300      B9852DC8 
 300      B7D5
 301 094f D5341969 		.ascii	"\3254\031i\031\347\2175\215E\353%\276\322\302VU\203"
 301      19E78F35 
 301      8D45EB25 
 301      BED2C256 
 301      5583
 302 0961 56B9C1F3 		.ascii	"V\271\301\363\205\276:\351\015\240\205\016l\360(\376"
 302      85BE3AE9 
 302      0DA0850E 
 302      6CF028FE 
 303 0971 ECA89BC2 		.ascii	"\354\250\233\302\302z\264\260\011-\264\243\205m\334"
 303      C27AB4B0 
 303      092DB4A3 
 303      856DDC
 304 0980 42474191 		.ascii	"BGA\221\235\273^O\310\035\262\016~\237\223Q\342C~\271"
 304      9DBB5E4F 
 304      C81DB20E 
 304      7E9F9351 
 304      E2437EB9 
 305 0994 813C8161 		.ascii	"\201<\201a\036\004\034\021|\310Qa\003\211\201\3614\214"
 305      1E041C11 
 305      7CC85161 
 305      038981F1 
 305      348C
 306 09a6 36185361 		.ascii	"6\030Sa\314\207\261\000\306j\030k`\274$\370\210\304"
 306      CC87B100 
 306      C66A186B 
 306      60BC24F8 
 306      88C4
 307 09b8 F084F030 		.ascii	"\360\204\3600qo^\2619k\232>\261J\353&\262\373\360;\340"
 307      716F5EB1 
 307      396B9A3E 
 307      B14AEB26 
 307      B2FBF03B 
 308 09cd CAEFD13E 		.ascii	"\312\357\321>\361; i\207J\322!l\206\352\013\355\015"
 308      F13B2069 
 308      874AD221 
 308      6C86EA0B 
 308      ED0D
 309 09df 4D7A97FF 		.ascii	"Mz\227\377\275\\\177\351\177\010\032\322)\260\377\275"
 309      BD5C7FE9 
 309      7F081AD2 
 309      29B0FFBD 
 310 09ef 88A3F861 		.ascii	"\210\243\370a4\361\240A\353\222-\266Y\311\356\302\354"
 310      34F1A041 
 310      EB922DB6 
 310      59C9EEC2 
 310      EC
 311 0a00 2E963D34 		.ascii	".\226=4p8I\220\262\303_\371\177\035r\031\252\326\230"
 311      70384990 
 311      B2C35FF9 
 311      7F1D7219 
 311      AAD698
 312 0a13 CD7E0782 		.ascii	"\315~\007\202\375\315\001A\001\026\375\007\037\377c"
ARM GAS  /tmp/cc0johX6.s 			page 24


 312      FDCD0141 
 312      0116FD07 
 312      1FFF63
 313 0a22 E31E8DF6 		.ascii	"\343\036\215\366K\177\337\177\377f\353V\357=\237\007"
 313      4B7FDF7F 
 313      FF66EB56 
 313      EF3D9F07 
 314 0a32 7C16F0C9 		.ascii	"|\026\360\311\337\274\017\204x\373\035\330\277\377@"
 314      DFBC0F84 
 314      78FB1DD8 
 314      BFFF40
 315 0a41 907788C5 		.ascii	"\220w\210\3057\330r\360\013\357?\374u\357\236\275_\211"
 315      37D872F0 
 315      0BEF3FFC 
 315      75EF9EBD 
 315      5F89
 316 0a53 67BF0808 		.ascii	"g\277\010\010\364\017\016\361\376`\317\036o\277`\313"
 316      F40F0EF1 
 316      FE60CF1E 
 316      6FBF60CB 
 317 0a63 B6AD7E1A 		.ascii	"\266\255~\032\243\331\354\357\033\034\3705C\002>\320"
 317      A3D9ECEF 
 317      1B1CF835 
 317      43023ED0 
 318 0a73 D7C2F126 		.ascii	"\327\302\361&\263y\237\377\277|\017\006Z\314\376_\005"
 318      B3799FFF 
 318      BF7C0F06 
 318      5ACCFE5F 
 318      05
 319 0a84 58DC83A0 		.ascii	"X\334\203\240\257\345`p\320Z3\273l\016\366\335o\366"
 319      AFE56070 
 319      D05A33BB 
 319      6C0EF6DD 
 319      6FF6
 320 0a96 0DF6F70D 		.ascii	"\015\366\367\015q?\030\020d\331\261\335l1\230\315\322"
 320      713F1810 
 320      64D9B1DD 
 320      6C3198CD 
 320      D2
 321 0aa7 E1AFBC0F 		.ascii	"\341\257\274\017\206\004{\007\004\371\005\036\334\347"
 321      86047B07 
 321      04F9051E 
 321      DCE7
 322 0ab5 EF1DE4FF 		.ascii	"\357\035\344\377e`\300g\336\373}\375>\017\010\362\367"
 322      6560C067 
 322      DEFB7DFD 
 322      3E0F08F2 
 322      F7
 323 0ac6 96B996AF 		.ascii	"\226\271\226\257\277\360\017\331\372\271f\323j\331!"
 323      BFF00FD9 
 323      FAB966D3 
 323      6AD921
 324 0ad5 5F87789B 		.ascii	"_\207x\233C,\373\200\010)&\326\323\342\377\225\2055"
 324      432CFB80 
 324      082926D6 
 324      D3E2FF95 
 324      8535
ARM GAS  /tmp/cc0johX6.s 			page 25


 325 0ae7 F56053F1 		.ascii	"\365`S\361\310\340\027\010\372\331\2411\350\200Y>\357"
 325      C8E01708 
 325      FAD9A131 
 325      E880593E 
 325      EF
 326 0af8 25EA9367 		.ascii	"%\352\223gf\213\207\254w\235Y\324\376k\363\012\321\354"
 326      668B87AC 
 326      779D59D4 
 326      FE6BF30A 
 326      D1EC
 327 0b0a F9F229B3 		.ascii	"\371\362)\263\011g\234l\366\302i\320\001~\231\327oS"
 327      09679C6C 
 327      F6C269D0 
 327      017E99D7 
 327      6F53
 328 0b1c D76F73A9 		.ascii	"\327os\251\337\346Z\277MQ\277]]\277\335\245~\273k\375"
 328      DFE65ABF 
 328      4D51BF5D 
 328      5DBFDDA5 
 328      7EBB6BFD 
 329 0b30 7645FD0E 		.ascii	"vE\375\016u\375\016\227\372\035\256\365;\024\365;\325"
 329      75FD0E97 
 329      FA1DAEF5 
 329      3B14F53B 
 329      D5
 330 0b41 F53B5DEA 		.ascii	"\365;]\352w\272\326\357T\324\357R\327\357r\251\337\345"
 330      77BAD6EF 
 330      54D4EF52 
 330      D7EF72A9 
 330      DFE5
 331 0b53 5ABF4B51 		.ascii	"Z\277KQ\357\243\256\367q\251\367q\255\367Q\324\357V"
 331      EFA3AEF7 
 331      71A9F771 
 331      ADF751D4 
 331      EF56
 332 0b65 D7EF76A9 		.ascii	"\327\357v\251\337\355Z\277[\256\377/,\031\213\245"
 332      DFED5ABF 
 332      5BAEFF2F 
 332      2C198BA5 
 333              		.text
 334              		.section	.gnu.lto_.symtab.d749c651bcf387a5,"",%progbits
 335 0000 5F5F636F 		.ascii	"__core_init\000\000\001\000\000\000\000\000\000\000"
 335      72655F69 
 335      6E697400 
 335      00010000 
 335      00000000 
 336 0015 0000AE00 		.ascii	"\000\000\256\000\000\000__early_init\000\000\001\000"
 336      00005F5F 
 336      6561726C 
 336      795F696E 
 336      69740000 
 337 002b 00000000 		.ascii	"\000\000\000\000\000\000\000\000\261\000\000\000__l"
 337      00000000 
 337      B1000000 
 337      5F5F6C
 338 003a 6174655F 		.ascii	"ate_init\000\000\001\000\000\000\000\000\000\000\000"
 338      696E6974 
ARM GAS  /tmp/cc0johX6.s 			page 26


 338      00000100 
 338      00000000 
 338      000000
 339 004d 00B40000 		.ascii	"\000\264\000\000\000__default_exit\000\000\001\000\000"
 339      005F5F64 
 339      65666175 
 339      6C745F65 
 339      78697400 
 340 0065 00000000 		.ascii	"\000\000\000\000\000\000\000\271\000\000\000__init_"
 340      000000B9 
 340      0000005F 
 340      5F696E69 
 340      745F
 341 0077 72616D5F 		.ascii	"ram_areas\000\000\000\000\000\000\000\000\000\000\000"
 341      61726561 
 341      73000000 
 341      00000000 
 341      00000000 
 342 008b 00BB0000 		.ascii	"\000\273\000\000\000__ram0_init_text__\000\000\002\000"
 342      005F5F72 
 342      616D305F 
 342      696E6974 
 342      5F746578 
 343 00a6 00000000 		.ascii	"\000\000\000\000\000\000\000\000\336\000\000\000__r"
 343      00000000 
 343      DE000000 
 343      5F5F72
 344 00b5 616D305F 		.ascii	"am0_init__\000\000\002\000\000\000\000\000\000\000\000"
 344      696E6974 
 344      5F5F0000 
 344      02000000 
 344      00000000 
 345 00ca 00E10000 		.ascii	"\000\341\000\000\000__ram0_clear__\000\000\002\000\000"
 345      005F5F72 
 345      616D305F 
 345      636C6561 
 345      725F5F00 
 346 00e2 00000000 		.ascii	"\000\000\000\000\000\000\000\344\000\000\000__ram0_"
 346      000000E4 
 346      0000005F 
 346      5F72616D 
 346      305F
 347 00f4 6E6F696E 		.ascii	"noinit__\000\000\002\000\000\000\000\000\000\000\000"
 347      69745F5F 
 347      00000200 
 347      00000000 
 347      000000
 348 0107 00E70000 		.ascii	"\000\347\000\000\000__ram1_init_text__\000\000\002\000"
 348      005F5F72 
 348      616D315F 
 348      696E6974 
 348      5F746578 
 349 0122 00000000 		.ascii	"\000\000\000\000\000\000\000\000\353\000\000\000__r"
 349      00000000 
 349      EB000000 
 349      5F5F72
 350 0131 616D315F 		.ascii	"am1_init__\000\000\002\000\000\000\000\000\000\000\000"
ARM GAS  /tmp/cc0johX6.s 			page 27


 350      696E6974 
 350      5F5F0000 
 350      02000000 
 350      00000000 
 351 0146 00EE0000 		.ascii	"\000\356\000\000\000__ram1_clear__\000\000\002\000\000"
 351      005F5F72 
 351      616D315F 
 351      636C6561 
 351      725F5F00 
 352 015e 00000000 		.ascii	"\000\000\000\000\000\000\000\361\000\000\000__ram1_"
 352      000000F1 
 352      0000005F 
 352      5F72616D 
 352      315F
 353 0170 6E6F696E 		.ascii	"noinit__\000\000\002\000\000\000\000\000\000\000\000"
 353      69745F5F 
 353      00000200 
 353      00000000 
 353      000000
 354 0183 00F40000 		.ascii	"\000\364\000\000\000__ram2_init_text__\000\000\002\000"
 354      005F5F72 
 354      616D325F 
 354      696E6974 
 354      5F746578 
 355 019e 00000000 		.ascii	"\000\000\000\000\000\000\000\000\371\000\000\000__r"
 355      00000000 
 355      F9000000 
 355      5F5F72
 356 01ad 616D325F 		.ascii	"am2_init__\000\000\002\000\000\000\000\000\000\000\000"
 356      696E6974 
 356      5F5F0000 
 356      02000000 
 356      00000000 
 357 01c2 00FC0000 		.ascii	"\000\374\000\000\000__ram2_clear__\000\000\002\000\000"
 357      005F5F72 
 357      616D325F 
 357      636C6561 
 357      725F5F00 
 358 01da 00000000 		.ascii	"\000\000\000\000\000\000\000\377\000\000\000__ram2_"
 358      000000FF 
 358      0000005F 
 358      5F72616D 
 358      325F
 359 01ec 6E6F696E 		.ascii	"noinit__\000\000\002\000\000\000\000\000\000\000\000"
 359      69745F5F 
 359      00000200 
 359      00000000 
 359      000000
 360 01ff 00020100 		.ascii	"\000\002\001\000\000__ram3_init_text__\000\000\002\000"
 360      005F5F72 
 360      616D335F 
 360      696E6974 
 360      5F746578 
 361 021a 00000000 		.ascii	"\000\000\000\000\000\000\000\000\007\001\000\000__r"
 361      00000000 
 361      07010000 
 361      5F5F72
ARM GAS  /tmp/cc0johX6.s 			page 28


 362 0229 616D335F 		.ascii	"am3_init__\000\000\002\000\000\000\000\000\000\000\000"
 362      696E6974 
 362      5F5F0000 
 362      02000000 
 362      00000000 
 363 023e 000A0100 		.ascii	"\000\012\001\000\000__ram3_clear__\000\000\002\000\000"
 363      005F5F72 
 363      616D335F 
 363      636C6561 
 363      725F5F00 
 364 0256 00000000 		.ascii	"\000\000\000\000\000\000\000\015\001\000\000__ram3_"
 364      0000000D 
 364      0100005F 
 364      5F72616D 
 364      335F
 365 0268 6E6F696E 		.ascii	"noinit__\000\000\002\000\000\000\000\000\000\000\000"
 365      69745F5F 
 365      00000200 
 365      00000000 
 365      000000
 366 027b 00100100 		.ascii	"\000\020\001\000\000__ram4_init_text__\000\000\002\000"
 366      005F5F72 
 366      616D345F 
 366      696E6974 
 366      5F746578 
 367 0296 00000000 		.ascii	"\000\000\000\000\000\000\000\000\025\001\000\000__r"
 367      00000000 
 367      15010000 
 367      5F5F72
 368 02a5 616D345F 		.ascii	"am4_init__\000\000\002\000\000\000\000\000\000\000\000"
 368      696E6974 
 368      5F5F0000 
 368      02000000 
 368      00000000 
 369 02ba 00180100 		.ascii	"\000\030\001\000\000__ram4_clear__\000\000\002\000\000"
 369      005F5F72 
 369      616D345F 
 369      636C6561 
 369      725F5F00 
 370 02d2 00000000 		.ascii	"\000\000\000\000\000\000\000\033\001\000\000__ram4_"
 370      0000001B 
 370      0100005F 
 370      5F72616D 
 370      345F
 371 02e4 6E6F696E 		.ascii	"noinit__\000\000\002\000\000\000\000\000\000\000\000"
 371      69745F5F 
 371      00000200 
 371      00000000 
 371      000000
 372 02f7 001E0100 		.ascii	"\000\036\001\000\000__ram5_init_text__\000\000\002\000"
 372      005F5F72 
 372      616D355F 
 372      696E6974 
 372      5F746578 
 373 0312 00000000 		.ascii	"\000\000\000\000\000\000\000\000#\001\000\000__ram5"
 373      00000000 
 373      23010000 
ARM GAS  /tmp/cc0johX6.s 			page 29


 373      5F5F7261 
 373      6D35
 374 0324 5F696E69 		.ascii	"_init__\000\000\002\000\000\000\000\000\000\000\000"
 374      745F5F00 
 374      00020000 
 374      00000000 
 374      0000
 375 0336 00260100 		.ascii	"\000&\001\000\000__ram5_clear__\000\000\002\000\000"
 375      005F5F72 
 375      616D355F 
 375      636C6561 
 375      725F5F00 
 376 034e 00000000 		.ascii	"\000\000\000\000\000\000\000)\001\000\000__ram5_noi"
 376      00000029 
 376      0100005F 
 376      5F72616D 
 376      355F6E6F 
 377 0363 6E69745F 		.ascii	"nit__\000\000\002\000\000\000\000\000\000\000\000\000"
 377      5F000002 
 377      00000000 
 377      00000000 
 377      00
 378 0374 2C010000 		.ascii	",\001\000\000__ram6_init_text__\000\000\002\000\000"
 378      5F5F7261 
 378      6D365F69 
 378      6E69745F 
 378      74657874 
 379 038f 00000000 		.ascii	"\000\000\000\000\000\000\0001\001\000\000__ram6_ini"
 379      00000031 
 379      0100005F 
 379      5F72616D 
 379      365F696E 
 380 03a4 745F5F00 		.ascii	"t__\000\000\002\000\000\000\000\000\000\000\000\000"
 380      00020000 
 380      00000000 
 380      000000
 381 03b3 34010000 		.ascii	"4\001\000\000__ram6_clear__\000\000\002\000\000\000"
 381      5F5F7261 
 381      6D365F63 
 381      6C656172 
 381      5F5F0000 
 382 03cb 00000000 		.ascii	"\000\000\000\000\000\0007\001\000\000__ram6_noinit_"
 382      00003701 
 382      00005F5F 
 382      72616D36 
 382      5F6E6F69 
 383 03e3 5F000002 		.ascii	"_\000\000\002\000\000\000\000\000\000\000\000\000:\001"
 383      00000000 
 383      00000000 
 383      003A01
 384 03f2 00005F5F 		.ascii	"\000\000__ra"
 384      7261
 385 03f8 6D375F69 		.ascii	"m7_init_text__\000\000\002\000\000\000\000\000\000\000"
 385      6E69745F 
 385      74657874 
 385      5F5F0000 
 385      02000000 
ARM GAS  /tmp/cc0johX6.s 			page 30


 386 0410 00003F01 		.ascii	"\000\000?\001\000\000__ram7_init__\000\000\002\000\000"
 386      00005F5F 
 386      72616D37 
 386      5F696E69 
 386      745F5F00 
 387 0428 00000000 		.ascii	"\000\000\000\000\000\000\000B\001\000\000__ram7_cle"
 387      00000042 
 387      0100005F 
 387      5F72616D 
 387      375F636C 
 388 043d 61725F5F 		.ascii	"ar__\000\000\002\000\000\000\000\000\000\000\000\000"
 388      00000200 
 388      00000000 
 388      00000000 
 389 044d 45010000 		.ascii	"E\001\000\000__ram7_noinit__\000\000\002\000\000\000"
 389      5F5F7261 
 389      6D375F6E 
 389      6F696E69 
 389      745F5F00 
 390 0466 00000000 		.ascii	"\000\000\000\000\000\000H\001\000\000"
 390      00004801 
 390      0000
 391              		.text
 392              		.section	.gnu.lto_.opts,"",%progbits
 393 0000 272D666E 		.ascii	"'-fno-trapv' '-mcpu=cortex-m4' '-mno-thumb-interwor"
 393      6F2D7472 
 393      61707627 
 393      20272D6D 
 393      6370753D 
 394 0033 6B272027 		.ascii	"k' '-mthumb' '-ggdb' '-O2' '-fomit-frame-pointer' '"
 394      2D6D7468 
 394      756D6227 
 394      20272D67 
 394      67646227 
 395 0066 2D66616C 		.ascii	"-falign-functions=16' '-ffunction-sections' '-fdata"
 395      69676E2D 
 395      66756E63 
 395      74696F6E 
 395      733D3136 
 396 0099 2D736563 		.ascii	"-sections' '-fno-common' '-flto'\000"
 396      74696F6E 
 396      73272027 
 396      2D666E6F 
 396      2D636F6D 
 397              		.text
 398              		.comm	__gnu_lto_v1,1,1
 399              		.comm	__gnu_lto_slim,1,1
 400              		.ident	"GCC: (15:4.9.3+svn231177-1) 4.9.3 20150529 (prerelease)"
ARM GAS  /tmp/cc0johX6.s 			page 31


DEFINED SYMBOLS
                            *ABS*:0000000000000000 crt1.c
                            *COM*:0000000000000001 __gnu_lto_v1
                            *COM*:0000000000000001 __gnu_lto_slim

NO UNDEFINED SYMBOLS
