ARM GAS  /tmp/ccpCJ0m6.s 			page 1


   1              		.syntax unified
   2              		.cpu cortex-m4
   3              		.fpu softvfp
   4              		.eabi_attribute 20, 1
   5              		.eabi_attribute 21, 1
   6              		.eabi_attribute 23, 3
   7              		.eabi_attribute 24, 1
   8              		.eabi_attribute 25, 1
   9              		.eabi_attribute 26, 1
  10              		.eabi_attribute 30, 2
  11              		.eabi_attribute 34, 1
  12              		.eabi_attribute 18, 4
  13              		.thumb
  14              		.file	"hal.c"
  15              		.text
  16              	.Ltext0:
  17              		.section	.gnu.lto_.profile.fb6124e7033db8f7,"",%progbits
  18 0000 789C6366 		.ascii	"x\234cf```a\200\000F\206 N\000\001!\000d"
  18      60606061 
  18      80004686 
  18      204E0001 
  18      210064
  19              		.text
  20              		.section	.gnu.lto_.jmpfuncs.fb6124e7033db8f7,"",%progbits
  21 0000 789C6366 		.ascii	"x\234cf\300\016x\2414#\262 \000\001\322\000\022"
  21      C00E78A1 
  21      3423B220 
  21      0001D200 
  21      12
  22              		.text
  23              		.section	.gnu.lto_.inline.fb6124e7033db8f7,"",%progbits
  24 0000 789C6366 		.ascii	"x\234cf\300\016l\2414#\003\003\367% \311\004d\263-\220"
  24      C00E6CA1 
  24      34230303 
  24      F72520C9 
  24      0464B32D 
  25 0015 67028B71 		.ascii	"g\002\213q\021G0\000\000p\372\002A"
  25      11473000 
  25      0070FA02 
  25      41
  26              		.text
  27              		.section	.gnu.lto_.pureconst.fb6124e7033db8f7,"",%progbits
  28 0000 789C6366 		.ascii	"x\234cf```f\200\000F\006\011\000\000x\000 "
  28      60606066 
  28      80004606 
  28      09000078 
  28      0020
  29              		.text
  30              		.section	.gnu.lto_halInit.fb6124e7033db8f7,"",%progbits
  31 0000 789C75D0 		.ascii	"x\234u\320=K\003A\020\006\340y\347\342\345H\020\304"
  31      3D4B0341 
  31      1006E079 
  31      E7E2E548 
  31      10C4
  32 0012 52C436DD 		.ascii	"R\3046\335\335\217\260\263Q\360\027h\232\004\004\301"
  32      DD8FB0B3 
  32      51F01768 
ARM GAS  /tmp/ccpCJ0m6.s 			page 2


  32      9A0404C1 
  33 0022 D4217B49 		.ascii	"\324!{I\212\024\")DR\331\210\370\021MRZ\311\226VZ(\244"
  33      8A142229 
  33      4452D988 
  33      F8114D52 
  33      5AC99656 
  34 0039 09565AA4 		.ascii	"\011VZ\244\313\221\352\220\220\314\032\213\005\331\205"
  34      CB91EA90 
  34      90CC1A8B 
  34      05D985
  35 0048 6516E6D9 		.ascii	"e\026\346\331w`<\372\1776\344\276\200hK*<\002\267_\211"
  35      77603CFA 
  35      7F36E4BE 
  35      80684B2A 
  35      3C02B75F 
  36 005d E28001F3 		.ascii	"\342\200\001\363 P\215Q\303\230\023F[w;\371\302\265"
  36      20508D51 
  36      C3981346 
  36      5B773BF9 
  36      C2B5
  37 006f 526A527F 		.ascii	"RjR\177\213\3674R&\232\3622\0077(\220\240\2449\033\346"
  37      8BF73452 
  37      269AF232 
  37      07372890 
  37      A0A4391B 
  38 0084 FDA6A0B5 		.ascii	"\375\246\240\265e\017\267\360%\237\372\353Z\315\347"
  38      650FB7F0 
  38      259FFAEB 
  38      5ACDE7
  39 0093 5717A7C3 		.ascii	"W\027\247\303L\216\350KZf\3007\263\251\336\010\015="
  39      4C8EE84B 
  39      5A66C037 
  39      B3A9DE08 
  39      0D3D
  40 00a5 5B35D684 		.ascii	"[5\326\204\\\276\237\365\270\372\243Z*H\031S\226\377"
  40      5CBE9FF5 
  40      B8FAA35A 
  40      2A481953 
  40      96FF
  41 00b7 B8439552 		.ascii	"\270C\225R\321F\236\373.)\261\270\267\344\300)=\221"
  41      D1469EFB 
  41      2E29B1B8 
  41      B7E4C029 
  41      3D91
  42 00c9 5D4B3E65 		.ascii	"]K>e]2#\362\301\222\037N\271\"\362\321\222\235\234K"
  42      5D3223F2 
  42      C1921F4E 
  42      B922F2D1 
  42      929D9C4B 
  43 00dd FA227B96 		.ascii	"\372\"{\226|v\312\254\310\276%GN\031\210\034\374\311"
  43      7C76CAAC 
  43      C8BE2547 
  43      4E19881C 
  43      FCC9
  44 00ef 4FC43AD9 		.ascii	"O\304:\331\371\225d\266\015\263eY\316f\030F\333\245"
  44      F99564B6 
  44      0DB36559 
ARM GAS  /tmp/ccpCJ0m6.s 			page 3


  44      CE661846 
  44      DBA5
  45 0101 F2617977 		.ascii	"\362ayw?:\256D\245\203\243\250rR45,\322\002\031\241"
  45      3F3AAE44 
  45      A583A3A8 
  45      72523435 
  45      2CD20219 
  46 0116 A85A     		.ascii	"\250Z"
  47              		.text
  48              		.section	.gnu.lto_.symbol_nodes.fb6124e7033db8f7,"",%progbits
  49 0000 789C4DC8 		.ascii	"x\234M\310\273\015\302P\020D\321\373\346\371\363\272"
  49      BB0DC250 
  49      1044D1FB 
  49      E6F9F3BA 
  50 0010 A0D47560 		.ascii	"\240\324u`\021S\001\"p\023\374ArLB\003XrH\015\010X\010"
  50      11530122 
  50      7013FC41 
  50      724C4203 
  50      5872480D 
  51 0027 7692AB33 		.ascii	"v\222\2533\031\270\363\237\2662X\335\300\214\365\246"
  51      19B8F39F 
  51      B63258DD 
  51      C08CF5A6 
  52 0037 90AEB2F4 		.ascii	"\220\256\262\364;\350\272\217/2E\237e9\372$\253\242"
  52      3BE8BA8F 
  52      2F32459F 
  52      6539FA24 
  52      ABA2
  53 0049 8FB23AFA 		.ascii	"\217\262:\372 k\242\367\2626z'+\301\231\302\360x\245"
  53      206BA2F7 
  53      B2367A27 
  53      2BC199C2 
  53      F078A5
  54 005c 4CCBE86D 		.ascii	"L\313\350m\230\2755\375\364m\305\340\315\214^1{\023"
  54      98BD35FD 
  54      F46DC5E0 
  54      CD8C5E31 
  54      7B13
  55 006e FDF2B9E0 		.ascii	"\375\362\271\340\015\021\262;\207"
  55      0D11B23B 
  55      87
  56              		.text
  57              		.section	.gnu.lto_.refs.fb6124e7033db8f7,"",%progbits
  58 0000 789C6366 		.ascii	"x\234cf```d\200\002\000\000=\000\005"
  58      60606064 
  58      80020000 
  58      3D0005
  59              		.text
  60              		.section	.gnu.lto_.decls.fb6124e7033db8f7,"",%progbits
  61 0000 789C8DD2 		.ascii	"x\234\215\322_HSQ\034\007\360sv\306\306\346\322^J\220"
  61      5F485351 
  61      1C07F073 
  61      76C6C6E6 
  61      D25E4A90 
  62 0014 1E0605BD 		.ascii	"\036\006\005\275\310.(\324c\017Z\"XJ\263@z\030\272\211"
  62      C82E28D4 
  62      630F5A22 
ARM GAS  /tmp/ccpCJ0m6.s 			page 4


  62      584AB340 
  62      7A18BA89 
  63 0028 BB305476 		.ascii	"\2730TvW\371xQ\0111D+\214\255\207\264$\324\251s\352"
  63      57F97851 
  63      0931442B 
  63      8CAD87B4 
  63      24D4A973 
  64 003d E69C9BB5 		.ascii	"\346\234\233\265\207@K\002!-L\011\035\244\365 \370\357"
  64      87404B02 
  64      212D4C09 
  64      1DA4F520 
  64      F8EF
  65 004f A110B4DF 		.ascii	"\241\020\264\3379\367\336\274\334\201y\340\267{\016"
  65      39F7DEBC 
  65      DC8179E0 
  65      B77B0E
  66 005e F7FBFBDC 		.ascii	"\367\373\373\334\235s/A\010\371\241\216``\202\320\022"
  66      9D732F41 
  66      08F9A18E 
  66      606082D0 
  66      12
  67 006f 464807EB 		.ascii	"FH\007\353\012t<LP\303P!\2500\3248T\004j\022j\012j\032"
  67      0A743C4C 
  67      50C35021 
  67      A830D438 
  67      54046A12 
  68 0087 2A893207 		.ascii	"*\2112\007\355!\2625\0035\250\361\222r\357\224lEd;,"
  68      ED21B235 
  68      0335A8F1 
  68      9272EF94 
  68      6C45643B 
  69 009c 3F4B3B76 		.ascii	"?K;vt8\036\332\377\224\365S\207\263\315V\272\234~:\347"
  69      74381EDA 
  69      FF94F553 
  69      87B3CD56 
  69      BA9C7E3A 
  70 00b1 37C0D262 		.ascii	"7\300\322b\326\323e\342 \275\250\317\355\026at\265\210"
  70      D6D365E2 
  70      20BDA8CF 
  70      ED166174 
  70      B588
  71 00c3 67F5B8E2 		.ascii	"g\365\270\342<\356\307yx\000\347!\204\007q.\374\336"
  71      3CEEC779 
  71      7800E721 
  71      8407712E 
  71      FCDE
  72 00d5 D34B523A 		.ascii	"\323KR:\325\277\231Ct\230\316\373\374\353\213\346\374"
  72      D5BF9943 
  72      7498CEFB 
  72      FCEB8BE6 
  72      FC
  73 00e6 20B4B589 		.ascii	" \264\265\211\251\005|\374\270\320\223@\277\321\372"
  73      A9057CFC 
  73      B8D09340 
  73      BFD1FA
  74 00f5 52EC0D6F 		.ascii	"R\354\015o\017n/[\30491utt\215Q8\210\011\036\302\371"
  74      0F6E2F5B 
ARM GAS  /tmp/ccpCJ0m6.s 			page 5


  74      C4393175 
  74      74748D51 
  74      3888091E 
  75 010b 3449E7AC 		.ascii	"4I\347\254\005\017c+\264\365\306Zw\365\304\306\354\265"
  75      050F632B 
  75      B4F5C65A 
  75      77F5C4C6 
  75      ECB5
  76 011d 8DE46F02 		.ascii	"\215\344o\002\304\232\270\275\265\372\310\022\020_5"
  76      C49AB8BD 
  76      B5FAC812 
  76      105F35
  77 012c 8B8770D6 		.ascii	"\213\207p\326\0222\242BF\024$\304\220`O\347\222\221"
  77      1232A242 
  77      461424C4 
  77      90604FE7 
  77      9291
  78 013e 543124F8 		.ascii	"T1$\370\354\307^\026C\302\363-\233\3474\310\250\012"
  78      ECC75E16 
  78      43C2F32D 
  78      9BE734C8 
  78      A80A
  79 0150 19559030 		.ascii	"\031U\2200C\342C\237[1y\201\231\022\015.\375\262H\312"
  79      43E2439F 
  79      5B317981 
  79      99120D2E 
  79      FDB248CA 
  80 0164 C737751A 		.ascii	"\3077u\032dL\205\214)\3108C\006\"\221\336,2+!\201\330"
  80      644C858C 
  80      29C83843 
  80      062291DE 
  80      2C322B21 
  81 017a F24E8E84 		.ascii	"\362N\216\204\364l\276&\032eB\245L(J\204)\311/mkF\262"
  81      F46CBE26 
  81      1A6542A5 
  81      4C284A84 
  81      29C92F6D 
  82 0191 2F297BDD 		.ascii	"/){\335\313\177L\222r0;\256\323(Q\225\022U\224I\246"
  82      CB7F4C92 
  82      72303BAE 
  82      D3285195 
  82      12559449 
  83 01a6 04A26938 		.ascii	"\004\242i8\247>\351\275\255L\276\3530K\312\312\207C"
  83      A73EE9BD 
  83      AD4CBEEB 
  83      304BCACA 
  83      8743
  84 01b8 AC51622A 		.ascii	"\254Qb*%\246(SLI\017|M\030\311\202\244l\014\275\377"
  84      25A62853 
  84      4C490F7C 
  84      4D18C982 
  84      A46C0CBD 
  85 01cd 669094B7 		.ascii	"f\220\224\267\217w\265;\212\253\224\270\242L3\245\263"
  85      8F77B53B 
  85      8AAB94B8 
  85      A24C33A5 
  85      B3
ARM GAS  /tmp/ccpCJ0m6.s 			page 6


  86 01de 6B0BDCE7 		.ascii	"k\013\334\347\204)\2533\353\273\362\271\314wLh_QB\245"
  86      8429AB33 
  86      EBBBF2B9 
  86      CC774C68 
  86      5F5142A5 
  87 01f2 241425C9 		.ascii	"$\024%\311\224\357\376T\273\336\322.\212\315\364\243"
  87      94EFFE54 
  87      BBDED22E 
  87      8ACDF4A3 
  88 0202 35CD65B3 		.ascii	"5\315e\263\206\343\317v\006[X\232^\215\356jOi=\3573"
  88      86E3CF76 
  88      065B589A 
  88      5E8DEE6A 
  88      4F693DEF 
  89 0217 94DCBA63 		.ascii	"\224\334\272c-B\027l6\256\310\315\327\360\345v\256A"
  89      2D42176C 
  89      36AEC8CD 
  89      D7F0E576 
  89      AE41
  90 0229 E0E02627 		.ascii	"\340\340&'x\235\364js\"\203\340\243\321\213\231\031"
  90      789DF46A 
  90      732283E0 
  90      A3D18B99 
  90      19
  91 023a BEDEE9B9 		.ascii	"\276\336\351\271\357\252\245s\207\340\263\271\221\251"
  91      EFAAA573 
  91      87E0B3B9 
  91      91A9
  92 0248 A6A1DAEB 		.ascii	"\246\241\332\353\242\351+\231ivO\340\354\225\016{\345"
  92      A2E92B99 
  92      69764FE0 
  92      EC950E7B 
  92      E5
  93 0259 CDC2821B 		.ascii	"\315\302\202\033\205\216\342R{Q\371\335\353\267\253"
  93      858EE252 
  93      7B51F9DD 
  93      EBB7AB
  94 0268 A47B0018 		.ascii	"\244{\000\030\037\272\352h\373\245\223\037\006)\032"
  94      1FBAEA68 
  94      FBA5931F 
  94      06291A
  95 0277 161AF953 		.ascii	"\026\032\371S\204!\005a\203\300\376\327\345\377dk\275"
  95      84210561 
  95      83C0FED7 
  95      E5FF646B 
  95      BD
  96 0288 3C6C1AEC 		.ascii	"<l\032\354j\227\363\0246\244 |\306\321\010s\217\307"
  96      6A97F314 
  96      36A4207C 
  96      C6D10873 
  96      8FC7
  97 029a E5E0A1E5 		.ascii	"\345\340\241\345jfKc\203\327Gw\016\333\346\312\312\212"
  97      6A664B63 
  97      83D74777 
  97      0EDBE6CA 
  97      CA8A
  98 02ac B9928AD2 		.ascii	"\271\222\212\322\362\007\005L\220;A\261\270UH\301\311"
ARM GAS  /tmp/ccpCJ0m6.s 			page 7


  98      F207054C 
  98      903B41B1 
  98      B85548C1 
  98      C9
  99 02bd 887C824D 		.ascii	"\210|\202MM\234\373_\377_:\247\257w"
  99      4D9CFB5F 
  99      FF5F3AA7 
  99      AF77
 100              		.text
 101              		.section	.gnu.lto_.symtab.fb6124e7033db8f7,"",%progbits
 102 0000 68616C49 		.ascii	"halInit\000\000\000\000\000\000\000\000\000\000\000"
 102      6E697400 
 102      00000000 
 102      00000000 
 102      0000
 103 0012 00AC0000 		.ascii	"\000\254\000\000\000stInit\000\000\002\000\000\000\000"
 103      00737449 
 103      6E697400 
 103      00020000 
 103      0000
 104 0024 00000000 		.ascii	"\000\000\000\000\000\256\000\000\000boardInit\000\000"
 104      00AE0000 
 104      00626F61 
 104      7264496E 
 104      69740000 
 105 0038 02000000 		.ascii	"\002\000\000\000\000\000\000\000\000\000\260\000\000"
 105      00000000 
 105      0000B000 
 105      00
 106 0045 00776467 		.ascii	"\000wdgInit\000\000\002\000\000\000\000\000\000\000"
 106      496E6974 
 106      00000200 
 106      00000000 
 106      0000
 107 0057 0000B200 		.ascii	"\000\000\262\000\000\000spiInit\000\000\002\000\000"
 107      00007370 
 107      69496E69 
 107      74000002 
 107      0000
 108 0069 00000000 		.ascii	"\000\000\000\000\000\000\000\264\000\000\000sdInit\000"
 108      000000B4 
 108      00000073 
 108      64496E69 
 108      7400
 109 007b 00020000 		.ascii	"\000\002\000\000\000\000\000\000\000\000\000\266\000"
 109      00000000 
 109      000000B6 
 109      00
 110 0088 00006164 		.ascii	"\000\000adcInit\000\000\002\000\000\000\000\000\000"
 110      63496E69 
 110      74000002 
 110      00000000 
 110      0000
 111 009a 000000B8 		.ascii	"\000\000\000\270\000\000\000_pal_lld_init\000\000\002"
 111      0000005F 
 111      70616C5F 
 111      6C6C645F 
ARM GAS  /tmp/ccpCJ0m6.s 			page 8


 111      696E6974 
 112 00b1 00000000 		.ascii	"\000\000\000\000\000\000\000\000\000\272\000\000\000"
 112      00000000 
 112      00BA0000 
 112      00
 113 00be 68616C5F 		.ascii	"hal_lld_init\000\000\002\000\000\000\000\000\000\000"
 113      6C6C645F 
 113      696E6974 
 113      00000200 
 113      00000000 
 114 00d4 0000BC00 		.ascii	"\000\000\274\000\000\000"
 114      0000
 115              		.text
 116              		.section	.gnu.lto_.opts,"",%progbits
 117 0000 272D666E 		.ascii	"'-fno-trapv' '-mcpu=cortex-m4' '-mno-thumb-interwor"
 117      6F2D7472 
 117      61707627 
 117      20272D6D 
 117      6370753D 
 118 0033 6B272027 		.ascii	"k' '-mthumb' '-ggdb' '-O2' '-fomit-frame-pointer' '"
 118      2D6D7468 
 118      756D6227 
 118      20272D67 
 118      67646227 
 119 0066 2D66616C 		.ascii	"-falign-functions=16' '-ffunction-sections' '-fdata"
 119      69676E2D 
 119      66756E63 
 119      74696F6E 
 119      733D3136 
 120 0099 2D736563 		.ascii	"-sections' '-fno-common' '-flto'\000"
 120      74696F6E 
 120      73272027 
 120      2D666E6F 
 120      2D636F6D 
 121              		.text
 122              		.comm	__gnu_lto_v1,1,1
 123              		.comm	__gnu_lto_slim,1,1
 124              		.ident	"GCC: (15:4.9.3+svn231177-1) 4.9.3 20150529 (prerelease)"
ARM GAS  /tmp/ccpCJ0m6.s 			page 9


DEFINED SYMBOLS
                            *ABS*:0000000000000000 hal.c
                            *COM*:0000000000000001 __gnu_lto_v1
                            *COM*:0000000000000001 __gnu_lto_slim

NO UNDEFINED SYMBOLS
