ARM GAS  /tmp/ccEl94s4.s 			page 1


   1              		.syntax unified
   2              		.cpu cortex-m4
   3              		.fpu softvfp
   4              		.eabi_attribute 20, 1
   5              		.eabi_attribute 21, 1
   6              		.eabi_attribute 23, 3
   7              		.eabi_attribute 24, 1
   8              		.eabi_attribute 25, 1
   9              		.eabi_attribute 26, 1
  10              		.eabi_attribute 30, 2
  11              		.eabi_attribute 34, 1
  12              		.eabi_attribute 18, 4
  13              		.thumb
  14              		.file	"hal_pal_lld.c"
  15              		.text
  16              	.Ltext0:
  17              		.section	.gnu.lto_.profile.7b9a5a67dadd111c,"",%progbits
  18 0000 789C6366 		.ascii	"x\234cf```a\200\000F\006\177_\000\001_\000\245"
  18      60606061 
  18      80004606 
  18      7F5F0001 
  18      5F00A5
  19              		.text
  20              		.section	.gnu.lto_.jmpfuncs.7b9a5a67dadd111c,"",%progbits
  21 0000 789C6366 		.ascii	"x\234cf\300\016\370\2404\023\02032322\262\327\327\327"
  21      C00EF8A0 
  21      34131033 
  21      32333232 
  21      B2D7D7D7 
  22 0014 33000006 		.ascii	"3\000\000\006\334\001\237"
  22      DC019F
  23              		.text
  24              		.section	.gnu.lto_.inline.7b9a5a67dadd111c,"",%progbits
  25 0000 789C6366 		.ascii	"x\234cf\300\016L\2414\023\003\0033\023#\210b`[ \017"
  25      C00E4CA1 
  25      34130303 
  25      33132388 
  25      62605B20 
  26 0015 A2181819 		.ascii	"\242\030\030\031\3161\354ebd\004\01230\347\265\234W"
  26      CE31EC65 
  26      6264040A 
  26      3330E7B5 
  26      9C57
  27 0027 60909873 		.ascii	"`\220\230s\221\231\211Al\316.&\026\260&\000\250?\007"
  27      91998941 
  27      6CCE2E26 
  27      16B02600 
  27      A83F07
  28 003a 7D       		.ascii	"}"
  29              		.text
  30              		.section	.gnu.lto_.pureconst.7b9a5a67dadd111c,"",%progbits
  31 0000 789C6366 		.ascii	"x\234cf```e\200\000&\006\006F)\000\000\253\000&"
  31      60606065 
  31      80002606 
  31      06462900 
  31      00AB0026 
  32              		.text
ARM GAS  /tmp/ccEl94s4.s 			page 2


  33              		.section	.gnu.lto__pal_lld_init.7b9a5a67dadd111c,"",%progbits
  34 0000 789C6366 		.ascii	"x\234cf\300\004R@\\\012\304\226@\314\310\314\300\310"
  34      C0045240 
  34      5C0AC496 
  34      40CCC8CC 
  34      C0C8
  35 0012 34E11C03 		.ascii	"4\341\034\003C#\007\023##\210\301\300\310P\317\304X"
  35      43230713 
  35      232388C1 
  35      C0C850CF 
  35      C458
  36 0024 CFF892E9 		.ascii	"\317\370\222\351#\023\343\204\003\253gp\253/mhh\370"
  36      2313E384 
  36      03AB6770 
  36      AB2F6D68 
  36      68F8
  37 0036 F0E97C63 		.ascii	"\360\351|c\300\001\306\237L\014\014\237\231 \3460.g"
  37      C001C69F 
  37      4C0C0C9F 
  37      9920E630 
  37      2E67
  38 0048 5467002A 		.ascii	"Tg\000*\372\330\362\367:7[\013P\221\000D\216q\005#\033"
  38      FAD8F2F7 
  38      3A375B0B 
  38      50910044 
  38      8E710523 
  39 005d 23905E2F 		.ascii	"#\220^/t\240\341\377\377\305s{6\263\000\205\237\000"
  39      74A0E1FF 
  39      FFC5737B 
  39      36B30085 
  39      9F00
  40 006f 31C882A7 		.ascii	"1\310\202\247LL \232\371\036##H!\310\244'L\214 !\240"
  40      4C4C209A 
  40      F91E2323 
  40      4821C8A4 
  40      274C8C20 
  41 0085 02733D3D 		.ascii	"\002s==}\347\214\314\244L\377`\375\374b\375\214\304"
  41      7DE78CCC 
  41      A44CFF60 
  41      FDFC62FD 
  41      8CC4
  42 0097 1CFD82FC 		.ascii	"\034\375\202\374\242\222b\375\340\020_c#}\037\037\027"
  42      A29262FD 
  42      E0105F63 
  42      237D1F1F 
  42      17
  43 00a8 7DF7004F 		.ascii	"}\367\000O\3772#\220T|\001\020\347\344\244\350%3\000"
  43      FF322390 
  43      547C0110 
  43      E7E4A4E8 
  43      253300
  44 00bb 0087AD3B 		.ascii	"\000\207\255;\300"
  44      C0
  45              		.text
  46              		.section	.gnu.lto__pal_lld_setgroupmode.7b9a5a67dadd111c,"",%progbits
  47 0000 789C9D57 		.ascii	"x\234\235WkPU\327\025>k\237\373\342>\300G\252\210\032"
  47      6B5055D7 
ARM GAS  /tmp/ccEl94s4.s 			page 3


  47      153E6B9F 
  47      FBE23EC0 
  47      47AA881A 
  48 0014 1F48B049 		.ascii	"\037H\260I\360\372\2121Z\265\306$\232D\007\020\332\376"
  48      F0FA8A31 
  48      5AB5C624 
  48      9A440710 
  48      DAFE
  49 0026 E9B4D1E2 		.ascii	"\351\264\321\342\214Na`\220f\232\231N{\005\2741\215"
  49      8C4E6160 
  49      90669A99 
  49      4E7B05BC 
  49      318D
  50 0038 3594B49D 		.ascii	"5\224\264\235Ta4!Q\224T|\033\020\001-\025B0\206j\360"
  50      54613421 
  50      5194547C 
  50      1B10012D 
  50      15423086 
  51 004e 5142B005 		.ascii	"QB\260\005\304\210D\344q\301A\350Zk\237\373\024\034"
  51      C48844E4 
  51      71C141E8 
  51      5A6B9FFB 
  51      141C
  52 0060 0666CEE2 		.ascii	"\006f\316\342\354u\276\365\355\365\255\275\3669\373"
  52      EC75BEF5 
  52      EDF5ADBD 
  52      F639FB
  53 006f AACAA37F 		.ascii	"\252\312\243\177\307\361J\032\247(\277\307\377\020\242"
  53      C7F14A1A 
  53      A728BFC7 
  53      FF10A2
  54 007e 80C8FA52 		.ascii	"\200\310\372RQ\266\231\004\250\362F\025\272\035\221"
  54      51B69904 
  54      A8F24615 
  54      BA1D91
  55 008d 8AC36C25 		.ascii	"\212\303l%k\325\011\375\275\037\340(h\337b\034\351\205"
  55      6BD509FD 
  55      BD1FE028 
  55      68DF621C 
  55      E985
  56 009f 819F19F9 		.ascii	"\201\237\031\371\231\001L2\304\350\2761\201U\336\004"
  56      99014C32 
  56      C4E8BE31 
  56      8155DE04 
  57 00af 0933032D 		.ascii	"\0113\003-\0144\273\335\026\367\215U\004g\032\361\271"
  57      0C34BBDD 
  57      16F78D55 
  57      04671AF1 
  57      B9
  58 00c0 6D67A582 		.ascii	"mg\245\202\000\233\234\374\234)\030\200n\024P\376 T"
  58      009B9CFC 
  58      9C291880 
  58      6E1450FE 
  58      2054
  59 00d2 9DDE6034 		.ascii	"\235\336`4\005\231-V[0\340P\246\177[t\010\310*/\370"
  59      05992D56 
  59      5B30E050 
ARM GAS  /tmp/ccEl94s4.s 			page 4


  59      A67F5B74 
  59      08C82A2F 
  60 00e7 C012F989 		.ascii	"\300\022\371\211\303\341\270w\377d\350\366\320>\241"
  60      C3E1B877 
  60      FF64E8F6 
  60      D03EA1
  61 00f6 289D4202 		.ascii	"(\235B\002\340\000D\"\344\033\327\351\2356u\011(x_t"
  61      E0004422 
  61      E41BD7E9 
  61      9D367509 
  61      28785F74 
  62 010a B8EBA2A5 		.ascii	"\270\353\242\245U\364\011\230N\303\342\354\252\017\014"
  62      55F40998 
  62      4EC3E2EC 
  62      AA0F0C
  63 0119 34143A1A 		.ascii	"4\024:\032\326\025\336\270.\"\362\034\216\364\362K\307"
  63      D615DEB8 
  63      2E22F21C 
  63      8EF4F24B 
  63      C7
  64 012a 1C3FD6F5 		.ascii	"\034?\326\365\011\025\362AE>8\010ap\010\302\024t)P\000"
  64      0915F241 
  64      453E3808 
  64      617008C2 
  64      14742950 
  65 013f 1188FEA8 		.ascii	"\021\210\376\250\276\331\245\252+\230\367\320\371\242"
  65      BED9A5AA 
  65      2B98F7D0 
  65      F9A2
  66 014d 1F7260E3 		.ascii	"\037r`\343gyuV\307\232>\241\203O\003#u\012\374\203#"
  66      67797556 
  66      C79A3EA1 
  66      834F0323 
  66      750AFC83 
  67 0162 6FF5DD3E 		.ascii	"o\365\335>`S_\342\310\207\207\376\234c\226\241Ey\227"
  67      60535FE2 
  67      C88787FE 
  67      9C6396A1 
  67      457997
  68 0175 39540F87 		.ascii	"9T\017\207\003C\365\012\024B\004\341\373\253w\027Y\325"
  68      0343F50A 
  68      144204E1 
  68      FBAB7717 
  68      59D5
  69 0187 5739D679 		.ascii	"W9\326y\344A\275>\374C\212=\223QiuT92\033\007\007\247"
  69      E441BD3E 
  69      FC438A3D 
  69      93516975 
  69      5439321B 
  70 019e F509031C 		.ascii	"\365\011\003\034\361g\220\177\030\2627+\247[\257Fs\370"
  70      F167907F 
  70      18B2372B 
  70      A75BAF46 
  70      73F8
  71 01b0 9DEEFCBF 		.ascii	"\235\356\374\277Z8|_I\236\301'\370\3300\301y]_u\230"
  71      5A387C5F 
  71      499EC127 
ARM GAS  /tmp/ccEl94s4.s 			page 5


  71      F8D830C1 
  71      795D5F75 
  72 01c5 D49F7270 		.ascii	"\324\237rp\305\201\357sCd\360Y\277\340\023\303\004\177"
  72      C581EF73 
  72      4364F059 
  72      BFE013C3 
  72      047F
  73 01d7 5458F433 		.ascii	"TX\3643\365\027\034[{\242\247!X\306\226\372\305\236"
  73      F5171C5B 
  73      7BA2A721 
  73      58C696FA 
  73      C59E
  74 01e9 1A26B6B6 		.ascii	"\032&\266\266\355Va\220\232\300\301\216\023\331\003"
  74      ED566190 
  74      9AC0C18E 
  74      13D903
  75 01f8 4132B8CC 		.ascii	"A2\270\314/\370\263a\202?\317\271\\jV\267p\360\355\023"
  75      2FF8B361 
  75      823FCFB9 
  75      5C6A56B7 
  75      70F0ED13 
  76 020c E9459AE4 		.ascii	"\351E\232\344*\277\340\342a\202;2\037^\265\0302\261"
  76      2ABFE0E2 
  76      61823B32 
  76      1F5EB518 
  76      32B1
  77 021e BFC6C051 		.ascii	"\277\306\300Q\010\207\343x\235\304\3534^Ex\235\201p"
  77      0887E378 
  77      9DC4EB34 
  77      5E45789D 
  77      8170
  78 0230 D96F5002 		.ascii	"\331oP\002\006P\024\363p(\344r\035\374\364\035\241&"
  78      065014F3 
  78      7028E472 
  78      1DFCF41D 
  78      A126
  79 0242 4915C7DF 		.ascii	"I\025\307\337N\227*\032\277\310\250\366[\272\263C\245"
  79      4E972A1A 
  79      BFC8A8F6 
  79      5BBAB343 
  79      A5
  80 0253 02A54C51 		.ascii	"\002\245LQ\332^P\025\254\276\311\024\255\255\305s\231"
  80      DA5E5015 
  80      ACBEC914 
  80      ADADC573 
  80      99
  81 0264 A1BC189B 		.ascii	"\241\274\030\2335s\237c`p\020\210\240lH\202r&\370\223"
  81      35739F63 
  81      60701088 
  81      A06C4882 
  81      7226F893 
  82 0278 A3E07D50 		.ascii	"\243\340}P\337b\202O:r\317\332$C\251?\303\271!\031\316"
  82      DF62824F 
  82      3A72CFDA 
  82      2443A93F 
  82      C3B92119 
  83 028d 3343D3FE 		.ascii	"3C\323\376\366\355\240\376\216\031\376xh{6H\206j\177"
ARM GAS  /tmp/ccEl94s4.s 			page 6


  83      F6EDA0FE 
  83      8E19FE78 
  83      687B3648 
  83      866A7F
  84 02a0 867F0EC9 		.ascii	"\206\177\016\311P\001\341\205\343\312\035\203\203\235"
  84      5001E185 
  84      E3CA1D83 
  84      839D
  85 02ae F547DF0D 		.ascii	"\365G\337\015?(~\002\274%\020\210U\303\215\205u\303"
  85      3F287E02 
  85      BC251088 
  85      55C38D85 
  85      75C3
  86 02c0 4D8295C3 		.ascii	"M\202\225\303~\307\332\031\024\252\234\031\250\367-"
  86      7EC7DA19 
  86      14AA9C19 
  86      A8F72D
  87 02cf 8CB1E25E 		.ascii	"\214\261\342^0\332\030\030L\267!\214\036C\267c9d\034"
  87      30DA1818 
  87      4CB7218C 
  87      1E43B763 
  87      39641C
  88 02e2 DD8E57A8 		.ascii	"\335\216W\250\352O\000qO \307D2\241d&\2411\205q9'\323"
  88      EA4F0071 
  88      4F20C744 
  88      32A16426 
  88      A1318571 
  89 02f9 ED143253 		.ascii	"\355\0242S\271:O\322\363i4\236Nf\006\013\236I\267\341"
  89      B93A4FD2 
  89      F369349E 
  89      4E66060B 
  89      9E49B7E1 
  90 030d 9CF92CA0 		.ascii	"\234\371,\240\215\037A\250\247\310D\222\231M\346i2\317"
  90      8D1F41A8 
  90      A7C84492 
  90      994DE669 
  90      32CF
  91 031f 9079964C 		.ascii	"\220y\226L\024\031;\231\271d\346\221Y@f!\231\347\310"
  91      14193B99 
  91      B964E691 
  91      59406621 
  91      99E7C8
  92 0332 2C22B398 		.ascii	",\"\263\230\314\013d\226\220YJf\031\231\345dV\220YI"
  92      CC0B6496 
  92      90594A66 
  92      1999E564 
  92      56905949 
  93 0346 E64532AB 		.ascii	"\346E2\253\310\274L\346\0252\253\311\254!\363\032\231"
  93      C8BC4CE6 
  93      1532ABC9 
  93      AC21F31A 
  93      99
  94 0357 D7C9AC25 		.ascii	"\327\311\254%\263\216L4\2275\206\353\024\313%Z\317\325"
  94      B38E4C34 
  94      973586EB 
  94      14CB255A 
  94      CFD5
ARM GAS  /tmp/ccEl94s4.s 			page 7


  95 0369 89E322C6 		.ascii	"\211\343\"\306sY\025\245\011\373\026\337\275\315B\340"
  95      735915A5 
  95      09FB16DF 
  95      BDCD42E0 
  96 0379 3FF50664 		.ascii	"?\365\006d\364:\033\366,\246Fv\011\213K\230q\201w\035"
  96      F43A1BF6 
  96      2CA64676 
  96      098B4B98 
  96      7181771D 
  97 038d FEB83384 		.ascii	"\376\2703\204^\220F\\\235\177\341B\326\201\340NG\032"
  97      5E90465C 
  97      9D7FE142 
  97      D681E04E 
  97      471A
  98 039f 04291CD4 		.ascii	"\004)\034\324\262\347\2672\310*\203<oU#.\346\005\014"
  98      B2E7B732 
  98      C82A833C 
  98      6F55232E 
  98      E6050C
  99 03b2 425483B3 		.ascii	"BT\203\263\011$\310\2068\004\355\276\332\334\245\022"
  99      0924C886 
  99      3804EDBE 
  99      DADCA512 
 100 03c2 C884AB5F 		.ascii	"\310\204\253_\351\303|\234\230m\222\271\335\315\034"
 100      E9C37C9C 
 100      986D92B9 
 100      DDCD1C
 101 03d1 2C99FFEE 		.ascii	",\231\377\356\252\271 \323\011U\240*\2209\004q\020\341"
 101      AAB920D3 
 101      0955A02A 
 101      90390471 
 101      10E1
 102 03e3 653A494C 		.ascii	"e:IL!\222\251\307\3154F2\035)+x'\210\231\336P\340\363"
 102      2192A9C7 
 102      CD344632 
 102      1D292B78 
 102      278899DE 
 103 03fa 40A6B188 		.ascii	"@\246\261\210CP\333\345=\305V\316\021\373\261\332'\307"
 103      4350DBE5 
 103      3DC556CE 
 103      11FBB1DA 
 103      27C7
 104 040c D3C43C56 		.ascii	"\323\304<V2\017\270\231\307I\346\374\262\354\003:fv"
 104      320FB899 
 104      C749E6FC 
 104      B2EC033A 
 104      6676
 105 041e 60777E11 		.ascii	"`w~\021H=\036\201\364.\310k\274\003LmT\240\306\207\272"
 105      483D1E81 
 105      F42EC86B 
 105      BC034C6D 
 105      54A0C687 
 106 0433 88A8C7E3 		.ascii	"\210\250\307\3430\275<\313\310\036\371\362\370\266\351"
 106      30BD3CCB 
 106      C81EF9F2 
 106      F8B6E9
 107 0442 52AD8902 		.ascii	"R\255\211\002\014\270\217.\362\226j\306o\021~#U\304"
ARM GAS  /tmp/ccEl94s4.s 			page 8


 107      0CB88F2E 
 107      F2966AC6 
 107      6F117E23 
 107      55C4
 108 0454 8EE12575 		.ascii	"\216\341%u\341C9\340\004\365\332\200\353\240\323\006"
 108      E14339E0 
 108      04F5DA80 
 108      EBA0D306 
 109 0464 5C5E551B 		.ascii	"\\^U\033\360*\012m\200\035\343\022 E\325\345,\227\351"
 109      F02A0A6D 
 109      801DE312 
 109      2045D5E5 
 109      2C97E9
 110 0477 4E4017CE 		.ascii	"N@\027\316^\231\333zL\212\302\035\373%\316\3765d^\317"
 110      5E99DB7A 
 110      4C8AC21D 
 110      FB25CEFE 
 110      35645ECF 
 111 048b D8A86110 		.ascii	"\330\250a\020\260m\377\231\235F\006`z\227\344\216o\001"
 111      B06DFF99 
 111      9D460660 
 111      7A97E48E 
 111      6F01
 112 049d 70892750 		.ascii	"p\211'P\253\210\266\365\227mn\001\201-#JN\247\270D\234"
 112      AB88B6F5 
 112      976D6E01 
 112      812D234A 
 112      4EA7B844 
 113 04b2 ADBE36B1 		.ascii	"\255\2766\261\005T\\iQC\216\030\333\307\261-\240\303"
 113      05545C69 
 113      51438E18 
 113      DBC7B12D 
 113      A0C3
 114 04c4 F512579E 		.ascii	"\365\022W\236w\211X[ImZ\013\350\261\312\242\215\236"
 114      7789585B 
 114      496D5A0B 
 114      E8B1CAA2 
 114      8D9E
 115 04d6 AFB7D550 		.ascii	"\257\267\325P\200\201\244\213\235E\350\211\267\265\325"
 115      8081A48B 
 115      9D45E889 
 115      B7B5D5
 116 04e5 BE8135D0 		.ascii	"\276\2015\320);\"e\363\266\347dA\300+\033\2679mm\332"
 116      293B2265 
 116      F3B6E764 
 116      41C02B1B 
 116      B7396D6D 
 117 04fa C9B485F9 		.ascii	"\311\264\205\371-\215\011~EiO\304r\371\256\204\021W"
 117      2D8D097E 
 117      45694FC4 
 117      72F9AE84 
 117      1157
 118 050c A2562ED7 		.ascii	"\242V.\327\337\234m:\011\012E\234\326\303\351\015o\367"
 118      DF9C6D3A 
 118      090A459C 
 118      D6C3E90D 
 118      6FF7
ARM GAS  /tmp/ccEl94s4.s 			page 9


 119 051e 0BE99D84 		.ascii	"\013\351\235\204\017\010W\357\254\320<a\274\262\223"
 119      0F0857EF 
 119      ACD03C61 
 119      BCB293
 120 052d 7819D141 		.ascii	"x\031\321A\023\243SF\365\344\374H\202&\323\002Q\230"
 120      13A35346 
 120      F5E4FC48 
 120      8226D302 
 120      5198
 121 053f 418EA7C0 		.ascii	"A\216\247\300,\214\233,QW@:\247\242\337CSN4SeJ\0039"
 121      2C8C9B2C 
 121      5157403A 
 121      A7A2DF43 
 121      534E3453 
 122 0557 3F978827 		.ascii	"?\227\210'e\342\236\035d\304\035\364ow\212]\032\315"
 122      65E29E1D 
 122      64C41DF4 
 122      6F778A5D 
 122      1ACD
 123 0569 34C4F9CE 		.ascii	"4\304\371\3165\035w\006z\375\347\232\201~\317\\\347"
 123      351D7706 
 123      7AFDE79A 
 123      817ECF5C 
 123      E7
 124 057a 69AE1952 		.ascii	"i\256\031R\326\205\334\345\0221\023'\272\326\230^\315"
 124      D685DCE5 
 124      12311327 
 124      BAD6985E 
 124      CD
 125 058b 87261336 		.ascii	"\207&\0236\364e\010#\235~4\0307\323CSA4\341\0108\177"
 125      F4650823 
 125      9D7E3418 
 125      37D34353 
 125      4134E108 
 126 05a1 AAA3ED9C 		.ascii	"\252\243\355\234Q\"\"|;X\345/\353\311\336\275wm\271"
 126      5122227C 
 126      3B58E52F 
 126      EBC9DEBD 
 126      776DB9
 127 05b4 B0073F17 		.ascii	"\260\007?\027A.1\013\256P\323\320\367\245\346\335S\246"
 127      412E310B 
 127      AE50D3D0 
 127      F7A5E6DD 
 127      53A6
 128 05c6 A8024726 		.ascii	"\250\002G&>0\303\327\220\013\367\371<\007u\020E\323"
 128      3E30C3D7 
 128      900BF7F9 
 128      3C077510 
 128      45D3
 129 05d8 3E70F66B 		.ascii	">p\366kk\363\224V\232^\317jE\342L\350'g\227\263I/\235"
 129      6BF39456 
 129      9A5ECF6A 
 129      45E24CE8 
 129      276797B3 
 130 05ef B3D9AF52 		.ascii	"\263\331\257RF\3317'\220\317g\366m\016G\371\344\307"
 130      46D93727 
 130      90CF67F6 
ARM GAS  /tmp/ccEl94s4.s 			page 10


 130      6D0E47F9 
 130      E4C7
 131 0601 6670D59B 		.ascii	"fp\325\233\3015\210B:\226v\364\256[\332\323#\326r\235"
 131      C1358842 
 131      3A9676F4 
 131      AE5BDAD3 
 131      23D6729D 
 132 0615 9980986E 		.ascii	"\231\200\230n\270\265ThI>\243\225\276\327\331\245iy"
 132      B8B55468 
 132      493EA395 
 132      BED7D9A5 
 132      6979
 133 0627 16A9D12F 		.ascii	"\026\251\321/\265\264i\260(\366\353F\253\345?\336\014"
 133      B5B469B0 
 133      28F6EB46 
 133      ABE53FDE 
 133      0C
 134 0638 EA494B94 		.ascii	"\352IK\224\\&\217\026\373\210\265|\303L|\360i`-\230"
 134      5C268F16 
 134      FB88B57C 
 134      C34C7CF0 
 134      69602D98 
 135 064c 799396F9 		.ascii	"y\223\226\371\\\226c\227\231\327k\231\317c\277~\264"
 135      5C966397 
 135      99D76B99 
 135      CF63BF7E 
 135      B4
 136 065d 997FEB9D 		.ascii	"\231\177\353\235\257\2212\237Go\240k\031\235\273\302"
 136      AF91329F 
 136      476FA06B 
 136      199DBBC2 
 137 066d 24BD8577 		.ascii	"$\275\205w\200\302oE\275\322kV\361\361\305\214\301]"
 137      80C26F45 
 137      BDD26B56 
 137      F1F1C58C 
 137      C15D
 138 067f 53E463DE 		.ascii	"S\344c\336\350\375\225\333\371\343a\300\215~\323\203"
 138      E8FD95DB 
 138      F9E361C0 
 138      8D7ED383 
 139 068f 3628257A 		.ascii	"6(%z\225\227\264\253V+\303\202\021\227\341\277\234\026"
 139      9597B4AB 
 139      562BC382 
 139      1197E1BF 
 139      9C16
 140 06a1 FD2081FF 		.ascii	"\375 \201\377\271\227\324\275\200\013\3456\360)\314"
 140      B997D4BD 
 140      800BE536 
 140      F029CC
 141 06b0 73488D7E 		.ascii	"sH\215~\377\302,b\177\030\027\346\303\211C\024f\332"
 141      FFC22C62 
 141      7F1817E6 
 141      C3894314 
 141      66DA
 142 06c2 633368F2 		.ascii	"c3h\362f\320L\205Y\304\242\214\036Q\335nQ\213G,\252"
 142      66D04C85 
 142      59C4A28C 
ARM GAS  /tmp/ccEl94s4.s 			page 11


 142      1E51DD6E 
 142      518B472C 
 143 06d7 85297544 		.ascii	"\205)uDy+P\324\013\217\210Z\202\324\350\367\027\265"
 143      792B50D4 
 143      0B8F885A 
 143      82D4E8F7 
 143      17B5
 144 06e9 94FDA316 		.ascii	"\224\375\243\026\325\352\315\3406\211Z\312\242L\264"
 144      D5EACDE0 
 144      36895ACA 
 144      A24CB4
 145 06f8 AEDCB0DD 		.ascii	"\256\334\260\33575Q\313F,\352;\246\324\023\345\035w"
 145      373551CB 
 145      462CEA3B 
 145      A6D413E5 
 145      1D77
 146 070a C3BA452D 		.ascii	"\303\272E-\347\206]\346\277\325V\260_\310\206\035J\302"
 146      E7865DE6 
 146      BFD556B0 
 146      5FC8861D 
 146      4AC2
 147 071c D4C7CED7 		.ascii	"\324\307\316\327\346\235\357.IX\301\022\202\224\254"
 147      E69DEF2E 
 147      4958C112 
 147      8294AC
 148 072b 29725DFA 		.ascii	")r]\372\335\022V\216XB\273\227\362\373@\011/\262\204"
 148      DD12568E 
 148      5842BB97 
 148      F2FB4009 
 148      2FB284
 149 073e 95FE1256 		.ascii	"\225\376\022V\261\177\324\022\356y\347\353 \011\253"
 149      B17FD412 
 149      EE79E7EB 
 149      2009AB
 150 074d 14DE54B7 		.ascii	"\024\336T\267\336so*\237]dVv\004Ka\017\335\015\367\362"
 150      DE736F2A 
 150      9F5D6456 
 150      76044B61 
 150      0FDD0DF7 
 151 0762 8885DDF7 		.ascii	"\210\205\335\367\366pg`\303\275\362H\303\255Fj\364\373"
 151      F6706760 
 151      C3BDF248 
 151      C3AD466A 
 151      F4FB
 152 0774 37DC1AF6 		.ascii	"7\334\032\366\217\272\341\272\274\031t\223\3245,\312"
 152      8FBAE1BA 
 152      BC197493 
 152      D4352CCA 
 153 0784 E21135E0 		.ascii	"\342\0215\340\026\365\332\210E\365x{\330\025(\352\365"
 153      16F5DA88 
 153      45F5787B 
 153      D81528EA 
 153      F5
 154 0795 4744AD45 		.ascii	"GD\255Ej\364\373\213Z\307\376Q\213\352\365f\320G\242"
 154      6AF4FB8B 
 154      5AC7FE51 
 154      8BEAF566 
ARM GAS  /tmp/ccEl94s4.s 			page 12


 154      D047A2
 155 07a8 D6B1282B 		.ascii	"\326\261(+\237\031\371L:\260w\241<\301E\343)\017\317"
 155      9F19F94C 
 155      3AB077A1 
 155      3CC145E3 
 155      290FCF
 156 07bb 229E4328 		.ascii	"\"\236C(\037\005\243\345+6\357/\241\032\310}\256C\022"
 156      1F05A3E5 
 156      2B36EF2F 
 156      A11AC87D 
 156      AE4312
 157 07ce 9BB2     		.ascii	"\233\262"
 158 07d0 B39249EA 		.ascii	"\263\222I\352\235u\371\332O\206\030\374\310\372\222"
 158      9D75F9DA 
 158      4F8618FC 
 158      C8FA92
 159 07df F0493346 		.ascii	"\360I3F\236'\032\362\227HP,~\275\374\216\373|8\215\225"
 159      9E271AF2 
 159      9748502C 
 159      7EBDFC8E 
 159      FB7C388D 
 160 07f4 A896FC45 		.ascii	"\250\226\374E\022\265\036\277\024~(>\317\256\227\250"
 160      12B51EBF 
 160      147E283E 
 160      CFAE97A8 
 161 0804 EF664B50 		.ascii	"\357fKP\034\266\266\037\210O\263q\004\312v\366\344\317"
 161      1CB6B61F 
 161      884FB371 
 161      04CA76F6 
 161      E4CF
 162 0816 95A878F9 		.ascii	"\225\250x\371\362\257\335\275?C\276\374\361\000\373"
 162      F2AFDDBD 
 162      3F43BEFC 
 162      F100FB
 163 0825 C027888F 		.ascii	"\300'\210\217\315\361,*\230~\0065\300\266\362\367\253"
 163      CDF12C2A 
 163      987E0635 
 163      C0B6F2F7 
 163      AB
 164 0836 557950A4 		.ascii	"UyP\244\337H\200^\374\356<?g\216}\325\346-\033\267D"
 164      DF48805E 
 164      FCEE3C3F 
 164      678E7DD5 
 164      E62D1BB7 
 165 084b C7D993B7 		.ascii	"\307\331\223\267\3327oH\264\247$\247\246m\265\307\305"
 165      DA376F48 
 165      B4A724A7 
 165      A66DB5C7 
 165      C5
 166 085c AF5B30DF 		.ascii	"\257[0\337\276v\355K\366\3251\257F\2779\237\036\375"
 166      BE76ED4B 
 166      F6D531AF 
 166      46BF399F 
 166      1EFD
 167 086e 3205AFC4 		.ascii	"2\005\257\304\304\2049\277Rt\204\322%m\330\372k]Rr\302"
 167      C48439BF 
 167      527484D2 
ARM GAS  /tmp/ccEl94s4.s 			page 13


 167      256DD8FA 
 167      6B5D5272 
 168 0883 263D9954 		.ascii	"&=\231TCr\332[)\233R\215\311[S6mJH\325\247\374&%!U\267"
 168      4372DA5B 
 168      299B528D 
 168      C95B5336 
 168      6D4A48D5 
 169 089e 21312D55 		.ascii	"!1-U\335\270%\315D7\024!\222\346\211\244\371\"i\341"
 169      DDB825CD 
 169      44371421 
 169      92E689A4 
 169      F92269E1 
 170 08b2 FF01F997 		.ascii	"\377\001\371\227\200\346"
 170      80E6
 171              		.text
 172              		.section	.gnu.lto_.symbol_nodes.7b9a5a67dadd111c,"",%progbits
 173 0000 789C6366 		.ascii	"x\234cf``\320a\200\002\246]L\365\014\014\023\31610\324"
 173      6060D061 
 173      8002A65D 
 173      4CF50C0C 
 173      13CE3130 
 174 0015 D733CC5B 		.ascii	"\3273\314[\300\301\300\264\233\251\236\021Y\200u'\023"
 174      C0C1C0B4 
 174      9BA99E11 
 174      59807527 
 174      13
 175 0026 C3429022 		.ascii	"\303B\220\"\000\027\012\013\322"
 175      00170A0B 
 175      D2
 176              		.text
 177              		.section	.gnu.lto_.refs.7b9a5a67dadd111c,"",%progbits
 178 0000 789C6366 		.ascii	"x\234cf```d\200\002\000\000=\000\005"
 178      60606064 
 178      80020000 
 178      3D0005
 179              		.text
 180              		.section	.gnu.lto_.decls.7b9a5a67dadd111c,"",%progbits
 181 0000 789C9D56 		.ascii	"x\234\235VkP\023W\024\336\223\233\204\270\004p\252U"
 181      6B501357 
 181      14DE939B 
 181      84B80470 
 181      AA55
 182 0012 A7D31F48 		.ascii	"\247\323\037H;\214\323i\215\325\031\373\263\266b\325"
 182      3B8CD369 
 182      8DD519FB 
 182      B3B662D5 
 183 0022 560B13ED 		.ascii	"V\013\023\355t:\355L\006!\225LyIB[\377-\004)\276\012"
 183      743AED4C 
 183      0621954C 
 183      7949425B 
 183      FF2D0429 
 184 0038 A5E2B38F 		.ascii	"\245\342\263\217`\260\200P\240\245\365\305\033+\006"
 184      60B08050 
 184      A0A5F5C5 
 184      1B2B06
 185 0047 54B48A8F 		.ascii	"T\264\212\217j\225\020\037\245>H\264Z\021\225\364\334"
 185      6A95101F 
ARM GAS  /tmp/ccEl94s4.s 			page 14


 185      A53E48B4 
 185      5A1195F4 
 185      DC
 186 0058 BB9B5DA0 		.ascii	"\273\233]\240\253\343\2703gg\317\275\347|\347\334\357"
 186      ABE3B833 
 186      6767CFBD 
 186      E77CE7DC 
 186      EF
 187 0069 9C7BF712 		.ascii	"\234{\367\022\216\343ZQ\202\370l\016\347\270\007\300"
 187      8EE35A51 
 187      82F86C0E 
 187      E7B807C0 
 188 0079 7104F504 		.ascii	"q\004\365\004Ny4(\325(\367Qp\232\323\0017\352\251\226"
 188      4E793428 
 188      D528F751 
 188      709AD301 
 188      37EAA996 
 189 008d C6433E20 		.ascii	"\306C> \215\215}\250\177\270d\027\211bD\031@\271\205"
 189      8D8D7DA8 
 189      7FB86417 
 189      89624419 
 189      40B985
 190 00a0 72076517 		.ascii	"r\007e\027\312T\224\267Q\256\241\354A\321\243\364\243"
 190      CA5494B7 
 190      51AEA1EC 
 190      41D1A3F4 
 190      A3
 191 00b1 5C42B980 		.ascii	"\\B\271\200r\031\345\012\212O\212s_%\316M\015\354\255"
 191      7219E50A 
 191      8A4F8A73 
 191      5F25CE4D 
 191      0DECAD
 192 00c4 B97D24BC 		.ascii	"\271}$\274_\003\221|4U\367\025{6\353Q5\362Z\2526\334"
 192      5F03917C 
 192      3455F715 
 192      7B36EB51 
 192      35F25AAA 
 193 00da F7F56827 		.ascii	"\367\365h'\227\010\370\0249\205\361ZH\230\004\345\360"
 193      9708F814 
 193      3985F15A 
 193      489804E5 
 193      F0
 194 00eb 1C54C073 		.ascii	"\034T\300s\210Z\011\223\361\375\241VD\362U\234n\010"
 194      885A0993 
 194      F1FDA156 
 194      44F2559C 
 194      6E08
 195 00fd 231AA0DF 		.ascii	"#\032\240\337\356\315}=\374\313;\321\255@hm\325(\341"
 195      EECD7D3D 
 195      FCCB3BD1 
 195      AD40686D 
 195      D528E1
 196 0110 DADD250D 		.ascii	"\332\335%\015\332\350\357\204\272\272@\355\360\037F"
 196      DAE8EF84 
 196      BABA40ED 
 196      F01F46
 197 011f C123B406 		.ascii	"\301#\264\006\203\2573(\330\011\004\252\340eF\014~\213"
ARM GAS  /tmp/ccEl94s4.s 			page 15


 197      83AF3328 
 197      D80904AA 
 197      E065460C 
 197      7E8B
 198 0131 0C554334 		.ascii	"\014UC4\272\015\255:\221\257aY\"\030\352\025\276\356"
 198      BA0DAD3A 
 198      91AF6159 
 198      2218EA15 
 198      BEEE
 199 0143 E20896E6 		.ascii	"\342\010\226\3464\252n\334\331\237L\342Y\344\234\037"
 199      34AA6EDC 
 199      D99F4CE2 
 199      59E49C1F 
 200 0153 1AD685E1 		.ascii	"\032\326\205\341\314T\236\305\353\335v\257l\034Si\335"
 200      CC549EC5 
 200      EBDD76AF 
 200      6C1C5369 
 200      DD
 201 0164 A2E8504B 		.ascii	"\242\350PK\363`\007O>b\326\353\012\274\235<\261\322"
 201      F360074F 
 201      3E62D6EB 
 201      0ABC9D3C 
 201      B1D2
 202 0176 6F8DE78A 		.ascii	"o\215\347\212\340\216\204X\276\014\263\016\364\273}"
 202      E08E8458 
 202      BE0CB30E 
 202      F4BB7D
 203 0185 0B9CC21C 		.ascii	"\013\234\302\034\370\025x\250\227\363b\250\364)\020"
 203      F81578A8 
 203      97F362A8 
 203      F42910
 204 0194 845CCAC8 		.ascii	"\204\\\312\3108O$'\023\002\277@,Z0[\250\303\301\237"
 204      384F2427 
 204      1302BF40 
 204      2C5A305B 
 204      A8C3C19F 
 205 01a8 7010810F 		.ascii	"p\020\201\017<h\316\323\001\037\253\356\264[\305\211"
 205      3C68CED3 
 205      011FABEE 
 205      B45BC589 
 206 01b8 A5D0BCAA 		.ascii	"\245\320\274\252x\222 ha\027\246\360\263\222\002f$\263"
 206      78922068 
 206      6117A6F0 
 206      B3920266 
 206      24B3
 207 01ca 79A3BDEC 		.ascii	"y\243\275\354s\036a\235O\006\213\036\303\347\362\363"
 207      731E619D 
 207      4F068B1E 
 207      C3E7F2F3 
 208 01da 8CA40DD8 		.ascii	"\214\244\015\330\352\327\327o\335j \007Ee\260h\307\016"
 208      EAD7D76F 
 208      DD6A2007 
 208      4565B068 
 208      C70E
 209 01ec 2DE91695 		.ascii	"-\351\026\225\262\222\215\325:\306\257\201\265Ai\245"
 209      B2928DD5 
 209      3AC6AF81 
ARM GAS  /tmp/ccEl94s4.s 			page 16


 209      B54169A5 
 210 01fc DF404E89 		.ascii	"\337@N\211s-\2359Gx\362\247\250\034\362\015\376cd\206"
 210      732D9D39 
 210      4778F2A7 
 210      A81CF20D 
 210      FE636486 
 211 0210 E3A97AAE 		.ascii	"\343\251z\256\270\264<\222x\305\271\356\341\242[a\344"
 211      B8B43C92 
 211      78C5B9EE 
 211      E1A25B61 
 211      E4
 212 0221 D268C348 		.ascii	"\322h\303H\321p\353\351\313\267\011\363c\365,\351\332"
 212      D170EBE9 
 212      CBB709F3 
 212      63F52CE9 
 212      DA
 213 0232 56A82357 		.ascii	"V\250#WD\323\242\276\342\023Z\342\207Q\365\214\026\353"
 213      44D3A2BE 
 213      E2135AE2 
 213      8751F58C 
 213      16EB
 214 0244 B9E9DAE0 		.ascii	"\271\351\332\340/\006\246\006\203\204\222\273\375\374"
 214      2F06A606 
 214      838492BB 
 214      FDFC
 215 0252 B1BE7172 		.ascii	"\261\276qr\325.\236z\236R\326\211\224\035P(\213\036"
 215      D52E9E7A 
 215      9E52D689 
 215      941D5028 
 215      8B1E
 216 0264 5935244B 		.ascii	"Y5$KW\201L\265#)\373)S\036d*Zb\252\003\007\017\212U"
 216      57814CB5 
 216      2329FB29 
 216      531E642A 
 216      5A62AA03 
 217 027c ABF70DAC 		.ascii	"\253\367\015\254\345C\300\315\007\276d\2658\204\300"
 217      E543C0CD 
 217      07BE64B5 
 217      3884C0
 218 028b BF29C09D 		.ascii	"\277)\300\235\360X\344.Ud\330\355/\364\001\031\022\327"
 218      F058E42E 
 218      5564D8ED 
 218      2FF40119 
 218      12D7
 219 029d B776C3ED 		.ascii	"\267v\303\355N\015\031f\212vMK\343D\210\231\020\023"
 219      4E0D1966 
 219      8A764D4B 
 219      E3448899 
 219      1013
 220 02af EB42BCC0 		.ascii	"\353B\274\300\272\325\376\005N\247\260a\012\013{\030"
 220      BAD5FE05 
 220      4EA7B061 
 220      0A0B7B18 
 221 02bf C31E8509 		.ascii	"\303\036\205\011\012\3724\272\005_\302\027\367\025\333"
 221      0AFA34BA 
 221      055FC217 
 221      F715DB
ARM GAS  /tmp/ccEl94s4.s 			page 17


 222 02ce 9F2E614E 		.ascii	"\237.aN\0267bwRc\014\015\277c\026\335\020\003\307 \206"
 222      16376277 
 222      52630C0D 
 222      BF6316DD 
 222      1003C720 
 223 02e3 E54AB15D 		.ascii	"\345J\261]MN}\305\014\206{D\025\267\235B\260>\3646\270"
 223      4D4E7DC5 
 223      0C867B44 
 223      15B79D42 
 223      B03EF436 
 224 02f8 C1402DB8 		.ascii	"\301@-\270\320\346\224\333\257\353j\307\015=i`[^\273"
 224      D0E694DB 
 224      AFEB6AC7 
 224      0D3D6960 
 224      5B5EBB
 225 030b EECEEE73 		.ascii	"\356\316\356sF\210\211\231\310\222\367\356sw\343\356"
 225      46888999 
 225      C892F7EE 
 225      7377E3EE 
 226 031b 9EC1BAB7 		.ascii	"\236\301\272\267\015C\234\204\211Js*\251\273h\204\346"
 226      0D439C84 
 226      894A732A 
 226      A9BB6884 
 226      E6
 227 032c 8BBAD65C 		.ascii	"\213\272\326\\1\213\343\2176-\226N\2419\216\221\253"
 227      318BE38F 
 227      362D964E 
 227      A1398E91 
 227      AB
 228 033d A4C67495 		.ascii	"\244\306t\225\247p\225'p\225=\322*Y\352{\235a\002P\223"
 228      A7709527 
 228      70953DD2 
 228      2A59EA7B 
 228      9D610250 
 229 0352 FFE7BEBD 		.ascii	"\377\347\276\275\320\2776j\"b\346<\022\223\033\005\210"
 229      D0BF366A 
 229      2262E63C 
 229      12931B05 
 229      88
 230 0363 3E5F9FD9 		.ascii	">_\237\331>\314\223&\361\210\333r\367pG\024\353\340"
 230      3ECC9326 
 230      F188DB72 
 230      F7704714 
 230      EBE0
 231 0375 29546D1B 		.ascii	")Tm\033\3624jI\2738'\014{\036F\020\217\250\204NX\243"
 231      F2346A49 
 231      BB38270C 
 231      7B1E4610 
 231      8FA8844E 
 232 038b 78C27E7B 		.ascii	"x\302~{\376\304\365\010r\204\315\031\253\002g\253t\264"
 232      FEC4F508 
 232      7284CD19 
 232      AB0267AB 
 232      74B4
 233 039d E2A107C9 		.ascii	"\342\241\007\311\313szk$\362\366 yM\310H/2#3\322\310"
 233      CB737A6B 
 233      24F2F620 
ARM GAS  /tmp/ccEl94s4.s 			page 18


 233      794DC848 
 233      2F322333 
 234 03b3 722C07A5 		.ascii	"r,\007\245\362\002\313\377G4\250as\275R\345\377FN|\270"
 234      F202CBFF 
 234      4734A861 
 234      73BD52E5 
 234      FF464E7C 
 235 03c8 847E944B 		.ascii	"\204~\224K(\027P\274(}(\177\241\\D\271\214rE\356\214"
 235      281750BC 
 235      287D287F 
 235      A15C44B9 
 235      8C7245EE 
 236 03dd 3CA7ABD6 		.ascii	"<\247\253\326\255\227\"7\217\215\334\002#\352\206\246"
 236      AD972237 
 236      8F8DDC02 
 236      23EA86A6 
 237 03ed 7B64D356 		.ascii	"{d\323VuS1If[%\333\356\035k;m4\252G\266<;\326\362\217"
 237      75533149 
 237      665B25DB 
 237      EE1D6B3B 
 237      6D34AA47 
 238 0407 B1A83FCA 		.ascii	"\261\250?\312\266\015\3524)\260\235\262\351\271\261"
 238      B60DEA34 
 238      29B09DB2 
 238      E9B9B1
 239 0416 A67F8E31 		.ascii	"\246\177\2161\355\222M\317\253\233\312\031\344x[\334"
 239      ED924DCF 
 239      AB9BCA19 
 239      E4785BDC 
 240 0426 D6D63C02 		.ascii	"\326\326<\002\247\261e\316\250\247+\343z\253G\224u\237"
 240      A7B165CE 
 240      A8A72BE3 
 240      7AAB4794 
 240      759F
 241 0438 2A0BE5CA 		.ascii	"*\013\345\312\266\253t\353\261w{U\366\235fS}\333]<\232"
 241      B6AB74EB 
 241      B1777B55 
 241      F69D6653 
 241      7DDB5D3C 
 242 044d 2630BB43 		.ascii	"&0\273CI\006\270\206@\265\312\261D\235\330\243\326\036"
 242      4906B886 
 242      40B5CAB1 
 242      449DD8A3 
 242      D61E
 243 045f 7015BBE2 		.ascii	"p\025\273\342i;\004\373\367^W\376\027\021\344\270\330"
 243      693B04FB 
 243      F75E57FE 
 243      1711E4B8 
 243      D8
 244 0470 DB816B27 		.ascii	"\333\201k'\017\350\214k\224\037\033KE\331I7\300(%\205"
 244      0FE88C6B 
 244      941F1B4B 
 244      45D94937 
 244      C0282585 
 245 0484 691F73DF 		.ascii	"i\037s\337y\015\214\261\217\262\006?&\2438\260s\267"
 245      790D8CB1 
 245      8FB2063F 
ARM GAS  /tmp/ccEl94s4.s 			page 19


 245      26A338B0 
 245      73B7
 246 0496 A96AE00D 		.ascii	"\251j\340\015\372\033\036\300\341\353\312\002\321J\336"
 246      FA1B1EC0 
 246      E1EBCA02 
 246      D14ADE
 247 04a5 C8C5C70F 		.ascii	"\310\305\307\017\327\207\223\022\302\376\3415{z\375"
 247      D7879312 
 247      C2FEE135 
 247      7B7AFD
 248 04b4 06E9D0F6 		.ascii	"\006\351\320\366\2569\310#\203\267\220\354\200\342\272"
 248      AE39C823 
 248      83B790EC 
 248      80E2BA
 249 04c3 0B1EFB0B 		.ascii	"\013\036\373\013\277\251\376\333\254ko\177\226l\027"
 249      BFA9FEDB 
 249      AC6B6F7F 
 249      966C17
 250 04d2 63E4973E 		.ascii	"c\344\227>\250\214\220b\270\012\303\000\356`\204\177"
 250      A88C9062 
 250      B80AC300 
 250      EE60847F 
 251 04e2 9E38C26D 		.ascii	"\2368\302m\365\010==C\373\211\026oJ\014\356Cv\373*,"
 251      F5083D3D 
 251      43FB8916 
 251      6F4A0CEE 
 251      4376FB2A 
 252 04f7 1C680A63 		.ascii	"\034h\012cct\021\377\002\033\354\353\271\341`c\224\223"
 252      637411FF 
 252      021BECEB 
 252      B9E16063 
 252      9493
 253 0509 BBE25881 		.ascii	"\273\342X\201\277\367*<\362\232v\217]\323\006A\272\247"
 253      BFF72A3C 
 253      F29A768F 
 253      5DD30641 
 253      BAA7
 254 051b 1D6D6B2C 		.ascii	"\035mk,\211\"UD\374G_(\375:\012\357c.\274\217]\310'"
 254      89225544 
 254      FC475F28 
 254      FD3A0AEF 
 254      632EBC8F 
 255 0532 5B0457AE 		.ascii	"[\004W\2560\034\014\002\363\202\241\0217\262\241\320"
 255      301C0C02 
 255      F382A111 
 255      37B2A1D0 
 256 0542 8DEC3EBB 		.ascii	"\215\354>\273\2215\035\356[\255#m\"%\205\316`c\030L"
 256      91351DEE 
 256      5BAD236D 
 256      222585CE 
 256      6063184C 
 257 0556 8895FB6D 		.ascii	"\210\225\373m\005m{\261\245\037J\2556\014\261\362\301"
 257      056D7BB1 
 257      A51F4AAD 
 257      360CB1F2 
 257      C1
 258 0567 1CF8A6B6 		.ascii	"\034\370\246\266fa\016\326\365\241Z{\257o+\310\323\252"
ARM GAS  /tmp/ccEl94s4.s 			page 20


 258      66610ED6 
 258      F5A15A7B 
 258      AF6F2BC8 
 258      D3AA
 259 0579 A281A089 		.ascii	"\242\201\240\211U\005\364\236\265\032 \210\023\017\224"
 259      5505F49E 
 259      B51A2088 
 259      130F94
 260 0588 3A3C0CED 		.ascii	":<\014\355\002\314\366\2147\267K<\203\331\025\360\374"
 260      02CCF68C 
 260      37B74B3C 
 260      83D915F0 
 260      FC
 261 0599 99DCEFF5 		.ascii	"\231\334\357\365\364\342$\204\032\321\310\217 ,W\203"
 261      F4E22484 
 261      1AD1C88F 
 261      202C5783 
 262 05a9 15C47890 		.ascii	"\025\304x\220\243\021/M.\3776\3153ER:\321+X\244\320"
 262      A3112F4D 
 262      2EFF36CD 
 262      3345523A 
 262      D12B58A4 
 263 05be FA9C9A67 		.ascii	"\372\234\232gB.\254\216w\253\372\015\344\246\310\356"
 263      422EAC8E 
 263      77ABFA0D 
 263      E4A6C8EE 
 264 05ce EAF2D301 		.ascii	"\352\362\323\001\375\013\245\202\313\025\250\255[\221"
 264      FD0BA582 
 264      CB15A8AD 
 264      5B91
 265 05dc 43C915F0 		.ascii	"C\311\025\360\272\013\324\011\3624,U\031\010u\306\357"
 265      BA0BD409 
 265      F2342C55 
 265      190875C6 
 265      EF
 266 05ed 2ACD0B5C 		.ascii	"*\315\013\\\204%31\325\222\232\232l\261\245\333\034"
 266      84253331 
 266      D5929A9A 
 266      6CB1A5DB 
 266      1C
 267 05fe FAF9EFBE 		.ascii	"\372\371\357\276\027=\227{m\372t\323\334\024\3332[\374"
 267      173D977B 
 267      6DFA74D3 
 267      DC14DB32 
 267      5BFC
 268 0610 125386DD 		.ascii	"\022S\206\335\224\222\230j\312\314\310r\330MK\226.\236"
 268      9492986A 
 268      CACCC872 
 268      D84D4B96 
 268      2E9E
 269 0622 35D3B468 		.ascii	"5\323\264hQ\234i~\302\302\370Og\322\251\020\300\364"
 269      519C697E 
 269      C2C2F84F 
 269      67D2A910 
 269      C0F4
 270 0634 24CE6877 		.ascii	"$\316hw\244\315\232iY\236i\313\2608\014\331\266t\007"
 270      A4CD9A69 
ARM GAS  /tmp/ccEl94s4.s 			page 21


 270      599E69CB 
 270      B0380CD9 
 270      B67407
 271 0647 6A0EDE62 		.ascii	"j\016\336b\011}\276b\312\266g\231l\351I\251\331\311"
 271      097DBE62 
 271      CAB66799 
 271      6CE949A9 
 271      D9C9
 272 0659 5653BAF5 		.ascii	"VS\272\365\263T\3332SZbR\212-\335j\262$[?N\314NuX\034"
 272      B354DB32 
 272      535A6252 
 272      8A2DDD6A 
 272      B2245B3F 
 273 0673 2B33ADF6 		.ascii	"+3\255\366\351)\\\214\232\265}\245\335d\261;\222\021"
 273      E9295C8C 
 273      9AB57DA5 
 273      DD64B13B 
 273      9211
 274 0685 114D748B 		.ascii	"\021Mt\213\343\343\346\231\365\361K?H\230g\016\213_"
 274      E3E3E699 
 274      F5F14B3F 
 274      4898670E 
 274      8B5F
 275 0697 92306F5E 		.ascii	"\2220o^\234Y\227\360^B\234\231,D\211\2173\303\373,\223"
 275      9C5997F0 
 275      5E429C99 
 275      2C44898F 
 275      33C3FB2C 
 276 06ac 5767CB99 		.ascii	"Wg\313\231\320Ob\267:tI\251\326\304\254\331O\274Xeu"
 276      D04F62B7 
 276      3A7449A9 
 276      D6C4ACD9 
 276      4FBC5865 
 277 06c1 18191668 		.ascii	"\030\031\026h\337\\b6\353\026\305\317}\307\254}\343"
 277      DF5C6236 
 277      EB16C5CF 
 277      7DC7AC7D 
 277      E3
 278 06d2 2DF322FA 		.ascii	"-\363\"\372Z\300\3332\250\267-\331\342x:\026S8\243\010"
 278      5AC0DB32 
 278      A8B72DD9 
 278      E2783A16 
 278      5338A308 
 279 06e6 919668FF 		.ascii	"\221\226h\377\004Y\264e\244e$[-\216g\345Ba\346\313\263"
 279      0459B465 
 279      A465245B 
 279      2D8E67E5 
 279      4261E6CB 
 280 06fb 32B233E9 		.ascii	"2\2623\3518\217\203\326O\255\351H\332\213\377\017\027"
 280      388F83D6 
 280      4FADE948 
 280      DA8BFF0F 
 280      17
 281 070c A24EC247 		.ascii	"\242N\302G\354p\206\302<\354\377\001\246|\013;"
 281      EC7086C2 
 281      3CECFF01 
 281      A67C0B3B 
ARM GAS  /tmp/ccEl94s4.s 			page 22


 282              		.text
 283              		.section	.gnu.lto_.symtab.7b9a5a67dadd111c,"",%progbits
 284 0000 5F70616C 		.ascii	"_pal_lld_init\000\000\000\000\000\000\000\000\000\000"
 284      5F6C6C64 
 284      5F696E69 
 284      74000000 
 284      00000000 
 285 0017 0000AC00 		.ascii	"\000\000\254\000\000\000_pal_lld_setgroupmode\000\000"
 285      00005F70 
 285      616C5F6C 
 285      6C645F73 
 285      65746772 
 286 0034 00000000 		.ascii	"\000\000\000\000\000\000\000\000\000\000\373\000\000"
 286      00000000 
 286      0000FB00 
 286      00
 287 0041 005F7061 		.ascii	"\000_pal_events\000\000\000\000\000\000\000\000\000"
 287      6C5F6576 
 287      656E7473 
 287      00000000 
 287      00000000 
 288 0056 00000005 		.ascii	"\000\000\000\005\001\000\000"
 288      010000
 289              		.text
 290              		.section	.gnu.lto_.opts,"",%progbits
 291 0000 272D666E 		.ascii	"'-fno-trapv' '-mcpu=cortex-m4' '-mno-thumb-interwor"
 291      6F2D7472 
 291      61707627 
 291      20272D6D 
 291      6370753D 
 292 0033 6B272027 		.ascii	"k' '-mthumb' '-ggdb' '-O2' '-fomit-frame-pointer' '"
 292      2D6D7468 
 292      756D6227 
 292      20272D67 
 292      67646227 
 293 0066 2D66616C 		.ascii	"-falign-functions=16' '-ffunction-sections' '-fdata"
 293      69676E2D 
 293      66756E63 
 293      74696F6E 
 293      733D3136 
 294 0099 2D736563 		.ascii	"-sections' '-fno-common' '-flto'\000"
 294      74696F6E 
 294      73272027 
 294      2D666E6F 
 294      2D636F6D 
 295              		.text
 296              		.comm	__gnu_lto_v1,1,1
 297              		.comm	__gnu_lto_slim,1,1
 298              		.ident	"GCC: (15:4.9.3+svn231177-1) 4.9.3 20150529 (prerelease)"
ARM GAS  /tmp/ccEl94s4.s 			page 23


DEFINED SYMBOLS
                            *ABS*:0000000000000000 hal_pal_lld.c
                            *COM*:0000000000000001 __gnu_lto_v1
                            *COM*:0000000000000001 __gnu_lto_slim

NO UNDEFINED SYMBOLS
