ARM GAS  /tmp/ccmvgDb9.s 			page 1


   1              		.syntax unified
   2              		.cpu cortex-m4
   3              		.fpu softvfp
   4              		.eabi_attribute 20, 1
   5              		.eabi_attribute 21, 1
   6              		.eabi_attribute 23, 3
   7              		.eabi_attribute 24, 1
   8              		.eabi_attribute 25, 1
   9              		.eabi_attribute 26, 1
  10              		.eabi_attribute 30, 2
  11              		.eabi_attribute 34, 1
  12              		.eabi_attribute 18, 4
  13              		.thumb
  14              		.file	"hal_st.c"
  15              		.text
  16              	.Ltext0:
  17              		.section	.gnu.lto_.profile.8ef0aff9769d88a3,"",%progbits
  18 0000 789C6366 		.ascii	"x\234cf```a\200\000F\006w9\000\001 \000n"
  18      60606061 
  18      80004606 
  18      77390001 
  18      20006E
  19              		.text
  20              		.section	.gnu.lto_.jmpfuncs.8ef0aff9769d88a3,"",%progbits
  21 0000 789C6366 		.ascii	"x\234cf\300\016r\2414+\210`\004\202zF\246\217L\214\323"
  21      C00E72A1 
  21      342B8860 
  21      04827A46 
  21      A68F4C8C 
  22 0015 FAAFEC60 		.ascii	"\372\257\354`\256\375\3350\243\201\343'\023\303_&\220"
  22      AEFDDD30 
  22      A381E327 
  22      13C35F26 
  22      90
  23 0026 E472C65A 		.ascii	"\344r\306Z\006f\006\006\026\354\212\030\37721\002\025"
  23      06660606 
  23      16EC8A18 
  23      FF323102 
  23      15
  24 0037 AD002A62 		.ascii	"\255\000*b\003\322\330\344\201\2460\256\004\3123\000"
  24      03D2D8E4 
  24      81A630AE 
  24      04CA3300 
  25 0047 0082421F 		.ascii	"\000\202B\0379"
  25      39
  26              		.text
  27              		.section	.gnu.lto_.inline.8ef0aff9769d88a3,"",%progbits
  28 0000 789C6366 		.ascii	"x\234cf\300\016\312\2414+\003\003\013\017#\003\023\220"
  28      C00ECAA1 
  28      342B0303 
  28      0B0F2303 
  28      1390
  29 0012 C9B6401E 		.ascii	"\311\266@\036D10r\201\010\006\036^\2400\337\206\\\270"
  29      44313072 
  29      8108061E 
  29      5EA030DF 
  29      865CB8
ARM GAS  /tmp/ccmvgDb9.s 			page 2


  30 0025 38133748 		.ascii	"8\0237H\230\231\201\205\031(\301t\201\037.\301\302\300"
  30      98998185 
  30      1928C174 
  30      811F2EC1 
  30      C2C0
  31 0037 C50D14E2 		.ascii	"\305\015\024\342\232\340\207\246\226\015\227\004\003"
  31      9AE087A6 
  31      960D9704 
  31      03
  32 0044 00248B08 		.ascii	"\000$\213\010\353"
  32      EB
  33              		.text
  34              		.section	.gnu.lto_.pureconst.8ef0aff9769d88a3,"",%progbits
  35 0000 789C6366 		.ascii	"x\234cf``\340f\200\000V\006\011F)f)\026)6)\000\004\022"
  35      6060E066 
  35      80005606 
  35      09462966 
  35      29162936 
  36 0018 00A2     		.ascii	"\000\242"
  37              		.text
  38              		.section	.gnu.lto_stInit.8ef0aff9769d88a3,"",%progbits
  39 0000 789C6366 		.ascii	"x\234cf\300\004R@\274\020\210\025\201\230\221\231\201"
  39      C0045240 
  39      BC108815 
  39      81989199 
  39      81
  40 0011 9169C239 		.ascii	"\221i\3029\006\206F\016&FF\020\203\201\221\241\236\211"
  40      0686460E 
  40      26464610 
  40      838191A1 
  40      9E89
  41 0023 B19EF125 		.ascii	"\261\236\361%\323G&\306\011\007V\317\340V_\332\320\320"
  41      D34726C6 
  41      090756CF 
  41      E0565FDA 
  41      D0D0
  42 0035 F0E1D0F9 		.ascii	"\360\341\320\371\306\200\003\214?\231\030\030>3A\314"
  42      C680038C 
  42      3F991818 
  42      3E3341CC 
  43 0045 615CCEA8 		.ascii	"a\\\316\250\316\000T\364\261\345\357un\266\026\240\""
  43      CE0054F4 
  43      B1E5EF75 
  43      6EB616A0 
  43      22
  44 0056 01881CE3 		.ascii	"\001\210\034\343\012F6F \275^\350@\303\377\377\217\247"
  44      0A463646 
  44      20BD5EE8 
  44      40C3FFFF 
  44      8FA7
  45 0068 FED16766 		.ascii	"\376\321gf`x\002\224\001\231\377\224\211\011D3\337a"
  45      60780294 
  45      0199FF94 
  45      89094433 
  45      DF61
  46 007a 6C3EF097 		.ascii	"l>\360\227\027\244\024d\306\274\313}\353\230j\1777t"
  46      17A41464 
ARM GAS  /tmp/ccmvgDb9.s 			page 3


  46      C6BCCB7D 
  46      EB986A7F 
  46      3774
  47 008c 3470FC64 		.ascii	"4p\374db\374\314\004\324\316\270\222\261\226\341'P\365"
  47      62FCCC04 
  47      D4CEB892 
  47      B196E127 
  47      50F5
  48 009e 3DC6C603 		.ascii	"=\306\306\003\377Y\301*\031@\3460\202\364\003M\223\327"
  48      FF59C12A 
  48      1940E630 
  48      82F4034D 
  48      93D7
  49 00b0 D3D377CE 		.ascii	"\323\323w\316\310L\312\364\017\326\317/\326\317H\314"
  49      C84CCAF4 
  49      0FD6CF2F 
  49      D6CF48CC 
  50 00c0 D12F2E4A 		.ascii	"\321/.J\006\321\361\305%z\311\014\000\346ZE\023"
  50      06D1F1C5 
  50      257AC90C 
  50      00E65A45 
  50      13
  51              		.text
  52              		.section	.gnu.lto_stStartAlarm.8ef0aff9769d88a3,"",%progbits
  53 0000 789C9D53 		.ascii	"x\234\235SKL\023Q\024}\367\315tZh\003\304\025a\001F"
  53      4B4C1351 
  53      147DF7CD 
  53      745A6803 
  53      C4156101 
  54 0015 42D8D84E 		.ascii	"B\330\330N\220\2707\321\215\011\304\005\354\221_\002"
  54      90B837D1 
  54      8D09C405 
  54      EC915F02 
  55 0025 09064389 		.ascii	"\011\006C\211;\302\024Zb\374P\"\212\215\202\237\220"
  55      3BC2145A 
  55      62FC5022 
  55      8A8D829F 
  55      90
  56 0036 CACF0282 		.ascii	"\312\317\002\202|ZD\013\210\020\2156F\205\210\006Y@"
  56      7C5A440B 
  56      88108D36 
  56      46858806 
  56      5940
  57 0048 5434A608 		.ascii	"T4\246\010\021\213\201z\357k1\"+\234\244\363\346\275"
  57      118B817A 
  57      EF6B3122 
  57      2B9CA4F3 
  57      E6BD
  58 005a 7BEE39F7 		.ascii	"{\3569\367\276s+\261\335O&\376Rd\306\212p\005\035\003"
  58      BE732BB1 
  58      DD4F26FE 
  58      5264C68A 
  58      70051D03 
  59 006e DEF08231 		.ascii	"\336\360\2021\233\201s\311\227\314\264XyFe\232I\002"
  59      9B8173C9 
  59      97CCB458 
  59      7946659A 
ARM GAS  /tmp/ccmvgDb9.s 			page 4


  59      4902
  60 0080 39722C03 		.ascii	"9r,\003\320\007\003V\315%\031\252\3413_\341\320\340"
  60      D0070356 
  60      CD2519AA 
  60      E1335FE1 
  60      D0E0
  61 0092 EF7219D3 		.ascii	"\357r\031\323\335\232\246\005\307\373\023\035\211!\316"
  61      DD9AA605 
  61      C7FB131D 
  61      8921CE
  62 00a1 D82A8FF0 		.ascii	"\330*\217\360C\033\244#\304Y\357\270\010\322\001`\370"
  62      431BA423 
  62      C459EFB8 
  62      08D20160 
  62      F8
  63 00b2 EDED5E7B 		.ascii	"\355\355^{n\374\304C\034\366\323\326wi\332\245\320\226"
  63      6EFCC443 
  63      1CF6D3D6 
  63      7769DAA5 
  63      D096
  64 00c4 CBB4DDB8 		.ascii	"\313\264\335\2702]\253Kk\325\264\032\377h\237vD\016"
  64      325DAB4B 
  64      6BD5B41A 
  64      FF689F76 
  64      440E
  65 00d6 7109DA41 		.ascii	"q\011\332AB>\350\200$\350\204$\206G\014\272 \215\340"
  65      423EE880 
  65      24E88424 
  65      86470CBA 
  65      208DE0
  66 00e9 2BF6CD59 		.ascii	"+\366\315Y\243bG\355\204\315mY\270\013\012\340\202\007"
  66      A36247ED 
  66      84CD6D59 
  66      B80B0AE0 
  66      8207
  67 00fb 3DFBFC5A 		.ascii	"=\373\374Z8\334\332\326< \307\352\200\222\024L\227\365"
  67      38DCDAD6 
  67      3C20C7EA 
  67      8092144C 
  67      97F5
  68 010d F4626C11 		.ascii	"\364bl\021\321\324\317\022\347\264Js0>\350\365\264L"
  68      D1D4CF12 
  68      E7B44A73 
  68      303EE8F5 
  68      B44C
  69 011f C5EF205E 		.ascii	"\305\357 ^\230\374\230(8W9\374#\311\300\003\012*u\203"
  69      98FC9828 
  69      385739FC 
  69      23C9C003 
  69      0A2A7583 
  70 0133 B2CE158C 		.ascii	"\262\316\025\214}{6U\247\243ft\030\326DC\037\026\003"
  70      7D7B3655 
  70      A7A36674 
  70      18D64443 
  70      1F1603
  71 0146 2F0DE288 		.ascii	"/\015\342\210\321\366j\340K'o\201\353\266\006\315\020"
  71      D1F66AE0 
ARM GAS  /tmp/ccmvgDb9.s 			page 5


  71      4B276F81 
  71      EBB606CD 
  71      10
  72 0157 E20AF460 		.ascii	"\342\012\364`S\275\330\024\305\326\033\027=q\346.\315"
  72      53BDD814 
  72      C5D61B17 
  72      3D71E62E 
  72      CD
  73 0168 6E0BCEF9 		.ascii	"n\013\316\371\352SB\\\017\367\240\005\276c\231B\010"
  73      EA53425C 
  73      0FF7A005 
  73      BE639942 
  73      08
  74 0179 FAC0CCE6 		.ascii	"\372\300\314\346\240\366g\335W9\242\251\217\310^\233"
  74      A0F667DD 
  74      5739A2A9 
  74      8FC85E9B 
  75 0189 5D5A9348 		.ascii	"]Z\223HC\306k\352G\2667`\177;q>\220Ae#\012!\266;#\027"
  75      43C66BEA 
  75      47B63760 
  75      7F3B713E 
  75      90416523 
  76 01a3 F4028264 		.ascii	"\364\002\202d\367I\220Q\343\022\363%K\357A& \225p\343"
  76      F7499051 
  76      E312F325 
  76      4BEF4126 
  76      209570E3 
  77 01b7 557D37AF 		.ascii	"U}7\257\372\245\235\245\352\014\253\234\244\007\240"
  77      FAA59DA5 
  77      EA0CAB9C 
  77      A407A0
  78 01c6 8A424DCE 		.ascii	"\212BM\316\327\303\022\206\\\024\212\241\333\336\321"
  78      D7C31286 
  78      5C148AA1 
  78      DBDED1
  79 01d5 5E8CD876 		.ascii	"^\214\330v8/\017\303\237\366ba\020\252`(\332\336\315"
  79      382F0FC3 
  79      9FF66261 
  79      10AA6028 
  79      DADECD
  80 01e8 C5769711 		.ascii	"\305v\227\021\011p@b\200PB\024\274P\025\342FQ\215,l"
  80      09704062 
  80      80504214 
  80      BC5015E2 
  80      46518D2C 
  81 01fd 98819A04 		.ascii	"\230\201\232\004\302\367\2737\316\201tR\\\372\273\241"
  81      C2F7BB37 
  81      CE817452 
  81      5CFABBA1 
  82 020d A12D53EA 		.ascii	"\241-S\352m\034\213\205\346\211b\277\375\226\266\025"
  82      6D1C8B85 
  82      E68962BF 
  82      FD96B615 
  83 021d 0E030D87 		.ascii	"\016\003\015\207o\347pD\307n\004R\327\361\306\321\321"
  83      6FE77044 
  83      C76E0452 
  83      D7F1C6D1 
ARM GAS  /tmp/ccmvgDb9.s 			page 6


  83      D1
  84 022e 26AF67C4 		.ascii	"&\257g\304\021\267\323Q\307r\"!\242\256J\273\\} \\\035"
  84      11B7D351 
  84      C7722221 
  84      A2AE4ABB 
  84      5C7D205C 
  85 0243 05650F86 		.ascii	"\005e\017\206\375x\032\037\342&x(\014\203\010\007B\306"
  85      FD781A1F 
  85      E2267828 
  85      0C830807 
  85      42C6
  86 0255 1AD7DC5C 		.ascii	"\032\327\334\\\365 \304\177\220\014}\004fH\305l\021"
  86      F520C47F 
  86      900C7D04 
  86      6648C56C 
  86      11
  87 0266 073FA8D1 		.ascii	"\007?\250\3212\203\275\3635\372=I\372\305\200\214\011"
  87      3283BDF3 
  87      35FA3D49 
  87      FAC5808C 
  87      09
  88 0277 3D1EE51B 		.ascii	"=\036\345\033\007\363\337\236\350Qg\002\023\211?\370"
  88      07F3DF9E 
  88      E8516702 
  88      13893FF8 
  89 0287 7FFC8FB7 		.ascii	"\177\374\217\267\007P\360O\012\376\300\302\204\323$"
  89      0750F04F 
  89      0AFEC0C2 
  89      84D324
  90 0296 F851F709 		.ascii	"\370Q\367\011&\316\203m\301\275l\020~2\372_\001\031"
  90      26CE836D 
  90      C1BD6C10 
  90      7E32FA5F 
  90      0119
  91 02a8 89592916 		.ascii	"\211Y)\026\213z\264\244\264\240\364D\216ZnUK\362\313"
  91      8B7AB4A4 
  91      B4A0F444 
  91      8E5A6E55 
  91      4BF2CB
  92 02bb 546B4521 		.ascii	"TkE!\255y\326JK!\323\347\027X+KO\025\037\336\215;]^"
  92      AD79D64A 
  92      4B21D3E7 
  92      17582B4B 
  92      4F151FDE 
  93 02d3 51695573 		.ascii	"QiUsr\2633\017\251YY\307\324\334\343\331g2\242\231y"
  93      72B3330F 
  93      A95959C7 
  93      D4DCE3D9 
  93      6732A299 
  94 02e8 65654596 		.ascii	"eeE\226\022&S\352o\261V\232\037"
  94      122653EA 
  94      6FB1569A 
  94      1F
  95              		.text
  96              		.section	.gnu.lto_stStopAlarm.8ef0aff9769d88a3,"",%progbits
  97 0000 789C6366 		.ascii	"x\234cf\300\004R@\254\313\310\300\020\016\244\031\231"
  97      C0045240 
ARM GAS  /tmp/ccmvgDb9.s 			page 7


  97      ACCBC8C0 
  97      100EA419 
  97      99
  98 0011 19189926 		.ascii	"\031\030\231&\234c`h\344`bd\0041\030\030\031\352\231"
  98      9C636068 
  98      E4606264 
  98      04311818 
  98      19EA99
  99 0024 18EB195F 		.ascii	"\030\353\031_2}db\234p`\365\014n\365\245\015\015\015"
  99      327D6462 
  99      9C7060F5 
  99      0C6EF5A5 
  99      0D0D0D
 100 0037 1F166D97 		.ascii	"\037\026m\227h\225\370\311\304\300\360\231\011b\014"
 100      6895F8C9 
 100      C4C0F099 
 100      09620C
 101 0046 E3724675 		.ascii	"\343rFu\006\240\232\217-\177\257s\263\265\000\325\010"
 101      06A09A8F 
 101      2D7FAF73 
 101      B3B500D5 
 101      08
 102 0057 40E41857 		.ascii	"@\344\030W0\262\001\215gX/t\240\341\377\377\305s\356"
 102      30B2018D 
 102      67582F74 
 102      A0E1FFFF 
 102      C573EE
 103 006a 6C676166 		.ascii	"lgaf`x\002\224\002\231\377\224\211\011D3\337b<\364a"
 103      60780294 
 103      0299FF94 
 103      89094433 
 103      DF623CF4 
 104 007f C7D2F347 		.ascii	"\307\322\363G\271Q\214x\320\372^\002l\300g&Ft\303\031"
 104      B9518C78 
 104      D0FA5E02 
 104      6CC06726 
 104      4674C319 
 105 0093 5732B201 		.ascii	"W2\262\001M_\305\310\006\224xw\372x\033\353\013\246"
 105      4D5FC5C8 
 105      06947877 
 105      FA781BEB 
 105      0BA6
 106 00a5 9F4C8C40 		.ascii	"\237L\214@\271\006\026\220\332\373O\316_\344\000\013"
 106      B9061690 
 106      DAFB4FCE 
 106      5FE4000B 
 107 00b5 3180B8D3 		.ascii	"1\200\270\323\317\277^\3054\227qv\343\204\006\216\237"
 107      CFBF5EC5 
 107      34977176 
 107      E384068E 
 107      9F
 108 00c6 4C4C8CAB 		.ascii	"LL\214\253\031\245\030\3270J\201\345\276O~\262\226O"
 108      19A518D7 
 108      304A81E5 
 108      BE4F7EB2 
 108      964F
 109 00d8 7775434B 		.ascii	"wuCK\343\207S\363N\363\377dbf\\\3138\227\361\023\320"
ARM GAS  /tmp/ccmvgDb9.s 			page 8


 109      E38753F3 
 109      4EF3FF64 
 109      62665CCB 
 109      3897F113 
 110 00ed 8D605B18 		.ascii	"\215`[\030\3271\352\"\233\010t?\343z\240\336{\214\215"
 110      D731EA22 
 110      9B08743F 
 110      E37AA0DE 
 110      7B8C8D
 111 0100 0F96BEE7 		.ascii	"\017\226\276\347\0009\020\024\004O\200V\001\375\002"
 111      00391014 
 111      044F8056 
 111      01FD02
 112 010f D425AFA7 		.ascii	"\324%\257\247\247\357\234\221\231\224\351\037\254\237"
 112      A7EF9C91 
 112      9994E91F 
 112      AC9F
 113 011d 5FAC9F91 		.ascii	"_\254\237\221\230\243_\\\224\014\242\343\213K\364\222"
 113      98A35F5C 
 113      940CA2E3 
 113      8B4BF492 
 114 012d 194C31E5 		.ascii	"\031L1\345\013\362\213J\212\365\203C|\215\215\364}|"
 114      0BF28B4A 
 114      8AF58343 
 114      7C8D8DF4 
 114      7D7C
 115 013f 5CF4433C 		.ascii	"\\\364C<}\313\014\241:\342srR\3642\030\000\022m\214"
 115      7DCB0CA1 
 115      3AE27372 
 115      52F43218 
 115      00126D8C 
 116 0153 15       		.ascii	"\025"
 117              		.text
 118              		.section	.gnu.lto_stSetAlarm.8ef0aff9769d88a3,"",%progbits
 119 0000 789C9552 		.ascii	"x\234\225RKHTa\024\376\277\377\336\2713:\242\322jp\241"
 119      4B485461 
 119      14FEBFFF 
 119      DEB9333A 
 119      A2D26A70 
 120 0015 91889B9C 		.ascii	"\221\210\233\234\213I\373\2406\201\322B\367\346\013"
 120      8B49FBA0 
 120      3681D242 
 120      F7E60B
 121 0024 140CC391 		.ascii	"\024\014\303\221v\342\035\035%z\250d\231\024\366@\306"
 121      76E21D1D 
 121      257AA864 
 121      9914F640 
 121      C6
 122 0035 7C345A5A 		.ascii	"|4ZZ>fzLI(HIT*&\345b\204\302\012Mi\032C\355\234;\026"
 122      3E667A4C 
 122      49284849 
 122      542A26E5 
 122      6284C20A 
 123 0051 4CAEBA70 		.ascii	"L\256\272p\357\177\317\177\276s\276s\316w\024\261\367"
 123      EF7FCF7F 
 123      BE73BE73 
 123      CE7714B1 
ARM GAS  /tmp/ccmvgDb9.s 			page 9


 123      F7
 124 0062 C9A1B750 		.ascii	"\311\241\267P\021\242\224NX\004d\353+!\3346)\025\177"
 124      11A2944E 
 124      580464EB 
 124      2B21DC36 
 124      29157F
 125 0075 AA30E2D5 		.ascii	"\2520\342\325Y]\030\011\012\324\350\265\012\360\217"
 125      595D1809 
 125      0AD4E8B5 
 125      0AF08F
 126 0084 80A8938A 		.ascii	"\200\250\223\212\212:|\226k\022\255\301\376\016{\246"
 126      8A3A7C96 
 126      6B12ADC1 
 126      FE0E7BA6 
 127 0094 D7308CD5 		.ascii	"\3270\214\325\372\200\243\321\021\221B\254\313h~\334"
 127      FA80A3D1 
 127      119142AC 
 127      CB687EDC 
 128 00a4 4126415A 		.ascii	"A&AZ\232\033/B9\000A\377\343\003\033/\355\237dDb?\233"
 128      9A1B2F42 
 128      390041FF 
 128      E3031B2F 
 128      ED9F6444 
 129 00bb FE4B531D 		.ascii	"\376KS\035\032\233Res\363\312T\203%\243\3130\352\203"
 129      1A9B5265 
 129      73F3CA54 
 129      8325A3CB 
 129      30EA83
 130 00ce 8121E388 		.ascii	"\201!\343\210\032\221\012z\240P>\364\"\005}H\021t%\320"
 130      1A910A7A 
 130      A0503EF4 
 130      22057D48 
 130      117425D0 
 131 00e2 8F0C86AF 		.ascii	"\217\014\206\257y\266\346\354\232\207\270\223\267\376"
 131      79B6E6EC 
 131      9A87B893 
 131      B7FE
 132 00f0 D0E22E34 		.ascii	"\320\342.4\320A\027\203\373\202\306\316NW\367b@\265"
 132      D0411783 
 132      FB82C6CE 
 132      4E57F762 
 132      40B5
 133 0102 59C0411A 		.ascii	"Y\300A\032\205\253V\376\010\021\"4\367\263,%\237\312"
 133      85AB56FE 
 133      08112234 
 133      F7B32C25 
 133      9FCA
 134 0114 029E8F8C 		.ascii	"\002\236\217\214\373:'\223b\022/\275\370\3410s\256K"
 134      FB3A2793 
 134      62122FBD 
 134      F8E13073 
 134      AE4B
 135 0126 FC4329E0 		.ascii	"\374C)\340\203FL\003\320\302R#\337\267\351\311&\013"
 135      83464C03 
 135      D0C25223 
 135      DFB7E9C9 
 135      260B
ARM GAS  /tmp/ccmvgDb9.s 			page 10


 136 0138 376321B7 		.ascii	"7c!\267a6\36414\363\332f^\0116\257\316\254\364\311N"
 136      6136F431 
 136      34F3DA66 
 136      5E0936AF 
 136      CEACF4C9 
 137 014d 5C77B71A 		.ascii	"\\w\267\032\266\210\3240HM\335\243\246\330\027n\013"
 137      B688D430 
 137      484DDDA3 
 137      A6D8176E 
 137      0B
 138 015e F912B3FA 		.ascii	"\371\022\263\372\015\217{u\301\337\234\026\221V\334"
 138      0D8F7B75 
 138      C1DF9C16 
 138      9156DC
 139 016d 4727BE53 		.ascii	"G'\276S\231&\021\206\220%\026\320\360\263\351\213\032"
 139      99261186 
 139      902516D0 
 139      F0B3E98B 
 139      1A
 140 017e E5B44669 		.ascii	"\345\264Fi\257\315-o(\314\241\322\230\206)\333;x\346"
 140      AFCD2D6F 
 140      28CCA1D2 
 140      988629DB 
 140      3B78E6
 141 0191 27CE7FCD 		.ascii	"'\316\177\315\346\262\011E\020ww\340\202\325\204P\262"
 141      E6B20945 
 141      107777E0 
 141      82D58450 
 141      B2
 142 01a2 074C28B8 		.ascii	"\007L(\270qE\370S\225E\250\014\344\022n\274i\036\220"
 142      7145F853 
 142      9545A80C 
 142      E4126EBC 
 142      691E90
 143 01b5 B5BF8CB3 		.ascii	"\265\277\214\263\\\235m]2\365C\324\262\253\275\345\355"
 143      5C9D6D5D 
 143      32F543D4 
 143      B2ABBDE5 
 143      ED
 144 01c6 9842AE0E 		.ascii	"\230B\256\016v\305\361\264c\332\2133\315\336\226\313"
 144      76C5F1B4 
 144      63DA8B33 
 144      CDDE96CB 
 145 01d6 63F8DB5E 		.ascii	"c\370\333^<FP\213\321\335\366n\206z:\354\224\200\026"
 145      3C46508B 
 145      D1DDF66E 
 145      867A3AEC 
 145      948016
 146 01e9 240E8C32 		.ascii	"$\016\2142I1\216\332\210\264\233\325\250\246\014\263"
 146      49318EDA 
 146      88B49BD5 
 146      A8A60CB3 
 147 01f9 A84F66FC 		.ascii	"\250Of\374\260w\363\034\224\223\346\320\337\217\216"
 147      B077F31C 
 147      9493E6D0 
 147      DF8F8E
 148 0208 6E27A4DF 		.ascii	"n'\244\337\246\265X\232\237(\013zn\031\333;;\340\345"
ARM GAS  /tmp/ccmvgDb9.s 			page 11


 148      A6B5589A 
 148      9F280B7A 
 148      6E19DB3B 
 148      3BE0E5
 149 021b F0C72EC7 		.ascii	"\360\307.\307\356\332\005\220\036\246\211\223\242\355"
 149      EEDA0590 
 149      1EA68993 
 149      A2ED
 150 0229 E3BE95C6 		.ascii	"\343\276\225\306\304XE\033\303\016F\354\252\252\354"
 150      C458451B 
 150      C30E46EC 
 150      AAAAEC
 151 0238 51F591A9 		.ascii	"Q\365\221\251\352ch\377!\330\354tRD&\340\211)\030\242"
 151      EA6368FF 
 151      21D8EC74 
 151      524426E0 
 151      892918A2 
 152 024c 3908F2AC 		.ascii	"9\010\362\254m\303+u\037A\202\007Y\320\247\310B:E\233"
 152      6DC32B75 
 152      1F418207 
 152      59D0A7C8 
 152      423A459B 
 153 0260 7E04A173 		.ascii	"~\004\241s\231\037\340^\362\206m\346<\004\357%x\020"
 153      991FE05E 
 153      F2866DE6 
 153      3C04EF25 
 153      7810
 154 0272 34E134A7 		.ascii	"4\3414\247S?Z^Q\\q\"_\257r\351\345E\225\272\253\272"
 154      533F5A5E 
 154      515C7122 
 154      5FAF72E9 
 154      E54595BA 
 155 0288 84CF4257 		.ascii	"\204\317BW\215\263DX\213\212]5\025\247\312\016\357\305"
 155      8DB34458 
 155      8B8A5D35 
 155      15A7CA0E 
 155      EFC5
 156 029a 9DAEAAAE 		.ascii	"\235\256\252\256q\351\371\005y9\207\364\334\334cz\301"
 156      71E9F905 
 156      793987F4 
 156      DCDC637A 
 156      C1
 157 02ab F1BC33D9 		.ascii	"\361\2743\331\273\221\205\225\225\245\316r\241r\350"
 157      BB918595 
 157      95A5CE72 
 157      A172E8
 158 02ba 6F57FC56 		.ascii	"oW\374Ve"
 158      65
 159              		.text
 160              		.section	.gnu.lto_stGetAlarm.8ef0aff9769d88a3,"",%progbits
 161 0000 789C9552 		.ascii	"x\234\225R\337KSQ\034?\337s\356\275\233.*z\032{\320"
 161      DF4B5351 
 161      1C3FDF73 
 161      EEBD9B2E 
 161      2A7A1A7B 
 162 0015 A0C0A7ED 		.ascii	"\240\300\247\355b\322_P/\201\322\203B\217R\3660a`8\351"
 162      62D25F50 
ARM GAS  /tmp/ccmvgDb9.s 			page 12


 162      2F81D283 
 162      428F52F6 
 162      30616038 
 163 002a 6DECCC96 		.ascii	"m\354\314\226\004\205JJ\315b\026\304\312\037m\366\323"
 163      04854A4A 
 163      CD6216C4 
 163      CA1F6DF6 
 163      D3
 164 003b B66BA015 		.ascii	"\266k\240\025a$%Q9\021+\037&\024Eh\033\330\210\271\276"
 164      61242551 
 164      39112B1F 
 164      26144568 
 164      1BD888B9 
 165 0050 DFB315AC 		.ascii	"\337\263\025\254=u\341\236s\277\347\3639\237\357\367"
 165      3D75E19E 
 165      73BFE7F3 
 165      399FEFF7 
 166 0060 F3FD5EC1 		.ascii	"\363\375^\301\252\237&|?p\306\216\341\016:\003>\370"
 166      AA9F267C 
 166      3F70C68E 
 166      E10E3A03 
 166      3EF8
 167 0072 9AB1909D 		.ascii	"\232\261\220\235sa\3251Y\253-\231L\356\020\240\225\216"
 167      7361D531 
 167      59AB2D99 
 167      4CEE10A0 
 167      958E
 168 0084 3500FA60 		.ascii	"5\000\372`\300\202\\h\020\204/|\223C*\221{\345\370\314"
 168      C0825C68 
 168      10842F7C 
 168      93432A91 
 168      7BE5F8CC 
 169 0098 F39CED65 		.ascii	"\363\234\355e\030Z\027_D\014\012A\2430\275\024I\327"
 169      185A175F 
 169      440C0A41 
 169      A330BD14 
 169      49D7
 170 00aa 34C4A4EC 		.ascii	"4\304\244\354\335\350\235\365\215\014_G\204\263,gp\013"
 170      DDE89DF5 
 170      8D0C5F47 
 170      84B32C67 
 170      700B
 171 00bc 5C30062E 		.ascii	"\\0\006.\322\033\207\006\342n\206\013i\207\021\226R"
 171      D21B8706 
 171      E26E860B 
 171      69871196 
 171      52
 172 00cd EE2E6051 		.ascii	"\356.`QHBl\002\014\300\015\017\246\366\314\311b\361"
 172      48426C02 
 172      0CC00D0F 
 172      A6F6CCC9 
 172      62F1
 173 00df C6E8EAAC 		.ascii	"\306\350\352\254f\023\014et\\\204A\013c\031$Sq\353\250"
 173      66130C65 
 173      745C8441 
 173      0B631924 
 173      5371EBA8 
ARM GAS  /tmp/ccmvgDb9.s 			page 13


 174 00f3 8EBB5881 		.ascii	"\216\273X\201\247\323\251Xt~W\205\356\332\363m\247\222"
 174      A7D3A958 
 174      747E5785 
 174      EEDAF36D 
 174      A792
 175 0105 CC72F827 		.ascii	"\314r\370'#\203I00\321m0\266\270\216\330\367\205\371"
 175      23834930 
 175      30D16D30 
 175      B6B88ED8 
 175      F785F9
 176 0118 3E9D8C68 		.ascii	">\235\214h\010Ke\346Sf\361\215]\0351\012//~\235\340"
 176      084B65E6 
 176      5366F18D 
 176      5D1D310A 
 176      2F2F7E9D 
 177 012d 51B81A1A 		.ascii	"Q\270\032\032\224\366<\327!\216\216\022\344\010\261"
 177      94F63CD7 
 177      218E8E12 
 177      E408B1
 178 013c ADA14C7C 		.ascii	"\255\241L|\247{R\206C\033/\255\376\372<7`\012\242\360"
 178      A77B5286 
 178      431B2FAD 
 178      FEFA3C37 
 178      600AA2F0 
 179 0150 03CB5489 		.ascii	"\003\313T\211\340\016\270\331\012\234\371\331\367M+"
 179      E00EB8D9 
 179      0A9CF9D9 
 179      F74D2B
 180 015f E52CA7BD 		.ascii	"\345,\247\275\222^\317\011\312!\260GwQ\355=\204\227"
 180      925ECF09 
 180      CA21B047 
 180      7751ED3D 
 180      8497
 181 0171 9F9D2F34 		.ascii	"\237\235/4R\331\310BJ\350\346\314\005\233\242\240\330"
 181      52D9C842 
 181      4AE8E6CC 
 181      059BA2A0 
 181      D8
 182 0182 3DD54232 		.ascii	"=\325B2.\230U'VA#\"\2250\372\266?\301\003\277\3449\252"
 182      2E985527 
 182      56412322 
 182      9530FAB6 
 182      3FC103BF 
 183 0199 CE96E594 		.ascii	"\316\226\345\224\372>\004\010\2724\360.)\020\212\020"
 183      FA3E0408 
 183      BA34F02E 
 183      29108A10 
 184 01a9 64A76657 		.ascii	"d\247fW\330\263\253p|`8\011\177\355\325\300\003\010"
 184      D8B3AB70 
 184      7C603809 
 184      7FEDD5C0 
 184      0308
 185 01bb C0C3B2BD 		.ascii	"\300\303\262\275k\231\261\210\003\005\234H\206id\251"
 185      6B99B188 
 185      03059C48 
 185      866964A9 
 186 01cb A4F00802 		.ascii	"\244\360\010\002y^\253\252\321\376\214\301\032\211\025"
ARM GAS  /tmp/ccmvgDb9.s 			page 14


 186      795EABAA 
 186      D1FE8CC1 
 186      1A8915
 187 01da F5CA2984 		.ascii	"\365\312)\204\203\345!\210\252!$\325\020RdU\374G\213"
 187      83E52188 
 187      AA2124D5 
 187      10526455 
 187      FC478B
 188 01ed B717F6E7 		.ascii	"\267\027\366\347\271\003,\325b(\311 \345\311P.\306\315"
 188      B9032CD5 
 188      6228C920 
 188      E5C9502E 
 188      C6CD
 189 01ff 3852E65C 		.ascii	"8R\346\\4\202\031p\303>\274\255px\014&\373\010\241\265"
 189      34821970 
 189      C33EBCAD 
 189      70780C26 
 189      FB08A1B5 
 190 0213 B34567A9 		.ascii	"\263Eg\251\271\330O\374\221\200*\307\226\324{<\346!"
 190      B9D84FFC 
 190      91802AC7 
 190      96D47B3C 
 190      E621
 191 0225 6FE789CE 		.ascii	"o\347\211\316\243\255f\227\337\364\036\367\231\376\356"
 191      A3AD6697 
 191      DFF41EF7 
 191      99FEEE
 192 0234 0EDADBFD 		.ascii	"\016\332\333\375=\236\016v\260\032?\325\325\335\343"
 192      3D9E0E76 
 192      B01A3FD5 
 192      D5DDE3
 193 0243 375BDB5A 		.ascii	"7[\333Z\232\016\230\315\315\207\315\266#-\247\033\313"
 193      9A0E98CD 
 193      CD87CDB6 
 193      232DA71B 
 193      CB
 194 0254 37DA7DBE 		.ascii	"7\332}\276\223\036/\373\015'\342'\326"
 194      931E2FFB 
 194      0D27E227 
 194      D6
 195              		.text
 196              		.section	.gnu.lto_.symbol_nodes.8ef0aff9769d88a3,"",%progbits
 197 0000 789C558A 		.ascii	"x\234U\212\273\021\203@\020C\265\332\2039\372\241?\021"
 197      BB118340 
 197      1043B5DA 
 197      8339FAA1 
 197      3F11
 198 0012 B8002A60 		.ascii	"\270\000*`\010\034:%0\346c\273\000j\240\022\01768\340"
 198      081C3A25 
 198      30E663BB 
 198      006AA012 
 198      0F3638E0 
 199 0026 9468A4F7 		.ascii	"\224h\244\367\034\300\015\377\360N\001\365\002Hh\332"
 199      1CC00DFF 
 199      F04E01F5 
 199      024868DA 
 200 0036 08F6949D 		.ascii	"\010\366\224\235\217\354I\264\224\363A11\207\357\233"
ARM GAS  /tmp/ccmvgDb9.s 			page 15


 200      8FEC49B4 
 200      94F34131 
 200      3187EF9B 
 201 0046 982FDA6E 		.ascii	"\230/\332n\216TH\300\233\374\001\233\250\354\000\250"
 201      8E5448C0 
 201      9BFC019B 
 201      A8EC00A8 
 202 0056 AA089BA9 		.ascii	"\252\010\233\251\374\264\035\021\327\365cn\005.]\351"
 202      FCB41D11 
 202      D7F5636E 
 202      052E5DE9 
 203 0066 E1A87C2F 		.ascii	"\341\250|/lT-.;"
 203      6C542D2E 
 203      3B
 204              		.text
 205              		.section	.gnu.lto_.refs.8ef0aff9769d88a3,"",%progbits
 206 0000 789C6366 		.ascii	"x\234cf``\020`\200\000FF&&\026F\026&V\026F6&v\026\006"
 206      60601060 
 206      80004646 
 206      26261646 
 206      16265616 
 207 001a 00034700 		.ascii	"\000\003G\000B"
 207      42
 208              		.text
 209              		.section	.gnu.lto_.decls.8ef0aff9769d88a3,"",%progbits
 210 0000 789CB558 		.ascii	"x\234\265XkPTG\026\276}{x\015\003\270\270\245)~\304"
 210      6B505447 
 210      16BE7D7B 
 210      780D03B8 
 210      B8A5297E 
 211 0015 472A9449 		.ascii	"G*\224I\031'\342\232ljkK\015ZjUL\334\301\255JU~L\010"
 211      1927E29A 
 211      6C6A6B4B 
 211      0D5A6A55 
 211      4CDCC1AD 
 212 002e 92852A44 		.ascii	"\222\205*D\227\031\263\353\277\313Ky\210\"\202\202\210"
 212      9719B3EB 
 212      BFCB4B79 
 212      88228282 
 212      88
 213 003f 8E010141 		.ascii	"\216\001\001A\036c@y\211\250+\017A\360\001\210A\005"
 213      1E634079 
 213      89A82B0F 
 213      41F00188 
 213      4105
 214 0051 11010575 		.ascii	"\021\001\005u\000\025Pa\366t\367\2753w\306\321\315\326"
 214      00155061 
 214      F674F7BD 
 214      3377C6D1 
 214      CDD6
 215 0063 D6DEAA33 		.ascii	"\326\336\2523\367\236\356\257\277\363\235\356\276\335"
 215      F79EEEAF 
 215      BFF39DEE 
 215      BEDD
 216 0071 7D07731C 		.ascii	"}\007s\034\367{\236\343\314p\351\2759\256\002\236\235"
 216      F77B9EE3 
 216      CC70E9BD 
ARM GAS  /tmp/ccmvgDb9.s 			page 16


 216      39AE029E 
 216      9D
 217 0082 A16C2318 		.ascii	"\241l#\030<r\345`5\034\273\\\300\352\300\332\300\256"
 217      3C72E560 
 217      351CBB5C 
 217      C0EAC0DA 
 217      C0AE
 218 0094 81DD00EB 		.ascii	"\201\335\000\353\004\353\002\273\003\206\301\356\201"
 218      04EB02BB 
 218      0386C1EE 
 218      81
 219 00a1 F5830D72 		.ascii	"\365\203\015r\266W\235XOx\207\300\316\212\345\274X\327"
 219      B6579D58 
 219      4F7887C0 
 219      CE8AE5BC 
 219      58D7
 220 00b3 C5BD7991 		.ascii	"\305\275y\2218\036b\033O0\025X3\330\002\260\305\210"
 220      381E621B 
 220      4F301558 
 220      33D802B0 
 220      C588
 221 00c5 E33E061B 		.ascii	"\343>\006\033\201\347O\020\323Y\006\326\015\246@,\326"
 221      81E74F10 
 221      D35906D6 
 221      0DA6402C 
 221      D6
 222 00d6 FB70FF10 		.ascii	"\373p\377\020l.\230B\344[\216\230\326\317\341\216D\275"
 222      6C2E9842 
 222      E45B8E98 
 222      D6CFE18E 
 222      44BD
 223 00e8 F28BE4A5 		.ascii	"\362\213\344\245\020c\312c \221\217\0271_\2407\365\336"
 223      1063CA63 
 223      20918F17 
 223      315FA037 
 223      F5DE
 224 00fa F82FF492 		.ascii	"\370/\364\222>\255\226\351\345ez\025\"\227\244\365O"
 224      3EAD96E9 
 224      E5657A15 
 224      2297A4F5 
 224      4F
 225 010b A2D67EBB 		.ascii	"\242\326~\273x\235b\214\3775V\247,\326\237\305X\366"
 225      789D628C 
 225      FF3556A7 
 225      2CD69FC5 
 225      58F6
 226 011d E337CAA3 		.ascii	"\3437\312\243\306\302\254\3571\217\340Qq\377p\351i/"
 226      C6C2ACEF 
 226      318FE051 
 226      71FF70E9 
 226      692F
 227 012f E4EBE3A3 		.ascii	"\344\353\343\243\314\021\004!NX\211\012\221\022\345"
 227      CC110421 
 227      4E58890A 
 227      9112E5
 228 013e 212C6B91 		.ascii	"!,k\221\016\345\223+H\005<\272\322{\234 D\011\246\024"
 228      0EE5932B 
ARM GAS  /tmp/ccmvgDb9.s 			page 17


 228      48053CBA 
 228      D27B9C20 
 228      4409A614 
 229 0152 01BFC7A1 		.ascii	"\001\277\307\241\305>\350#\037\016\345#_Z\305\241\002"
 229      C53EE823 
 229      1F0EE523 
 229      5F5AC5A1 
 229      02
 230 0163 E4834E20 		.ascii	"\344\203N \037\022\251o\377h\274\223RD\307\375'tf\362"
 230      1F12A96F 
 230      FF68BC93 
 230      5244C7FD 
 230      277466F2 
 231 0177 F50CD510 		.ascii	"\365\014\325\020\217<\225!\304\0359e\250w\005W\245\364"
 231      8F3C9521 
 231      C41D3965 
 231      A8770557 
 231      A5F4
 232 0189 206E65F1 		.ascii	" ne\361\263+\356\264v>q\253R\032\323\235i\255\202\270"
 232      B32BEEB4 
 232      763E71AB 
 232      521AD39D 
 232      69AD82B8 
 233 019d 13B1A678 		.ascii	"\023\261\246x%uU\324\035+|\245 \201\005!9Zpk\364\204"
 233      257555D4 
 233      1D2B7CA5 
 233      20810521 
 233      395A706B 
 234 01b3 0A5402A1 		.ascii	"\012T\002\241J!\024\207N\321\320\213|\220\221En\331"
 234      4A211487 
 234      4ED1D08B 
 234      7C909145 
 234      6ED9
 235 01c5 7BA94BE5 		.ascii	"{\251K\345\235L\341\2020\037\321^(\002x1\205\377\202"
 235      9D4CE182 
 235      301FD15E 
 235      28027831 
 235      85FF82
 236 01d8 BCA54604 		.ascii	"\274\245F\004]8T^\302\313\321'\337\205\236\034H\314"
 236      5D38545E 
 236      C2CBD127 
 236      DF859E1C 
 236      48CC
 237 01ea 55A81248 		.ascii	"U\250\022H\037\210R\312\220\267LK9\"CN\357\200\216\253"
 237      1F8852CA 
 237      90B74C4B 
 237      3922434E 
 237      EF808EAB 
 238 01fe 49CD75A3 		.ascii	"I\315u\243Y~K\032\017&\347\227\250hZ\356\304Mz9z\305"
 238      597E4B1A 
 238      0F26E797 
 238      A8685AEE 
 238      C44D7A39 
 239 0214 93BA4AE2 		.ascii	"\223\272J\342\276\234j\210t~{\226\225R\226\025,\313"
 239      BE9C6A88 
 239      747E7B96 
 239      95529615 
ARM GAS  /tmp/ccmvgDb9.s 			page 18


 239      2CCB
 240 0226 C6988236 		.ascii	"\306\230\2026\017\373,O\003\374\014\205WQ\335\225\222"
 240      0FFB2C4F 
 240      03FC0C85 
 240      5751DD95 
 240      92
 241 0237 EE991173 		.ascii	"\356\231\021s\223\227}\226oE\267\274h\036\367\264\311"
 241      93977D96 
 241      6F45B7BC 
 241      681EF7B4 
 241      C9
 242 0248 B2DA26CB 		.ascii	"\262\332&\313\0321\313\032\232e\365\253\276v\305\334"
 242      1A31CB1A 
 242      9A65F5AB 
 242      BE76C5DC 
 243 0258 3451F82C 		.ascii	"4Q\370,\005\3328G\206=\213\346\302\357w\012\306l8\023"
 243      05DA3847 
 243      863D8BE6 
 243      C2EF770A 
 243      C66C3813 
 244 026c 33A6C02E 		.ascii	"3\246\300.d\272\242\354\364{\355\312\305\005t\252\326"
 244      64BAA2EC 
 244      F47BEDCA 
 244      C50574AA 
 244      D6
 245 027d 9990754A 		.ascii	"\231\220uJ\017\024?8\304\317?\"\030JME\223\267TB\243"
 245      0F143F38 
 245      C4CF3F22 
 245      184A4D45 
 245      93B75442 
 246 0292 506736AF 		.ascii	"Pg6\257\240T\250\026at\016-\246\341k\305\231\215\352"
 246      A054A816 
 246      61740E2D 
 246      A6E16BC5 
 246      998DEA
 247 02a5 D07C68D6 		.ascii	"\320|h\326z\304P\346\205\227S\356s\265\223\365J\274"
 247      7AC450E6 
 247      859753EE 
 247      73B593F5 
 247      4ABC
 248 02b7 823EEF8E 		.ascii	"\202>\357\216\353mR\342u\36492\267z\267\013\364\371"
 248      EB6D52E2 
 248      75F43932 
 248      B77AB70B 
 248      F4F9
 249 02c9 02258DD4 		.ascii	"\002%\215\324\2239\225\343F]\262\322zA\021\3378 d{\""
 249      933995E3 
 249      465DB2D2 
 249      7A4111DF 
 249      3820647B 
 250 02de 5FFA0A99 		.ascii	"_\372\012\231\012\263\373\326E\303{\324\000\275u\321"
 250      0AB3FBD6 
 250      45C37BD4 
 250      00BD75D1 
 251 02ee 1299B626 		.ascii	"\022\231\266&W\234\265\2078K\312\250\036^\207\005J\212"
 251      579CB587 
 251      384BCAA8 
ARM GAS  /tmp/ccmvgDb9.s 			page 19


 251      1E5E8705 
 251      4A8A
 252 0300 45FF82C2 		.ascii	"E\377\202\302Kt\300\370K\257kc\234\220\322\327q\243"
 252      4B74C0F8 
 252      4BAF6B63 
 252      9C90D2D7 
 252      71A3
 253 0312 26078DA8 		.ascii	"&\007\215\250\204\370\330\2249\202\240@\215 \341\202"
 253      84F8D894 
 253      3982A040 
 253      8D20E182 
 254 0322 55420352 		.ascii	"UB\003RJ\375\305?.N)G\222\344\226\330\274\277D\201\344"
 254      4AFDC53F 
 254      2E4E2947 
 254      92E496D8 
 254      BCBF4481 
 255 0337 66C09FB7 		.ascii	"f\300\237\267\342\033\321;5_v\250\031\031\223\356\306"
 255      E21BD13B 
 255      355F76A8 
 255      191993EE 
 255      C6
 256 0348 BB286065 		.ascii	"\273(`e\242t\337\321\227\363VW\374\242\267\216\366\025"
 256      A274DFD1 
 256      97F35657 
 256      FCA2B78E 
 256      F615
 257 035a 3ADA2D48 		.ascii	":\332-H\034\356\362\252\253#J\334\200h\337\267\031\317"
 257      1CEEF2AA 
 257      AB234ADC 
 257      8068DFB7 
 257      19CF
 258 036c DD748761 		.ascii	"\335t\207a\355\205a\255\330\2113\004C\2240c6#\332\012"
 258      ED8561AD 
 258      D8893304 
 258      43943063 
 258      3623DA0A 
 259 0380 B5CA06B6 		.ascii	"\265\312\006\266U\032\3306:\260{\023\037\305\362\270"
 259      551AD836 
 259      3AB07B13 
 259      1FC5F2B8 
 260 0390 9DB13447 		.ascii	"\235\2614G^\214t\246,\206\252lg65\350\314\270*#\270"
 260      5E8C74A6 
 260      2C86AA6C 
 260      673635E8 
 260      CCB82A23 
 261 03a5 2A115CA3 		.ascii	"*\021\\\243\004\245\371\246Z\017\334\313\010n\347\335"
 261      04A5F9A6 
 261      5A0FDCCB 
 261      086EE7DD 
 262 03b5 EC60320C 		.ascii	"\354`2\014]\026\002\242\340\272\214\340\272Dp\203\022"
 262      5D1602A2 
 262      E0BA8CE0 
 262      BA447083 
 262      12
 263 03c6 545C6F9F 		.ascii	"T\\o\237p\221'M\272\303\232u\273\315\034/\352\235\034"
 263      7091274D 
 263      BAC39A75 
ARM GAS  /tmp/ccmvgDb9.s 			page 20


 263      BBCD1C2F 
 263      EA9D1C
 264 03d9 56E16116 		.ascii	"V\341a\026-##\323\217\006\353\235\274_o\235\312\320"
 264      2D2323D3 
 264      8F06EB9D 
 264      BC5F6F9D 
 264      CAD0
 265 03eb 0275C8E2 		.ascii	"\002u\310\342uH\361:i\274\033\207R\312\020~\301(\316"
 265      7548F13A 
 265      69BC1B87 
 265      52CA107E 
 265      C128CE
 266 03fe 644EA562 		.ascii	"dN\245b\302!\230\022\036\316\254\334\027\235\234#\364"
 266      C2219812 
 266      1ECEACDC 
 266      179D9C23 
 266      F4
 267 040f 9ACDF3D8 		.ascii	"\232\315\363\330\013qS\306rSb\351\242,\351\011\351q"
 267      0B7153C6 
 267      725362E9 
 267      A22CE909 
 267      E971
 268 0421 2A9BD7F8 		.ascii	"*\233\327\370\244\215\354[\3545\006\244y:c\034\321q"
 268      A48DEC5B 
 268      EC3506A4 
 268      793A631C 
 268      D171
 269 0433 8632719C 		.ascii	"\2062q\234M\273\013\037\271\275u\240\273i\312\277J\003"
 269      4DBB0B1F 
 269      B9BD75A0 
 269      BB69CABF 
 269      4A03
 270 0445 5DB2FFDE 		.ascii	"]\262\377\336\230+\256\240\373\020\312+\177P\212\250"
 270      982BAEA0 
 270      FB10CA2B 
 270      7F508AA8 
 271 0455 E0D284E1 		.ascii	"\340\322\204\341\210\014\341\2304\316\320\010\335\226"
 271      880CE198 
 271      34CED008 
 271      DD96
 272 0463 E9BD2DE9 		.ascii	"\351\275-\351\275C\365>HI3a|\217\221\324<\210*t\305"
 272      BD43F53E 
 272      48493361 
 272      7C8F91D4 
 272      3C882A74 
 273 0478 8F9813D5 		.ascii	"\217\230\023\325|\276A1o\222\317\202-\013\026\\R4\226"
 273      7CBE4131 
 273      6F92CF82 
 273      2D0B165C 
 273      523496
 274 048b 7B7B4AF5 		.ascii	"{{J\365\3011\341\252\301TTS\217\"\223\015Q\311\002\031"
 274      C131E1AA 
 274      C1545453 
 274      8F22930D 
 274      51C90219 
 275 049f 4ABA22DF 		.ascii	"J\272\"\337\205(0yd\013y\017\211\205z\021t\333=\364"
 275      85283079 
ARM GAS  /tmp/ccmvgDb9.s 			page 21


 275      640B790F 
 275      89857A11 
 275      74DB3DF4 
 276 04b3 0110441B 		.ascii	"\001\020D\033\367\277p\303;1\015\360\274\274\244\331"
 276      F7BF70C3 
 276      3B310DF0 
 276      BCBCA4D9 
 277 04c3 735E2A26 		.ascii	"s^*&\001\252Y\200!\343\316gN4\200\341\327lA\321(\304"
 277      01AA5980 
 277      21E3CE67 
 277      4E3480E1 
 277      D76C41D1 
 278 04d9 904EA72B 		.ascii	"\220N\247+!a\207\211![@\373(\373}\302\336O\331w\265"
 278      21618789 
 278      215B40FB 
 278      28FB7DC2 
 278      DE4FD977 
 279 04ee 08DD2A6C 		.ascii	"\010\335*l`\354\211/[_\250\346\025\313\331\373\232\240"
 279      60EC892F 
 279      5B5FA8E6 
 279      15CBD9FB 
 279      9AA0
 280 0500 C719FB4B 		.ascii	"\307\031\373K\007\354\2356\354\017(\373\000a\037\244"
 280      07EC9D36 
 280      EC0F28FB 
 280      00611FA4 
 281 0510 EC77D3EB 		.ascii	"\354w\323\353\022l\267!2\025\254\2433$.\320Ct\201\256"
 281      126CB721 
 281      3215ACA3 
 281      33242ED0 
 281      437481AE 
 282 0524 7F58BB87 		.ascii	"\177X\273\207m\305\2023\211]z\2560\336\215n<\337\023"
 282      6DC58233 
 282      895D7AAE 
 282      30DE8D6E 
 282      3CDF13
 283 0537 F742E5AE 		.ascii	"\367B\345\256,\005\256bR\037_\310\371'\331\204\242\177"
 283      2C05AE62 
 283      521F5FC8 
 283      F927D984 
 283      A27F
 284 0549 DB12052D 		.ascii	"\333\022\005-b2\314\3171\256g\315\017M\225\234p\307"
 284      6232CCCF 
 284      31AE67CD 
 284      0F4D959C 
 284      70C7
 285 055b 974527A3 		.ascii	"\227E'\243\241[\201[\231\223\223v\340\244\023\015\352"
 285      A15B815B 
 285      99939376 
 285      E0A4130D 
 285      EA
 286 056c 4A17E5B6 		.ascii	"J\027\345\266\366\275n\370\006\253\313M\235\210\367"
 286      F6BD6EF8 
 286      06ABCB4D 
 286      9D88F7
 287 057b C25DCC69 		.ascii	"\302]\314i\356\233\034g\273\344,\342N\275j\277\305\343"
 287      EE9B1C67 
ARM GAS  /tmp/ccmvgDb9.s 			page 22


 287      BBE42CE2 
 287      4EBD6ABF 
 287      C5E3
 288 058d 6E5677B9 		.ascii	"nVw\271\363\336\317N\270\2079\031\023-\365^\024\370"
 288      F3DECF4E 
 288      B8873919 
 288      132DF55E 
 288      14F8
 289 059f 1E3D2564 		.ascii	"\036=%dFG{\341\007\254\316\2207m\366\304\303\314\221"
 289      46477BE1 
 289      07ACCE90 
 289      376DF6C4 
 289      C3CC91
 290 05b2 0E1B2A76 		.ascii	"\016\033*v\3308|\376\3215\017lbu\343}Q3\010?cN~_k\212"
 290      D8387CFE 
 290      D1350F6C 
 290      6275E37D 
 290      5133083F 
 291 05cc 07052E22 		.ascii	"\007\005.\"\356\321\324)\177<\311\252\252F\023\237\271"
 291      EED1D429 
 291      7F3CC9AA 
 291      AA46139F 
 291      B9
 292 05dd E2D7CCE9 		.ascii	"\342\327\314\351\231\350\271\340Bq\237\0227\255\346"
 292      99E8B9E0 
 292      42719F12 
 292      37ADE6
 293 05ec 700ADBE6 		.ascii	"p\012\333\346\005Z\275\2478g\234\011\303\224\365\330"
 293      055ABDA7 
 293      38679C09 
 293      C394F5D8 
 294 05fc ED16FCF6 		.ascii	"\355\026\374\366\215=\212\0277\366H\236\366g\326\360"
 294      8D3D8A17 
 294      37F6489E 
 294      F667D6F0 
 295 060c D502D956 		.ascii	"\325\002\331V\255\247+\277\300\373\240q\012\217\346"
 295      ADA72BBF 
 295      C0FBA071 
 295      0A8FE6
 296 061b BDA54604 		.ascii	"\275\245F\004}\260#\337\344\"G\217\274\013\235p \265"
 296      7DB023DF 
 296      E422478F 
 296      BC0B9D70 
 296      20B5
 297 062d 1E61D84D 		.ascii	"\036a\330M\210\323\0219\320\311\343\030\346\234\312"
 297      88D31139 
 297      D0C9E318 
 297      E69CCA
 298 063c 3E7E9ACD 		.ascii	">~\232\315\211\2254\205\233\327:\\p<\253\2534&O\261"
 298      89953485 
 298      9BD73A5C 
 298      703CABAB 
 298      34264FB1 
 299 0650 83CA3AE2 		.ascii	"\203\312:\3426\225'\325)q\022\253\233.\354\237\344q"
 299      369527D5 
 299      297112AB 
 299      9B2EEC9F 
ARM GAS  /tmp/ccmvgDb9.s 			page 23


 299      E471
 300 0662 0A73066B 		.ascii	"\012s\006kG\004\236\0027\022\367\356\343\244\036W\234"
 300      47049E02 
 300      3712F7EE 
 300      E3A41E57 
 300      9C
 301 0673 661BC093 		.ascii	"f\033\300\223\005HH4\232]\336\336){\245N\371\210\366"
 301      05484834 
 301      9A5DDEDE 
 301      297BA54E 
 301      F988F6
 302 0686 4964D6F1 		.ascii	"Id\326\361^,fi\220\372d\017di\242\350d\232\345^)\313"
 302      5E2C6669 
 302      90FA640F 
 302      6469A2E8 
 302      649AE55E 
 303 069c D1AE9836 		.ascii	"\321\256\2306w9z\344]\350+/\362\263\234q&S)\235\330"
 303      77397AE4 
 303      5DE82B2F 
 303      F2B39C71 
 303      2653299D 
 304 06b1 54F4C436 		.ascii	"T\364\3046\247\273mW\211\007Z\310\256\331\013e\227\357"
 304      A7BB6D57 
 304      89075AC8 
 304      AED90B65 
 304      97EF
 305 06c3 42831013 		.ascii	"B\203\020\023mj4\326\254\336\227\267Sh\374\224\006I"
 305      6D6A34D6 
 305      ACDE97B7 
 305      5368FC94 
 305      0649
 306 06d5 E431CAE4 		.ascii	"\3441\312\344g[\337\231\335<\211\3701\374p\004o\330"
 306      675BDF99 
 306      DD3C89F8 
 306      31FC7004 
 306      6FD8
 307 06e7 63DC5C17 		.ascii	"c\334\\\027\203)6\301\036\033O\261%\310\002\236)q\026"
 307      832936C1 
 307      1E1B4FB1 
 307      25C8029E 
 307      297116
 308 06fa 7927911D 		.ascii	"y'\221\035v\012\331\362\276\264@\307\354\241\343v\320"
 308      760AD9F2 
 308      BEB440C7 
 308      ECA1E376 
 308      D0
 309 070b 78AB8469 		.ascii	"x\253\204i{\354kd'a\332\302;a\217}a\217}m\301>w\214"
 309      7BEC6B64 
 309      2761DAC2 
 309      3B618F7D 
 309      618F7D6D 
 310 0723 A51AF689 		.ascii	"\245\032\366\211Su\245\236C\017\241\376\021\255\"hX"
 310      5375A59E 
 310      430FA1FE 
 310      11AD2268 
 310      58
 311 0734 58503EEF 		.ascii	"XP>\357\213\262\370\205\3500X6\330\021\260\203`9`\207"
ARM GAS  /tmp/ccmvgDb9.s 			page 24


 311      8BB2F885 
 311      E8305836 
 311      D811B083 
 311      60396087 
 312 0748 C032C00E 		.ascii	"\3002\300\016\200\031\300\362\300\322\301\216\201\035"
 312      8019C0F2 
 312      C0D2C18E 
 312      811D
 313 0756 07CB053B 		.ascii	"\007\313\005;\012\226\006\226\012v\002\354g~!\335a\250"
 313      0A960696 
 313      0A7602EC 
 313      677E21DD 
 313      61A8
 314 0768 C0A71681 		.ascii	"\300\247\026\201O\354\005.\262\313\345\211\005\372\330"
 314      4FEC052E 
 314      B2CBE589 
 314      05FAD8
 315 0777 21D4DA9D 		.ascii	"!\324\332\235S\026\344\250=\322d\337CI\326\256\217s"
 315      5316E4A8 
 315      3DD264DF 
 315      4349D6AE 
 315      8F73
 316 0789 3CFA565E 		.ascii	"<\372V^\263\205\367\245\343\301\227\361&Xyg\354\301"
 316      B385F7A5 
 316      E3C197F1 
 316      26587967 
 316      ECC1
 317 079b 669BE18F 		.ascii	"f\233\341\2174d\030\025\004\273\217\367F)\242\006\351"
 317      34641815 
 317      04BB8FF7 
 317      4629A206 
 317      E9
 318 07ac D540FBED 		.ascii	"\325@\373\3554LZ4<u\234\233\025\372\312\002}\346x\002"
 318      344C5A34 
 318      3C759C9B 
 318      15FACA02 
 318      7DE67802 
 319 07c0 5AE4461A 		.ascii	"Z\344F\032\022\231\204\030\220\020+J\220V,Q"
 319      12998418 
 319      90102B4A 
 319      90562C51 
 320 07d0 AE2CB7DD 		.ascii	"\256,\267\335\326\334v\332\367\331.\3737&\316\012~\345"
 320      D6DC76DA 
 320      F7D92EFB 
 320      3726CE0A 
 320      7EE5
 321 07e2 786E53C5 		.ascii	"xnS\305\344\240\334\373\270\304Y@\004\302I\347\021\316"
 321      E4A0DCFB 
 321      B8C45940 
 321      04C249E7 
 321      11CE
 322 07f4 32557AD3 		.ascii	"2Uz\323\215\375\010\016\250\027\020\345Jr\374Z\263\300"
 322      8DFD080E 
 322      A81710E5 
 322      4A72FC5A 
 322      B3C0
 323 0806 70006F30 		.ascii	"p\000o0U\316`4\333\327\321\334F\2050\245\377\337\323"
ARM GAS  /tmp/ccmvgDb9.s 			page 25


 323      55CE6034 
 323      DBD7D1DC 
 323      468530A5 
 323      FFDFD3
 324 0819 9B2674C8 		.ascii	"\233&t\310\250\202\204\012 \324\260\365\334O\362\223"
 324      A882840A 
 324      20D4B0F5 
 324      DC4FF293 
 325 0829 BEABCE1E 		.ascii	"\276\253\316\036\255\037u\26195\024\310\222\342\320"
 325      AD1F75B1 
 325      393514C8 
 325      92E2D0
 326 0838 499E9D1A 		.ascii	"I\236\235\032\340N>\002{\215\027y\033t\267\315\031\243"
 326      E04E3E02 
 326      7B8D1779 
 326      1B74B7CD 
 326      19A3
 327 084a 48441751 		.ascii	"HD\027Q\364\301\003\315\207]p\007]E\025\375Sw'\\\220"
 327      F4C103CD 
 327      875D7007 
 327      5D4515FD 
 327      5377275C 
 328 085f 8F9BAF0F 		.ascii	"\217\233\257\017\371\217\241\224w\343v\321\177\015\242"
 328      F98FA194 
 328      77E376D1 
 328      7F0DA2
 329 086e 9267FDDD 		.ascii	"\222g\375\335\362\257\201\021\372\202TA?\302\340\237"
 329      F2AF8111 
 329      FA825441 
 329      3FC2E09F 
 330 087e E2D9F70E 		.ascii	"\342\331\367\016\371\327\002JQ1o\377\257\005#\"\207"
 330      F9D7024A 
 330      51316FFF 
 330      AF052322 
 330      87
 331 088f E3BA3D66 		.ascii	"\343\272=f'\371\301\224\340\255\272~\341\345\207\361"
 331      27F9C194 
 331      E0ADBA7E 
 331      E1E587F1 
 332 089f 63425396 		.ascii	"cBS\226\033\356f\253{\376\351\233\203\036p0\255+\205"
 332      1BEE66AB 
 332      7BFEE99B 
 332      831E7030 
 332      AD2B85
 333 08b2 93F44060 		.ascii	"\223\364@`J\264\300N\322\006W\322\012\225\361\326\243"
 333      4AB4C04E 
 333      D20657D2 
 333      0A95F1D6 
 333      A3
 334 08c3 6999181F 		.ascii	"i\231\030\037\225\363\344hz\240|0\000\2171\226\247Q"
 334      95F3E468 
 334      7AA07C30 
 334      008F3196 
 334      A751
 335 08d5 57A3198B 		.ascii	"W\243\031\213\241\3628\373\2008',\240\237\020\247e\014"
 335      A1F238FB 
 335      8038272C 
ARM GAS  /tmp/ccmvgDb9.s 			page 26


 335      A09F10A7 
 335      650C
 336 08e7 A7258633 		.ascii	"\247%\2063\224!\373\371\2313N8\326\211\355\250\207\216"
 336      9421FBF9 
 336      99334E38 
 336      D689EDA8 
 336      878E
 337 08f9 EEF26214 		.ascii	"\356\362b\024Wd\024\344\020W!\243\250\220(*)\305\235"
 337      576414E4 
 337      105721A3 
 337      A890282A 
 337      29C59D
 338 090c 6B05059E 		.ascii	"k\005\005\236\370 \243\250\177\322zY\311(\036\332\251"
 338      F820A3A8 
 338      7FD27A59 
 338      C9281EDA 
 338      A9
 339 091d A8925154 		.ascii	"\250\222QTI\024\325\224\242\3210q\307\013\3473\212\250"
 339      4914D594 
 339      A2D13071 
 339      C70BE733 
 339      8AA8
 340 092f AAC85C27 		.ascii	"\252\310\\'J\321;}\274U\3748\001\022\366yR#c\251\221"
 340      4AD13B7D 
 340      BC55FC38 
 340      0112F679 
 340      522363A9 
 341 0944 58CEF2F3 		.ascii	"X\316\362\3639EPH`\204\263N\277><T\357\274\366\353\277"
 341      39455048 
 341      6084B34E 
 341      BF3E3C54 
 341      EFBCF6EB 
 342 0959 CEF7E7E6 		.ascii	"\316\367\347\346-Y\242\366\017\011\375!\364\233\000"
 342      2D59A2F6 
 342      0F09FD21 
 342      F49B00
 343 0968 F5569D3A 		.ascii	"\365V\235:$0L\255\213\010\"w\255N\277$\210s\323\355"
 343      24304CAD 
 343      8B082277 
 343      AD4EBF24 
 343      8873D3ED 
 344 097c D0E943B7 		.ascii	"\320\351C\267\004k\365\256\333C\303\365\313\374\264"
 344      046BF5AE 
 344      DB43C3F5 
 344      CBFCB4
 345 098b 7AA5562B 		.ascii	"z\245V+=~\242\336\256\213P\207\206\007\205m\337\034"
 345      3D7EA2DE 
 345      AE8B5087 
 345      8607856D 
 345      DF1C
 346 099d AC0E0FFE 		.ascii	"\254\016\017\376GX\350\017\352-\201A!\241\341\301j\355"
 346      4758E80F 
 346      EA2D8141 
 346      21A1E1C1 
 346      6AED
 347 09af E6E01F03 		.ascii	"\346\340\037\003\267\207\351\265\372\035\333\202uKB"
 347      B787E9B5 
ARM GAS  /tmp/ccmvgDb9.s 			page 27


 347      FA1DDB82 
 347      754B42
 348 09be B8858ED0 		.ascii	"\270\205\216\320\300\257\206P\233\201\221@l\345D\350"
 348      C0AF8650 
 348      9B819140 
 348      6CE544E8 
 349 09ce 2DF0A010 		.ascii	"-\360\240\020\"\003 *\235>@\037\030\241_\025\026\030"
 349      2203202A 
 349      9D3E401F 
 349      18A15F15 
 349      1618
 350 09e0 B1C59D38 		.ascii	"\261\305\2358[\267\321g%<\007\353\245\307\265\301\026"
 350      5BB7D167 
 350      253C07EB 
 350      A5C7B5C1 
 350      16
 351 09f1 84362C6C 		.ascii	"\2046,l\2636\024r^\376f\262\333\266F\350u\352\200M\033"
 351      B3361472 
 351      5EFE66B2 
 351      DBB646E8 
 351      75EA804D 
 352 0a06 96F9A9BF 		.ascii	"\226\371\251\277\372j\265z\323\372\015?-\025\323'\355"
 352      FA6AB57A 
 352      D3FA0D3F 
 352      2D15D327 
 352      ED
 353 0a17 20A05B50 		.ascii	" \240[PH\300\016\335\272\3000\375\373\357P\007@W\255"
 353      48C00EDD 
 353      BAC030FD 
 353      FBEF5007 
 353      4057AD
 354 0a2a F6C7EDE1 		.ascii	"\366\307\355\341AZ\255\207\364\260\344\363\317\376\270"
 354      415AAD87 
 354      F4B0E4F3 
 354      CFFEB8
 355 0a39 DC432E98 		.ascii	"\334C.\230\223\327}\341\347n\325l[\363\231\2735\005"
 355      93D77DE1 
 355      E76ED56C 
 355      5BF399BB 
 355      3505
 356 0a4b 0E9EB790 		.ascii	"\016\236\267\220\356\016\335\242\325c\177\315R0?E\300"
 356      EE0EDDA2 
 356      D5637FCD 
 356      52303F45 
 356      C0
 357 0a5c 067F8D62 		.ascii	"\006\177\215b\365\3725\032>@\203\327\254\3258\371\373"
 357      F5FA351A 
 357      3E4083D7 
 357      ACD538F9 
 357      FB
 358 0a6d 6FD02CA5 		.ascii	"o\320,\245\277~\012\177\3775\032\354\377\365&\2741\300"
 358      BF7E0A7F 
 358      FF351AEC 
 358      FFF526BC 
 358      31C0
 359 0a7f 1FAFD268 		.ascii	"\037\257\322h\260\306\037|h\360\345\352M\032\274\232"
 359      B0C61F7C 
ARM GAS  /tmp/ccmvgDb9.s 			page 28


 359      68F0E5EA 
 359      4D1ABC9A 
 360 0a8f B4DCB04A 		.ascii	"\264\334\260J\303\177\303Z-\003\374\267\232?\374\326"
 360      C37FC35A 
 360      2D03FCB7 
 360      9A3FFCD6 
 361 0a9f DEB1A881 		.ascii	"\336\261\250\201\234\235\264_n\335\0326G\352d\2356\220"
 361      9C9DB45F 
 361      6EDD1A36 
 361      47EA649D 
 361      3690
 362 0ab1 28D60606 		.ascii	"(\326\006\006\351C\177\012\366\026\213u$}V\363;K\321"
 362      E9437F0A 
 362      F6168B75 
 362      247D56F3 
 362      3B4BD1
 363 0ac4 D66DAC64 		.ascii	"\326m\254d\226T\022\254\267-\370\233T\360o^\376\207"
 363      965412AC 
 363      B72DF89B 
 363      54F06F5E 
 363      FE87
 364 0ad6 72       		.ascii	"r"
 365              		.text
 366              		.section	.gnu.lto_.symtab.8ef0aff9769d88a3,"",%progbits
 367 0000 7374496E 		.ascii	"stInit\000\000\000\000\000\000\000\000\000\000\000\000"
 367      69740000 
 367      00000000 
 367      00000000 
 367      0000
 368 0012 C0000000 		.ascii	"\300\000\000\000stStartAlarm\000\000\000\000\000\000"
 368      73745374 
 368      61727441 
 368      6C61726D 
 368      00000000 
 369 0028 00000000 		.ascii	"\000\000\000\000\000\000\317\000\000\000stStopAlarm"
 369      0000CF00 
 369      00007374 
 369      53746F70 
 369      416C6172 
 370 003d 00000000 		.ascii	"\000\000\000\000\000\000\000\000\000\000\000\000\321"
 370      00000000 
 370      00000000 
 370      D1
 371 004a 00000073 		.ascii	"\000\000\000stSetAlarm\000\000\000\000\000\000\000\000"
 371      74536574 
 371      416C6172 
 371      6D000000 
 371      00000000 
 372 005f 00000000 		.ascii	"\000\000\000\000\323\000\000\000stGetAlarm\000\000\000"
 372      D3000000 
 372      73744765 
 372      74416C61 
 372      726D0000 
 373 0074 00000000 		.ascii	"\000\000\000\000\000\000\000\000\000\326\000\000\000"
 373      00000000 
 373      00D60000 
 373      00
ARM GAS  /tmp/ccmvgDb9.s 			page 29


 374 0081 73745F6C 		.ascii	"st_lld_init\000\000\002\000\000\000\000\000\000\000"
 374      6C645F69 
 374      6E697400 
 374      00020000 
 374      00000000 
 375 0096 0000D800 		.ascii	"\000\000\330\000\000\000chSysHalt\000\000\002\000\000"
 375      00006368 
 375      53797348 
 375      616C7400 
 375      00020000 
 376 00aa 00000000 		.ascii	"\000\000\000\000\000\000\000\335\000\000\000"
 376      000000DD 
 376      000000
 377              		.text
 378              		.section	.gnu.lto_.opts,"",%progbits
 379 0000 272D666E 		.ascii	"'-fno-trapv' '-mcpu=cortex-m4' '-mno-thumb-interwor"
 379      6F2D7472 
 379      61707627 
 379      20272D6D 
 379      6370753D 
 380 0033 6B272027 		.ascii	"k' '-mthumb' '-ggdb' '-O2' '-fomit-frame-pointer' '"
 380      2D6D7468 
 380      756D6227 
 380      20272D67 
 380      67646227 
 381 0066 2D66616C 		.ascii	"-falign-functions=16' '-ffunction-sections' '-fdata"
 381      69676E2D 
 381      66756E63 
 381      74696F6E 
 381      733D3136 
 382 0099 2D736563 		.ascii	"-sections' '-fno-common' '-flto'\000"
 382      74696F6E 
 382      73272027 
 382      2D666E6F 
 382      2D636F6D 
 383              		.text
 384              		.comm	__gnu_lto_v1,1,1
 385              		.comm	__gnu_lto_slim,1,1
 386              		.ident	"GCC: (15:4.9.3+svn231177-1) 4.9.3 20150529 (prerelease)"
ARM GAS  /tmp/ccmvgDb9.s 			page 30


DEFINED SYMBOLS
                            *ABS*:0000000000000000 hal_st.c
                            *COM*:0000000000000001 __gnu_lto_v1
                            *COM*:0000000000000001 __gnu_lto_slim

NO UNDEFINED SYMBOLS
