ARM GAS  /tmp/cc1Hgzi7.s 			page 1


   1              		.syntax unified
   2              		.cpu cortex-m4
   3              		.fpu softvfp
   4              		.eabi_attribute 20, 1
   5              		.eabi_attribute 21, 1
   6              		.eabi_attribute 23, 3
   7              		.eabi_attribute 24, 1
   8              		.eabi_attribute 25, 1
   9              		.eabi_attribute 26, 1
  10              		.eabi_attribute 30, 2
  11              		.eabi_attribute 34, 1
  12              		.eabi_attribute 18, 4
  13              		.thumb
  14              		.file	"hal_wdg_lld.c"
  15              		.text
  16              	.Ltext0:
  17              		.section	.gnu.lto_.profile.759c34b3974c0738,"",%progbits
  18 0000 789C6366 		.ascii	"x\234cf```a\200\000F\006u)\000\000\334\000J"
  18      60606061 
  18      80004606 
  18      75290000 
  18      DC004A
  19              		.text
  20              		.section	.gnu.lto_.jmpfuncs.759c34b3974c0738,"",%progbits
  21 0000 789C6366 		.ascii	"x\234cf\300\016\014\2414\013\0203122\3263\203\010F\246"
  21      C00E0CA1 
  21      340B1033 
  21      313232D6 
  21      33830846 
  22 0015 8F4C8CD3 		.ascii	"\217L\214\323\372\257\354`\256\375\3350\243\201\343"
  22      FAAFEC60 
  22      AEFDDD30 
  22      A381E3
  23 0024 2713C35F 		.ascii	"'\023\303_&\240\012\306\345\214\265\014\254 \025\014"
  23      26A00AC6 
  23      E58CB50C 
  23      AC20150C 
  24 0034 0017200B 		.ascii	"\000\027 \013\254"
  24      AC
  25              		.text
  26              		.section	.gnu.lto_.inline.759c34b3974c0738,"",%progbits
  27 0000 789C6366 		.ascii	"x\234cf\300\016\266@i\026\006\006V\026F\006&\226\005"
  27      C00EB640 
  27      69160606 
  27      56164606 
  27      269605
  28 0013 F20C6C0B 		.ascii	"\362\014l\013\344\231@bL\014\002\272\214L\014\214\014"
  28      E4994062 
  28      4C0C02BA 
  28      8C4C0C8C 
  28      0C
  29 0024 CC0E2042 		.ascii	"\314\016 B\201M\354U++D\226\361\005;\013\204\004\021"
  29      814DEC55 
  29      2B2B4496 
  29      F1053B0B 
  29      840411
  30 0037 1C602607 		.ascii	"\034`&\007H\0173\003\007\017#3C\346G&\306\213\263\226"
ARM GAS  /tmp/cc1Hgzi7.s 			page 2


  30      480F3303 
  30      070F2333 
  30      43E64726 
  30      C68BB396 
  31 004b 35F3BF60 		.ascii	"5\363\277`\372\311\304\310\310\300\270\234Q\212\231"
  31      FAC9C4C8 
  31      C8C0B89C 
  31      518A99
  32 005a 8121034A 		.ascii	"\201!\003J\003M\003\331\0107K\200\211\201\265C]\000"
  32      034D03D9 
  32      08374B80 
  32      8981B543 
  32      5D00
  33 006c 6C293750 		.ascii	"l)7P\206\221\201\025\344\034F\260\335,L\027\3701l\005"
  33      86918115 
  33      E41C46B0 
  33      DD2C4C17 
  33      F8316C05 
  34 0080 0100CB6E 		.ascii	"\001\000\313n\027\266"
  34      17B6
  35              		.text
  36              		.section	.gnu.lto_.pureconst.759c34b3974c0738,"",%progbits
  37 0000 789C6366 		.ascii	"x\234cf``\340d\200\000\026\006\011&)fIV)\000\002\302"
  37      6060E064 
  37      80001606 
  37      09262966 
  37      49562900 
  38 0016 0080     		.ascii	"\000\200"
  39              		.text
  40              		.section	.gnu.lto_wdg_lld_init.759c34b3974c0738,"",%progbits
  41 0000 789C6366 		.ascii	"x\234cf\300\004R@\\\300\310\300`\011\244\031\231\031"
  41      C0045240 
  41      5CC0C8C0 
  41      6009A419 
  41      9919
  42 0012 1899269C 		.ascii	"\030\231&\234c`h\344`bd\0041\030\030\031\352\231\030"
  42      636068E4 
  42      60626404 
  42      31181819 
  42      EA9918
  43 0025 EB195F32 		.ascii	"\353\031_2}db\234p`\365\014n\365\245\015\015\015\037"
  43      7D64629C 
  43      7060F50C 
  43      6EF5A50D 
  43      0D0D1F
  44 0038 3E6D9468 		.ascii	">m\224h\225\370\311\304\300\360\231\011b\014\343rFu"
  44      95F8C9C4 
  44      C0F09909 
  44      620CE372 
  44      4675
  45 004a 06A09A8F 		.ascii	"\006\240\232\217-\177\257s\263\265\000\325\010@\344"
  45      2D7FAF73 
  45      B3B500D5 
  45      0840E4
  46 0059 185730B2 		.ascii	"\030W0\262\001\215gX/t\240\341\377\377\307s\356lfaa"
  46      018D6758 
  46      2F74A0E1 
ARM GAS  /tmp/cc1Hgzi7.s 			page 3


  46      FFFFC773 
  46      EE6C6661 
  47 006e 60780294 		.ascii	"`x\002\224\002\231\377\224\211\011D3\337bl\372\260\341"
  47      0299FF94 
  47      89094433 
  47      DF626CFA 
  47      B0E1
  48 0080 EC476690 		.ascii	"\354Gf\220j\240)\363.\367\255c\252\375\335\320\321\300"
  48      6AA029F3 
  48      2EF7AD63 
  48      AAFDDDD0 
  48      D1C0
  49 0092 F19389F1 		.ascii	"\361\223\211\361/\310\034\240\350\375'\347/r\274`\002"
  49      2FC81CA0 
  49      E8FD27E7 
  49      2F72BC60 
  49      02
  50 00a3 8A80B92B 		.ascii	"\212\200\271+\032[\3460\316e\234\335\330\000R\305\304"
  50      1A5BE630 
  50      CE659CDD 
  50      D80052C5 
  50      C4
  51 00b4 B892B196 		.ascii	"\270\222\261\226q\025\243\024X\356\337\232\376Ml\272"
  51      7115A314 
  51      58EEDF9A 
  51      FE4D6CBA 
  52 00c4 AB81CE38 		.ascii	"\253\201\3168\000t&3\343j\240\302O`\2472\256a\324\005"
  52      00742633 
  52      E36AA0C2 
  52      4F60A732 
  52      AE61D405 
  53 00d8 2AB8386B 		.ascii	"*\2708kY3?\310,fF\006\306\265@] \027| \344\002t+\327"
  53      59333FC8 
  53      2C664606 
  53      C6B5405D 
  53      20177C20 
  54 00f1 E1B49285 		.ascii	"\341\264\222\205q=\330J\220\327\0317\200\255\334\266"
  54      713DD84A 
  54      90D71937 
  54      80ADDCB6 
  55 0101 68DA0D76 		.ascii	"h\332\015v\220\225,\015\017\032\032X\030\0307\002u\336"
  55      90952C0D 
  55      0F1A1A58 
  55      18183702 
  55      75DE
  56 0113 636C3CB0 		.ascii	"cl<\260\333\015d)\310qO\200\352\201\301\001\264\315"
  56      DB0D6429 
  56      C8714F80 
  56      EA81C101 
  56      B4CD
  57 0125 5C4F4FDF 		.ascii	"\\OO\3379#3)\323?X?\277X?#1G\277 \277\250\244X?8\304"
  57      39233329 
  57      D33F583F 
  57      BF583F23 
  57      3147BF20 
  58 0140 D7D848DF 		.ascii	"\327\330H\337\307\307E\277\"\334\305\275\314\020$\025"
  58      C7C745BF 
ARM GAS  /tmp/cc1Hgzi7.s 			page 4


  58      22DCC5BD 
  58      CC102415 
  59 0150 5F9E921E 		.ascii	"_\236\222\036\237\223\223\242\227\314\000\000\306\356"
  59      9F9393A2 
  59      97CC0000 
  59      C6EE
  60 015e 97D2     		.ascii	"\227\322"
  61              		.text
  62              		.section	.gnu.lto_wdg_lld_start.759c34b3974c0738,"",%progbits
  63 0000 789C9D94 		.ascii	"x\234\235\224]H\223Q\030\307\317s\336\257\275\333J\011"
  63      5D489351 
  63      18C7CF73 
  63      DEAFBDDB 
  63      4A09
  64 0012 04912EBA 		.ascii	"\004\221.\272H\274\210\371R]\004]D\321\300\033\243\013"
  64      48BC88F9 
  64      525D045D 
  64      44D1C01B 
  64      A30B
  65 0024 832EA592 		.ascii	"\203.\245\222R\030h\031\325]\357\326\272R\362\243\033"
  65      52186819 
  65      D55DEFD6 
  65      BA52F2A3 
  65      1B
  66 0035 23A58BC8 		.ascii	"#\245\213\310\312\2316\313\225_m\255L/,\351BD\301\246"
  66      CA9936CB 
  66      955F6DAD 
  66      4C2F2CE9 
  66      4244C1A6 
  67 0049 35A32065 		.ascii	"5\243 e3i-\020{\236\363N\324\202X\016v\276v\316\357"
  67      33692D10 
  67      7B9EF34E 
  67      D482580E 
  67      76BE76CE 
  68 005e FF3FFF73 		.ascii	"\377?\377s\316$\366\367\307\215\337z\231\261CX\203\312"
  68      CE24F6F7 
  68      C78DDF7A 
  68      99B14358 
  68      83CA
  69 0070 8037BE63 		.ascii	"\2007\276c\314k\343 Y\015\211+\365#\214\231v\331\257"
  69      CC6BE320 
  69      590D892B 
  69      F5238C99 
  69      76D9AF
  70 0083 31D3A958 		.ascii	"1\323\251X\343Gd\000\252\031\260\253\\Rd\300\322\342"
  70      E3476400 
  70      AA19B0AB 
  70      5C5264C0 
  70      D2E2
  71 0095 7DE5490E 		.ascii	"}\345I\016\215\221@\213\243\350\236i\232\211\217\275"
  71      8D91408B 
  71      A3E89E69 
  71      9A898FBD 
  72 00a5 F9D7F3D3 		.ascii	"\371\327\363\323\234\261\357\334\232\000\367\241\010"
  72      9CB1EFDC 
  72      9A00F7A1 
  72      08
ARM GAS  /tmp/cc1Hgzi7.s 			page 5


  73 00b2 A72CB6FE 		.ascii	"\247,\266\376\230\325\244\203\300\260\335\327\265\374"
  73      98D5A483 
  73      C0B0DDD7 
  73      B5FC
  74 00c0 D6F185A7 		.ascii	"\326\361\205\2479\354\242n\177\363h\213J].Swe\370\333"
  74      39ECA26E 
  74      7FF3688B 
  74      4A5D2E53 
  74      7765F8DB 
  75 00d4 82BDF0AE 		.ascii	"\202\275\360\256i\372\"\341\036\363\260\234\346\022"
  75      69FA22E1 
  75      1EF3B09C 
  75      E612
  76 00e2 3C000979 		.ascii	"<\000\011y\360\020\012\240\003\012\030\0161\010@!MO"
  76      F0100AA0 
  76      030A180E 
  76      31084021 
  76      4D4F
  77 00f4 FA57261D 		.ascii	"\372W&\035\252\037\265s-M\350\004\025\260\356\336\021"
  77      AA1FB573 
  77      2D4DE804 
  77      15B0EEDE 
  77      11
  78 0105 3157573F 		.ascii	"1WW?\265\017\016\311\3339\320t\011\027\312*\026\212"
  78      B50F0EC9 
  78      DB39D074 
  78      0917CA2A 
  78      168A
  79 0117 8685AA53 		.ascii	"\206\205\252S\341\240\302I\005cq\\\216\273\236\347\034"
  79      E1A0C249 
  79      0563715C 
  79      8EBB9EE7 
  79      1C
  80 0128 2B691A7C 		.ascii	"+i\032|\241\340\314y\302\245\270\204J\261\370\370{\033"
  80      A1E0CC79 
  80      C2A5B884 
  80      4AB1F8F8 
  80      7B1B
  81 013a F9C4AD63 		.ascii	"\371\304\255c\267\367\347\235\205mmp\033\322\\Kq\016"
  81      B7F7E79D 
  81      856D6D70 
  81      1BD25C4B 
  81      710E
  82 014c 8FD0188D 		.ascii	"\217\320\030\215\267.\337\234\312q\355A)\350\2026X\022"
  82      B72EDF9C 
  82      CA71ED41 
  82      29E88236 
  82      5812
  83 015e 394037B8 		.ascii	"9@7\270\3304D\023\263y\004\334H\2237\321\274\246\031"
  83      D8344413 
  83      B37904DC 
  83      489337D1 
  83      BCA619
  84 0171 D999E636 		.ascii	"\331\231\3466\224\204\307\031b|\254.ds\005L?J\351\020"
  84      9484C719 
  84      627CAC2E 
  84      6473054C 
ARM GAS  /tmp/cc1Hgzi7.s 			page 6


  84      3F4AE910 
  85 0185 1450DA21 		.ascii	"\024P\332!\364\200\213\004\227\352:\355D\322\307na."
  85      F4808B04 
  85      97EA3AED 
  85      44D2C76E 
  85      612E
  86 0197 4F701529 		.ascii	"Op\025)%f\202JF+{\370\323ux\257\2007\204\033F\304Y\351"
  86      2566824A 
  86      462B7BF8 
  86      D37578AF 
  86      8037841B 
  87 01af 131DC020 		.ascii	"\023\035\300 $\340\030L\254I\263\222Q\263\211B\201g"
  87      24E0184C 
  87      AC49B392 
  87      51B38942 
  87      8167
  88 01c1 022CCEE7 		.ascii	"\002,\316\347\271\210\302\027\232\333m\021\264\215i"
  88      B988C217 
  88      9ADB6D11 
  88      B48D69
  89 01d0 287F666B 		.ascii	"(\177fkG\011\350\313\000\027\2437~\345\240\331\3344"
  89      4709E8CB 
  89      0017A337 
  89      7EE5A0D9 
  89      DC34
  90 01e2 7740BF40 		.ascii	"w@\277@\322=\204\001+\335\346\271\274\377\336\361\240"
  90      D23D8401 
  90      2BDDE6B9 
  90      BCFFDEF1 
  90      A0
  91 01f3 A0C84419 		.ascii	"\240\310D\031\002\027\272\021\336\222\261&\335r\247"
  91      0217BA11 
  91      DE92B126 
  91      DD72A7
  92 0202 676BE785 		.ascii	"gk\347\205\000)\004\012o\335NDPT\242\274$;:\266\346"
  92      0029040A 
  92      6FDD4E44 
  92      5054A2BC 
  92      243B3AB6 
  93 0217 7193F8FA 		.ascii	"q\223\370\372\360FFC\301\270u\252)\356\330l\354\037"
  93      F0464643 
  93      C1B875AA 
  93      29EED86C 
  93      EC1F
  94 0229 CCA8606A 		.ascii	"\314\250`j\304|\205\316&\300?u\355\354:\304\333>P\257"
  94      C47C85CE 
  94      26C03F75 
  94      EDEC3AC4 
  94      DB3E50AF 
  95 023d 51F6A80A 		.ascii	"Q\366\250\012\257\211\300\350-(\014\377\010`\036\243"
  95      AF89C0E8 
  95      2D280CFF 
  95      08601EA3 
  96 024d 597B0C9F 		.ascii	"Y{\014\237\3272qf\233\311\260P\266\221\362\233\255g"
  96      D7327166 
  96      9BC9B050 
  96      B691F29B 
ARM GAS  /tmp/cc1Hgzi7.s 			page 7


  96      AD67
  97 025f 32222894 		.ascii	"2\"(\224\004\214R&N\366\001\274\221\311\022\002Y^\001"
  97      048C5226 
  97      4EF601BC 
  97      91C91202 
  97      595E01
  98 0272 3DE2DD3A 		.ascii	"=\342\335:P\\l\034\255\254:]u\274\314\250\2565*Oy\214"
  98      505C6C1C 
  98      ADAC3A5D 
  98      75BCCCA8 
  98      AE352A4F 
  99 0288 9AEA0B17 		.ascii	"\232\352\013\027k\215\262\023\307\366\3573JK\335\306"
  99      6B8DB213 
  99      C7F6EF33 
  99      4A4BDDC6 
 100 0298 9593EE92 		.ascii	"\225\223\356\222K{\351\247\362\313\025\347\312=\236"
 100      4B7BE9A7 
 100      F2CB15E7 
 100      CA3D9E
 101 02a7 8AE2334C 		.ascii	"\212\3423L\306f\315o2\336\254\\"
 101      C666CD6F 
 101      32DEAC5C 
 102              		.text
 103              		.section	.gnu.lto_wdg_lld_stop.759c34b3974c0738,"",%progbits
 104 0000 789C6551 		.ascii	"x\234eQMHTQ\024>\337\271\327\347k\2460Z\211\020\264"
 104      4D485451 
 104      143EDFB9 
 104      D7E76BA6 
 104      305A8910 
 105 0015 1117E13C 		.ascii	"\021\027\341<\315E\320\"\202\204 \214\026\006-\245\022"
 105      CD45D022 
 105      8284208C 
 105      16062DA5 
 105      12
 106 0026 52185032 		.ascii	"R\030P2\252\315\340\033\233\240E\344\364C\014\251\271"
 106      AACDE01B 
 106      9BA045E4 
 106      F4430CA9 
 106      B9
 107 0037 904CB3C6 		.ascii	"\220L\263\306\264\014kQC\020\314\246b\250\010#\312\305"
 107      B40C6B51 
 107      4310CCA6 
 107      62A80823 
 107      CAC5
 108 0049 04051A99 		.ascii	"\004\005\032\231\222=b\230\316y\026\005=\270\334\363"
 108      923D6298 
 108      CE791605 
 108      3DB8DCF3 
 109 0059 F39DEFFB 		.ascii	"\363\235\357\373\316}\206\376\377\232\344,\200h\247"
 109      CE7D86FE 
 109      FF9AE42C 
 109      8068A7
 110 0068 DCA82070 		.ascii	"\334\250 p\3729Q\322e6\371\006\362#6\277\231\374\365"
 110      FA3951D2 
 110      6536F906 
 110      F22336BF 
 110      99FCF5
ARM GAS  /tmp/cc1Hgzi7.s 			page 8


 111 007b 0676AD6C 		.ascii	"\006v\255l\001\015\010\324\313\306\242\027\237y\211"
 111      010D08D4 
 111      CBC6A217 
 111      9F7989
 112 008a 91CE4D64 		.ascii	"\221\316Md\242u\327}\337\377\372\344q\365\231\352\200"
 112      A275D77D 
 112      DFFFFAE4 
 112      71F599EA 
 112      80
 113 009b 8996798D 		.ascii	"\211\226y\215\0377P'\220/\203\337\347+\315\016\220\304"
 113      1F375027 
 113      902F83DF 
 113      E72BCD0E 
 113      90C4
 114 00ad 0FB22BCF 		.ascii	"\017\262+\317\242\2378`l\321\364\341\305|\306\321\224"
 114      A29F3860 
 114      6CD1F4E1 
 114      C57CC6D1 
 114      94
 115 00be ADA6A5A7 		.ascii	"\255\246\245\247\013\213\221\332\021\337\357\313=\232"
 115      0B8B91DA 
 115      11DFEFCB 
 115      3D9A
 116 00cc F677D980 		.ascii	"\366w\331\200\015\306`\204\017\343\250\301M\324\220"
 116      0DC66084 
 116      0FE3A8C1 
 116      4DD490
 117 00db 940813A8 		.ascii	"\224\010\023\250U\370R\252\364&\352\244D{c\351\217,"
 117      55F852AA 
 117      F426EAA4 
 117      447B63E9 
 117      8F2C
 118 00ed 6EC19195 		.ascii	"n\301\221\225 \205\311M9\277\\\036\031=W\260\216\201"
 118      2085C94D 
 118      39BF5C1E 
 118      193D57B0 
 118      8E81
 119 00ff 0E5919B7 		.ascii	"\016Y\031\267DE\001\352*\037\231\3656o\321w\177\252"
 119      444501EA 
 119      2A1F99F5 
 119      366FD177 
 119      7FAA
 120 0111 DCA8A3AB 		.ascii	"\334\250\243\253l\205\370C\361E\301U[\206Tg\346\307"
 120      6C85F843 
 120      F145C155 
 120      5B865467 
 120      E6C7
 121 0123 F0E28621 		.ascii	"\360\342\206!\014 \340\212U\261t[|h}p\345\322\\U\375"
 121      0C20E08A 
 121      55B1745B 
 121      7C687D70 
 121      E5D25C55 
 122 0138 D6801D64 		.ascii	"\326\200\035d1\204o\341\332\230D=\275Fj\316\374\345"
 122      31846FE1 
 122      DA98443D 
 122      BD466ACE 
 122      FCE5
ARM GAS  /tmp/cc1Hgzi7.s 			page 9


 123 014a 2B5C1D3D 		.ascii	"+\\\035=]\245|b\015wt\232T\335P\276\301\274\203U\240"
 123      5DA57C62 
 123      0D77749A 
 123      54DD50BE 
 123      C1BC8355 
 124 015f F25D7B79 		.ascii	"\362]{y>\313\211\237\376Y\337\015\270r\231u\217)$\264"
 124      3ECB899F 
 124      FE59DF0D 
 124      B8729975 
 124      8F2924B4 
 125 0173 75A5FFD5 		.ascii	"u\245\377\325\254\221VF[\256nK\377\372t\303t\274\377"
 125      AC915646 
 125      5BAE6E4B 
 125      FFFA74C3 
 125      74BCFF
 126 0186 F2ACF818 		.ascii	"\362\254\370\030H\246\025\265\016\323H\340\356o\257"
 126      48A615B5 
 126      0ED348E0 
 126      EE6FAF
 127 0195 C3C5B14C 		.ascii	"\303\305\261LT\010\344\007\271\270'\250P\0243H\004\034"
 127      5408E407 
 127      B9B827A8 
 127      50143348 
 127      041C
 128 01a7 09DDD8F0 		.ascii	"\011\335\330\360-\336#\231\273\2607l\222\276\024\264"
 128      2DDE2399 
 128      BBB0376C 
 128      92BE14B4 
 129 01b7 2A72DB63 		.ascii	"*r\333c1owG\347\341\316\375\255^W\217\327q(\356uw\035"
 129      316F7747 
 129      E7E1CEFD 
 129      AD5E578F 
 129      D77128EE 
 130 01ce 3BDEE3B5 		.ascii	";\336\343\265\036\330\327\264\315kii\366N\035l\336s"
 130      1ED8D7B4 
 130      CD6B6969 
 130      F64E1D6C 
 130      DE73
 131 01e0 A2515B6D 		.ascii	"\242Q[m'\333\217\266\305\343\355\261#d%\354\376\005"
 131      27DB8FB6 
 131      C5E3EDB1 
 131      236425EC 
 131      FE05
 132 01f2 A609C244 		.ascii	"\246\011\302D"
 133              		.text
 134              		.section	.gnu.lto_wdg_lld_reset.759c34b3974c0738,"",%progbits
 135 0000 789C6590 		.ascii	"x\234e\220?H\\A\020\306\347\233}\336\035\036b\010\026"
 135      3F485C41 
 135      10C6E79B 
 135      7DDE1D1E 
 135      620816
 136 0013 72A44823 		.ascii	"r\244H#\026\341\356a,\204\024\"D\020\304\220B\301R\222"
 136      16E1EE61 
 136      2C841422 
 136      4410C490 
 136      42C15292 
 137 0027 08513850 		.ascii	"\010Q8P4\304t\356\311Y\331\210\202\010*\026G0\361\342"
ARM GAS  /tmp/cc1Hgzi7.s 			page 10


 137      34C474EE 
 137      C959D988 
 137      82082A16 
 137      4730F1E2 
 138 003b DF10C154 		.ascii	"\337\020\301T\217\020\341\012\377 \"\242\205Z\\@!\006"
 138      8F10E10A 
 138      FF2022A2 
 138      855A5C40 
 138      2106
 139 004d 2F8AFA0A 		.ascii	"/\212\372\01213j\241da\331\231\335o~\337\314\032\372"
 139      31336AA1 
 139      6461D999 
 139      DD6F7EDF 
 139      CC1AFA
 140 0060 7F45640F 		.ascii	"\177Ed\017\201\250RN\030\002\367\257\022%B\014h@\240"
 140      81A8524E 
 140      1802F7AF 
 140      1225420C 
 140      6840A0
 141 0073 6E46370E 		.ascii	"nF7\0169\307\350\367\322\303\341\322\217\326\332\343"
 141      39C7E8F7 
 141      D2C3E1D2 
 141      8FD6DAE3 
 142 0083 818DE2DE 		.ascii	"\201\215\342\336b\237\211N\370\006\203\011\224\212\344"
 142      629F894E 
 142      F8068309 
 142      948AE4
 143 0092 CFE8D97E 		.ascii	"\317\350\331~\320<\003I\2748}\272\022>`\237\361X\323"
 143      D03C0349 
 143      BC387DBA 
 143      123E609F 
 143      F158D3
 144 00a5 EF0399E1 		.ascii	"\357\003\231\341\200\246\354hz\271\364\373(\277$em\217"
 144      80A6EC68 
 144      7AB9F4FB 
 144      28BF2465 
 144      6D8F
 145 00b7 9799B755 		.ascii	"\227\231\267U\216\317\006\237`\204\207\317\210`\022"
 145      8ECF069F 
 145      608487CF 
 145      886012
 146 00c6 11922B42 		.ascii	"\021\222+B\032%*\317%/\267\302\201\244x?\270\361\304"
 146      1A252ACF 
 146      252FB7C2 
 146      81A4783F 
 146      B8F1C4
 147 00d9 1704A46D 		.ascii	"\027\004\244m\232y\350\331\253\253\324\304\362\206\223"
 147      9A79E8D9 
 147      ABABD4C4 
 147      F28693
 148 00e8 274D8BDC 		.ascii	"'M\213\334H\241C\224\025\225\216\360\213YO\263\203\236"
 148      48A14394 
 148      15958EF0 
 148      8B594FB3 
 148      839E
 149 00fa 85DC4A87 		.ascii	"\205\334J\207\326\235\263\021\344^vm=\244\015\031R\207"
 149      D69DB311 
ARM GAS  /tmp/cc1Hgzi7.s 			page 11


 149      E45E766D 
 149      3DA40D19 
 149      5287
 150 010c 6F17E347 		.ascii	"o\027\343G\005c\030\201\317y\347\314\230\222\016\364"
 150      05631881 
 150      CF79E7CC 
 150      98920EF4 
 151 011c 7EF47470 		.ascii	"~\364tp\2730\372D\230\230\306\030\376^\017\214\031D"
 151      BB30FA44 
 151      9898C618 
 151      FE5E0F8C 
 151      1944
 152 012e 69073F8E 		.ascii	"i\007?\216\367\213\024x\227\346\334\243%\254\365\036"
 152      F78B1478 
 152      97E6DCA3 
 152      25ACF51E 
 153 013e F9AC9698 		.ascii	"\371\254\226\230\275%f\227\373\026B\321\264M\212U\020"
 153      BD256697 
 153      FB1642D1 
 153      B44D8A55 
 153      10
 154 014f 73D7501D 		.ascii	"s\327P\035\005\363\210\312\363\317\245T\246@I\301\311"
 154      05F388CA 
 154      F3CFA554 
 154      A64049C1 
 154      C9
 155 0160 4DF98DAF 		.ascii	"M\371\215\257R\265\213\204\267X\253Nj\236\025\265L$"
 155      52B58B84 
 155      B758AB4E 
 155      6A9E15B5 
 155      4C24
 156 0172 8D54C462 		.ascii	"\215T\304b\356\363\226\326\327\255/\353\335\266N\267"
 156      EEF396D6 
 156      D7AD2FEB 
 156      DDB64EB7 
 157 0182 E555DC6D 		.ascii	"\345U\334mo\353x\327\351\3267\274(\177\352\326\325U"
 157      6FEB78D7 
 157      E9D637BC 
 157      287FEAD6 
 157      D555
 158 0194 BB1F1AAB 		.ascii	"\273\037\032\253k\336\227\351SSW\363\333\246x\2749\366"
 158      6BDE97E9 
 158      535357F3 
 158      DBA678BC 
 158      39F6
 159 01a6 861C09DB 		.ascii	"\206\034\011\333\377\001\320[\245w"
 159      FF01D05B 
 159      A577
 160              		.text
 161              		.section	.gnu.lto_.symbol_nodes.759c34b3974c0738,"",%progbits
 162 0000 789C558A 		.ascii	"x\234U\212K\021\2000\024\003\363\362\200\251Z,\244\022"
 162      4B118030 
 162      1403F3F2 
 162      80A95A2C 
 162      A412
 163 0012 50C01419 		.ascii	"P\300\024\031\374\035T\005\022\020@g\340Pr\330\303n"
 163      FC1D5405 
ARM GAS  /tmp/cc1Hgzi7.s 			page 12


 163      12104067 
 163      E05072D8 
 163      C36E
 164 0024 1C408F6F 		.ascii	"\034@\217o\\(`\310\200\2041\005\2643m*\216+eu\340F\361"
 164      5C2860C8 
 164      80843105 
 164      B4336D2A 
 164      8E2B6575 
 165 003b F73C8944 		.ascii	"\367<\211D9\367\202:\330A5\257@\214\001\356\035\256"
 165      39F7823A 
 165      D84135AF 
 165      408C01EE 
 165      1DAE
 166 004d 3B1B1EB1 		.ascii	";\033\036\261}\036\243"
 166      7D1EA3
 167              		.text
 168              		.section	.gnu.lto_.refs.759c34b3974c0738,"",%progbits
 169 0000 789C6366 		.ascii	"x\234cf``\340c\200\000&\006F\020`bdfbaf\000\000\002"
 169      6060E063 
 169      80002606 
 169      46106062 
 169      64666261 
 170 0018 270028   		.ascii	"'\000("
 171              		.text
 172              		.section	.gnu.lto_.decls.759c34b3974c0738,"",%progbits
 173 0000 789C9D57 		.ascii	"x\234\235W{P\024g\022\237\236\031\326\335a\201D\256"
 173      7B501467 
 173      129F9E19 
 173      D6DD6181 
 173      44AE
 174 0012 8CC71F17 		.ascii	"\214\307\037\027D\213\362\256\014k\344\352R\367\227"
 174      448BF2AE 
 174      0C6BE4EA 
 174      52F797
 175 0021 5EC95DE2 		.ascii	"^\311]\342\3053\026\230J]\335Um\310\262\204\255B\360"
 175      C5331698 
 175      4A5DDD55 
 175      6DC8B284 
 175      AD42F0
 176 0034 769708FF 		.ascii	"v\227\010\377\015,\030\300\027\017\327[\361\221\365"
 176      0D2C18C0 
 176      170FD75B 
 176      F191F5
 177 0043 202A4204 		.ascii	" *B\004\024\210\242\021\025\025\010Q\321\223CE\001y"
 177      1488A211 
 177      15150851 
 177      D1934345 
 177      0179
 178 0055 A8A73C16 		.ascii	"\250\247<\026E\001A\270\376\276\231}\221%\246n\252\232"
 178      450141B8 
 178      FEBE997D 
 178      9125A66E 
 178      AA9A
 179 0067 F9FA9BEE 		.ascii	"\371\372\233\356_w\377\272g\276\205c\030\246\022\030"
 179      5F77FFBA 
 179      67BE8563 
 179      18A61218 
ARM GAS  /tmp/cc1Hgzi7.s 			page 13


 180 0077 6606AFB8 		.ascii	"f\006\257\270\000\206Y\3112\214\037\356\255G\301%S\203"
 180      008659C9 
 180      328C1FEE 
 180      AD47C125 
 180      5383
 181 0089 7291912E 		.ascii	"r\221\221.\262\337H\366\321\236GQ\240\370\203d\027\204"
 181      B2DF48F6 
 181      D19E4751 
 181      A0F88364 
 181      1784
 182 009b F73781F1 		.ascii	"\3677\201\361\272\032\0317\3264\312\224\214\365\\\306"
 182      BA1A1937 
 182      D634CA94 
 182      8CF55CC6 
 183 00ab 1E471943 		.ascii	"\036G\031C\001\331\226\334gc\220Xj\031#\220\221\326"
 183      01D996DC 
 183      67639058 
 183      6A192390 
 183      91D6
 184 00bd D3324637 		.ascii	"\3232F7\312\"\031w\024\245\037\245\013e>\372\0102\266"
 184      CA221977 
 184      14A51FA5 
 184      0B653EFA 
 184      0832B6
 185 00d0 036502E5 		.ascii	"\003e\002\345\016\312\000\312m\224A\224!\224v\224\021"
 185      0ECA00CA 
 185      6D944194 
 185      21947694 
 185      11
 186 00e1 392E3B2B 		.ascii	"9.;+.\271H\215\376>b\237\367\250%\030$\216\252QT a\215"
 186      2EB9488D 
 186      FE3E629F 
 186      F7A82518 
 186      248EAA51 
 187 00f9 CBF5F132 		.ascii	"\313\365\3612? \363\343y\021\356\224s\324\345Y\017\353"
 187      3F20F3E3 
 187      7911EE94 
 187      73D4E559 
 187      0FEB
 188 010b 5107C87E 		.ascii	"Q\007\310~\263\257\021\026\232\312\366\177\312a\015"
 188      B3AF1116 
 188      9ACAF67F 
 188      CA610D
 189 011a 232CDFBB 		.ascii	"#,\337\273\257\2626\010\302CB\204\022Q\024\263\305U"
 189      AFB23608 
 189      C2434284 
 189      125114B3 
 189      C555
 190 012c 5006021C 		.ascii	"P\006\002\034\006\316\303\303\206\373\343+\311\003\\"
 190      06CEC3C3 
 190      86FBE32B 
 190      C9035C
 191 013b 2AE93D5B 		.ascii	"*\351=[\0243DG\201\310-d`Y\010\374:\204\201#\020N\037"
 191      14334447 
 191      81C82D64 
 191      605908FC 
 191      3A848123 
ARM GAS  /tmp/cc1Hgzi7.s 			page 14


 192 0152 31701442 		.ascii	"1p\024B\240\024BH\244\236\302\221\034?A\266\316~\235"
 192      A0144248 
 192      A49EC291 
 192      1C3F41B6 
 192      CE7E9D
 193 0165 F5DEBC1B 		.ascii	"\365\336\274\033{\324\217X\010\024\022\210:p\334~Y\211"
 193      7BD48F58 
 193      08141288 
 193      3A70DC7E 
 193      5989
 194 0177 AA5A0820 		.ascii	"\252Z\010 \352\251c\243W\374\351\323P\242\326\0254\331"
 194      EAA963A3 
 194      57FCE9D3 
 194      50A2D615 
 194      34D9
 195 0189 14F4294F 		.ascii	"\024\364)O\324\261,G\216@U5U\237\226M\362$\260(\346"
 195      D4B12C47 
 195      8E405535 
 195      559F964D 
 195      F224B028 
 196 019e 59445553 		.ascii	"YDUS >\200\012\014U\211\241\0308NC/\015\201*)\362\017"
 196      203E800A 
 196      0C5589A1 
 196      18384E43 
 196      2F0D812A 
 197 01b5 3B2FDD52 		.ascii	";/\335R\317\317\243\346\242\030\012\224\205o\320\374"
 197      CFCFA3E6 
 197      A2180A94 
 197      856FD0FC 
 198 01c5 18353F01 		.ascii	"\0305?\001\363\235N\304\272\354QM\005\353i]\376S\326"
 198      F39D4EC4 
 198      BAEC514D 
 198      05EB695D 
 198      FE53D6
 199 01d8 E30FB61E 		.ascii	"\343\017\266\036\342\325\271\204\0039\225j\230\357\221"
 199      E2D5B984 
 199      0339956A 
 199      98EF91
 200 01e7 4B0D9076 		.ascii	"K\015\220v\322;Z\267\211E[\024\334<\322\034(\266\335"
 200      D23B5AB7 
 200      89455B14 
 200      DC3CD21C 
 200      28B6DD
 201 01fa BF292C3B 		.ascii	"\277),;J\033s\256\225u7p\357\204\255\300\237\373%5\252"
 201      4A1B73AE 
 201      95753770 
 201      EF84ADC0 
 201      9FFB2535 
 202 020f B1B6EC16 		.ascii	"\261\266\354\026\270%t}\301>\362\212\347\336\241\353"
 202      B825747D 
 202      C13EF28A 
 202      E7DEA1EB 
 203 021f A2F6FE51 		.ascii	"\242\366\376Q\016\011\371\263\300\022\365j}FA\020\317"
 203      0E09F9B3 
 203      C012F56A 
 203      7D464110 
 203      CF
ARM GAS  /tmp/cc1Hgzi7.s 			page 15


 204 0230 3250071C 		.ascii	"2P\007\034\234&\201\211}G{.\335<\205\233KB\340\014P"
 204      9C268189 
 204      7D477B2E 
 204      DD3C859B 
 204      4B42E00C 
 205 0245 2E074E37 		.ascii	".\007N7\036U\223\355\223\270\2758\004\276\223\266\323"
 205      1E5593ED 
 205      93B8BD38 
 205      04BE93B6 
 205      D3
 206 0256 0F9DDE36 		.ascii	"\017\235\3366\017\021\027\010\324yGK\321y\216\2523$"
 206      0F111708 
 206      D479474B 
 206      D1798EAA 
 206      3324
 207 0268 205B7AA4 		.ascii	" [z\244i\210\007e\370\026\332\355\214t\316\026\350l"
 207      69880765 
 207      F816DAED 
 207      8C74CE16 
 207      E86C
 208 027a 3703E741 		.ascii	"7\003\347A\011\337\3022\270\200}?\013<\324c\371\347"
 208      09DFC232 
 208      B8807D3F 
 208      0B3CD463 
 208      F9E7
 209 028c 300B3275 		.ascii	"0\0132u\216\341\033i\242\310\023\033\206\030y\316*["
 209      8EE11B69 
 209      A2C8131B 
 209      861879CE 
 209      2A5B
 210 029e 543951A5 		.ascii	"T9Q\245\200p%1\354\036T\000\\D\244Z\314K2\244N\364\362"
 210      80702531 
 210      EC1E5400 
 210      5C44A45A 
 210      CC4B32A4 
 211 02b5 11161A30 		.ascii	"\021\026\0320\332\\\221\011\020Vqz\262\347&\377\226"
 211      DA5C9109 
 211      1056717A 
 211      B2E726FF 
 211      96
 212 02c6 551E9437 		.ascii	"U\036\2247xX\277\300\2437\227\340-\374\3737^\242\375"
 212      7858BFC0 
 212      A33797E0 
 212      2DFCFB37 
 212      5EA2FD
 213 02d9 447A5733 		.ascii	"DzW3\313\375\235\322[r\375\362pP\350\001\321^\351\270"
 213      CBFD9DD2 
 213      5B72FDF2 
 213      7050E801 
 213      D15EE9B8 
 214 02ed DDDBBB7C 		.ascii	"\335\333\273|\217h\317\020\247g\220\011\342\003\227"
 214      8F68CF10 
 214      A7679009 
 214      E20397
 215 02fc 5D093264 		.ascii	"]\0112dM\023\204F\010E\307\312\372\262\034\025\035\343"
 215      4D138446 
 215      0845C7CA 
ARM GAS  /tmp/cc1Hgzi7.s 			page 16


 215      FAB21C15 
 215      1DE3
 216 030e 4F094E73 		.ascii	"O\011Ns\316\303)?\356 P\320\314\222\027\330\2772I\251"
 216      CEC3293F 
 216      EE2050D0 
 216      CC9217D8 
 216      BF3249A9 
 217 0322 3F3B7E59 		.ascii	"?;~Y\340\252$e[vw\263\300\325I\212\263\021\213\244F"
 217      E0AA2465 
 217      5B7677B3 
 217      C0D5498A 
 217      B3118BA4 
 218 0337 74ED9D28 		.ascii	"t\355\235(QQ\225|\227\203\010kM\017\304\342@\010\247"
 218      5151957C 
 218      9783086B 
 218      4D0FC4E2 
 218      4008A7
 219 034a 2FB563FB 		.ascii	"/\265c\373\341\236\017,\370f\267\342\224\376\340f\216"
 219      E19E0F2C 
 219      F866B7E2 
 219      94FEE066 
 219      8E
 220 035b 78932BDB 		.ascii	"x\223+\333=\231\214\253t\270\206t-\022\250-\\\301\315"
 220      3D998CAB 
 220      74B88674 
 220      2D12A82D 
 220      5CC1CD
 221 036e ABF44561 		.ascii	"\253\364Ea/M\235\315\364\003!\334\267\323\015\037N4"
 221      2F4D9DCD 
 221      F40321DC 
 221      B7D30D1F 
 221      4E34
 222 0380 85275F16 		.ascii	"\205'_\026, -\276\216)\264\270Sh\005\3015\323\2155\323"
 222      2C202DBE 
 222      8E29B4B8 
 222      536805C1 
 222      35D38D35 
 223 0395 35C0ED66 		.ascii	"5\300\355f\245\012m\373\353\374\271=\222R\266\333\272"
 223      A50A6DFB 
 223      EBFCB93D 
 223      9252B6DB 
 223      BA
 224 03a6 4FC1ED97 		.ascii	"O\301\355\227\224\022\353\356r?\372\236+Q\365\263\336"
 224      9412EBEE 
 224      723FFA9E 
 224      2B51F5B3 
 224      DE
 225 03b7 DF5AA086 		.ascii	"\337Z\240\206\260\340\260\260p;\246\344\370\276\264"
 225      B0E0B0B0 
 225      703BA6E4 
 225      F8BEB4
 226 03c6 382DDF22 		.ascii	"8-\337\"\226,\244\241\3320\324-\010v'\370\037\332\325"
 226      962CA4A1 
 226      DA30D42D 
 226      087627F8 
 226      1FDAD5
 227 03d9 DFE01F26 		.ascii	"\337\340\037&_~}W\231\031h\002\351K\300Pk2-\035X\311"
ARM GAS  /tmp/cc1Hgzi7.s 			page 17


 227      5F7E7D57 
 227      99196802 
 227      E94BC050 
 227      6B322D1D 
 228 03ef 1D0883DB 		.ascii	"\035\010\203\333(\355\020F\223$\001\354\323\305\212"
 228      28ED1046 
 228      932401EC 
 228      D3C58A
 229 03fe A6E514FC 		.ascii	"\246\345\024\374\346l\360\245\004\240\202\300H\246\023"
 229      E66CF0A5 
 229      04A082C0 
 229      48A613
 230 040d 2ED37FFB 		.ascii	".\323\177\3734\245i\320\271\036(V\210@,~4\377\220S\337"
 230      34A569D0 
 230      B91E2856 
 230      88402C7E 
 230      34FF9053 
 231 0422 32C47377 		.ascii	"2\304swh\361\354\231\357\256\014\253 <\230:\355\324"
 231      68F1EC99 
 231      EFAE0CAB 
 231      203C983A 
 231      EDD4
 232 0434 2BA11341 		.ascii	"+\241\023A\357\272\371$\010\364\362U\034\334\303\232"
 232      EFBAF924 
 232      08F4F255 
 232      1CDCC39A 
 233 0444 7EAA3E8C 		.ascii	"~\252>\214\326\261\353eWP\260\354m\237\313\233\361\345"
 233      D6B1EB65 
 233      5750B0EC 
 233      6D9FCB9B 
 233      F1E5
 234 0456 DAB6F340 		.ascii	"\332\266\363@3x}\346\272<*f\240[\372\314\241\345\226"
 234      33787DE6 
 234      BA3C2A66 
 234      A05BFACC 
 234      A1E596
 235 0469 F27B8D3C 		.ascii	"\362{\215<\327'\365\363\342\365\2162\005}\035\354T\267"
 235      D727F5F3 
 235      E2F58E32 
 235      057D1DEC 
 235      54B7
 236 047b B69CBC27 		.ascii	"\266\234\274'}\307\177A\277t;\006\376\245\342\236H\266"
 236      7DC77F41 
 236      BF743B06 
 236      FEA5E29E 
 236      48B6
 237 048d 83174A52 		.ascii	"\203\027JR\3117\335\362\363&\217\234?\203\247rYn\\r"
 237      C937DDF2 
 237      F3268F9C 
 237      3F83A772 
 237      596E5C72 
 238 04a1 2F1AFAA6 		.ascii	"/\032\372\246\210\345&%eW\305\301&\0057-)\207v\215\345"
 238      88E52625 
 238      6557C5C1 
 238      2605372D 
 238      2987768D 
 239 04b6 0471191C 		.ascii	"\004q\031\034U^\331{\360%\314\222\224\226\236\361gj"
ARM GAS  /tmp/cc1Hgzi7.s 			page 18


 239      555ED97B 
 239      F025CC92 
 239      94969EF1 
 239      676A
 240 04c8 9ACE1BA8 		.ascii	"\232\316\033\250\316k\237\254\376\012 ,L\036\270L\213"
 240      CE6B9FAC 
 240      FE0A202C 
 240      4C1EB84C 
 240      8B
 241 04d9 A368F0C5 		.ascii	"\243h\360\305\207\005t\340\372\261\321\017\261\027\303"
 241      870574E0 
 241      FAB1D10F 
 241      B117C3
 242 04e8 73CE44A6 		.ascii	"s\316D\246\305~\267\202\314\0041}4\333\324c6\251\351"
 242      C57EB782 
 242      CC04317D 
 242      34DBD463 
 242      36A9E9
 243 04fb 3D97E97F 		.ascii	"=\227\351\177}\233J\260\236\255\356A\203^\372lX\356"
 243      7D9B4AB0 
 243      9EADEE41 
 243      835EFA6C 
 243      58EE
 244 050d F353E4C5 		.ascii	"\363S\344\305\201\215\032@\031D\031B\031q\3153F\271"
 244      818D1A40 
 244      19441942 
 244      1971CD33 
 244      46B9
 245 051f E38AF2C0 		.ascii	"\343\212\362\300g\356\356|:]\226\217g[>\001\357y\276"
 245      67EEEE7C 
 245      3A5D968F 
 245      675B3E01 
 245      EF79BE
 246 0532 5541E679 		.ascii	"UA\346y\330\307<\263\326\366\334\207\254s\204\273\222"
 246      D8C73CB3 
 246      D6F6DC87 
 246      AC7384BB 
 246      92
 247 0543 95308A40 		.ascii	"\2250\212@}\356\021\036\3665\302\316\272\340\031\226"
 247      7DEE111E 
 247      F635C2CE 
 247      BAE01996 
 248 0553 F3734A23 		.ascii	"\363sJ#\037\353\355\351\217\003\274\346q\324k\036\237"
 248      1FEBEDE9 
 248      8F03BCE6 
 248      71D46B1E 
 248      9F
 249 0564 BBE6F1A4 		.ascii	"\273\346\361\244=3\207\347\352i\303\375F\217_\314P\320"
 249      3D3387E7 
 249      EA69C3FD 
 249      468F5FCC 
 249      50D0
 250 0576 0E3B3F28 		.ascii	"\016;?(\307\376QH\373\213\016\360\002\023}9g\323\304"
 250      C7FE5148 
 250      FB8B0EF0 
 250      02137D39 
 250      67D3C4
ARM GAS  /tmp/cc1Hgzi7.s 			page 19


 251 0589 8CEE235F 		.ascii	"\214\356#__\363\027m\313\351)\365\275l,\037FK\275-\313"
 251      5FF3176D 
 251      CBE929F5 
 251      BD6C2C1F 
 251      464BBD2D 
 252 059e 2F5D538B 		.ascii	"/]S\213H(\276\027p\1776\354R\337\375u\275\214\315\262"
 252      4828BE17 
 252      707F36EC 
 252      52DFFD75 
 252      BD8CCDB2 
 253 05b2 03E16112 		.ascii	"\003\341a\022y\030\307\332'P\306\344\372)\273\373\262"
 253      7918C7DA 
 253      2750C6E4 
 253      FA29BBFB 
 253      B2
 254 05c3 48175EFA 		.ascii	"H\027^\372\352Bg\315\301\006\177\010\016\367\011\376"
 254      EA4267CD 
 254      C1067F08 
 254      0EF709FE 
 255 05d3 0A015F0B 		.ascii	"\012\001_\013\336\331\020\210\340Sh\326\354n\336Kg\363"
 255      DED91088 
 255      E05368D6 
 255      EC6EDE4B 
 255      67F3
 256 05e5 90D5FEBE 		.ascii	"\220\325\376\276\241)\326\213\377)/\376\247]\374\237"
 256      A129D68B 
 256      FF292FFE 
 256      A75DFC9F 
 257 05f5 A9B6892C 		.ascii	"\251\266\211,\376\334\240{\344\260\305\275\322\273]"
 257      FEDCA07B 
 257      E4B0C5BD 
 257      D2BB5D
 258 0604 25EC9CC7 		.ascii	"%\354\234\307\262\310\222cy\006\344s\371\352\344\215"
 258      B2C89263 
 258      7906E473 
 258      F9EAE48D 
 259 0614 36966B90 		.ascii	"6\226k\220\336\330\261\266\236Z\220\017\346\206'\236"
 259      DED8B1B6 
 259      9E5A900F 
 259      E686279E 
 260 0624 07337A41 		.ascii	"\0073zA:\353>\230q-\035\314\031,9\230{\217?{\316r\327"
 260      3AEB3E98 
 260      712D1DCC 
 260      192C3998 
 260      7B8F3F7B 
 261 063b 2594137D 		.ascii	"%\224\023}W\233y\212b\237\302\317\270xnff%\005\260x"
 261      579B798A 
 261      629FC2CF 
 261      B8786E66 
 261      662505B0 
 262 0650 00589C00 		.ascii	"\000X\234\000\231\024\240\272\333vv\036\327)\001<\310"
 262      9914A0BA 
 262      DB76761E 
 262      D729013C 
 262      C8
 263 0661 BD6B9301 		.ascii	"\275k\223\001\366|\355\011\220\345\001\220\345\004\330"
 263      F67CED09 
ARM GAS  /tmp/cc1Hgzi7.s 			page 20


 263      90E50190 
 263      E504D8
 264 0670 42016CB9 		.ascii	"B\001l\271\266l\265\027e\344\207\245\273\354/Y'e3\257"
 264      B66CB517 
 264      65E487A5 
 264      BBEC2F59 
 264      276533AF 
 265 0684 F63C034A 		.ascii	"\366<\003J\031\356\311\2249\266\225=V\315IY\016\245"
 265      19EEC994 
 265      39B6953D 
 265      56CD4959 
 265      0EA5
 266 0696 2C9B9529 		.ascii	",\233\225)\253(\274\377T\311\015H\271\036\256\351\257"
 266      AB28BCFF 
 266      54C90D48 
 266      B91EAEE9 
 266      AF
 267 06a7 2494758B 		.ascii	"$\224u\213\216\241\341\247\253\362-y%b\367\314\314\333"
 267      8EA1E1A7 
 267      ABF22D79 
 267      2562F7CC 
 267      CCDB
 268 06b9 D40B723D 		.ascii	"\324\013r=\022\316u&\274\225&\334_`up\234\225\247(\226"
 268      12CE7526 
 268      BC9526DC 
 268      5F607570 
 268      9C95A728 
 269 06ce AAC2172A 		.ascii	"\252\302\027*\356\200\244\014\346\337j\367\177\273\234"
 269      EE80A40C 
 269      E6DF6AF7 
 269      7FBB9C
 270 06dd DF8FFF30 		.ascii	"\337\217\3770\340\317]\332\322\035\265\245\302\342\203"
 270      E0CF5DDA 
 270      D21DB5A5 
 270      C2E283
 271 06ec 62AB1D1B 		.ascii	"b\253\035\0333\2630=\317\236\221'\022V\350\357\341m"
 271      33B3303D 
 271      CF9E9127 
 271      1256E8EF 
 271      E16D
 272 06fe 180569F4 		.ascii	"\030\005i\364\370\031\275\235\304\202\035,\246\261\223"
 272      F819BD9D 
 272      C4821D2C 
 272      A6B193
 273 070d 5D8C0047 		.ascii	"]\214\000G\255\035eJ\256N\012\320\367\3255+\217hv{w"
 273      AD1D654A 
 273      AE4E0AD0 
 273      F7D5352B 
 273      8F68767B 
 274 0722 572D7F2E 		.ascii	"W-\177.S\244M\2463\226'%\354q\252\347IiC>\305\331ko"
 274      53A44DA6 
 274      33962725 
 274      EC71AAE7 
 274      4969433E 
 275 073a FDA75A90 		.ascii	"\375\247Z\220\177\301d\277\376\034\201\002V \377#tW"
 275      7FC164BF 
 275      FE1C8102 
ARM GAS  /tmp/cc1Hgzi7.s 			page 21


 275      5620FF23 
 275      7457
 276 074c 35780F34 		.ascii	"5x\0174a\307\315p\241\324\035z\347u\011\261Fas\334\347"
 276      61C7CD70 
 276      A1D41D7A 
 276      E77509B1 
 276      466173DC 
 277 0761 2673AC59 		.ascii	"&s\254Y\2575+\336_\367q\350jF\370$\352}\355\307\353"
 277      AF352BDE 
 277      5FF771E8 
 277      6A46F824 
 277      EA7DEDC7 
 278 0776 D6AC5BB3 		.ascii	"\326\254[\263AI\2261\033>Z\257\"\213\350?\376!\352\257"
 278      41499631 
 278      1B3E5AAF 
 278      228BE83F 
 278      FE21EAAF 
 279 078a 4B222234 		.ascii	"K\"\"4\253\023\014\237\031>\212\321$\2334\011\261\211"
 279      AB130C9F 
 279      193E8AD1 
 279      249B3409 
 279      B189
 280 079c 1A43922E 		.ascii	"\032C\222.1%NO\326ZD\213H`\324x\323&&\306i\015I\006"
 280      31254E4F 
 280      D65A448B 
 280      4860D478 
 280      D32626C6 
 281 07b4 F37B3FF6 		.ascii	"\363{?\366\330\224l4\23341\033\376\022\271B\263vm\224"
 281      D8946C34 
 281      9B34311B 
 281      FE12B942 
 281      B3766D94 
 282 07c8 2615E1BF 		.ascii	"&\025\341\277x\327\011@"
 282      78D70940 
 283 07d0 3C23740C 		.ascii	"<#t\014\211\031e4|\2417\372\321\004\225)\206$s\344\012"
 283      89196534 
 283      7CA137FA 
 283      D1049529 
 283      862473E4 
 284 07e5 AD59D06A 		.ascii	"\255Y\320j\235\313w4)&\243+\201$\375\346D\303g\232\215"
 284      9DCB7734 
 284      2926A32B 
 284      8124FDE6 
 284      44C3679A 
 285 07fa B1BA0443 		.ascii	"\261\272\004C\222^\243\215\323\307\307\246$\232\265"
 285      925EA38D 
 285      D3C7C7A6 
 285      249AB5
 286 0809 E6B44D7A 		.ascii	"\346\264Mz\023\246\025\346\313\332\224f\322hM\3468D"
 286      13A615E6 
 286      CBDA9466 
 286      D2684DE6 
 286      3844
 287 081b 44137693 		.ascii	"D\023v\223\2213&\032\371\315\206$\343\377\227x\002M"
 287      9133261A 
 287      F9CD8624 
 287      E3FF9778 
ARM GAS  /tmp/cc1Hgzi7.s 			page 22


 287      024D
 288 082d 7C757252 		.ascii	"|urR\274\341s\205\216\336\324k\010}\0330\213(}<\373"
 288      BCE17385 
 288      8EDED46B 
 288      087D1B30 
 288      8B287D3C 
 289 0842 6134BB3E 		.ascii	"a4\273>\232\213^\033\315\306D\363\237\254Y\027\375["
 289      9A8B5E1B 
 289      CDC644F3 
 289      9FAC5917 
 289      FD5B
 290 0854 EF38BAE4 		.ascii	"\3578\272\344\215\033\223\2234\372T3\006\222b\375)2"
 290      8D1B9393 
 290      34FA5433 
 290      069262FD 
 290      2932
 291 0866 35556332 		.ascii	"5Uc2o\214\\\021\037\271<2U\207A8\214\027\340\244\031"
 291      6F8C5C11 
 291      1FB93C32 
 291      55874138 
 291      8C17E0A4 
 292 087b F9319AD5 		.ascii	"\3711\232\325n-y\223\353\221Qo\322\233U\272\204\230"
 292      6E2D7993 
 292      EB91516F 
 292      D29B55BA 
 292      8498
 293 088d 34D307B1 		.ascii	"4\323\007\261\211\346_y\3072\232]t\350\022\020U\251"
 293      89E65F79 
 293      C7329A5D 
 293      74E81210 
 293      55A9
 294 089f D5C6A724 		.ascii	"\325\306\247$\351\264\332\000\347\"\342\275\337\375"
 294      E9B4DA00 
 294      E722E2BD 
 294      DFFD
 295 08ad 7E458027 		.ascii	"~E\200'4\343G\032\363\356\377\000V\372\320!"
 295      34E3471A 
 295      F3EEFF00 
 295      56FAD021 
 296              		.text
 297              		.section	.gnu.lto_.symtab.759c34b3974c0738,"",%progbits
 298 0000 7764675F 		.ascii	"wdg_lld_init\000\000\000\000\000\000\000\000\000\000"
 298      6C6C645F 
 298      696E6974 
 298      00000000 
 298      00000000 
 299 0016 0000C700 		.ascii	"\000\000\307\000\000\000WDGD1\000\000\000\000\000\000"
 299      00005744 
 299      47443100 
 299      00000000 
 299      00
 300 0027 00000000 		.ascii	"\000\000\000\000\000\000\021\001\000\000wdg_lld_sta"
 300      00001101 
 300      00007764 
 300      675F6C6C 
 300      645F7374 
 301 003c 72740000 		.ascii	"rt\000\000\000\000\000\000\000\000\000\000\000\000\002"
ARM GAS  /tmp/cc1Hgzi7.s 			page 23


 301      00000000 
 301      00000000 
 301      000002
 302 004b 01000077 		.ascii	"\001\000\000wdg_lld_stop\000\000\000\000\000\000\000"
 302      64675F6C 
 302      6C645F73 
 302      746F7000 
 302      00000000 
 303 0061 00000000 		.ascii	"\000\000\000\000\000\004\001\000\000wdg_lld_reset\000"
 303      00040100 
 303      00776467 
 303      5F6C6C64 
 303      5F726573 
 304 0078 00000000 		.ascii	"\000\000\000\000\000\000\000\000\000\000\000\006\001"
 304      00000000 
 304      00000006 
 304      01
 305 0085 00006368 		.ascii	"\000\000chSysHalt\000\000\002\000\000\000\000\000\000"
 305      53797348 
 305      616C7400 
 305      00020000 
 305      00000000 
 306 0099 0000000B 		.ascii	"\000\000\000\013\001\000\000"
 306      010000
 307              		.text
 308              		.section	.gnu.lto_.opts,"",%progbits
 309 0000 272D666E 		.ascii	"'-fno-trapv' '-mcpu=cortex-m4' '-mno-thumb-interwor"
 309      6F2D7472 
 309      61707627 
 309      20272D6D 
 309      6370753D 
 310 0033 6B272027 		.ascii	"k' '-mthumb' '-ggdb' '-O2' '-fomit-frame-pointer' '"
 310      2D6D7468 
 310      756D6227 
 310      20272D67 
 310      67646227 
 311 0066 2D66616C 		.ascii	"-falign-functions=16' '-ffunction-sections' '-fdata"
 311      69676E2D 
 311      66756E63 
 311      74696F6E 
 311      733D3136 
 312 0099 2D736563 		.ascii	"-sections' '-fno-common' '-flto'\000"
 312      74696F6E 
 312      73272027 
 312      2D666E6F 
 312      2D636F6D 
 313              		.text
 314              		.comm	__gnu_lto_v1,1,1
 315              		.comm	__gnu_lto_slim,1,1
 316              		.ident	"GCC: (15:4.9.3+svn231177-1) 4.9.3 20150529 (prerelease)"
ARM GAS  /tmp/cc1Hgzi7.s 			page 24


DEFINED SYMBOLS
                            *ABS*:0000000000000000 hal_wdg_lld.c
                            *COM*:0000000000000001 __gnu_lto_v1
                            *COM*:0000000000000001 __gnu_lto_slim

NO UNDEFINED SYMBOLS
