ARM GAS  /tmp/ccUoPZ0R.s 			page 1


   1              		.syntax unified
   2              		.cpu cortex-m4
   3              		.fpu softvfp
   4              		.eabi_attribute 20, 1
   5              		.eabi_attribute 21, 1
   6              		.eabi_attribute 23, 3
   7              		.eabi_attribute 24, 1
   8              		.eabi_attribute 25, 1
   9              		.eabi_attribute 26, 1
  10              		.eabi_attribute 30, 2
  11              		.eabi_attribute 34, 1
  12              		.eabi_attribute 18, 4
  13              		.thumb
  14              		.file	"hal_lld.c"
  15              		.text
  16              	.Ltext0:
  17              		.section	.gnu.lto_.profile.dc5b8b710321cae9,"",%progbits
  18 0000 789C6366 		.ascii	"x\234cf```a\200\000F\206\362H\000\001\273\000\331"
  18      60606061 
  18      80004686 
  18      F2480001 
  18      BB00D9
  19              		.text
  20              		.section	.gnu.lto_.jmpfuncs.dc5b8b710321cae9,"",%progbits
  21 0000 789C6366 		.ascii	"x\234cf\300\016\370\24043\0203\202YL@\014\000\002(\000"
  21      C00EF8A0 
  21      34331033 
  21      82594C40 
  21      0C000228 
  22 0015 18       		.ascii	"\030"
  23              		.text
  24              		.section	.gnu.lto_.inline.dc5b8b710321cae9,"",%progbits
  25 0000 789C6366 		.ascii	"x\234cf\300\016\374\24043\003\203\230\020#\003\223\332"
  25      C00EFCA0 
  25      34330383 
  25      98102303 
  25      93DA
  26 0012 89DF8C0C 		.ascii	"\211\337\214\014l\013\344\231@\202\214\014\222\306 "
  26      6C0BE499 
  26      40828C0C 
  26      92C620
  27 0021 B10F2B98 		.ascii	"\261\017+\230\020b\\(\004\023\203\301OF\240\232\250"
  27      10625C28 
  27      041383C1 
  27      4F46A09A 
  27      A8
  28 0032 17D3E4E0 		.ascii	"\027\323\344\340j\030\000\240Q\012\025"
  28      6A1800A0 
  28      510A15
  29              		.text
  30              		.section	.gnu.lto_.pureconst.dc5b8b710321cae9,"",%progbits
  31 0000 789C6366 		.ascii	"x\234cf```g\200\000f\006)F)&)\000\001\274\000_"
  31      60606067 
  31      80006606 
  31      29462926 
  31      290001BC 
  32              		.text
ARM GAS  /tmp/ccUoPZ0R.s 			page 2


  33              		.section	.gnu.lto_hal_lld_backup_domain_init.dc5b8b710321cae9,"",%progbits
  34 0000 789C9D53 		.ascii	"x\234\235SKH\224Q\024>\347\376\217\031\235Q\234\"\020"
  34      4B489451 
  34      143EE7FE 
  34      8F199D51 
  34      9C2210
  35 0013 835ABA1A 		.ascii	"\203Z\272\032\177\320\026\256\332\024\256\212\026\266"
  35      7FD016AE 
  35      DA14AE8A 
  35      16B6
  36 0021 8F1E0B05 		.ascii	"\217\036\013\005\301\310\026\356\274\223S\024\224Y\020"
  36      C1C816EE 
  36      BC935314 
  36      945910
  37 0030 442118A1 		.ascii	"D!\030\241ej\243Vc>\322\311\312\"z`j\226\213^\216\220"
  37      656AA356 
  37      633ED2C9 
  37      CA227A60 
  37      6A968B5E 
  38 0046 BB7F7A50 		.ascii	"\273\177zP\023\211\235s\357\350\237\006\241\016\314"
  38      13899D73 
  38      EFE89F06 
  38      A10ECC
  39 0055 B9FF9C7B 		.ascii	"\271\377\234{\346\373\276\363\235\363\033\360\357g\027"
  39      E6FBBEF3 
  39      9DF31BF0 
  39      EF6717
  40 0064 7D674C80 		.ascii	"}gL\200mt\242\017P4\276\000\210\370\2050\232KAf\233"
  40      6D74A20F 
  40      5034BE00 
  40      88F88530 
  40      9A4B4166 
  41 0079 EE269041 		.ascii	"\356&\220A\003M\2356\2055\341P\332\036\334Bi\013m\235"
  41      034D9D36 
  41      8535E150 
  41      DA1EDC42 
  41      690B6D9D 
  42 008d B611F901 		.ascii	"\266\021\371\001\020\352\204aZ6\326\341\234H\011lL\264"
  42      10EA8461 
  42      5A36D6E1 
  42      9C48096C 
  42      4CB4
  43 009f 5F0C14B6 		.ascii	"_\014\024\266H)\335O\235\276\343\371i\001\360Uhb\274"
  43      4829DD4F 
  43      9DBEE3F9 
  43      6901F055 
  43      6862BC
  44 00b2 86854035 		.ascii	"\206\205@5\251\350\374T\300\216RM\236\276\303\353h#"
  44      A9E8FC54 
  44      C08E524D 
  44      9EBEC3EB 
  44      6823
  45 00c4 9DB10D09 		.ascii	"\235\261\015\011\271\260p5\326\321kn4!-\320\342\340"
  45      B9B07035 
  45      D6D16B6E 
  45      34212DD0 
  45      E2E0
ARM GAS  /tmp/ccUoPZ0R.s 			page 3


  46 00d6 E3E0E710 		.ascii	"\343\340\347\020\340\020\344\220\303!\227C\036\207\020"
  46      E010E490 
  46      C3219743 
  46      1E8710
  47 00e5 07802481 		.ascii	"\007\200$\201\261\252Y!\3704\246q$\236\032\334\314\360"
  47      B1AA5921 
  47      F834A671 
  47      249E1ADC 
  47      CCF0
  48 00f7 3F8449CC 		.ascii	"?\204I\314\365\257\306w~\026i!\344\207\2104Y\313\373"
  48      F5AFC677 
  48      7E166921 
  48      E4878834 
  48      59CBFB
  49 010a E4CB31BF 		.ascii	"\344\3131\277J\001\377\234\352?\365\321n\302\313\230"
  49      4A01FF9C 
  49      EA3FF5D1 
  49      6EC2CB98 
  50 011a 1606B661 		.ascii	"\026\006\266a\001\336\300\002u\321s!9\231\035n\227\321"
  50      01DEC002 
  50      75D17321 
  50      39991D6E 
  50      97D1
  51 012c 883F2D4C 		.ascii	"\210?-Ll\307&\374\242\332\302\016\014\3034\326\177\263"
  51      6CC726FC 
  51      A2DAC20E 
  51      0CC334D6 
  51      7FB3
  52 013e 358DA599 		.ascii	"5\215\245\231\006\236\265\305\004\343\242\024\200\235"
  52      069EB5C5 
  52      04E3A214 
  52      809D
  53 014c 844262CE 		.ascii	"\204Bb\316#\327\254\201\346\246G\023\3030\2013J\374"
  53      23D7AC81 
  53      E6A64713 
  53      C3308133 
  53      4AFC
  54 015e DC764DE5 		.ascii	"\334vM\345\243?<}\322\322\227\305<\226l>\271\242%KA"
  54      A33F3C7D 
  54      D2D297C5 
  54      3C966C3E 
  54      B9A2254B 
  55 0173 1E6BBDD2 		.ascii	"\036k\275\322\357\327\\6v\021Ww\206k\346\327\245\331"
  55      EFD75C36 
  55      76115777 
  55      866BE6D7 
  55      A5D9
  56 0185 00732153 		.ascii	"\000s!S\365(*\236\002\336\322\035\375<1!4\221_s\215"
  56      F5282A9E 
  56      02DED21D 
  56      FD3C3121 
  56      34915F73 
  57 019a CE0D3504 		.ascii	"\316\0155\004uO6\340m\202\231\304\350\333\372\202L\021"
  57      754F36E0 
  57      6D8299C4 
  57      E8DBFA82 
  57      4C11
ARM GAS  /tmp/ccUoPZ0R.s 			page 4


  58 01ac 559C75C7 		.ascii	"U\234u\307\316d\351\012\023\360\016\023\001\217\303"
  58      CE64E90A 
  58      13F00E13 
  58      018FC3
  59 01bb 80E6529E 		.ascii	"\200\346R\236\206\3335\2745c\301\242\254\210\224\211"
  59      86DB35BC 
  59      3563C1A2 
  59      AC889489 
  60 01cb FCFF4B8B 		.ascii	"\374\377K\213{\322z1\314M\307\237\377\316a\032S2\317"
  60      7BD27A31 
  60      CC4DC79F 
  60      FFCE611A 
  60      5332CF
  61 01de 5DEDAEEB 		.ascii	"]\355\256\353\256\007\274\317\003\357W\340K\366\321"
  61      AE07BCCF 
  61      03EF57E0 
  61      4BF6D1
  62 01ed 2B8203AA 		.ascii	"+\202\003\252\205Yz^\334\247\356\311nC7\034X\275\271"
  62      85597A5E 
  62      DCA7EEC9 
  62      6E43371C 
  62      58BDB9
  63 0200 831EC9BD 		.ascii	"\203\036\311\275\225\346\0065\322\374x\203\033\320\326"
  63      95E60635 
  63      D2FC7883 
  63      1BD0D6
  64 020f F1C60C69 		.ascii	"\361\306\014iw\337,\272\033\244\222H\353\300i\237*!"
  64      77DF2CBA 
  64      1BA49248 
  64      EBC0699F 
  64      2A21
  65 0221 9CE12573 		.ascii	"\234\341%s-\230p\264\264\327\251\214\264\234UI\323;"
  65      2D9870B4 
  65      B4D7A98C 
  65      B49C5549 
  65      D33B
  66 0233 96F0B4DD 		.ascii	"\226\360\264\335_\276\312\271\004\244\206\370\367\352"
  66      5FBECAB9 
  66      04A486F8 
  66      F7EA
  67 0241 AE1676C4 		.ascii	"\256\026v\304\203}\300\253\233\253Vwl\0125v\336\032"
  67      837DC0AB 
  67      9BAB5677 
  67      6C0A3576 
  67      DE1A
  68 0253 A01E7A50 		.ascii	"\240\036zP\217\226+\014\021\220\262j=\012G=\330\307"
  68      8F962B0C 
  68      1190B26A 
  68      3D0A473D 
  68      D8C7
  69 0265 AC30A4DC 		.ascii	"\2540\244\334\264\325\244\337a$\361\275\214\001\331"
  69      B4D5A4DF 
  69      6124F1BD 
  69      8C01D9
  70 0274 E3245551 		.ascii	"\343$UQ\226^\304\342\242\"gGE\345\201\312=\345Nu\215"
  70      965EC4E2 
  70      A2226747 
ARM GAS  /tmp/ccUoPZ0R.s 			page 5


  70      45E581CA 
  70      3DE54E75 
  71 0289 53B1BFCA 		.ascii	"S\261\277\3129\\}\344h\215S\276wwI\261\216e%\265\265"
  71      395C7DE4 
  71      688D53BE 
  71      777749B1 
  71      8E6525B5 
  72 029e 7CB3AFAA 		.ascii	"|\263\257\252\352P\321A\370\003Zr\272\246"
  72      EA50D141 
  72      F8035A72 
  72      BAA6
  73              		.text
  74              		.section	.gnu.lto_hal_lld_init.dc5b8b710321cae9,"",%progbits
  75 0000 789C9D94 		.ascii	"x\234\235\224\337kRa\030\307\337\347U\217\212\272B\231"
  75      DF6B5261 
  75      18C7DFE7 
  75      558F8ABA 
  75      4299
  76 0012 8857DDED 		.ascii	"\210W\335\355J\245\255\377 \352\"\210.\326}\364\343"
  76      4AA5ADFF 
  76      20EA2288 
  76      2ED67DF4 
  76      E3
  77 0023 620361A3 		.ascii	"b\003a\243u\261\233\261\343f\264A\304\022\202\310\214"
  77      75B19BB1 
  77      E366B441 
  77      C41282C8 
  77      8C
  78 0034 06AD5F36 		.ascii	"\006\255_6\327\326r9W\331\372\341\266\322e^\004\303"
  78      D7D67239 
  78      57D9FAE1 
  78      B6D2655E 
  78      04C3
  79 0046 7E9013D6 		.ascii	"~\220\023\326\325\262\031a-\354}\336W:\272\030\354("
  79      D5B21961 
  79      2DEC7DDE 
  79      573ABA18 
  79      EC28
  80 0058 F81C3DE7 		.ascii	"\370\034=\3479\237\357\367\373\274\3579\032\362\377"
  80      399FEFF7 
  80      FBBCEF39 
  80      1AF2FF
  81 0067 C7C9BE07 		.ascii	"\307\311\276\007$B\366\261#h\010\320\2214!>\003\005"
  81      2442F6B1 
  81      236808D0 
  81      9134213E 
  81      0305
  82 0079 C01F0448 		.ascii	"\300\037\004H?\205~\370J\213\024F\022\341\313\246\226"
  82      3F857EF8 
  82      4A8B1446 
  82      12E1CBA6 
  82      96
  83 008a 315996BF 		.ascii	"1Y\226\277\005\342\216\263\2162%d\203\012\014\334\202"
  83      05E28EB3 
  83      8E322564 
  83      830A0CDC 
  83      82
ARM GAS  /tmp/ccUoPZ0R.s 			page 6


  84 009b 16C27A8A 		.ascii	"\026\302z\212\376?\357M\222\237\365\354\026\327\340"
  84      FE3FEF4D 
  84      929FF5EC 
  84      16D7E0
  85 00aa 3648C08E 		.ascii	"6H\300\216\023\326\204\\\251\344\257\346\262Z\007%e"
  85      13D6845C 
  85      A9E4AFE6 
  85      B25A0725 
  85      65
  86 00bb CAB45891 		.ascii	"\312\264X\221\260\030\261\230\261X\260X\261\330\260"
  86      B018B198 
  86      B158B058 
  86      B1D8B0
  87 00ca 3463B163 		.ascii	"4c\261c!d\225\301\320Q\201R<jV`>:\271\276\027\361?)"
  87      216495C1 
  87      D0518152 
  87      3C6A5660 
  87      3E3AB9BE 
  88 00e2 BA5B5A18 		.ascii	"\272[Z\030\213\031\327h\231R\371\372\220\254E3\237V"
  88      8B19D768 
  88      9952F9FA 
  88      90AC4533 
  88      9F56
  89 00f4 9733067E 		.ascii	"\2273\006~\212\340\337\201\233\243\263\206\020\004\241"
  89      8AE0DF81 
  89      9BA3B386 
  89      1004A1
  90 0103 4C357007 		.ascii	"L5p\007\234p\027\234\374B\376\327\225\202\311\025\226"
  90      9C70179C 
  90      FC42FED7 
  90      9582C915 
  90      96
  91 0114 FD3E4399 		.ascii	"\375>C\231j!\014!\370\316s\301=p\221\025\030,IBG#\244"
  91      6A210C21 
  91      F8CE73C1 
  91      3D709115 
  91      182C4942 
  92 012b E6468333 		.ascii	"\346F\2033M\310\205J\345\334\346.\002\343\014\304\014"
  92      4DC8854A 
  92      E5DCE62E 
  92      02E30CC4 
  92      0C
  93 013c 0500DB54 		.ascii	"\005\000\333T(E\024\245\011p1>R\272w\014\001d\334W\030"
  93      284514A5 
  93      0970313E 
  93      52BA770C 
  93      0164DC57 
  94 0151 93E0AA4D 		.ascii	"\223\340\252M\255e\247\246\204\263hf\035D\0045\366\036"
  94      AD65A7A6 
  94      84B36866 
  94      1D440435 
  94      F61E
  95 0163 7034AE1E 		.ascii	"p4\256\036L\363A\250\360&\010\017\025BT\230\013\226"
  95      4CF341A8 
  95      F026080F 
  95      15425498 
  95      0B96
ARM GAS  /tmp/ccUoPZ0R.s 			page 7


  96 0175 6F18ABA3 		.ascii	"o\030\253\243\253T\330\350f\204A\225\241\037)\334\030"
  96      AB54D8E8 
  96      66844195 
  96      A11F29DC 
  96      18
  97 0186 B8FEA5BC 		.ascii	"\270\376\245\274X\252\2464\252\3608\313Y|\257\306\033"
  97      58AAA634 
  97      AAF038CB 
  97      597CAFC6 
  97      1B
  98 0197 4B39A710 		.ascii	"K9\247\020\03637\215Ez\242@\236\326D\312\374\250F2\253"
  98      1E33378D 
  98      457AA240 
  98      9ED644CA 
  98      FCA84632 
  99 01ac 3094E02C 		.ascii	"0\224\340,\015\262\236\325\357`\213\000-\016\344\013"
  99      0DB29ED5 
  99      EF608B00 
  99      2D0EE40B 
 100 01bc 26BE0CEC 		.ascii	"&\276\014\354I\225\201\300|\203;\370\271\242\364\002"
 100      499581C0 
 100      7C833BF8 
 100      B9A2F402 
 101 01cc 77B085E4 		.ascii	"w\260\205\344`0\221\323#\006\333\257e/Dh\337oyHf\355"
 101      603091D3 
 101      2306DBAF 
 101      652F4468 
 101      DF6F7948 
 102 01e2 BA0D5C32 		.ascii	"\272\015\\2x\011}\354\231\226xgi\333N6\011xU\323\271"
 102      78097DEC 
 102      99967867 
 102      69DB4E36 
 102      097855D3 
 103 01f7 B96D2753 		.ascii	"\271m'S\207d\265\223\217,IEX\253\212 \013<\210\026\203"
 103      8764B593 
 103      8F2C4945 
 103      58AB8A20 
 103      0B3C8816 
 104 020c 2CD68FCC 		.ascii	",\326\217\314&@\311\320\332\224\226\217\214\215k\251"
 104      2640C9D0 
 104      DA94968F 
 104      8C8D6BA9 
 105 021c C171BD56 		.ascii	"\301q\275VT\336\340\270l\334p1\025\320\011\255fv\313"
 105      54DEE0B8 
 105      6CDC7031 
 105      15D009AD 
 105      6676CB
 106 022f A55C386D 		.ascii	"\245\\8mF!\275,\373\267\274\310\364\034\0328\377a\232"
 106      4621BD2C 
 106      FBB7BCC8 
 106      F41C1A38 
 106      FF619A
 107 0242 0A3503A4 		.ascii	"\0125\003\244\230Z\272\252\366yx\374K\223\242\266\314"
 107      985ABAAA 
 107      F67978FC 
 107      4B93A2B6 
 107      CC
ARM GAS  /tmp/ccUoPZ0R.s 			page 8


 108 0253 D574A8F6 		.ascii	"\325t\250\366\266>\223]H\305\"\245\224\330\006{\010"
 108      B63E935D 
 108      48C522A5 
 108      94D8067B 
 108      08
 109 0264 64B664DA 		.ascii	"d\266d\332\251\312;E%\213\231\354\344#\370\022\361C"
 109      A9CA3B45 
 109      258B99EC 
 109      E423F812 
 109      F143
 110 0276 7CB908BE 		.ascii	"|\271\010\276\271\001\337\330l=[\335n\317\376\216\316"
 110      B901DFD8 
 110      6C3D5BDD 
 110      6ECFFE8E 
 110      CE
 111 0287 139D47DA 		.ascii	"\023\235G\332=]=\236\216\343^Ow\327\3513=\236\366\243"
 111      3D5D3D9E 
 111      8EE35E4F 
 111      77D7E933 
 111      3D9EF6A3 
 112 029b 87DB5A45 		.ascii	"\207\333ZE=\330\326\333\213W\216y\275\247\334'\311_"
 112      3DD8D6DB 
 112      8B578E79 
 112      BDA7DC27 
 112      C95F
 113 02ad 96692873 		.ascii	"\226i(s"
 114              		.text
 115              		.section	.gnu.lto_stm32_clock_init.dc5b8b710321cae9,"",%progbits
 116 0000 789C9D56 		.ascii	"x\234\235V\335o\223U\034>\277\363~\364m\337~\302.6X"
 116      DD6F9355 
 116      1C3EBFF3 
 116      7EF46DDF 
 116      7EC22E36 
 117 0015 58D862B8 		.ascii	"X\330b\270\332j\300\177\240\232x\247^\340\275\361#\006"
 117      DA6AC07F 
 117      A09A78A7 
 117      5EE0BDF1 
 117      2306
 118 0027 922510F1 		.ascii	"\222%\020\361\202;\336\262\262\270d\211\004\243!\230"
 118      823BDEB2 
 118      B2B86489 
 118      04A32198 
 119 0037 194D04D4 		.ascii	"\031M\004\324!\254U\247\003?\352\0046\221m0\334\306"
 119      21AC55A7 
 119      033FEA04 
 119      36916D30 
 119      DCC6
 120 0049 260C6D57 		.ascii	"&\014mW\331t\211\355 \231U\232z~\347\234\366t]b\332"
 120      D97489ED 
 120      2099559A 
 120      7A7EE79C 
 120      F6745D62 
 121 005e 2ED973B6 		.ascii	".\331s\266\363;y\316s\236\337sz\252\221\315?\253\354"
 121      F33B79CE 
 121      739EDF73 
 121      7AAA91CD 
 121      3FABEC
ARM GAS  /tmp/ccUoPZ0R.s 			page 9


 122 0071 F7BC8790 		.ascii	"\367\274\207\220'\330\010[\010\320\343\223\204D-\012"
 122      27D8085B 
 122      08D0E393 
 122      84442D0A 
 123 0081 9AF843A3 		.ascii	"\232\370C\243\241\3761B\034\217\036s\021\307\033\022"
 123      A1FE3142 
 123      1C8F1E73 
 123      11C71B12 
 124 0091 F3111D0C 		.ascii	"\363\021\035\014Q7hP\324M^\017\212\371\210\011.Qw\321"
 124      51376850 
 124      D44D5E0F 
 124      8AF98809 
 124      2E5177D1 
 125 00a5 80A85BBC 		.ascii	"\200\250[\274\036\020\363\021\013\334\242\356\246~Q"
 125      1E10F311 
 125      0BDCA2EE 
 125      A67E51
 126 00b4 F7F0BA5F 		.ascii	"\367\360\272_\314G<`\213\272M}\242\356\345u\237\230"
 126      CC473C60 
 126      8BBA4D7D 
 126      A2EEE575 
 126      9F98
 127 00c6 8F780170 		.ascii	"\217x\001p$@\216P-\244\033A\323\025\260\334~\217\355"
 127      24408E50 
 127      2DA41B41 
 127      D315B0DC 
 127      7E8FED
 128 00d9 F3C21153 		.ascii	"\363\302\021S\023g3\304\340\022\203[\014\266\030Vh\216"
 128      136733C4 
 128      E012835B 
 128      0CB61856 
 128      688E
 129 00eb C2F1E4E0 		.ascii	"\302\361\344\340I{\327i\307q\262\251\231\346c\315yJ"
 129      497BD769 
 129      C771B2A9 
 129      99E663CD 
 129      794A
 130 00fd C8032A16 		.ascii	"\310\003*\026\300Y\330E\330\232\\\2540g\2331\266&(j"
 130      C059D845 
 130      D89A5CAC 
 130      30679B31 
 130      B626286A 
 131 0111 F01198C0 		.ascii	"\360\021\230\300\306\013[\222N\261\230~\357\316\272"
 131      C60B5B92 
 131      4EB1987E 
 131      EFCEBA
 132 0120 FE182579 		.ascii	"\376\030%y\346\030\202\201`\"\270\020,\004\017\202\215"
 132      E6188281 
 132      6022B810 
 132      2C040F82 
 132      8D
 133 0131 E045F021 		.ascii	"\340E\360!\004\021B\010[\021\232\020\232\021Z\020\266"
 133      04114208 
 133      5B119A10 
 133      9A115A10 
 133      B6
 134 0142 23B422EC 		.ascii	"#\264\"\354@hC\330\211\320\216\320\201@\310\022S\303"
ARM GAS  /tmp/ccUoPZ0R.s 			page 10


 134      406843D8 
 134      89D08ED0 
 134      8140C812 
 134      53C3
 135 0154 4CC950CA 		.ascii	"L\311P\312\006m\001F\207sw\023\032\312[\247x\272k\343"
 135      066D0146 
 135      87737713 
 135      1ACA5BA7 
 135      78BA6BE3 
 136 0168 A747DCCB 		.ascii	"\247G\334\3134O\251\363\376\033\216\216\207\271\267"
 136      344FA9F3 
 136      FE1B8E8E 
 136      87B9B7
 137 0177 3475D3E2 		.ascii	"4u\323\342S\004\377=z\346\203\213\326\000\274\013y\252"
 137      5304FF3D 
 137      7AE6838B 
 137      D600BC0B 
 137      79AA
 138 0189 C1C7B00D 		.ascii	"\301\307\260\015>\201m\274\220\376\347T\306\356\034"
 138      3E816DBC 
 138      90FEE754 
 138      C6EE1C
 139 0198 7462512B 		.ascii	"tbQ+Ou\030\204\001X\343\276\3009\350$\013\320\363\320"
 139      4F751884 
 139      0158E3BE 
 139      C039E824 
 139      0BD0F3D0 
 140 01ac 14FB6862 		.ascii	"\024\373hb\253\261\201\345\204\216\274\000\004>e$L\315"
 140      ABB181E5 
 140      848EBC00 
 140      043E6524 
 140      4CCD
 141 01be 09C02575 		.ascii	"\011\300%u\354r^\355r\001:\0317\373+\303\2205\232\237"
 141      EC725EED 
 141      72013A19 
 141      37FB2BC3 
 141      90359A9F 
 142 01d2 2EBEB826 		.ascii	".\276\270&Og\324\304\012H:\244H\343B\372\337\275KT\320"
 142      4F67D4C4 
 142      0A483AA4 
 142      48E342FA 
 142      DFBD4B54 
 143 01e7 48A65373 		.ascii	"H\246Ss\231\207\032\027O\011$\030\313\014\304n\367\274"
 143      99871A17 
 143      4F092418 
 143      CB0CC46E 
 143      F7BC
 144 01f9 2AD7B005 		.ascii	"*\327\260\005\3213\227\372]|\001c\371\014\267!\350~"
 144      D13397FA 
 144      5D7C0163 
 144      F90CB721 
 144      E87E
 145 020b 88B06442 		.ascii	"\210\260dB\206\352%\373\343\231i)\320U\307\261?\347"
 145      86EA25FB 
 145      E3996929 
 145      D055C7B1 
 145      3FE7
ARM GAS  /tmp/ccUoPZ0R.s 			page 11


 146 021d 0A3151F0 		.ascii	"\0121Q\360\205T(\315\265\004Qf\362h\237\217o\377\250"
 146      855428CD 
 146      B5045166 
 146      F2689F8F 
 146      6FFFA8
 147 0230 582C0608 		.ascii	"X,\006\010\0147h\360\227j\247\257\320`\213\033l\224"
 147      0C3768F0 
 147      976AA7AF 
 147      D0608B1B 
 147      6C94
 148 0242 0DCE6552 		.ascii	"\015\316eRR\277\247v\203G\024\351\305\222\301\253\322"
 148      52BFA776 
 148      834714E9 
 148      C592C1AB 
 148      D2
 149 0253 605B30AD 		.ascii	"`[0\255\037\313\366y\370\001\274\004.\011\203\347K\006"
 149      1FCBF679 
 149      F801BC04 
 149      2E0983E7 
 149      4B06
 150 0265 DB158E06 		.ascii	"\333\025\216\006\245\243f9\320\367K\201\366\326q\316"
 150      A5A36639 
 150      D0F74B81 
 150      F6D671CE 
 151 0275 AF55CFBF 		.ascii	"\257U\317\277\331\350\250O\020%\012Co\331\\P\236\345"
 151      D9E8A84F 
 151      10250A43 
 151      6FD95C50 
 151      9EE5
 152 0287 F5DB06ED 		.ascii	"\365\333\006\355\374Nm\223D;}\310\222\035Z\025!\250"
 152      FC4E6D93 
 152      443B7DC8 
 152      921D5A15 
 152      21A8
 153 0299 208A3A4E 		.ascii	" \212:N\322\374\177\027\277W.\216Bg\345M\325\331\324"
 153      D2FC7F17 
 153      BF572E8E 
 153      4267E54D 
 153      D5D9D4
 154 02ac 0F42E170 		.ascii	"\017B\341p\356\321\250\264#X\207\316\313\234\233\177"
 154      EED1A8B4 
 154      235887CE 
 154      CB9C9B7F 
 155 02bc 745DD978 		.ascii	"t]\331x{C\214\250\341\353zU\321\216\341\361C<M.u]\013"
 155      7B438CA8 
 155      E1EB7A55 
 155      D18EE1F1 
 155      433C4D2E 
 156 02d3 A5346DAD 		.ascii	"\2454m\255=M\343\212\364\307\352\353\332\304\2306\335"
 156      3D4DE38A 
 156      F4C7EAEB 
 156      DAC49836 
 156      DD
 157 02e4 CFA68AF8 		.ascii	"\317\246\212\370\004d|,\031\237l\266\230j\240\027\327"
 157      04647C2C 
 157      199F6CB6 
 157      986AA017 
ARM GAS  /tmp/ccUoPZ0R.s 			page 12


 157      D7
 158 02f5 542F7EE2 		.ascii	"T/~\342\275\350?{\271\300\357\277\356\214\037$p]\030"
 158      BDE83F7B 
 158      B9C0EFBF 
 158      EE8C1F24 
 158      705D18
 159 0308 961DBA92 		.ascii	"\226\035\272\222n\200}\202\263\343g\033Lr\366\371\033"
 159      6E807D82 
 159      B3E3671B 
 159      4C72F6F9 
 159      1B
 160 0319 27C5C78F 		.ascii	"'\305\307\217\356<I`J\222g\033\"\277\301\311u$\277\311"
 160      EE3C4960 
 160      4A92671B 
 160      22BFC1C9 
 160      7524BFC9 
 161 032d C9536FF6 		.ascii	"\311So\366,\3607@\177\234\300t)F\327o\311\3164\327\321"
 161      2CF03740 
 161      7F9CC074 
 161      2946D76F 
 161      C9CE34D7 
 162 0342 EF5B2AEE 		.ascii	"\357[*\356?o\214Q\213 :12\337/\2569{,-\0023\015\006"
 162      3F6F8C51 
 162      8B203A31 
 162      32DF2FAE 
 162      397B2C2D 
 163 035a 6B566D34 		.ascii	"kVm4\207\301j\341\301r\253`M<\220\362\267\327\036\254"
 163      87C16AE1 
 163      C172AB60 
 163      4D3C90F2 
 163      B7D71EAC 
 164 036e DB8A74BE 		.ascii	"\333\212t\276:X\255\202\251wjyE+\351\017\022X\250\212"
 164      3A58AD82 
 164      A9776A79 
 164      452BE90F 
 164      1258A88A 
 165 0382 5A6B45D4 		.ascii	"ZkE\324\3742j\236r\324\246\312\375*\364]\355\345\217"
 165      FC326A9E 
 165      72D4A6CA 
 165      FD2AF45D 
 165      EDE58F
 166 0395 A1E124AB 		.ascii	"\241\341$\253\337]\203K\033\233\3763\356\227\035e_:"
 166      DF5D834B 
 166      1B9BFE33 
 166      EE971D65 
 166      5F3A
 167 03a7 4CF885E9 		.ascii	"L\370\205\351\276#u\257\365$\012P\326}\227\353\306o"
 167      BE2375AF 
 167      F5240A50 
 167      D67D97EB 
 167      C66F
 168 03b9 32B0C83B 		.ascii	"2\260\310;\372\227\2632\021\340\035\015\021\270';\032"
 168      FA97B332 
 168      11E01D0D 
 168      11B8273B 
 168      1A
 169 03ca 9F2D7574 		.ascii	"\237-utG\035F\377\252\202\376\333\306\216\2661\"~\325"
ARM GAS  /tmp/ccUoPZ0R.s 			page 13


 169      471D46FF 
 169      AA82FEDB 
 169      C68EB631 
 169      227ED5
 170 03dd 1AE95F4A 		.ascii	"\032\351_J\321\246\261\177m\274\177\266zff\323R\354"
 170      D1A6B17F 
 170      6DBC7FB6 
 170      7A6666D3 
 170      52EC
 171 03ef CEDAFBB7 		.ascii	"\316\332\373\267\244H3\325\317L;c\332\364\256\2643\212"
 171      A44833D5 
 171      CF4C3B63 
 171      DAF4AEB4 
 171      338A
 172 0401 0FDF7EE7 		.ascii	"\017\337~\347\234\301;\312\342\370{\271y>\331<\257\372"
 172      9CC13BCA 
 172      E2F87BB9 
 172      793ED93C 
 172      AFFA
 173 0413 DE5452D4 		.ascii	"\336TR\324Q\3079\357\253\313\266\314%\325o\325\212\242"
 173      51C739EF 
 173      ABCBB6CC 
 173      25D56FD5 
 173      8AA2
 174 0425 F803ADEA 		.ascii	"\370\003\255\352 \213\020M\376\373,\322\010\255\300"
 174      208B104D 
 174      FEFB2CD2 
 174      08ADC0
 175 0434 34B2D8EE 		.ascii	"4\262\330\356\356\352\012?\265o\377K\373\237\333\033"
 175      EEEA0A3F 
 175      B56FFF4B 
 175      FB9FDB1B 
 176 0444 3E7028BC 		.ascii	">p(\274\357\305\356\360\301\003\257\275~(\274\367\371"
 176      EFC5EEF0 
 176      C103AFBD 
 176      7E28BCF7 
 176      F9
 177 0455 67F6EC16 		.ascii	"g\366\354\026\370\364\236\303\207\261\362Bw\367+]/\223"
 177      F8F49EC3 
 177      87B1F242 
 177      77F72B5D 
 177      2F93
 178 0467 FF000396 		.ascii	"\377\000\003\226\276\324"
 178      BED4
 179              		.text
 180              		.section	.gnu.lto_.symbol_nodes.dc5b8b710321cae9,"",%progbits
 181 0000 789C6366 		.ascii	"x\234cf``(c\200\002\246]L\365\014\014\023\31610\324"
 181      60602863 
 181      8002A65D 
 181      4CF50C0C 
 181      13CE3130 
 182 0015 D733CC5D 		.ascii	"\3273\314]\320\301\303\300\264\233\251\236\021&2o\001"
 182      D0C1C3C0 
 182      B49BA99E 
 182      1126326F 
 182      01
 183 0026 0703D31E 		.ascii	"\007\003\323\036\246z&d\001\326\235L\014\013\201\332"
ARM GAS  /tmp/ccUoPZ0R.s 			page 14


 183      A67A2664 
 183      01D69D4C 
 183      0C0B81DA 
 184 0036 18F731D5 		.ascii	"\030\3671\3253C$\030\032\0328\030\030\3672\325\263 "
 184      33432418 
 184      1A1A3818 
 184      18F732D5 
 184      B320
 185 0048 F1991919 		.ascii	"\361\231\031\031\030\016\265\277\221gfdex\002\246Y\030"
 185      180EB5BF 
 185      91676664 
 185      657802A6 
 185      5918
 186 005a 5ABADEC8 		.ascii	"Z\272\336\3103\000\000\322\030 \322"
 186      330000D2 
 186      1820D2
 187              		.text
 188              		.section	.gnu.lto_.refs.dc5b8b710321cae9,"",%progbits
 189 0000 789C6366 		.ascii	"x\234cf```d\200\002\000\000=\000\005"
 189      60606064 
 189      80020000 
 189      3D0005
 190              		.text
 191              		.section	.gnu.lto_.decls.dc5b8b710321cae9,"",%progbits
 192 0000 789CAD56 		.ascii	"x\234\255VkPTG\026\276}{\030\206a\004Wj\223\254\265"
 192      6B505447 
 192      16BE7D7B 
 192      18866104 
 192      576A93AC 
 193 0015 B521648B 		.ascii	"\265!d\213J\245\022F%\377W\0300\2701\221\032H\334\324"
 193      4AA51246 
 193      25FF5718 
 193      30B83191 
 193      1A48DCD4 
 194 0029 FE9842C0 		.ascii	"\376\230B\300r*<\\\031v\365\337\225\001\004T@|\001\312"
 194      722A3C5C 
 194      1976F5DF 
 194      95010454 
 194      407C01CA 
 195 003d 4BC7F090 		.ascii	"K\307\360\220w\242\306Gt\202\212(\210\212&\210\2722"
 195      77A2C647 
 195      74828A28 
 195      888A2688 
 195      BA32
 196 004f 820A04D0 		.ascii	"\202\012\004\320\361\201\202\257\331\323\3353sg\256"
 196      F18182AF 
 196      D9D3DD33 
 196      7367AE
 197 005e 37AEB5B5 		.ascii	"7\256\265\265\267\352\273\367\236\333\337\371\372t\367"
 197      B7EABBF7 
 197      9EDBDFF9 
 197      FA74F7
 198 006d 39DD1773 		.ascii	"9\335\027s\034\027\2038\316\001\327\312@\216K\3479N"
 198      1C178338 
 198      CE01D7CA 
 198      408E4BE7 
 198      394E
ARM GAS  /tmp/ccUoPZ0R.s 			page 15


 199 007f 01DF6239 		.ascii	"\001\337b9\361\362\0014\002\232\001\255\200v\300\367"
 199      F1F20134 
 199      029A01AD 
 199      8076C0F7 
 200 008f 0070E3AC 		.ascii	"\000p\343\254\234\367Ex\276N\377\367\000\347\000\335"
 200      9CF74578 
 200      BE4EFFF7 
 200      00E700DD 
 201 009f 80938007 		.ascii	"\200\223\200\007\000;\000\272\340N\003F\235\032\215"
 201      003B00BA 
 201      E04E0346 
 201      9D1A8D
 202 00ae DCAB17E9 		.ascii	"\334\253\027\351\313\317C\307\345Kt\036\002\352I?\340"
 202      CBCF43C7 
 202      E54B741E 
 202      02EA493F 
 202      E0
 203 00bf AC2480F7 		.ascii	"\254$\200\367q\300\010\340\016`\002p\217c\342\012\247"
 203      71C008E0 
 203      0E600270 
 203      8F63E20A 
 203      A7
 204 00d0 56A333E6 		.ascii	"V\2433\346v\231\276Z%1{\366\025\014\032\177r\366q\023"
 204      7699BE5A 
 204      25317BF6 
 204      150C1A7F 
 204      72F67113 
 205 00e4 3004B80D 		.ascii	"0\004\270\015\030\006L\002\376\200\330\030Zet\357\363"
 205      18064C02 
 205      FE80D818 
 205      5A6574EF 
 205      F3
 206 00f5 E850F3A3 		.ascii	"\350P\363\243s\376\243<\012P\007\023\363pIW\251\022"
 206      73FEA33C 
 206      0A500713 
 206      F3704957 
 206      A912
 207 0107 4C8D5A41 		.ascii	"L\215ZA\314#\317\206.+\336\336&\300Ul\026f+P\354[\250"
 207      CC23CF86 
 207      2E2BDEDE 
 207      26C0556C 
 207      16662B50 
 208 011e 16CD4575 		.ascii	"\026\315Euh.\250\326\243\267\341\376w\005S\252j?;\256"
 208      682EA8D6 
 208      A3B7E1FE 
 208      770553AA 
 208      6A3F3BAE 
 209 0132 C03C22EF 		.ascii	"\300<\"\357{Jo^V\177\324\000ny\202u\024\213\335\325"
 209      7B4A6F5E 
 209      567FD400 
 209      6E798275 
 209      148BDDD5 
 210 0146 F4E534CF 		.ascii	"\364\3454\317\012\256\024\254\255\366\236\353\231eB"
 210      0AAE14AC 
 210      ADF69EEB 
 210      996542
 211 0155 7596F0D2 		.ascii	"u\226\360\322\341@T\0135 \214\366\241\217\350\304\300"
ARM GAS  /tmp/ccUoPZ0R.s 			page 16


 211      E140540B 
 211      35208CF6 
 211      A18FE8C4 
 211      C0
 212 0166 3BF5418D 		.ascii	";\365A\215(\030\374\212\212'\017\"\274\214\212\367\357"
 212      2818FC8A 
 212      8A270F22 
 212      BC8C8AF7 
 212      EF
 213 0177 DDB84E03 		.ascii	"\335\270N\003\032\325\255\266\201\023\311\326l\341\271"
 213      1AD5ADB6 
 213      8113C9D6 
 213      6CE1B9
 214 0186 C3819942 		.ascii	"\303\201\231B\223\207B\223K\241\231*\324\326\376\322"
 214      93874293 
 214      4BA1992A 
 214      D4D6FED2 
 215 0196 E48393A8 		.ascii	"\344\203\223\250\302\003\353\340UL\025\252\233\367*"
 215      C203EBE0 
 215      554C15AA 
 215      9BF72A
 216 01a5 BB04ABC3 		.ascii	"\273\004\253\303\361\027\352\337\342\341\337\342\362"
 216      F117EADF 
 216      E2E1DFE2 
 216      F2
 217 01b2 6FA5FEF5 		.ascii	"o\245\376\365\015f\007\2173\251\377\346\035u\345>\340"
 217      0D66078F 
 217      33A9FFE6 
 217      1D75E53E 
 217      E0
 218 01c3 6F13EC2F 		.ascii	"o\023\354/\366\354\213\334l.\266\0106\207\343]\026D"
 218      F6EC8BDC 
 218      6C2EB608 
 218      3687E35D 
 218      1644
 219 01d5 9B87489B 		.ascii	"\233\207H\233K\244\235\212\214\\|1\034\200\333\021U"
 219      4BA49D8A 
 219      8C5C7C31 
 219      1C80DB11 
 219      55
 220 01e6 E9C9BD7D 		.ascii	"\351\311\275}^MUZ\237\346\214\3432\241\306s2\276\363"
 220      5E4D555A 
 220      9FE68CE3 
 220      32A1C673 
 220      32BEF3
 221 01f9 50F9CEA5 		.ascii	"P\371\316\245\362=U9~l\272S\215\3571\225\215y\2663j"
 221      F23D5539 
 221      7E6CBA53 
 221      8DEF3195 
 221      8D79B633 
 222 020e 3CCD8C75 		.ascii	"<\315\214u\337\036\331\350\013\313\367\236\232\316\366"
 222      DF1ED9E8 
 222      0BCBF79E 
 222      9ACEF6
 223 021d E0CE198B 		.ascii	"\340\316\031\213\0375I\365\004\302'\276\353\216\260"
 223      1F3549F5 
 223      04C227BE 
ARM GAS  /tmp/ccUoPZ0R.s 			page 17


 223      EB8EB0
 224 022c 270085AA 		.ascii	"'\000\205\252-\2606\366\015\365C1fa!:\214\324\350\200"
 224      2DB036F6 
 224      0DF54331 
 224      6661213A 
 224      8CD4E880 
 225 0240 BB3FEA4D 		.ascii	"\273?\352M\256<A\310\"\353\356\327\025\300\271\227\035"
 225      AE3C41C8 
 225      22EBEED7 
 225      15C0B997 
 225      1D
 226 0251 1D42A1C0 		.ascii	"\035B\241\300\240\\t\020>\376\000\037A\370\324\363c"
 226      A05C7410 
 226      3EFE001F 
 226      41F8D4F3 
 226      63
 227 0262 D93E481D 		.ascii	"\331>H\035*\357tT\306\211\2060\226_\362\226 (\320\021"
 227      2AEF7454 
 227      C6898630 
 227      965FF296 
 227      2028D011 
 228 0276 0861BF18 		.ascii	"\010a\277\030\002D\344\316\231\333\023\373\372\324\370"
 228      0244E4CE 
 228      99DB13FB 
 228      FAD4F8
 229 0285 32CBACCE 		.ascii	"2\313\254\316GG\362\225\357\336\342+\004\025m\234\270"
 229      4747F295 
 229      EFDEE22B 
 229      04156D9C 
 229      B8
 230 0296 79B286E4 		.ascii	"y\262\206\344/\370\013\273\267\375\216\256\356T\335"
 230      2FF80BBB 
 230      B7FD8EAE 
 230      EE54DD
 231 02a5 7AF5FB35 		.ascii	"z\365\3735B\365n{O\245\221\346\230@\026\230\366\361"
 231      42F56E7B 
 231      4FA591E6 
 231      98401698 
 231      F6F1
 232 02b7 23EBC323 		.ascii	"#\353\303#\213\311\227c\010\326\3568\011\324\212\336"
 232      8BC99763 
 232      08D6EE38 
 232      09D48ADE 
 233 02c7 0789F63D 		.ascii	"\007\211\366={\017\370\321\252XH\024-\333\2667\372\320"
 233      7B0FF8D1 
 233      AA584814 
 233      2DDBB637 
 233      FAD0
 234 02d9 AA50D13E 		.ascii	"\252P\321>O\224\315`\374\224\0054\331aY\243\206A\233"
 234      4F94CD60 
 234      FC940534 
 234      D96159A3 
 234      86419B
 235 02ec DF6CD0E0 		.ascii	"\337l\320\340\221uab8\020\347b\352~\274\263w\267\037"
 235      91756162 
 235      3810E762 
 235      EA7EBCB3 
ARM GAS  /tmp/ccUoPZ0R.s 			page 18


 235      77B71F
 236 02ff CEA786C2 		.ascii	"\316\247\206\302\361|]\237?\012\011\011\012\255\026"
 236      F17C5D9F 
 236      3F0A0909 
 236      0AAD16
 237 030e B2CDF68A 		.ascii	"\262\315\366\212\311g\237\225\230\005\313;\350$D~\012"
 237      C9679F95 
 237      9805CB3B 
 237      E824447E 
 237      0A
 238 031f E23C8382 		.ascii	"\342<\203\202D\371\017H\364\037\302\215#\354\352\351"
 238      44F90F48 
 238      F41FC28D 
 238      23ECEAE9 
 239 032f 1665D73C 		.ascii	"\026e\327<\312\354\224e\326\222\321r\233i-W\013\013"
 239      CAEC9465 
 239      D692D172 
 239      9B692D57 
 239      0B0B
 240 0341 4D1CFA09 		.ascii	"M\034\372\011\332;\350\034\0206\231\225\263\020\361"
 240      DA3BE81C 
 240      10369995 
 240      B310F1
 241 0350 691482BA 		.ascii	"i\024\202\272P\010\235}\262D\266\311\026\245\200\010"
 241      50089D7D 
 241      B244B6C9 
 241      16A58008 
 242 0360 857325A4 		.ascii	"\205s%\244ki\370;\3453\205j\024\024*\247\212z@\354\265"
 242      6B69F83B 
 242      E533856A 
 242      14142AA7 
 242      8A7A40EC 
 243 0375 C233E92A 		.ascii	"\3023\351*\324\015\204\023\342\272\223^\\\353>\374S"
 243      D40D8413 
 243      E2BA935E 
 243      5CEB3EFC 
 243      53
 244 0386 5FA35253 		.ascii	"_\243RS \346\023%\213\013w\016ihQ\300\223TS\231\305"
 244      20E61325 
 244      8B0B770E 
 244      696851C0 
 244      93545399 
 245 039b A2A14B56 		.ascii	"\242\241KV\215\211\267\343@\377MD\327\354\023b\226\367"
 245      8D89B7E3 
 245      40FF4D44 
 245      D7EC1362 
 245      96F7
 246 03ad F6E7FBE0 		.ascii	"\366\347\373\340\0166\351B\321H6\306\275\314\310/1\217"
 246      0E36E942 
 246      D14836C6 
 246      BDCCC82F 
 246      318F
 247 03bf A8F02566 		.ascii	"\250\360%f\\\252+\316S\341~f\314\364\216\354\307\330"
 247      5CAA2BCE 
 247      53E17E66 
 247      CCF48EEC 
 247      C7D8
ARM GAS  /tmp/ccUoPZ0R.s 			page 19


 248 03d1 C68CEEA1 		.ascii	"\306\214\356\241\351\207\032\2527\233\230\373\213F\252"
 248      E9871AAA 
 248      379B98FB 
 248      8B46AA
 249 03e0 14788CB5 		.ascii	"\024x\214\265\235\352\317\035Sb;3\312\236\364t\006R"
 249      9DEACF1D 
 249      53623B33 
 249      CA9EF474 
 249      0652
 250 03f2 E23BC41C 		.ascii	"\342;\304\034\250]\277E\205\247Y\333\346\275[sy\014"
 250      A85DBF45 
 250      85A759DB 
 250      E6BD5B73 
 250      790C
 251 0404 E9EEB9F5 		.ascii	"\351\356\271\365j\330\326;5U\224\305\343\034\326V7\324"
 251      6AD8D63B 
 251      355594C5 
 251      E31CD656 
 251      37D4
 252 0416 5B328BB6 		.ascii	"[2\213\266}@\3143\226\2353\001x\023k{<r\336\212\360"
 252      7D40CC33 
 252      969D3301 
 252      78136B7B 
 252      3C72DE8A 
 253 042b 16660C3E 		.ascii	"\026f\014>\031\354\360\245\304y`\006\316\214\337\352"
 253      19ECF0A5 
 253      C4796006 
 253      CE8CDFEA 
 254 043b F3830C62 		.ascii	"\363\203\014bW\020\271\205\206\220\364\260\345\265Y"
 254      5710B985 
 254      8690F4B0 
 254      E5B559
 255 044a 10D44207 		.ascii	"\020\324B\007r'\323\330k\222)\277-\311\232\215)\365"
 255      7227D3D8 
 255      6B9229BF 
 255      2DC99A8D 
 255      29F5
 256 045c A22C9565 		.ascii	"\242,\225e\023\345\356\024\2717\244\334\177#\011y\223"
 256      13E5EE14 
 256      B937A4DC 
 256      7F230979 
 256      93
 257 046d 48FE454A 		.ascii	"H\376EJ\376YJ.\023\311\235R\3625)y\203H\276$%wH\311"
 257      FE594A2E 
 257      13C99D52 
 257      F2352979 
 257      8348BE24 
 258 0485 1B45F265 		.ascii	"\033E\362e\3710\304\271(\025\271W\345\243\370P\254,"
 258      F930C4B9 
 258      2815B957 
 258      E5A3F850 
 258      AC2C
 259 0497 81D6402F 		.ascii	"\201\326@/\264\237\247Mc\316\002\270\013\005p\023\012"
 259      B49FA74D 
 259      63CE02B8 
 259      0B057013 
 259      0A
ARM GAS  /tmp/ccUoPZ0R.s 			page 20


 260 04a8 6008F02B 		.ascii	"`\010\360+\340\016`\004p\013p\0170\001\030\005\334\006"
 260      E00E6004 
 260      700B700F 
 260      30011805 
 260      DC06
 261 04ba 8C038601 		.ascii	"\214\003\206\001\223\316b\241Q\024\210Q\364\311\017"
 261      93CE62A1 
 261      51148851 
 261      F4C90F
 262 04c9 4F8CB85C 		.ascii	"O\214\270\\\344^\227_\021\221[$r\007\244\334+\322i\333"
 262      E45E975F 
 262      11915B24 
 262      7207A4DC 
 262      2BD269DB 
 263 04dd 259207A5 		.ascii	"%\222\007\245d\233(L\253\373%\3356\306^\3316h6\026z"
 263      649B284C 
 263      ABFB25DD 
 263      36C65ED9 
 263      36683616 
 264 04f2 6563BF7C 		.ascii	"ec\277|\307T\013v\231\335WO\034\304\356]\306{\206\321"
 264      C7540B76 
 264      99DD574F 
 264      1CC4EE5D 
 264      C67B86D1 
 265 0506 7D98D8FF 		.ascii	"}\230\330\377\307$\323\230+\3324\020\263\035\344.\210"
 265      C724D398 
 265      2BDA3410 
 265      B31DE42E 
 265      88
 266 0517 7BD298C7 		.ascii	"{\322\230\307\236\344\250\351\373\312kK\262{mI\017\234"
 266      9EE4A8E9 
 266      FBCA6B4B 
 266      B27B6D49 
 266      0F9C
 267 0529 5BD203BA 		.ascii	"[\322\003\272%\335(\265\026(\274\330\344`\027\331\017"
 267      25DD28B5 
 267      1628BCD8 
 267      E46017D9 
 267      0F
 268 053a 9DEC8794 		.ascii	"\235\354\207\224}d\372@m\000\335\300l\264\262\333\217"
 268      7D64FA40 
 268      6D00DDC0 
 268      6CB4B2DB 
 268      8F
 269 054b 8E4EB17D 		.ascii	"\216N\261}\344\217\304\274c?T\243\300e\254\352\007\272"
 269      E48FC4BC 
 269      633F54A3 
 269      C065ACEA 
 269      07BA
 270 055d 3B2E2871 		.ascii	";.(q\0353\016\337\337\360H\205\233\231\261\355\350\256"
 270      1D330EDF 
 270      DFF04885 
 270      9B99B1ED 
 270      E8AE
 271 056f 12767209 		.ascii	"\022vr\011\324.l\266<d*tW\254\253\271\336\203\311q%"
 271      D42E6CB6 
 271      3C642A74 
ARM GAS  /tmp/ccUoPZ0R.s 			page 21


 271      57ACABB9 
 271      DE83C971 
 272 0584 B842D2A8 		.ascii	"\270B\322\250=\"zF\216](p\364\224\035U\025\343\027\032"
 272      3D227A46 
 272      8E5D2870 
 272      F4941D55 
 272      15E3171A 
 273 0598 02E7143B 		.ascii	"\002\347\024;\347=\330D\217\320\031\240\263\032y\216"
 273      E73DD844 
 273      8FD019A0 
 273      B31A798E 
 274 05a8 E6B89C08 		.ascii	"\346\270\234\010{\307\317uv_O\366\311\327\261/5\317"
 274      7BC7CF75 
 274      765F4FF6 
 274      C9D7B12F 
 274      35CF
 275 05ba D855B89D 		.ascii	"\330U\270\235\206\255,\330_u:\220\354[At\273Zg\253h"
 275      86AD2CD8 
 275      5F753A90 
 275      EC5B4174 
 275      BB5A67AB 
 276 05cf F9AB00C7 		.ascii	"\371\253\000\307\331\0134\007\275\204\245\310\342\203"
 276      D90B3407 
 276      BD84A5C8 
 276      E283
 277 05dd DC4AAFA4 		.ascii	"\334J\257\244\373N\367\311\367\304I\375\255mm\227\233"
 277      FB4EF7C9 
 277      F7C449FD 
 277      AD6D6D97 
 277      9B
 278 05ee 392DCBF4 		.ascii	"9-\313\364<#Y\236=\202\366)\332\037a\223$3\363\241H"
 278      3C23599E 
 278      3D82F629 
 278      DA1F6193 
 278      2433F3A1 
 279 0603 E043D03A 		.ascii	"\340C\320:\200\003\022(\233\367H\2402\232\364@\225K"
 279      80031228 
 279      9BF748A0 
 279      329AF440 
 279      954B
 280 0615 FACA96B3 		.ascii	"\372\312\226\263\032\301\331\377\015i\377\336)\177x"
 280      1AC1D9FF 
 280      0D69FFDE 
 280      297F78
 281 0624 BBD0CBA3 		.ascii	"\273\320\313\243\320 *Z\005\347d.p\037\2139Iz\240\227"
 281      D0202A5A 
 281      05E7642E 
 281      701F8B39 
 281      497AA097 
 282 0638 5CAC2807 		.ascii	"\\\254(\007B\374o\341\302\012\374X\336l\346\275\362"
 282      42FC6FE1 
 282      C20AFC58 
 282      DE6CE6BD 
 282      F2
 283 0649 3397F7CC 		.ascii	"3\227\367\314\346\365<\313Ox\222?\257s\027o!v\300\362"
 283      E6F53CCB 
 283      4F78923F 
ARM GAS  /tmp/ccUoPZ0R.s 			page 22


 283      AF73176F 
 283      2176C0F2 
 284 065d F4577EF8 		.ascii	"\364W~\370l7;\276\376L\377j\2549\217y|\210e\341ha\251"
 284      6C373BBE 
 284      FE4CFF6A 
 284      AC398F79 
 284      7C8865E1 
 285 0674 79163ECD 		.ascii	"y\026>\315\214\216\256--\376\270\333\231\271g\177\255"
 285      8C8EAE2D 
 285      2DFEB8DB 
 285      99B9677F 
 285      AD
 286 0685 55E20BCC 		.ascii	"U\342\013\314\370v\353\223\374@|\205\031\266]\275\011"
 286      F876EB93 
 286      FC407C85 
 286      19B65DBD 
 286      09
 287 0696 F81A7BBF 		.ascii	"\370\032{\277{\354\356K?|\203\031\317Kf\372y<\302\214"
 287      7BECEE4B 
 287      3F7C8319 
 287      CF4B66FA 
 287      793CC28C 
 288 06aa FD67AE0A 		.ascii	"\375g\256\012*<N\015\377a\373\300I\037\367i\027\032"
 288      2A3C4E0D 
 288      FF61FBC0 
 288      491FF769 
 288      171A
 289 06bc 1244A7B9 		.ascii	"\022D\247\271\256I\234\346\215<F\025\277\261\3144#\032"
 289      AE499CE6 
 289      8D3C4615 
 289      BFB1CC34 
 289      231A
 290 06ce 9B5C1951 		.ascii	"\233\\\031Q$\245\276r\0345\270\271\205R\256\367\001"
 290      24A5BE72 
 290      1C35B8B9 
 290      8552AEF7 
 290      01
 291 06df 23645537 		.ascii	"#dU7Q.)\227b)\367\212$}[\334\262%R\3525\011\265\336"
 291      512E2997 
 291      6229F78A 
 291      247D5BDC 
 291      B22552EA 
 292 06f7 4DDD241F 		.ascii	"M\335$\037\201H\255rS7\310\316\201\310lv37\313\207\312"
 292      8148AD72 
 292      5337C8CE 
 292      81C86C76 
 292      3337CB87 
 293 070c 86C536C8 		.ascii	"\206\3056\310&\222\337\025\362\371\275\317c\342\311"
 293      2692DF15 
 293      F2F9BDCF 
 293      63E2C9
 294 071b 0F86CC6C 		.ascii	"\017\206\314l\276rR\346\361sQ>O\232*\234\011\273\023"
 294      BE7252E6 
 294      F173513E 
 294      4F9A2A9C 
 294      09BB13
 295 072e 12B60C92 		.ascii	"\022\266\014\222u\013\240\024\260\015\260\013\260\025"
ARM GAS  /tmp/ccUoPZ0R.s 			page 23


 295      750BA014 
 295      B00DB00B 
 295      B015
 296 073c B01D500E 		.ascii	"\260\035P\016\330\341Nb\276\246\267\247D-9\034\\\242"
 296      D8E14E62 
 296      BEA6B7A7 
 296      442D391C 
 296      5CA2
 297 074e A80AB4FE 		.ascii	"\250\012\264\376\027]:\326C\251*T\011\316\005\274\273"
 297      175D3AD6 
 297      43A92A54 
 297      09CE05BC 
 297      BB
 298 075f EC2A78F1 		.ascii	"\354*x\361(8p\377V\201\217W\365TzUO\265\263z\310s\356"
 298      283870FF 
 298      56818F57 
 298      F5547A55 
 298      4FB5B37A 
 299 0776 CA841443 		.ascii	"\312\204\024CJJ\222ayB\3427\231\253\014I\351\251\011"
 299      4A4A9261 
 299      7942E237 
 299      99AB0C49 
 299      E9A909
 300 0789 C6348331 		.ascii	"\3064\2031\315hR~\372\305\227\301:nAX\230V\267\322\270"
 300      CD68527E 
 300      FAC597C1 
 300      3A6E4158 
 300      9856B7D2 
 301 079e DCB8344E 		.ascii	"\334\2704N\233\236\241\005\276vU\372jS\2066.\376\363"
 301      9B9EA105 
 301      BE7655FA 
 301      6A538636 
 301      2EFEF3
 302 07b1 F005ECBE 		.ascii	"\360\005\354\276(|\315\032\255S),\221\323\270D\211\314"
 302      287CCD1A 
 302      AD53292C 
 302      91D3B844 
 302      89CC
 303 07c3 EC0C536A 		.ascii	"\354\014Sj\370\002CbJz\3427\364"
 303      F8024362 
 303      4A7AE237 
 303      F4
 304 07d0 83AF71F5 		.ascii	"\203\257q\365?\026\303\363\2237\025f\002\306\214\325"
 304      3F16C3F3 
 304      93371566 
 304      02C68CD5 
 305 07e0 612B39DF 		.ascii	"a+9\337\244\324\2047p^\262$J\033\365y\304?\347;\235"
 305      A4D48437 
 305      705EB224 
 305      4A1BF579 
 305      C43FE73B 
 306 07f5 C10B9C55 		.ascii	"\301\013\234U\231\3064\023X&\265\301\340z\375X\233\231"
 306      99C63413 
 306      5826B5C1 
 306      E07AFD58 
 306      9B99
 307 0807 B15A6B4C 		.ascii	"\261ZkLKL\311LJ\326\246%\377+\305\270\\\233\232\220"
ARM GAS  /tmp/ccUoPZ0R.s 			page 24


 307      4B4CC94C 
 307      4AD6A625 
 307      FF2BC5B8 
 307      5C9B9A90 
 308 081b B8D29896 		.ascii	"\270\322\230\226\2545$%\257H\310L1\031LkW%g\200B\210"
 308      AC352425 
 308      AF48C84C 
 308      31194C6B 
 308      57256780 
 309 0831 1C3B636D 		.ascii	"\034;cm\206\326\220aJ\002E\240\004\306\255\3150%\247"
 309      86D69061 
 309      4A0245A0 
 309      04C6ADCD 
 309      3025A7
 310 0844 EAD25727 		.ascii	"\352\322W'\353\310\230\177\037\226\224`J\010\223|\365"
 310      EBC8987F 
 310      1F969460 
 310      4A08937C 
 310      F5
 311 0855 8F5DA637 		.ascii	"\217]\2467\304\203jT\362\012^\247\307\2728\275dH\211"
 311      C4836A54 
 311      F20A5EA7 
 311      C7BA38BD 
 311      644889
 312 0868 E9A9A9E9 		.ascii	"\351\251\251\351i\332\3445&\030\223t6V\204\317\013_"
 312      69DAE435 
 312      26189374 
 312      365684CF 
 312      0B5F
 313 087a 9308BDF9 		.ascii	"\223\010\275\371\353u:\227\216B\267\350SPZ\254WE\304"
 313      EB753A97 
 313      8E42B7E8 
 313      53505AAC 
 313      5745C4
 314 088d 462ED0C7 		.ascii	"F.\320\307\305\323\227\371\344E\031\021\023\031\375"
 314      C5D397F9 
 314      E4451911 
 314      1319FD
 315 089c 85DE9734 		.ascii	"\205\336\22748\237\363\341\251\210\214\322\201\021\023"
 315      389FF3E1 
 315      A9888CD2 
 315      811113
 316 08ab 49383EC4 		.ascii	"I8>\304}\001\275\207\007\304}\035\007/.e\372q>\326\353"
 316      7D01BD87 
 316      07C47D1D 
 316      072F2E65 
 316      FA713ED6 
 317 08c0 F4CAE8BF 		.ascii	"\364\312\350\277\305/\326\351g-Z\022\021\027\343j\306"
 317      C52FD6E9 
 317      672D5A12 
 317      1117E36A 
 317      C6
 318 08d1 113ABDE2 		.ascii	"\021:\275\342\263\350\257\365\276Kc\343\311\223\217"
 318      B3E8AFF5 
 318      BE4B63E3 
 318      C9938F
 319 08e0 D3F3117A 		.ascii	"\323\363\021z\225>:.Z\377Ut\024^\032\251W,\323\307\352"
ARM GAS  /tmp/ccUoPZ0R.s 			page 25


 319      953E3A2E 
 319      5AFF5574 
 319      145E1AA9 
 319      572CD3C7 
 320 08f5 FF0389F3 		.ascii	"\377\003\211\363I\177"
 320      497F
 321              		.text
 322              		.section	.gnu.lto_.symtab.dc5b8b710321cae9,"",%progbits
 323 0000 68616C5F 		.ascii	"hal_lld_init\000\000\000\000\000\000\000\000\000\000"
 323      6C6C645F 
 323      696E6974 
 323      00000000 
 323      00000000 
 324 0016 0000AE00 		.ascii	"\000\000\256\000\000\000stm32_clock_init\000\000\000"
 324      00007374 
 324      6D33325F 
 324      636C6F63 
 324      6B5F696E 
 325 002f 00000000 		.ascii	"\000\000\000\000\000\000\000\000\000\260\000\000\000"
 325      00000000 
 325      00B00000 
 325      00
 326 003c 53797374 		.ascii	"SystemCoreClock\000\000\000\000\000\000\000\000\000"
 326      656D436F 
 326      7265436C 
 326      6F636B00 
 326      00000000 
 327 0054 000000C0 		.ascii	"\000\000\000\300\000\000\000irqInit\000\000\002\000"
 327      00000069 
 327      7271496E 
 327      69740000 
 327      0200
 328 0066 00000000 		.ascii	"\000\000\000\000\000\000\000\000\262\000\000\000dma"
 328      00000000 
 328      B2000000 
 328      646D61
 329 0075 496E6974 		.ascii	"Init\000\000\002\000\000\000\000\000\000\000\000\000"
 329      00000200 
 329      00000000 
 329      00000000 
 330 0085 B4000000 		.ascii	"\264\000\000\000"
 331              		.text
 332              		.section	.gnu.lto_.opts,"",%progbits
 333 0000 272D666E 		.ascii	"'-fno-trapv' '-mcpu=cortex-m4' '-mno-thumb-interwor"
 333      6F2D7472 
 333      61707627 
 333      20272D6D 
 333      6370753D 
 334 0033 6B272027 		.ascii	"k' '-mthumb' '-ggdb' '-O2' '-fomit-frame-pointer' '"
 334      2D6D7468 
 334      756D6227 
 334      20272D67 
 334      67646227 
 335 0066 2D66616C 		.ascii	"-falign-functions=16' '-ffunction-sections' '-fdata"
 335      69676E2D 
 335      66756E63 
 335      74696F6E 
ARM GAS  /tmp/ccUoPZ0R.s 			page 26


 335      733D3136 
 336 0099 2D736563 		.ascii	"-sections' '-fno-common' '-flto'\000"
 336      74696F6E 
 336      73272027 
 336      2D666E6F 
 336      2D636F6D 
 337              		.text
 338              		.comm	__gnu_lto_v1,1,1
 339              		.comm	__gnu_lto_slim,1,1
 340              		.ident	"GCC: (15:4.9.3+svn231177-1) 4.9.3 20150529 (prerelease)"
ARM GAS  /tmp/ccUoPZ0R.s 			page 27


DEFINED SYMBOLS
                            *ABS*:0000000000000000 hal_lld.c
                            *COM*:0000000000000001 __gnu_lto_v1
                            *COM*:0000000000000001 __gnu_lto_slim

NO UNDEFINED SYMBOLS
