ARM GAS  /tmp/ccbcXQLw.s 			page 1


   1              		.syntax unified
   2              		.cpu cortex-m4
   3              		.fpu softvfp
   4              		.eabi_attribute 20, 1
   5              		.eabi_attribute 21, 1
   6              		.eabi_attribute 23, 3
   7              		.eabi_attribute 24, 1
   8              		.eabi_attribute 25, 1
   9              		.eabi_attribute 26, 1
  10              		.eabi_attribute 30, 2
  11              		.eabi_attribute 34, 1
  12              		.eabi_attribute 18, 4
  13              		.thumb
  14              		.file	"hal_pal.c"
  15              		.text
  16              	.Ltext0:
  17              		.section	.gnu.lto_.profile.55e0a525341bc51d,"",%progbits
  18 0000 789C6366 		.ascii	"x\234cf```a\200\000F\206\010C\000\001U\000\222"
  18      60606061 
  18      80004686 
  18      08430001 
  18      550092
  19              		.text
  20              		.section	.gnu.lto_.jmpfuncs.55e0a525341bc51d,"",%progbits
  21 0000 789C6366 		.ascii	"x\234cf\300\016\312\24043\003##c=#\323G&\306i\375Wv"
  21      C00ECAA0 
  21      34330323 
  21      23633D23 
  21      D34726C6 
  22 0018 30D7FE6E 		.ascii	"0\327\376n\230\321\300\361\223\211\341/\023P\226q9c"
  22      98D1C0F1 
  22      9389E12F 
  22      13509671 
  22      3963
  23 002a 2D031313 		.ascii	"-\003\023\023##s=\0265\214\177\231\030\201jV\000\325"
  23      2323733D 
  23      16358C7F 
  23      9918816A 
  23      5600D5
  24 003d B080D530 		.ascii	"\260\200\32502\203\215,\007\211b\250f\372\313\0044\222"
  24      32838D2C 
  24      078962A8 
  24      66FACB04 
  24      3492
  25 004f 71255035 		.ascii	"q%P5\003\000\360( \301"
  25      0300F028 
  25      20C1
  26              		.text
  27              		.section	.gnu.lto_.inline.55e0a525341bc51d,"",%progbits
  28 0000 789C6366 		.ascii	"x\234cf\300\016L\031!43\003\203\200\010#\033C\306G&"
  28      C00E4C19 
  28      21343303 
  28      83800823 
  28      1B43C647 
  29 0015 C6FB4FCE 		.ascii	"\306\373O\316_\344x\301\364\223\011(\310\270\234Q\212"
  29      5FE478C1 
  29      F4930928 
ARM GAS  /tmp/ccbcXQLw.s 			page 2


  29      C8B89C51 
  29      8A
  30 0026 81211342 		.ascii	"\201!\023B\245\001%\327\037=}\210\015$\311\302\317\300"
  30      A50125D7 
  30      1F3D7D88 
  30      0D24C9C2 
  30      CFC0
  31 0038 B882518A 		.ascii	"\270\202Q\212\331\201!\025J\203\214bd`v`\345\\\341\306"
  31      D9812115 
  31      4A838C62 
  31      64607660 
  31      E55CE1C6 
  32 004c C079C38C 		.ascii	"\300y\303\214\211\201e\201<Px\011{\003#\007\023\003"
  32      89816581 
  32      3C507809 
  32      7B032307 
  32      1303
  33 005e EB161520 		.ascii	"\353\026\025 \015\262\214\211\233A\004\250\222\211A"
  33      0DB28C89 
  33      9B4104A8 
  33      928941
  34 006d 5492919D 		.ascii	"T\222\221\235!\003\325\016\034\2062\002\031l\202/Z\030"
  34      2103D50E 
  34      1C863202 
  34      196C822F 
  34      5A18
  35 007f 719BCC74 		.ascii	"q\233\314t\201\277\201\011\311|\026\006!y\220\227\210"
  35      81BF8109 
  35      C97C1606 
  35      21799097 
  35      88
  36 0090 329F95B5 		.ascii	"2\237\225\265C\035\257\243Yx\201\2414\301\017\004\241"
  36      431DAFA3 
  36      597881A1 
  36      34C10F04 
  36      A1
  37 00a1 E6330000 		.ascii	"\3463\000\000\332\2543R"
  37      DAAC3352 
  38              		.text
  39              		.section	.gnu.lto_.pureconst.55e0a525341bc51d,"",%progbits
  40 0000 789C6366 		.ascii	"x\234cf```g\200\000f\006)&)\026I\000\001\303\000a"
  40      60606067 
  40      80006606 
  40      29262916 
  40      490001C3 
  41              		.text
  42              		.section	.gnu.lto_palReadBus.55e0a525341bc51d,"",%progbits
  43 0000 789C8D52 		.ascii	"x\234\215RQK\024Q\024>\337\2753\263\263;k\232O!\021"
  43      514B1451 
  43      143EDFBD 
  43      33B3B33B 
  43      6B9A4F21 
  44 0015 42984FBA 		.ascii	"B\230O\272\364\017\002\177@\017\375\200P_\024\204\""
  44      F40F027F 
  44      400FFD80 
  44      505F1484 
  44      22
ARM GAS  /tmp/ccbcXQLw.s 			page 3


  45 0026 097A591C 		.ascii	"\011zY\034u\211 Q\021\211\0151\215\2104s\267\26545\013"
  45      75892051 
  45      11890D31 
  45      8D883473 
  45      B7B53435 
  46 003b 110AA132 		.ascii	"\021\012\2412B\323\224\260\2076(\250\320\014r\013\261"
  46      42D394B0 
  46      873628A8 
  46      D00C720B 
  46      B1
  47 004c 73EE6CBA 		.ascii	"s\356l\272\320\213\003s\357|\367|\347;\347;w4\375\377"
  47      D08B0373 
  47      EF7CF77C 
  47      E73BE73B 
  47      7734FDFF 
  48 0060 D4F0DBA1 		.ascii	"\324\360\333\241\211N\360\016\207\240\272\027\210Z]"
  48      894EF00E 
  48      87A0BA17 
  48      885A5D
  49 006f A5AC419B 		.ascii	"\245\254A\233\374\210\336\230'\362\243ZYK1\206\366\314"
  49      FC88DE98 
  49      27F2A35A 
  49      594B3186 
  49      F6CC
  50 0081 314616EC 		.ascii	"1F\026\354\200e\003\362A\240\026\245-\033-\370\2426"
  50      806503F2 
  50      41A016A5 
  50      2D1B2DF8 
  50      A236
  51 0093 15A6523F 		.ascii	"\025\246R?_y\237UNQ91\234\356\231O:\002a\011\\YN\256"
  51      5F799F55 
  51      4E513931 
  51      9CEE994F 
  51      3A026109 
  52 00ab 842B6FFB 		.ascii	"\204+o\373~\333FO\346\322\365\336A\216(\332R\204;(\303"
  52      7EDB464F 
  52      E6D2F5DE 
  52      418E28DA 
  52      52843B28 
  53 00c0 10CA4470 		.ascii	"\020\312Dp\030\225L\335h]\315\206\364qH\332\362\352"
  53      18954CDD 
  53      685DCD86 
  53      F47148DA 
  53      F2EA
  54 00d2 EAA25371 		.ascii	"\352\242Sq\213\323f\027\306\374SVNi\334\205.\314\343"
  54      8BD36617 
  54      C6FC5356 
  54      4E69DC85 
  54      2ECCE3
  55 00e5 23C2082A 		.ascii	"#\302\010*\204\276\231\330Y\361\234\204\357\373%;\212"
  55      84BE99D8 
  55      59F19C84 
  55      EFFB253B 
  55      8A
  56 00f6 449E55EF 		.ascii	"D\236U\357\301\001o|\220.\235\365ww?\216~\315XE\012"
  56      C1016F7C 
  56      902E9DF5 
ARM GAS  /tmp/ccbcXQLw.s 			page 4


  56      77773F8E 
  56      7ECD5845 
  57 010b 926471BA 		.ascii	"\222dq\272\345\360b\207xq\\\201a^B\021\201\236,Q\222"
  57      E5F06287 
  57      78715C81 
  57      615E4211 
  57      819E2C51 
  58 0120 4E29CBAF 		.ascii	"N)\313\257\330\376\304\200w\375\026\211w\355\351\016"
  58      D8FEC480 
  58      77FD1689 
  58      77EDE90E 
  59 0130 2DF2BF94 		.ascii	"-\362\277\224\014\340C\366\365\033W\034\363`1j\034\011"
  59      0CE043F6 
  59      F51B571C 
  59      F360316A 
  59      1C09
  60 0142 5D134F53 		.ascii	"]\023OS\257\241m\002\001\327b\356\370\366\300\267\242"
  60      AFA16D02 
  60      01D762EE 
  60      F8F6C0B7 
  60      A2
  61 0153 7EF421A7 		.ascii	"~\364!\247\\\316\016\350|\376}\256\363wq\325\210_\222"
  61      5CCE0EE8 
  61      7CFE7DAE 
  61      F37771D5 
  61      885F92
  62 0166 5361A4D0 		.ascii	"Sa\244\320\217\037b\201\220F\025q\305\005\275/\221~"
  62      8F1F6281 
  62      90461571 
  62      C505BD2F 
  62      917E
  63 0178 F662CE0C 		.ascii	"\366b\316\0148\\L\270\277W\316\242\265\223\372=,!\212"
  63      385C4CB8 
  63      BF57CEA2 
  63      B593FA3D 
  63      2C218A
  64 018b E28DC5CE 		.ascii	"\342\215\305\316\224\212\377\361\257\370nNE\266\224"
  64      948AFFF1 
  64      AFF86E4E 
  64      45B694
  65 019a 8C2283B8 		.ascii	"\214\"\203\270\204\256u-Mj\016%%\344\311\300\250\320"
  65      84AE752D 
  65      4D6A0E25 
  65      25E4C9C0 
  65      A8D0
  66 01ac 8667E070 		.ascii	"\206g\340pW\357$\367\321\327\332-\254(\306\020\307\203"
  66      57EF24F7 
  66      D1D7DA2D 
  66      AC28C610 
  66      C783
  67 01be 7CB703D9 		.ascii	"|\267\003\331\241\244\307\002G\230\214\207\3142E1\216"
  67      A1A4C702 
  67      47988C87 
  67      CC324531 
  67      8E
  68 01cf 784E1599 		.ascii	"xN\025\231nl3+1\277\371\374f\276y\347`\376\017a\302"
  68      6E6C332B 
ARM GAS  /tmp/ccbcXQLw.s 			page 5


  68      31BFF9FC 
  68      66BE79E7 
  68      60FE0F61 
  69 01e4 F887F87F 		.ascii	"\370\207\370\177\304\376\3270\367o\204\241\302>\213"
  69      C4FED730 
  69      F76F84A1 
  69      C23E8B
  70 01f3 4D668162 		.ascii	"Mf\201b\011\327\300d^1\373\362\352\204\313\212\011\016"
  70      09D7C064 
  70      5E31FBF2 
  70      EA84CB8A 
  70      090E
  71 0205 1CC69491 		.ascii	"\034\306\224\2214\277\305\264\221\334\273\025\367\240"
  71      34BFC5B4 
  71      91DCBB15 
  71      F7A0
  72 0213 B7F278FF 		.ascii	"\267\362x\377Vf\002\211\365P \021f\025\306\355\353N"
  72      56660289 
  72      F5502011 
  72      6615C6ED 
  72      EB4E
  73 0225 8023DC28 		.ascii	"\200#\334(\237\026V\361\016V\245\024OL\025-U\236\232"
  73      9F1656F1 
  73      0E56A514 
  73      4F4C152D 
  73      559E9A
  74 0238 2AEDDB97 		.ascii	"*\355\333\227\217\006\032Q\243\354\321:\362\242Q\222"
  74      8F061A51 
  74      A3ECD13A 
  74      F2A25192 
  75 0248 DF13326A 		.ascii	"\337\0232j\356\253\274\272:V\323\320X\327x\372L\354"
  75      EEABBCBA 
  75      3A56D3D0 
  75      58D778FA 
  75      4CEC
  76 025a 5C73ACA1 		.ascii	"\\s\254\241\266)\326|\241^\366\263\347k\233\252\353"
  76      B629D67C 
  76      A15EF6B3 
  76      E76B9BAA 
  76      EB
  77 026b 49D75D6C 		.ascii	"I\327]l\376\013\025\034B\321"
  77      FE0B151C 
  77      42D1
  78              		.text
  79              		.section	.gnu.lto_palWriteBus.55e0a525341bc51d,"",%progbits
  80 0000 789C8D53 		.ascii	"x\234\215S\335KTA\024\23733\367\356\327]w\327|\020\037"
  80      DD4B5441 
  80      149F3333 
  80      F7EED75D 
  80      77D77C10 
  81 0015 4208F121 		.ascii	"B\010\361!\326\245\377 \022z\355\241? \324\027\005\241"
  81      D6A5FF20 
  81      127AEDA1 
  81      3F20D417 
  81      05A1
  82 0027 8FADC7C5 		.ascii	"\217\255\307\305\273\272A\020\251I\304\242\230QD\232"
  82      BBBA4110 
ARM GAS  /tmp/ccbcXQLw.s 			page 6


  82      A949C4A2 
  82      9851449A 
  83 0037 E596E5AE 		.ascii	"\345\226\345\256\232\345\266\020\010\226b\332\207\""
  83      9AE5B610 
  83      089662DA 
  83      8722
  84 0045 0AB5423E 		.ascii	"\012\265B>\024\352\012\272\226\3309s\257\271\324\213"
  84      14EA0ABA 
  84      96D83973 
  84      AFB9D48B 
  85 0055 177666CE 		.ascii	"\027vf\316\231\337\371\235\363;gV\260\377\277j\374]"
  85      99DFF99D 
  85      F33B6756 
  85      B0FFBF6A 
  85      FC5D
  86 0067 948C1DC7 		.ascii	"\224\214\035\307\035t\006\274}\212\261\250\223syWc\246"
  86      1D7406BC 
  86      7D8AB1A8 
  86      93737957 
  86      63A6
  87 0079 5BAC4D30 		.ascii	"[\254M0f\032\202\313\271\020\232\332\330Q\264$h\026"
  87      661A82CB 
  87      B9109ADA 
  87      D851B424 
  87      6816
  88 008b 4A03A003 		.ascii	"J\003\240\003\003\326\304\205\324\240\011V\371:\207"
  88      03D6C485 
  88      D4A00956 
  88      F93A87
  89 009a F6747FDC 		.ascii	"\366t\177\334S\371\3004\315\265{\251\322\253\245y\316"
  89      53F9C034 
  89      CDB57BA9 
  89      D2ABA579 
  89      CE
  90 00ab 588E5BF9 		.ascii	"X\216[\371\340!T\"d-:\237u\210c\300\360<2\260\371\336"
  90      E0215422 
  90      642D3A9F 
  90      758863C0 
  90      F03C32B0 
  91 00c1 F39DE739 		.ascii	"\363\235\3479\224\2239\3321\021\327\311\344\222\314"
  91      949339DA 
  91      3111D7C9 
  91      E492CC
  92 00d0 4FF3F3B3 		.ascii	"O\363\363\263z\305}\323lN\217\017\232'e\236\013\350"
  92      7AC57DD3 
  92      6C4E8F0F 
  92      9A27659E 
  92      0BE8
  93 00e2 05817CD0 		.ascii	"\005\201|\320\007e\360\010\312\030\272\030\364C\005"
  93      0765F008 
  93      CA18BA18 
  93      F44305
  94 00f1 A213C999 		.ascii	"\242\023\311\231N\257\250T\274c]\235\247\254\300U+P"
  94      4EAFA854 
  94      BC635D9D 
  94      A7ACC055 
  94      2B50
ARM GAS  /tmp/ccbcXQLw.s 			page 7


  95 0103 C2E37F03 		.ascii	"\302\343\177\003%\203'PA\350\365\330\356g\217\036\303"
  95      25832750 
  95      41E8F5D8 
  95      EE678F1E 
  95      C3
  96 0114 A2FDBBFB 		.ascii	"\242\375\273\373\365\302\000\350\200\033:\022\305is"
  96      F5C200E8 
  96      801B3A12 
  96      C56973
  97 0123 6FEF5BEA 		.ascii	"o\357[\352wJ\226p\240l\022\3035\035\027\335\001D\342"
  97      774A9670 
  97      A06C12C3 
  97      351D17DD 
  97      0144E2
  98 0136 C4A3C345 		.ascii	"\304\243\303E\213\233\026\017]\033\264xqq\026\221\317"
  98      8B9B160F 
  98      5D1BB478 
  98      71711691 
  98      CF
  99 0147 478B9FCC 		.ascii	"G\213\237\314\000\235\212ia,\213\251\250\215+\234\323"
  99      009D8A69 
  99      612C8BA9 
  99      A88D2B9C 
  99      D3
 100 0158 2E3E42EC 		.ascii	".>B\354KK\356\206\240\354[\234\032\272\234\235\236q"
 100      4B4BEE86 
 100      A0EC5B9C 
 100      1ABA9C9D 
 100      9E71
 101 016a 524B0416 		.ascii	"RK\004\026\223\300\302\351[A\013\247#\026\2409\011\026"
 101      93C0C2E9 
 101      5B410BA7 
 101      2316A039 
 101      0916
 102 017c 56227668 		.ascii	"V\"vh\273\347\207\267\033\272 \317]\030m\301\321\377"
 102      BBE787B7 
 102      1BBA20CF 
 102      5D186DC1 
 102      D1FF
 103 018e 33D3BAE3 		.ascii	"3\323\272\343\013\366\233\376<w\303S\350\206\0155\021"
 103      0BF69BFE 
 103      3C77C353 
 103      E8860D35 
 103      11
 104 019f 78064186 		.ascii	"x\006A\206\031\247\304\001E\342\355dFM\300\355c0\370"
 104      19A7C401 
 104      45E2ED64 
 104      464DC0ED 
 104      6330F8
 105 01b2 379D640B 		.ascii	"7\235d\013'\304\"H\002\022\343\235\331\326\001\036\371"
 105      27C42248 
 105      0212E39D 
 105      D9D6011E 
 105      F9
 106 01c3 655E339D 		.ascii	"e^3\235y\356\311q\352\324s\210\320\325\355\266\271a"
 106      79EEC971 
 106      EAD47388 
ARM GAS  /tmp/ccbcXQLw.s 			page 8


 106      D0D5EDB6 
 106      B961
 107 01d5 815771BA 		.ascii	"\201Wq\2722\250\237\254P\206\241\314\276\266[\303XG"
 107      32A89FAC 
 107      5086A1CC 
 107      BEB65BC3 
 107      5847
 108 01e7 57B49D50 		.ascii	"W\264\235P^x\001\021\030\262\253\355\311\366\306=H\200"
 108      5E780111 
 108      18B2ABED 
 108      C9F6C63D 
 108      4880
 109 01f9 6FC78024 		.ascii	"o\307\200$\242TRHA$\317\213T5\232\352\025\211\277\271"
 109      A2545248 
 109      4124CF8B 
 109      54359AEA 
 109      1589BFB9 
 110 020d 6CCBD70F 		.ascii	"l\313\327\017'\337\007\303J>\220\374\021\224\217$;\272"
 110      27DF07C3 
 110      4A3E90FC 
 110      11948F24 
 110      3BBA
 111 021f 45E1DCC2 		.ascii	"E\341\334\302\211\024t\324u8J?\214*J\365h^*\312\226"
 111      891474D4 
 111      75384A3F 
 111      8C2A4AF5 
 111      685E2ACA 
 112 0234 6D9BD2AD 		.ascii	"m\233\322\255X]\205\254\236\303\316i\354`N\257,\326"
 112      585D85AC 
 112      9EC3CE69 
 112      EC604EAF 
 112      2CD6
 113 0246 0E9BD5B0 		.ascii	"\016\233\325\260X&\277n\347\014j\251\346g\360\032)0"
 113      5826BF6E 
 113      E70C6AA9 
 113      E667F01A 
 113      2930
 114 0258 CB92C382 		.ascii	"\313\222\303\202x\021E!\213vH\221\252\305[X\233\017"
 114      78114521 
 114      8B764891 
 114      AAC55B58 
 114      9B0F
 115 026a E5DAB5ED 		.ascii	"\345\332\265\355G\371\221\2700*\240P~rm\332\256b\305"
 115      47F991B8 
 115      302AA050 
 115      7E726DDA 
 115      AE62C5
 116 027d 154057A6 		.ascii	"\025@W\246C)*\234m@\251(P\207h\035\306mu\331w\327\223"
 116      43292A9C 
 116      6D40A928 
 116      5087681D 
 116      C66D75D9 
 117 0294 4E5417C3 		.ascii	"NT\027\303\213#\220V\362\204\365:>\364Mw\032\366U\011"
 117      8B239056 
 117      F284F53A 
 117      3EF44D77 
 117      1AF65509 
ARM GAS  /tmp/ccbcXQLw.s 			page 9


 118 02a8 BC81E006 		.ascii	"\274\201\340\006\2768\024\236\201 \246dK\020M\357\235"
 118      BE38149E 
 118      8120A664 
 118      4B104DEF 
 118      9D
 119 02b9 56CF80D1 		.ascii	"V\317\200\321\177\006h\376\330\232\362\252\252Pu}Cm"
 119      7F0668FE 
 119      D89AF2AA 
 119      AA50757D 
 119      436D
 120 02cb C399B3A1 		.ascii	"\303\231\263\241\363\341P}Mc(|\251\216\366s\027j\032"
 120      F3E1507D 
 120      4D63287C 
 120      A98EF673 
 120      176A1A
 121 02de ABEA98A8 		.ascii	"\253\352\230\250\275\022\226\265\015\227\303\177\000"
 121      BD1296B5 
 121      0D97C37F 
 121      00
 122 02eb CE8F8BAD 		.ascii	"\316\217\213\255"
 123              		.text
 124              		.section	.gnu.lto_palSetBusMode.55e0a525341bc51d,"",%progbits
 125 0000 789C8D52 		.ascii	"x\234\215R\337KTA\024\236of\356\335\353\336\3354\237"
 125      DF4B5441 
 125      149E6F66 
 125      EEDDEBDE 
 125      DD349F
 126 0013 C4871042 		.ascii	"\304\207\020B|\010]\372\017\002\037z\354\241? \324\002"
 126      7C085DFA 
 126      0F021F7A 
 126      ECA13F20 
 126      D402
 127 0025 05C3487A 		.ascii	"\005\303Hz\\\274\253\006=\251I\304\202\231A\204\277"
 127      5CBCAB06 
 127      3DA949C4 
 127      82994184 
 127      BF
 128 0036 CA2DCB6D 		.ascii	"\312-\313m5\215E\010\214\310\020\355\207b\372\320J\011"
 128      358D4508 
 128      8CC810ED 
 128      8762FAD0 
 128      4A09
 129 0048 159A51DD 		.ascii	"\025\232Q\335B\354\234\271\226\366\343\301\013wf\276"
 129      42EC9CB9 
 129      96F6E3C1 
 129      0B7766BE 
 130 0058 99EF7CE7 		.ascii	"\231\357|\347\234oF\211\177\277J\372[\224\020\207h\206"
 130      9C6F4689 
 130      7FBF4AFA 
 130      5B941087 
 130      6886
 131 006a 2D203BA6 		.ascii	"- ;\246\205H8R\352k\226\360\302jmJ\010/\242\244\236"
 131      85483852 
 131      EA6B96F0 
 131      C26A6D4A 
 131      082FA2A4 
 132 007f 8B11B4C6 		.ascii	"\213\021\264\306\017\020\322\260\002\226\005\360B@4"
ARM GAS  /tmp/ccbcXQLw.s 			page 10


 132      0F10D2B0 
 132      029605F0 
 132      424034
 133 008e 49A52D34 		.ascii	"I\245-4aU\256Ktd\007\223n\331\015\317\363\326:'\212"
 133      6155AE4B 
 133      74640793 
 133      6ED90DCF 
 133      F3D63A27 
 134 00a3 CE17F952 		.ascii	"\316\027\371R\210\015\031\344C/\312\210\262\226\230"
 134      880D19E4 
 134      432FCA88 
 134      B29698
 135 00b2 CF85D441 		.ascii	"\317\205\324A\010Z\217\016}~\352\276\223\276D\011\303"
 135      085A8F0E 
 135      7D7EEABE 
 135      93BE4409 
 135      C3
 136 00c3 B1CEA9A4 		.ascii	"\261\316\251\244\315Pj\206/\346\347g\355\322\353\236"
 136      CD506A86 
 136      2FE6E767 
 136      EDD2EB9E 
 137 00d3 D79C7D3C 		.ascii	"\327\234}<\354\035\321\276T\350\203\"=\364\243\030\003"
 137      EC1DD1BE 
 137      54E88322 
 137      3DF4A318 
 137      03
 138 00e4 2816B425 		.ascii	"(\026\264%0\210Rb\277\365W{\243\252\314\350n\016\\\274"
 138      30885262 
 138      BFF5577B 
 138      A3AACCE8 
 138      6E0E5CBC 
 139 00f8 120E2297 		.ascii	"\022\016\"\227\203H\215\233\177Gj\201[(e\372z\353\346"
 139      83488D9B 
 139      7F476A81 
 139      5B2865FA 
 139      7AEBE6
 140 010b 4BD76EA5 		.ascii	"K\327n\245\252\0136\177\025\214!\330\240\2116R\205Y"
 140      AA0B367F 
 140      158C21D8 
 140      A0893652 
 140      8559
 141 011d 6F6BEB4D 		.ascii	"ok\353M\372\375\204\216Jp:M\341\226M\203\035\242!\344"
 141      FAFD848E 
 141      4A703A4D 
 141      E1964D83 
 141      1DA221E4 
 142 0131 30CCA3C1 		.ascii	"0\314\243\301\0113ta\204E\216t\330\244\025)yV\317\321"
 142      09337461 
 142      84458E74 
 142      D8A41529 
 142      7956CFD1 
 143 0145 FAAA25D5 		.ascii	"\372\252%\325\256X\372\253d\273\226s\317f\034n\230\256"
 143      AE58FAAB 
 143      64BB9673 
 143      CF661C6E 
 143      98AE
 144 0157 0129AA8A 		.ascii	"\001)\252\212\277\025B\344\275Z@s\032\001W\023w\344"
ARM GAS  /tmp/ccbcXQLw.s 			page 11


 144      BF1542E4 
 144      BD5A4073 
 144      1A015713 
 144      77E4
 145 0169 5BCF8768 		.ascii	"[\317\207h7\272\340\313<\212\016\350\264\377q\262\355"
 145      37BAE0CB 
 145      3C8A0EE8 
 145      B4FF71B2 
 145      ED
 146 017a 7B7EF9A0 		.ascii	"{~\371\240W\340\3130n\243\033\237\214\337\270\203rA"
 146      57E0CB30 
 146      6EA31B9F 
 146      8CDFB883 
 146      7241
 147 018c 19A7D58E 		.ascii	"\031\247\325\216D\352\321\223I\343o8_`\370w:-\026\016"
 147      44EAD193 
 147      49E36F38 
 147      5F60F877 
 147      3A2D160E 
 148 01a0 AB456826 		.ascii	"\253Eh&\262\342\325\331\266!\031\377\341]\360\034_\272"
 148      B2E2D5D9 
 148      B62119FF 
 148      E15DF01C 
 148      5FBA
 149 01b2 1B926DB8 		.ascii	"\033\222m\270\2138\037]n\237\313(:J\362Q\204\315\022"
 149      8B381F5D 
 149      6E9FCB28 
 149      3A4AF251 
 149      84CD12
 150 01c5 BBDB8818 		.ascii	"\273\333\210\030\330\337~)Cut%:\230\025\305=\3041\262"
 150      D8DF7E29 
 150      43757425 
 150      3A9815C5 
 150      3DC431B2 
 151 01d9 5D6D4FAE 		.ascii	"]mO\256/\351\222\000\275\214\010\322\3042Iq\037q_\356"
 151      2FE99200 
 151      BD8C08D2 
 151      C4324971 
 151      1F715FEE 
 152 01ed 33D558C6 		.ascii	"3\325X\306+n~\346\313v\373\366\336\332\317G\306\264"
 152      2B6E7EE6 
 152      CB76FBF6 
 152      DEDACF47 
 152      C6B4
 153 01ff 0F6E7F94 		.ascii	"\017n\177\224\332\337\345`ho\022\005\0303\022\346\005"
 153      DADFE560 
 153      686F1205 
 153      183312E6 
 153      05
 154 0210 3CF853C2 		.ascii	"<\370S\302\331\353%\214\357\\\302D \261\024\012$(\306"
 154      D9EB258C 
 154      EF5CC244 
 154      20B1140A 
 154      2428C6
 155 0223 21DCB268 		.ascii	"!\334\262h\0078L\205\321\256X\204\375_\363\367op%xH"
 155      07384C85 
 155      D1AE5884 
ARM GAS  /tmp/ccbcXQLw.s 			page 12


 155      FD5FF3F7 
 155      6F702578 
 156 0238 E6930B86 		.ascii	"\346\223\013\206\357\372\262P,!\221}}\324\204\010~g"
 156      EFFAB250 
 156      2C21917D 
 156      7DD48408 
 156      7E67
 157 024a 60CF8859 		.ascii	"`\317\210YRQ\021\253\254\255\253\256;v<\326\320\030"
 157      525111AB 
 157      ACADABAE 
 157      3B763CD6 
 157      D018
 158 025c ABADAA8F 		.ascii	"\253\255\252\2175\236\255\341\371\304\231\252\372\212"
 158      359EADE1 
 158      F9C499AA 
 158      FA8A
 159 026a 1AA1AACF 		.ascii	"\032\241\252\3175\352\323\015'O\375\004N\277@\273"
 159      35EAD30D 
 159      274FFD04 
 159      4EBF40BB 
 160              		.text
 161              		.section	.gnu.lto_.symbol_nodes.55e0a525341bc51d,"",%progbits
 162 0000 789C55C9 		.ascii	"x\234U\3111\016\202@\024\204\341\377\315\"r\013\216"
 162      310E8240 
 162      1484E1FF 
 162      CD22720B 
 162      8E
 163 0011 FAB63076 		.ascii	"\372\2660v$\234\300\3545\004\004\012k\275\010\0157\020"
 163      249CC0EC 
 163      3504040A 
 163      6BBD080D 
 163      3710
 164 0023 10139962 		.ascii	"\020\023\231b&\223/\000\025{t\227C\375\002wn\251\340"
 164      26932F00 
 164      157B7497 
 164      43FD0277 
 164      6EA9E0
 165 0036 F410491E 		.ascii	"\364\020I\036\324\310\355\000\275l\203V\256\003\014"
 165      D4C8ED00 
 165      BD6C8356 
 165      AE030C
 166 0045 D20AD62D 		.ascii	"\322\012\326-\365\005b,\260Q\236\375\375@\316e~[\320"
 166      F505622C 
 166      B0519EFD 
 166      FD40CE65 
 166      7E5BD0
 167 0058 BED96FCF 		.ascii	"\276\331o\317<\257S\311\007\304\014&\223"
 167      3CAF53C9 
 167      07C40C26 
 167      93
 168              		.text
 169              		.section	.gnu.lto_.refs.55e0a525341bc51d,"",%progbits
 170 0000 789C6366 		.ascii	"x\234cf``\020`\200\000F\006&F\026F&&f\026F\026&V\026"
 170      60601060 
 170      80004606 
 170      26461646 
 170      26266616 
ARM GAS  /tmp/ccbcXQLw.s 			page 13


 171 0019 060002F7 		.ascii	"\006\000\002\367\0008"
 171      0038
 172              		.text
 173              		.section	.gnu.lto_.decls.55e0a525341bc51d,"",%progbits
 174 0000 789C9D58 		.ascii	"x\234\235XkP\024W\026\356\333wf\034\232aH\005\223X$"
 174      6B501457 
 174      16EEDB77 
 174      661C9A61 
 174      48059358 
 175 0015 BB129250 		.ascii	"\273\022\222Pn\3128\256\251RS\265U&Q\023\314\232\205"
 175      6ECA38AE 
 175      A95253B5 
 175      55265113 
 175      CC9A85
 176 0028 C5A4B2A9 		.ascii	"\305\244\262\251\3751A\300@-\012\305\014\273\233\177"
 176      FD3141C0 
 176      402D0AC5 
 176      0CBB9B7F 
 177 0038 0D838880 		.ascii	"\015\203\210\200\202\203\020|\017\002\012\362\006E\345"
 177      8283107C 
 177      0F020AF2 
 177      0645E5
 178 0047 21028280 		.ascii	"!\002\202\200/VIb\202\256\003\306\370\344\245\206\227"
 178      2F564962 
 178      82AE03C6 
 178      F8E4A586 
 178      97
 179 0058 CAECB9B7 		.ascii	"\312\354\271\267\273\247g\306\031MmW\035\272\317\275"
 179      BBA767C6 
 179      194D6D57 
 179      1DBACFBD 
 180 0068 DF39E73B 		.ascii	"\3379\347;\347\236{\273\031\3140\314c\30406\270\336"
 180      E79E7BBB 
 180      19CC30CC 
 180      63C43036 
 180      B8DE
 181 007a 9DCD30B5 		.ascii	"\235\3150\265,\303(`,\024D\011r\004\244\021\244\015"
 181      2CC32860 
 181      2C144409 
 181      7204A411 
 181      A40D
 182 008c E455C0BD 		.ascii	"\344U\300\275\006\302\210s\001\360\374\026\310; \213"
 182      06C28873 
 182      01F0FC16 
 182      C83B208B 
 183 009c 40968260 		.ascii	"@\226\202`\030\377\023\334\227\201|(b\245\213\340\375"
 183      18FF13DC 
 183      97817C28 
 183      62A58BE0 
 183      FD
 184 00ad E0AE05D1 		.ascii	"\340\256\005\321\200pH\360\031\014\317\012\270\277\016"
 184      807048F0 
 184      190CCF0A 
 184      B8BF0E
 185 00bc F74F40FC 		.ascii	"\367O@\374\3058\313\221\020\3770\310Bx^\001\262\022"
 185      C538CB91 
 185      10FF30C8 
ARM GAS  /tmp/ccbcXQLw.s 			page 14


 185      42785E01 
 185      B212
 186 00ce 8405B900 		.ascii	"\204\005\271\000c\037!\201\253\037\334_\006\231\200"
 186      631F2181 
 186      AB1FDC5F 
 186      069980
 187 00dd E7D9645E 		.ascii	"\347\331d^\214E8!\221\217\343E8\277$\346(q!<\270\347"
 187      8C453821 
 187      918FE345 
 187      38BF24E6 
 187      2871213C 
 188 00f3 70217568 		.ascii	"p!uhp\340\362\221\003\237aF\340\244t\340C\270\314\200"
 188      70E0F291 
 188      039F6146 
 188      E0A474E0 
 188      43B8CC80 
 189 0107 7E871138 		.ascii	"~\207\0218\275\345\300i\231\013\247w\304\332\270r\232"
 189      BDE5C069 
 189      990BA777 
 189      C4DAB872 
 189      9A
 190 0118 F71C4E64 		.ascii	"\367\034Nd]Z]8}\014\262X\\\013G.\230q^+B\301u\215\306"
 190      5D5A5D38 
 190      7D0CB258 
 190      5C0B472E 
 190      98715E2B 
 191 0131 58D455B6 		.ascii	"X\324U\266\347+\0149\215\261\212\353\273\253\353}Q\220"
 191      E72B0C39 
 191      8DB18AEB 
 191      BBABEB7D 
 191      5190
 192 0143 BF3F57C4 		.ascii	"\277?W\304\363|\032\377>*C\034:\210\260\203E>\214O."
 192      F37C1AFF 
 192      3E2A431C 
 192      3A88B083 
 192      453E8C4F 
 193 0158 2313F0A8 		.ascii	"#\023\360\250\246\3674\236O\346G\315<\236\303\240\371"
 193      A6F7349E 
 193      4FE647CD 
 193      3C9EC3A0 
 193      F9
 194 0169 FEE80FFE 		.ascii	"\376\350\017\376\014*AAt\212A\207\220?*E\376$\322`\316"
 194      0C2A4141 
 194      748A4187 
 194      903F2A45 
 194      FE24D260 
 195 017e D8662527 		.ascii	"\330f%'\242\323\236\207Nk\332~\300\353\026\213\264\334"
 195      A2D39E87 
 195      4E6BDA7E 
 195      C0EB168B 
 195      B4DC
 196 0190 DF887A33 		.ascii	"\337\210z3\273\244J\003\252\206\363&\352\361\312\207"
 196      BBA44A03 
 196      AA86F326 
 196      EAF1CA87 
 197 01a0 E7BCE96C 		.ascii	"\347\274\351l\000Q\033\314]\371*:\253 \352\226\351\261"
 197      00511BCC 
ARM GAS  /tmp/ccbcXQLw.s 			page 15


 197      5DF92A3A 
 197      AB20EA96 
 197      E9B1
 198 01b2 735AAA72 		.ascii	"sZ\252rD\235\236:\235\244\"\201y>\333\304{uia\002UA"
 198      449D9E3A 
 198      9DA42281 
 198      793EDBC4 
 198      7B756961 
 199 01c9 A86A08C5 		.ascii	"\250j\010\305\240Z\032z\236?\252\021\"w\245\034\272"
 199      A05A1A7A 
 199      9E3FAA11 
 199      2277A51C 
 199      BA
 200 01da E0F36236 		.ascii	"\340\363b6\205\363|\000\242U\250\000x%\205\327\241\027"
 200      85F37C00 
 200      A255A800 
 200      782585D7 
 200      A117
 201 01ec 2523829E 		.ascii	"%#\202\236\271g\353\366uD\227?\013}v\374\314\003\255"
 201      B967EBF6 
 201      7544973F 
 201      0B7D76FC 
 201      CC03AD
 202 01ff 269DD440 		.ascii	"&\235\324@\244r\030\275\350\300\345\010\"\255@\357\200"
 202      A47218BD 
 202      E8C0E508 
 202      22AD40EF 
 202      80
 203 0210 AE6E29DB 		.ascii	"\256n)\333,\324\340+b<\261qt3G\323\322\320\244\307\366"
 203      2CD4E02B 
 203      623CB171 
 203      743347D3 
 203      D2D0A4C7 
 204 0225 E6F9784E 		.ascii	"\346\371xN\353\230\224V\245\220\326\351\357\222:\275"
 204      EB989456 
 204      A590D6E9 
 204      EF923ABD 
 205 0235 5CD3AA07 		.ascii	"\\\323\252\007\370Q\012?N\211\036\223\210\036\2708\276"
 205      F8510A3F 
 205      4E891E93 
 205      881EB838 
 205      BE
 206 0246 4FE99A96 		.ascii	"O\351\232\226G\364\321\376}\305*\247\264\032\234\322"
 206      47F4D1FE 
 206      7DC52AA7 
 206      B41A9CD2 
 207 0256 6A14D36A 		.ascii	"j\024\323j\244i\355\333Z;\245\242i\305\023\343\232\202"
 207      A469EDDB 
 207      5A3BA5A2 
 207      69C513E3 
 207      9A82
 208 0268 FE094CD3 		.ascii	"\376\011L\323\322\022\365^\255\245SMU\037\242\366n\234"
 208      D212F55E 
 208      ADA5534D 
 208      551FA2F6 
 208      6E9C
 209 027a 517B4EB2 		.ascii	"Q{N\262EJ\362\204\220dq\371\356Io\327$\233\000\336L"
ARM GAS  /tmp/ccbcXQLw.s 			page 16


 209      454AF284 
 209      906471F9 
 209      EE496FD7 
 209      249B00DE 
 210 028f E12729ED 		.ascii	"\341')\355\026\211v\236\365I\246\3125I\217\350\202>"
 210      1689769E 
 210      F549A6CA 
 210      35498FE8 
 210      823E
 211 02a1 5B9EDA29 		.ascii	"[\236\332)\311V\247$\333\304$\333h\222\205\371\003}"
 211      C956A724 
 211      DBC424DB 
 211      689285F9 
 211      037D
 212 02b3 DCFC4374 		.ascii	"\334\374Ct#\235\\*\357\267\351\215\227RY\232\374I\226"
 212      239D5C2A 
 212      EFB7E98D 
 212      9752599A 
 212      FC4996
 213 02c6 E82583E7 		.ascii	"\350%\203\347\315>4\335y\224\322\241[\221XK\266#J:\320"
 213      CD3E34DD 
 213      7994D2A1 
 213      5B91584B 
 213      B6234A3A 
 214 02db 98390B66 		.ascii	"\2309\013f^\347\250\341\265]SE^T%\247\267/\031j91\331"
 214      5EE7A8E1 
 214      B55D5345 
 214      5E5425A7 
 214      B72F196A 
 215 02f2 C9E15729 		.ascii	"\311\341W):3\315\332\315\3417\3113\333\365\013_\250"
 215      3A33CDDA 
 215      CDE137C9 
 215      33DBF50B 
 215      5FA8
 216 0304 4541741B 		.ascii	"EAt\033\217^3w\276\306\363\012t\026r\353A\030\265\243"
 216      8F5E3377 
 216      BEC6F30A 
 216      741672EB 
 216      4118B5A3 
 217 0318 F98425F1 		.ascii	"\371\204%\361J\25649\037\306\236\014:\003[\362u\216"
 217      4AAE3439 
 217      1FC69E0C 
 217      3A035BF2 
 217      758E
 218 032a 62D16918 		.ascii	"b\321i\030\354\242\345e;\036\237HQ\".\310\275\321y7"
 218      ECA2E565 
 218      3B1E9F48 
 218      51222EC8 
 218      BDD17937 
 219 033e 469442B3 		.ascii	"F\224B\263\311\3742\241p\016(t\313\024\316\"\316^\226"
 219      C9FC32A1 
 219      700E2874 
 219      CB14CE22 
 219      CE5E96
 220 0351 A1B6A27F 		.ascii	"\241\266\242\177\223e6\3756\267d\343\365\247\246h0\217"
 220      936536FD 
 220      36B764E3 
ARM GAS  /tmp/ccbcXQLw.s 			page 17


 220      F5A7A668 
 220      308F
 221 0363 68F65BEA 		.ascii	"h\366[\352v\356T\343TA\231\314..V\340-\202R\224\233"
 221      76EE54E3 
 221      544199CC 
 221      2E2E56E0 
 221      2D825294 
 222 0378 57AEA4F5 		.ascii	"W\256\244\365U\023\265\261\240tD\215s\205\271\226\356"
 222      5513B5B1 
 222      A074448D 
 222      7385B996 
 222      EE
 223 0389 A4731CDE 		.ascii	"\244s\034\336%(g\006'\037\010'\314\013D\3557\027\034"
 223      25286706 
 223      271F0827 
 223      CC0B44ED 
 223      37171C
 224 039c D4E27DC2 		.ascii	"\324\342}\302\334\371\231\354\373\263p\2413P+\000w\376"
 224      DCF999EC 
 224      FBB370A1 
 224      33502B00 
 224      77FE
 225 03ae 70E3A1D0 		.ascii	"p\343\241\320\276t=s{ve)q\261\000\315\0360_R\340J\344"
 225      BE743D73 
 225      7B766529 
 225      71B100CD 
 225      1E305F52 
 226 03c5 B49E01C2 		.ascii	"\264\236\001\302z~{w\362\260\232\2526\033&\305\335\177"
 226      7A7E7B77 
 226      F2B09AAA 
 226      361B26C5 
 226      DD7F
 227 03d7 B577C0CB 		.ascii	"\265w\300\313\276j\3657\020)\231\025JvE.Y\200\343\252"
 227      BE6AF537 
 227      10299915 
 227      4A76452E 
 227      5980E3AA 
 228 03eb 41B19425 		.ascii	"A\261\224%P\251\037\241(?\221J]\203J\005\210\225\272"
 228      50A91FA1 
 228      283F914A 
 228      5D834A05 
 228      8895BA
 229 03fe 0A83FF15 		.ascii	"\012\203\377\025V\255np8\203\223\0347\267o\245k1\010"
 229      56AD6E70 
 229      3883931C 
 229      37B76FA5 
 229      6B3108
 230 0411 8EFB65C7 		.ascii	"\216\373e\307V\364L\317\003n=\243\243#Y\203\010\037"
 230      56F44CCF 
 230      036E3DA3 
 230      A3235983 
 230      081F
 231 0423 17F2CBD8 		.ascii	"\027\362\313\330\376\260\233\305\315TQ\244\2674\315"
 231      FEB09BC5 
 231      CD5451A4 
 231      B734CD
 232 0432 46817E81 		.ascii	"F\201~\201A\026\3607\232\261i$\330d\342\267\317\241"
ARM GAS  /tmp/ccbcXQLw.s 			page 18


 232      4116F037 
 232      9AB16924 
 232      D864E2B7 
 232      CFA1
 233 0444 61AF43D8 		.ascii	"a\257C\330_\220\237\354}\036\331>o\303\037f\033\335"
 233      5F909FEC 
 233      7D1ED93E 
 233      6FC31F66 
 233      1BDD
 234 0456 8B16FEFD 		.ascii	"\213\026\376\375\004\306ag\0210\204F\267\200\305\015"
 234      04C66167 
 234      11308446 
 234      B780C50D 
 235 0466 14886EA2 		.ascii	"\024\210n\242@\312\225\370\2664\233T%\013\251\337\237"
 235      40CA95F8 
 235      B6349B54 
 235      250BA9DF 
 235      9F
 236 0477 DDFAFD91 		.ascii	"\335\372\375\221\270\240}hm,Dj\202`\304\254\345]\331"
 236      B8A07D68 
 236      6D2C446A 
 236      8260C4AC 
 236      E55DD9
 237 048a 73A77348 		.ascii	"s\247sH\205\247\005\356\231\277\036\355\327\240\300"
 237      85A705EE 
 237      99BF1EED 
 237      D7A0C0
 238 0499 C0D994BC 		.ascii	"\300\331\224\274\265\241\360\274\206\357ZH\273\3672"
 238      B5A1F0BC 
 238      86EF5A48 
 238      BBF732
 239 04a8 84B88766 		.ascii	"\204\270\207f\313\315)S\267\220\010'\256+O&\013,n{\206"
 239      CBCD2953 
 239      B7900827 
 239      AE2B4F26 
 239      0B2C6E7B 
 240 04bd 9AC5E3EC 		.ascii	"\232\305\343\354}\243c\226\004L\262\034\202,\357@\226"
 240      7DA36396 
 240      044CB21C 
 240      822CEF40 
 240      96
 241 04ce 77C52C29 		.ascii	"w\305,)\365\343\246Y\320\352\000y\232\373\376\254\221"
 241      F5E3A659 
 241      D0EA0079 
 241      9AFBFEAC 
 241      91
 242 04df 0CDFD9E0 		.ascii	"\014\337\331\3403\311\243O\306\311!\330\344\\\336?\303"
 242      33C9A34F 
 242      C6C921D8 
 242      E45CDE3F 
 242      C3
 243 04f0 E1C7C2C2 		.ascii	"\341\307\302\302\355\2308\333\351K;x\016Q[\247\273\232"
 243      ED9838DB 
 243      E94B3B78 
 243      0E515BA7 
 243      BB9A
 244 0502 1438897E 		.ascii	"\0248\211~\023 ~\246\353\211\017\336$(\322[W#\274u\367"
ARM GAS  /tmp/ccbcXQLw.s 			page 19


 244      13207EA6 
 244      EB890FDE 
 244      2428D25B 
 244      5723BC75 
 245 0517 5CBD74CF 		.ascii	"\\\275t\317\007g\3229M\331\350OeJ\262\342\322\005\305"
 245      0767D239 
 245      4DD9E84F 
 245      654AB2E2 
 245      D205C5
 246 052a 4B31592B 		.ascii	"K1Y+\305\342]\200\342\365AE\306\2412\366\212\\\242\034"
 246      C5E25D80 
 246      E2F54145 
 246      C6A132F6 
 246      8A5CA21C 
 247 053e AB90BCF2 		.ascii	"\253\220\274\362<\345\177\012\000\035tn\\\\y\236\015"
 247      3CE57F0A 
 247      001D746E 
 247      5C5C799E 
 247      0D
 248 054f 42539082 		.ascii	"BS\220\202\015\344\021\310\257 \023 \223 3 \323 \217"
 248      0DE411C8 
 248      AF201320 
 248      93203320 
 248      D3208F
 249 0562 419ED83B 		.ascii	"A\236\330;#\305d\251*T\211\221\277s\215\374=rX7\200"
 249      23C564A9 
 249      2A548991 
 249      BF738DFC 
 249      3D725837 
 250 0577 1EB3437F 		.ascii	"\036\263C\177p\017\025HRl\231\035\333\353\212\235\347"
 250      700F1548 
 250      526C991D 
 250      DBEB8A9D 
 250      E7
 251 0588 ECB5CB8E 		.ascii	"\354\265\313\216\034sE\216\272z\255\260c/\272/\223\354"
 251      1C73458E 
 251      BA7AADB0 
 251      632FBA2F 
 251      93EC
 252 059a B6DB0EBD 		.ascii	"\266\333\016\275\357\012}\340\002\355\261C\037\272\207"
 252      EF0A7DE0 
 252      02EDB143 
 252      1FBA87
 253 05a9 DA192459 		.ascii	"\332\031$Y[\012\243N\246`4\014-3\342\236\256\335\257"
 253      5B0AA34E 
 253      A660340C 
 253      2D33E29E 
 253      AEDDAF
 254 05bc B5DC6159 		.ascii	"\265\334aY\377\343\266\012U\362\266+-TA\357\216\273"
 254      FFE3B60A 
 254      55F2B62B 
 254      2D5441EF 
 254      8EBB
 255 05ce D977ECB7 		.ascii	"\331w\354\267u\255\023p4\371Q\334\231\0105Jf\375P\247"
 255      75AD1370 
 255      34F951DC 
 255      9908354A 
ARM GAS  /tmp/ccbcXQLw.s 			page 20


 255      66FD50A7 
 256 05e2 7C2C1123 		.ascii	"|,\021#z\271k\017\224\004]\361\377v\010\364\357TO\352"
 256      7AB96B0F 
 256      94045DF1 
 256      FF7608F4 
 256      EF544FEA 
 257 05f6 261FBC4D 		.ascii	"&\037\274M\350\355\321\273\337u(\235\336\356\204\212"
 257      E8EDD1BB 
 257      DF75289D 
 257      DEEE848A 
 258 0606 BC935258 		.ascii	"\274\223RX\215H\012h\367\026\376\272\004i\202<\241Q"
 258      8D480A68 
 258      F716FEBA 
 258      0469823C 
 258      A151
 259 0618 2A90910D 		.ascii	"*\220\221\015\350\271\333T:\374\001\354N\264\021\206"
 259      E8B9DB54 
 259      3AFC01EC 
 259      4EB41186 
 260 0628 4DAC3D41 		.ascii	"M\254=A@\3317\362\243\314\013\265\010\367\011|\314\027"
 260      40D937F2 
 260      A3CC0BB5 
 260      08F7097C 
 260      CC17
 261 063a CFD679E3 		.ascii	"\317\326y\343~\252\260\225\307\256\215\250\305\023\334"
 261      7EAAB095 
 261      C7AE8DA8 
 261      C513DC
 262 0649 9A7E9A83 		.ascii	"\232~\232\203r\246\263\034J\223\375\234C\317|\237of"
 262      72A6B31C 
 262      4A93FD9C 
 262      43CF7C9F 
 262      6F66
 263 065b DDBE43F7 		.ascii	"\335\276C\367_\2711\201\311\313\213(\337\337./\363\306"
 263      5FB93181 
 263      C9CB8B28 
 263      DFDF2E2F 
 263      F3C6
 264 066d 43ACD3CB 		.ascii	"C\254\323\313*\330\371\343#\330\376\361\301\226\356"
 264      2AD8F9E3 
 264      23D8FEF1 
 264      C196EE
 265 067c DDFD8C6F 		.ascii	"\335\375\214o\201l\010\030,\006\334\302\372\243\255"
 265      816C0818 
 265      2C06DCC2 
 265      FAA3AD
 266 068b ACF82D30 		.ascii	"\254\370-0\235\321?\227\274\177\262\200\177\246\314"
 266      9DD13F97 
 266      BC7FB280 
 266      7FA6CC
 267 069a 3F58FE14 		.ascii	"?X\376\024(\277Y\367\023\306\371\230\360Pno\334v\230"
 267      28BF59F7 
 267      13C6F998 
 267      F0506E6F 
 267      DC7698
 268 06ad 4570AA04 		.ascii	"Ep\252\004\005:\266\200\374%jf\205\365\317\205\200y"
 268      053AB680 
ARM GAS  /tmp/ccbcXQLw.s 			page 21


 268      FC256A66 
 268      85F5CF85 
 268      8079
 269 06bf 6C20DA0E 		.ascii	"l \332\016\222\303\312\357\207\321\226\241\301U9&\276"
 269      92C3CAEF 
 269      87D196A1 
 269      C1553926 
 269      BE
 270 06d0 680E0DB9 		.ascii	"h\016\015\271\015B\232YO\233\013^'\266b\262cHu3\\\241"
 270      0D429A59 
 270      4F9B0B5E 
 270      27B662B2 
 270      63487533 
 271 06e6 AE7D3D54 		.ascii	"\256}=TL\372\032 .}M\337\032S\305\302\016!\353\275\311"
 271      4CFA1A20 
 271      2E7D4DDF 
 271      1A53C5C2 
 271      0E21EBBD 
 272 06fb AD271A93 		.ascii	"\255'\032\223\324\375J\3155%>E\363e\207\333\246\362"
 272      D4FD4ACD 
 272      35253E45 
 272      F36587DB 
 272      A6F2
 273 070d D5D286C8 		.ascii	"\325\322\206\310\374Z\215v\200\335\267r\235H\264\247"
 273      FC5A8D76 
 273      80DDB772 
 273      9D48B4A7 
 274 071d 3684540D 		.ascii	"6\204T\015\224\017ExVA\310\307w\317\306n\316O\264\266"
 274      940F4578 
 274      5641C8C7 
 274      77CFC66E 
 274      CE4FB4B6 
 275 0731 78B266DC 		.ascii	"x\262f\334\231&W\360\2734N[d\247\323\026\331%\3642\271"
 275      992657F0 
 275      BB344E5B 
 275      64A7D316 
 275      D925F432 
 276 0746 037ADC64 		.ascii	"\003z\334dJ\362\346\304\356H{~w\240\335,\007f\035\345"
 276      4AF2E6C4 
 276      EE487B7E 
 276      77A0DD2C 
 276      07661DE5 
 277 075a 13F50A05 		.ascii	"\023\365\012\005+\270A\177\247\377\317\235\231N>\350"
 277      2BB8417F 
 277      A7FFCF9D 
 277      994E3EE8 
 278 076a FD4AAEF8 		.ascii	"\375J\256\370\326|AA\227G\216\273\227}\005\376\356a"
 278      D67C4141 
 278      97478EBB 
 278      977D05FE 
 278      EE61
 279 077c 1502CDBE 		.ascii	"\025\002\315\276\007\351\357\341\036ZNt\371\326\355"
 279      07E9EFE1 
 279      1E5A4E74 
 279      F9D6ED
 280 078b 2F03F6F2 		.ascii	"/\003\366\362\226\352\321\212\252\301\370m\320\006\274"
 280      96EAD18A 
ARM GAS  /tmp/ccbcXQLw.s 			page 22


 280      AAC1F86D 
 280      D006BC
 281 079a D5669B4B 		.ascii	"\325f\233Km\320>{Y\031\362L\323D\0266\000\354:\373s"
 281      6DD03E7B 
 281      5919F24C 
 281      D3441636 
 281      00EC3AFB 
 282 07af 6EA9290B 		.ascii	"n\251)\013\022J`q\276v\352m;\261\002\226\216\365\325"
 282      124A6071 
 282      BE76EA6D 
 282      3BB10296 
 282      8EF5D5
 283 07c2 4E0C681C 		.ascii	"N\014h\034\231\205\276\354@\254\220\022\333/"
 283      9985BEEC 
 283      40AC9012 
 283      DB2F
 284 07d0 112B2A6E 		.ascii	"\021+*n\352S\341q\201\331\320\336\324t_J\315\332\320"
 284      EA53E171 
 284      81D9D0DE 
 284      D4745F4A 
 284      CDDAD0
 285 07e3 0E072FFF 		.ascii	"\016\007/\377\230|\006\022\023T\344\300\253H\342ULy"
 285      987C0612 
 285      1354E4C0 
 285      AB48E255 
 285      4C79
 286 07f5 55B7B5BD 		.ascii	"U\267\265\275\204\223\025\264UR\013\036\227\372H\237"
 286      849315B4 
 286      55520B1E 
 286      97FA489F 
 287 0805 754DB7AF 		.ascii	"uM\267\257\3775\031\216\227\022\240{\3407\037\013\007"
 287      FF35198E 
 287      9712A07B 
 287      E0371F0B 
 287      07
 288 0816 DD1F0B7D 		.ascii	"\335\037\013}}\323\355\230\246Zb\317\376\307\306\312"
 288      7DD3ED98 
 288      A65A62CF 
 288      FEC7C6CA 
 289 0826 AD4A7BFA 		.ascii	"\255J{\372\245B\372\205\374\315F_\217\351\227\321\364"
 289      A542FA85 
 289      FCCD465F 
 289      8FE997D1 
 289      F4
 290 0837 0F49E96F 		.ascii	"\017I\351o;\331]\352\2133(yt\363b\336\230\267\2642\323"
 290      3BD95DEA 
 290      8B332879 
 290      74F362DE 
 290      98B7B432 
 291 084c 0B77F096 		.ascii	"\013w\360\226d~\306fC\324\012\225;T\240\\\252@\005\255"
 291      647EC666 
 291      43D40A95 
 291      3B54A05C 
 291      AA4005AD 
 292 0860 407E7A7E 		.ascii	"@~z~\232s\023\222\177\332\344\240\225B\023\002\322\366"
 292      9A731392 
 292      7FDAE4A0 
ARM GAS  /tmp/ccbcXQLw.s 			page 23


 292      95421302 
 292      D2F6
 293 0872 64C70344 		.ascii	"d\307\003D\031W\332;i4\263\354\216\227G\302\325\224"
 293      1957DA3B 
 293      6934B3EC 
 293      8E9747C2 
 293      D594
 294 0884 709544B8 		.ascii	"p\225D\270*g\340\276\032\357\020\010\037<r\243\032\001"
 294      2A67E0BE 
 294      1AEF1008 
 294      1F3C72A3 
 294      1A01
 295 0896 612B3F7A 		.ascii	"a+?z\246\246\\\233_\313\267\3215C\210\230\241\032\007"
 295      A6A65C9B 
 295      5FCBB7D1 
 295      35438898 
 295      A11A07
 296 08a9 C63512E3 		.ascii	"\3065\022\343Z\312\330]5\263\262\206\233g\331\373\253"
 296      5ACAD85D 
 296      35B3B286 
 296      9B67D9FB 
 296      AB
 297 08ba 4EA8E640 		.ascii	"N\250\346@\337\220\221\216\2213\343\2600\2266r\355\016"
 297      DF90918E 
 297      9133E3B0 
 297      30963672 
 297      ED0E
 298 08cc F248B89E 		.ascii	"\362H\270\236\022>\"\021\276\320\332\224\353\213\333"
 298      123E2211 
 298      BED0DA94 
 298      EB8BDB
 299 08db 04C2B9E3 		.ascii	"\004\302\271\343'ncJ\270\272\251\364>\336\301\027H\025"
 299      276E634A 
 299      B8BAA9F4 
 299      3EDEC117 
 299      4815
 300 08ed 062B74D4 		.ascii	"\006+t\324\201\357Q\211\3571\312\367\2069w\024\343\313"
 300      81EF5189 
 300      EF31CAF7 
 300      86397714 
 300      E3CB
 301 08ff 82972D77 		.ascii	"\202\227-w\352\267\"< (\327\037\0366{\317\035Q\354\341"
 301      EAB7223C 
 301      2028D71F 
 301      1E367BCF 
 301      1D51ECE1 
 302 0913 D5E4770B 		.ascii	"\325\344w\01324\\2\330\257x\243\200\357\265\214V\214"
 302      32345C32 
 302      D8AF78A3 
 302      80EFB58C 
 302      568C
 303 0925 0CCE49CA 		.ascii	"\014\316I\312\266$g\3636\3332D\177\3308\016Q`C9\374"
 303      B62467F3 
 303      36DB3244 
 303      7FD8380E 
 303      51604339 
 304 093a 1ED24062 		.ascii	"\036\322@b\241F\026\266`\023\373\0069T\256^\315\365"
ARM GAS  /tmp/ccbcXQLw.s 			page 24


 304      A14616B6 
 304      6013FB06 
 304      3954AE5E 
 304      CDF5
 305 094c C68F8400 		.ascii	"\306\217\204\000\015Y\035\025\334\334\315J\022\240A"
 305      0D591D15 
 305      DCDCCD4A 
 305      12A041
 306 095b 0870D77C 		.ascii	"\010p\327|\263WM\003X\232\012yE\027\237B60\375}\201"
 306      B3574D03 
 306      589A0A79 
 306      45179F42 
 306      3630FD7D 
 307 0970 78876DE1 		.ascii	"x\207m\341\3602h\246\336O\020\357-\324\273\251&g\334"
 307      F03268A6 
 307      DE4F10EF 
 307      2DD4BBA9 
 307      2667DC
 308 0983 0BE729A9 		.ascii	"\013\347)\251\367\324\024\363-vn\021\365\336*x/>u\274"
 308      F7D414F3 
 308      2D766E11 
 308      F5DE2A78 
 308      2F3E75BC 
 309 0997 402978BF 		.ascii	"@)x\277\353\340\275U\364\016-\347\370{\000\365\336J"
 309      EBE0BD55 
 309      F40E2DE7 
 309      F87B00F5 
 309      DE4A
 310 09a9 BCB751EF 		.ascii	"\274\267Q\357g\2555\355\254S/\222V\220\227\247]<\020"
 310      67AD35ED 
 310      AC532F92 
 310      569097A7 
 310      5D3C10
 311 09bc DBE981D8 		.ascii	"\333\351\201\330w\351\336\317HB\247=\353\013\003\235"
 311      77E9DECF 
 311      4842A73D 
 311      EB0B039D 
 312 09cc A206F71E 		.ascii	"\242\006\367\036%\347\252=\032\270|d\240\016j\223y\345"
 312      25E7AA3D 
 312      1AB87C64 
 312      A00E6A93 
 312      79E5
 313 09de 6E87D6C3 		.ascii	"n\207\326\303\251\353\356#\000u\322Sw\314\322\273\326"
 313      A9EBEE23 
 313      0075D253 
 313      77CCD2BB 
 313      D6
 314 09ef 29917AA7 		.ascii	")\221z\247DN\213\211\220\273\"\":<A\365\361_>\017X\316"
 314      444E8B89 
 314      90BB2222 
 314      3A3C41F5 
 314      F15F3E0F 
 315 0a05 680CC6F5 		.ascii	"h\014\306\365\357.\322\177\035\037\023\2477\252\023"
 315      EF2ED27F 
 315      1D1F13A7 
 315      37AA13
 316 0a14 63361841 		.ascii	"c6\030A3rz\275\364\370\216.\321\220\240\213\331\020"
ARM GAS  /tmp/ccbcXQLw.s 			page 25


 316      33727ABD 
 316      F4F88E2E 
 316      D190A08B 
 316      D910
 317 0a26 119B1819 		.ascii	"\021\233\030\031\245\333\020\365\257\330\230\265\272"
 317      A5DB10F5 
 317      AFD898B5 
 317      BA
 318 0a33 F5E111D1 		.ascii	"\365\341\021\3211\033\242t\372\310\250u\341\211\261"
 318      311BA274 
 318      FAC8A875 
 318      E189B1
 319 0a42 46BDF19B 		.ascii	"F\275\361\233\370(\303\202h&\320\035\332\360\215A\247"
 319      F828C382 
 319      6826D01D 
 319      DAF08D41 
 319      A7
 320 0a53 371823C1 		.ascii	"7\030#\301#@\224\237\206\254X\031\246\012\371\354\313"
 320      2340949F 
 320      86AC5819 
 320      A60AF9EC 
 320      CB
 321 0a64 D09561B3 		.ascii	"\320\225a\263B\326\204\256\\\271\"L\031\372y\350\212"
 321      42D684AE 
 321      5CB9224C 
 321      19FA79E8 
 321      8A
 322 0a75 30BC0A24 		.ascii	"0\274\012$dE\030\372\2022\371\343b;\023\362\210\015"
 322      644518FA 
 322      8232F9E3 
 322      623B13F2 
 322      880D
 323 0a87 51466544 		.ascii	"QFeDlTx\302\342\005\013t\313\243c\326\306\204\254\321"
 323      6C5478C2 
 323      E2050B74 
 323      CBA363D6 
 323      C684ACD1 
 324 0a9b C51974D1 		.ascii	"\305\031t\321\341\261\272\370\270\004\243A\267\346\263"
 324      E1B1BAF8 
 324      B804A341 
 324      B7E6B3
 325 0aaa 4FDF5DA4 		.ascii	"O\337]\244[\275z\205\356\343\320U!\377\\\244\223\263"
 325      5BBD7A85 
 325      EEE3D055 
 325      21FF5CA4 
 325      93B3
 326 0abc 83C82858 		.ascii	"\203\310(X\361\341\232\2600\345\352\220\345\177\016"
 326      F1E19AB0 
 326      30E5EA90 
 326      E57F0E
 327 0acb 537CF051 		.ascii	"S|\360Q\330j\362'\230\213\211#\3261\221z\343\222\337"
 327      D86AF227 
 327      988B8923 
 327      D631917A 
 327      E392DF
 328 0ade EC18A6F4 		.ascii	"\354\030\246\364\361 \261\261\221\340Y%8\320\010\236"
 328      F120B1B1 
ARM GAS  /tmp/ccbcXQLw.s 			page 26


 328      91E05925 
 328      38D0089E 
 329 0aee D6871BFE 		.ascii	"\326\207\033\376\2417*\310MC\310\353\327\205\033\214"
 329      A1372AC8 
 329      4D43C8EB 
 329      D7851B8C 
 330 0afe 4BF5C6DF 		.ascii	"K\365\306\337\271-\216T\027U\334\272u\220\341\233OS"
 330      B92D8E54 
 330      1755DCBA 
 330      7590E19B 
 330      4F53
 331 0b10 902CC498 		.ascii	"\220,\304\230\244\206\253B>L4p\240\204E\205G\302c\300"
 331      A486AB42 
 331      3E4C3470 
 331      A0844585 
 331      47C263C0 
 332 0b24 D3568684 		.ascii	"\323V\206\204\010\273E\004\343\015\267/\022b\214Q\000"
 332      08BB4504 
 332      E30DB72F 
 332      12628C51 
 332      00
 333 0b35 56C7C4AD 		.ascii	"V\307\304\255\217\213\214\322\033}`pM\224\021\206>\005"
 333      8F8B8CD2 
 333      1B7D6070 
 333      4D941186 
 333      3E05
 334 0b47 DD2B227A 		.ascii	"\335+\"z\3157\206\340\360X\343\357\235\275%\030\355"
 334      CD3786E0 
 334      F058E3EF 
 334      9DBD2518 
 334      ED
 335 0b58 1422A221 		.ascii	"\024\"\242!\372KR\346z\340\373uB\\b<q\247\326\353\327"
 335      FA4B52E6 
 335      7AE0FB75 
 335      425C623C 
 335      71A7D6EB 
 336 0b6d 256E88D0 		.ascii	"%n\210\320\353}\244\207\005K\026/]\344-\223d\234f\226"
 336      EB7DA487 
 336      054B162F 
 336      5DE42D93 
 336      649C6696 
 337 0b81 681C2839 		.ascii	"h\034(9M\275\267H\353D\214\371\0379I\317\312"
 337      4DBDB748 
 337      EB448CF9 
 337      1F3949CF 
 337      CA
 338              		.text
 339              		.section	.gnu.lto_.symtab.55e0a525341bc51d,"",%progbits
 340 0000 70616C52 		.ascii	"palReadBus\000\000\000\000\000\000\000\000\000\000\000"
 340      65616442 
 340      75730000 
 340      00000000 
 340      00000000 
 341 0015 00200100 		.ascii	"\000 \001\000\000palWriteBus\000\000\000\000\000\000"
 341      0070616C 
 341      57726974 
 341      65427573 
ARM GAS  /tmp/ccbcXQLw.s 			page 27


 341      00000000 
 342 002b 00000000 		.ascii	"\000\000\000\000\000\000%\001\000\000palSetBusMode\000"
 342      00002501 
 342      00007061 
 342      6C536574 
 342      4275734D 
 343 0043 00000000 		.ascii	"\000\000\000\000\000\000\000\000\000\000\000-\001\000"
 343      00000000 
 343      0000002D 
 343      0100
 344 0051 00636853 		.ascii	"\000chSysHalt\000\000\002\000\000\000\000\000\000\000"
 344      79734861 
 344      6C740000 
 344      02000000 
 344      00000000 
 345 0065 00003201 		.ascii	"\000\0002\001\000\000_pal_lld_setgroupmode\000\000\002"
 345      00005F70 
 345      616C5F6C 
 345      6C645F73 
 345      65746772 
 346 0083 00000000 		.ascii	"\000\000\000\000\000\000\000\000\0008\001\000\000"
 346      00000000 
 346      00380100 
 346      00
 347              		.text
 348              		.section	.gnu.lto_.opts,"",%progbits
 349 0000 272D666E 		.ascii	"'-fno-trapv' '-mcpu=cortex-m4' '-mno-thumb-interwor"
 349      6F2D7472 
 349      61707627 
 349      20272D6D 
 349      6370753D 
 350 0033 6B272027 		.ascii	"k' '-mthumb' '-ggdb' '-O2' '-fomit-frame-pointer' '"
 350      2D6D7468 
 350      756D6227 
 350      20272D67 
 350      67646227 
 351 0066 2D66616C 		.ascii	"-falign-functions=16' '-ffunction-sections' '-fdata"
 351      69676E2D 
 351      66756E63 
 351      74696F6E 
 351      733D3136 
 352 0099 2D736563 		.ascii	"-sections' '-fno-common' '-flto'\000"
 352      74696F6E 
 352      73272027 
 352      2D666E6F 
 352      2D636F6D 
 353              		.text
 354              		.comm	__gnu_lto_v1,1,1
 355              		.comm	__gnu_lto_slim,1,1
 356              		.ident	"GCC: (15:4.9.3+svn231177-1) 4.9.3 20150529 (prerelease)"
ARM GAS  /tmp/ccbcXQLw.s 			page 28


DEFINED SYMBOLS
                            *ABS*:0000000000000000 hal_pal.c
                            *COM*:0000000000000001 __gnu_lto_v1
                            *COM*:0000000000000001 __gnu_lto_slim

NO UNDEFINED SYMBOLS
