ARM GAS  /tmp/ccCwBXHb.s 			page 1


   1              		.syntax unified
   2              		.cpu cortex-m4
   3              		.fpu softvfp
   4              		.eabi_attribute 20, 1
   5              		.eabi_attribute 21, 1
   6              		.eabi_attribute 23, 3
   7              		.eabi_attribute 24, 1
   8              		.eabi_attribute 25, 1
   9              		.eabi_attribute 26, 1
  10              		.eabi_attribute 30, 2
  11              		.eabi_attribute 34, 1
  12              		.eabi_attribute 18, 4
  13              		.thumb
  14              		.file	"hal_st_lld.c"
  15              		.text
  16              	.Ltext0:
  17              		.section	.gnu.lto_.profile.bfe9c3a7dc2b7483,"",%progbits
  18 0000 789C6366 		.ascii	"x\234cf```a\200\000F\206r\025\000\001\206\000\244"
  18      60606061 
  18      80004686 
  18      72150001 
  18      8600A4
  19              		.text
  20              		.section	.gnu.lto_.jmpfuncs.bfe9c3a7dc2b7483,"",%progbits
  21 0000 789C6366 		.ascii	"x\234cf\300\016\212\2414\023\210`d\372\310\3048\255"
  21      C00E8AA1 
  21      34138860 
  21      64FAC8C4 
  21      38AD
  22 0012 FFCA0EE6 		.ascii	"\377\312\016\346\332\337\0153\0328~21\374\005I0.g\254"
  22      DADF0D33 
  22      1A387E32 
  22      31FC0549 
  22      302E67AC 
  23 0026 8528C3A9 		.ascii	"\205(\303\251b\005P\005\220\301\004\222\337\361\351"
  23      62055005 
  23      90C10492 
  23      DFF1E9
  24 0035 ED7CAE17 		.ascii	"\355|\256\027L?\231\030e\030\030W2J1\200\004o,|3\215"
  24      4C3F9918 
  24      65181857 
  24      324A3180 
  24      046F2C7C 
  25 004b 172CC8C1 		.ascii	"\027,\310\301\300\270\012(\310\000\000\321Y!\363"
  25      C0B80A28 
  25      C80000D1 
  25      5921F3
  26              		.text
  27              		.section	.gnu.lto_.inline.bfe9c3a7dc2b7483,"",%progbits
  28 0000 789C6366 		.ascii	"x\234cf\300\016\242\2414\023\003\203\310q\006F\006&"
  28      C00EA2A1 
  28      34130383 
  28      C8710646 
  28      0626
  29 0012 BE7B010C 		.ascii	"\276{\001\014l\013\344\231@\202\214\\ \031n \003\302"
  29      6C0BE499 
  29      40828C5C 
ARM GAS  /tmp/ccCwBXHb.s 			page 2


  29      20196E20 
  29      03C2
  30 0024 C44640A4 		.ascii	"\304F@\244\231\030Dd\200\244\314\203[\214p\335\314<"
  30      99184464 
  30      80A4CC83 
  30      5B8C70DD 
  30      CC3C
  31 0036 60631900 		.ascii	"`c\031\000X\273\006\204"
  31      58BB0684 
  32              		.text
  33              		.section	.gnu.lto_.pureconst.bfe9c3a7dc2b7483,"",%progbits
  34 0000 789C6366 		.ascii	"x\234cf```e\200\000&\006+&)\000\001[\000a"
  34      60606065 
  34      80002606 
  34      2B262900 
  34      015B0061 
  35              		.text
  36              		.section	.gnu.lto_VectorB0.bfe9c3a7dc2b7483,"",%progbits
  37 0000 789C8D55 		.ascii	"x\234\215UmlSU\030>\357\271\267\267]\333I\345\027,\206"
  37      6D6C5355 
  37      183EEFB9 
  37      B7B75DDB 
  37      49E5172C 
  38 0015 D5104334 		.ascii	"\325\020C4lW%\212?L\214\231\177\226\320hV\376/P&m\262"
  38      6C57258A 
  38      3F4C8C99 
  38      7F96D068 
  38      56FE2F50 
  39 002c 52D24E02 		.ascii	"R\322N\002?\026n\267n\020\277\230\002Z0\010\212|9\034"
  39      3F166EB7 
  39      6E10BF98 
  39      025A3008 
  39      8A7C391C 
  40 0040 028AA3C3 		.ascii	"\002\212\243\303Q>\354&\333:6\306&l\3004]\242\006\310"
  40      513EEC26 
  40      DB3A36C6 
  40      266CC034 
  40      5DA206C8 
  41 0054 B01369C8 		.ascii	"\260\023i\310\254\357{\326\316~\015m\322\217{\236\347"
  41      ACEF7BD6 
  41      CE7E0D6D 
  41      D28F7B9E 
  41      E7
  42 0065 7D9FE73D 		.ascii	"}\237\347=\367\271\247\022\313\177-\303w\257\302\230"
  42      F7B9A712 
  42      CB7F2DC3 
  42      77AFC298 
  43 0075 1918031D 		.ascii	"\031\030\003\035\003\336\022e\314o\340\\\012-b\232Q"
  43      03DE1265 
  43      CC6FE05C 
  43      0A2D629A 
  43      51
  44 0086 1E569966 		.ascii	"\036V\231f\226@\236Y\226\001\350\007\003\266\231K2l"
  44      96409E59 
  44      9601E807 
  44      03B6994B 
  44      326C
ARM GAS  /tmp/ccCwBXHb.s 			page 3


  45 0098 86DFF83D 		.ascii	"\206\337\370=\016-\341\326\240i\311\001M\323&\007\223"
  45      0E2DE1D6 
  45      A069C901 
  45      4DD32607 
  45      93
  46 00a9 72D38204 		.ascii	"r\323\202\004g,\316g\372\303!X\302\220s/0=bR\002\310"
  46      672CCE67 
  46      FAC32158 
  46      C290732F 
  46      303D6252 
  47 00bf B14CA761 		.ascii	"\261L\247a8\014\012\311\342\302\261\371a-\231\334\277"
  47      380C0AC9 
  47      E2C2B1F9 
  47      612D99DC 
  47      BF
  48 00d0 776CBBCE 		.ascii	"wl\273\316\242c\011\016\012}0\026C\036)NpN\337\322\030"
  48      A263090E 
  48      0A7D3016 
  48      431E294E 
  48      704EDFD2 
  49 00e5 04C2C97E 		.ascii	"\004\302\311~\240J\352\372\351\225\367\333x\375Cm\253"
  49      A04AEAFA 
  49      E995F7DB 
  49      78FD436D 
  49      AB
  50 00f6 6648701E 		.ascii	"fHp\036\247\0128\002\365\004}\264m\250]B(H\220D\232"
  50      A70A3802 
  50      F5047DB4 
  50      6DA85D42 
  50      28489044 
  51 010b B47A2BD6 		.ascii	"\264z+\326?`\370\225\343\212\270<\262mG;\354\201O\374"
  51      3F60F895 
  51      E38AB83C 
  51      B26D473B 
  51      EC814FFC 
  52 011f 2DC492E1 		.ascii	"-\304\222\341K\250\207V(\021\330\336\330\341\240\011"
  52      4BA88756 
  52      2811D8DE 
  52      D8E1A009 
  53 012f 1BE03812 		.ascii	"\033\3408\022\034E\226\020\205\257\240>\301ul\014\244"
  53      1C459610 
  53      85AFA03E 
  53      C1756C0C 
  53      A4
  54 0140 82269438 		.ascii	"\202&\2248:e\320\206&\022\\\317\256\303\371S\307#\027"
  54      3A65D086 
  54      26125CCF 
  54      AEC3F953 
  54      C72317
  55 0153 75C4FD8B 		.ascii	"u\304\375\213\353\220}\267\247\253YG\016\014\270\027"
  55      EB907DB7 
  55      A7AB5947 
  55      0E0CB817 
  56 0163 9A9C65CA 		.ascii	"\232\234e\312 \204w\275\335\275CBS\220\340Ep\014J\340"
  56      208477BD 
  56      DDBD4342 
  56      5390E045 
ARM GAS  /tmp/ccCwBXHb.s 			page 4


  56      700C4AE0 
  57 0177 EB94A3CF 		.ascii	"\353\224\243\317\357\206\237(k\325\002\010\030\3418"
  57      EF869F28 
  57      6BD50208 
  57      18E138
  58 0186 3AFA436C 		.ascii	":\372Cl2\234\2002\024j|\320\334+\315\350\244\244v\217"
  58      329C8032 
  58      146A7CD0 
  58      DC2BCDE8 
  58      A4A4768F 
  59 019a 4C4C49D4 		.ascii	"LLI\324\0278\203\223\330\344*\004\2565\226\2448H\360"
  59      17388393 
  59      D8E42A04 
  59      AE3596A4 
  59      3848F0
  60 01ad 1FEC7857 		.ascii	"\037\354xW/\010\330\345\033Ra\264\325\022\013-\222\320"
  60      2F08D8E5 
  60      1B5261B4 
  60      D5120B2D 
  60      92D0
  61 01bf F9E46424 		.ascii	"\371\344d$&\234g\230\362kZ\370\351G\032\373\366_c\247"
  61      269C6798 
  61      F26B5AF8 
  61      E9471AFB 
  61      F65F63A7 
  62 01d3 A02C733C 		.ascii	"\240,s<#.}\207%\303\320`\241\262V\255\373\234Yz\011"
  62      232E7D87 
  62      25C3D060 
  62      A1B256AD 
  62      FB9C597A 
  63 01e8 E8F7E9B6 		.ascii	"\350\367\351\266\251>\023\221LV\272\014}\330\035T\350"
  63      A93E1391 
  63      4C56BA0C 
  63      7DD81D54 
  63      E8
  64 01f9 D22C7668 		.ascii	"\322,vhhg\342\003e\361g\232\3260\271\365\302\357\346"
  64      6867E203 
  64      65F1679A 
  64      D630B9F5 
  64      C2EFE6
  65 020c A327B470 		.ascii	"\243'\264p`\237\366\367+I)\301\213\241\035$\314\023"
  65      609FF6F7 
  65      2B4929C1 
  65      8BA11D24 
  65      CC13
  66 021e 9C4647A1 		.ascii	"\234FG\241\324\020\250\324\001\213\261\362\347\367\376"
  66      D410A8D4 
  66      018BB1F2 
  66      E7F7FE
  67 022d 3C09D4A8 		.ascii	"<\011\324\250\330\312\340\014\242\243\320\360\313\300"
  67      D8CAE00C 
  67      A2A3D0F0 
  67      CBC0
  68 023b 963BCBB3 		.ascii	"\226;\313\26329>\261\377\031\021\3078\016\237\215t\364"
  68      32393EB1 
  68      FF1911C7 
  68      380E9F8D 
ARM GAS  /tmp/ccCwBXHb.s 			page 5


  68      74F4
  69 024d 0C2F9018 		.ascii	"\014/\220\030|O\230\234\223d\006\235\030\201\234\202"
  69      7C4F989C 
  69      9364069D 
  69      18819C82 
  70 025d CE681FC6 		.ascii	"\316h\037\306\344,\361u9PKdz!\2030AJ6\024\236z\223\014"
  70      E42CF175 
  70      39504B64 
  70      7A218330 
  70      414A3614 
  71 0275 333847A0 		.ascii	"38G\240>O\347<\351\300\005z^p\273\200v\365\366\203\355"
  71      3E4FE73C 
  71      E9C0057A 
  71      5E70BB80 
  71      76F5F683 
  72 028a 526903DF 		.ascii	"Ri\003\337\243\005\255\011\376\030U\354\034}\3507\312"
  72      A305AD09 
  72      FE1855EC 
  72      1C7DE837 
  72      CA
  73 029b 14BF8B50 		.ascii	"\024\277\213P*l\355n\372x\227\031W\340\007\220\305\364"
  73      2A6CED6E 
  73      FA789719 
  73      57E00790 
  73      C5F4
  74 02ad 0C222023 		.ascii	"\014\" #pi\313\276\373riS\252z\036q/\337\216\204\212"
  74      7069CBBE 
  74      FB726953 
  74      AA7A1E71 
  74      2FDF8E84 
  75 02c2 44751755 		.ascii	"Du\027UC7\310\230\362F\234'\252\3208\205\242n\020\033"
  75      4337C898 
  75      F2469C27 
  75      AAD03885 
  75      A26E101B 
  76 02d6 003FA6D2 		.ascii	"\000?\246\322N\364P\317\215\205\331S7\035L\357mQ\336"
  76      4EF450CF 
  76      8D85D953 
  76      371D4CEF 
  76      6D51DE
  77 02e9 5C97C45C 		.ascii	"\\\227\304\\=\205\273\033\005\014\275\031\335\317Fo"
  77      3D85BB1B 
  77      050CBD19 
  77      DDCF466F 
  78 02f9 BD98DDFD 		.ascii	"\275\230\335\375\300lwS\356\235{'Fw\256\2170s\236rT"
  78      C06C7753 
  78      EE9D7B27 
  78      4677AE8F 
  78      30739E72 
  79 030e 28F71756 		.ascii	"(\367\027V.\0260\\N)\247\003\233\025\303\373\377/\206"
  79      2E16305C 
  79      4E29A703 
  79      9B15C3FB 
  79      FF2F86
  80 0321 032286B3 		.ascii	"\003\"\206\263\317@1.\015\316\031\303\316hL\021\246"
  80      CF40312E 
  80      0DCE19C3 
ARM GAS  /tmp/ccCwBXHb.s 			page 6


  80      CE684C11 
  80      A6
  81 0332 E2337734 		.ascii	"\3423w43;\315]%\014\256\0204/';\241\265\244\302`\250"
  81      333BCD5D 
  81      250CAE10 
  81      342F273B 
  81      A1B5A4C2 
  82 0348 7076AE8A 		.ascii	"pv\256\212I\2073\262\363\305\235\361\220\222\216\305"
  82      498733B2 
  82      F3C59DF1 
  82      90928EC5 
  83 0358 A088C588 		.ascii	"\240\210\305\210\210En\006~\302\014\320\211 \247\016"
  83      88456E06 
  83      7EC20CD0 
  83      8920A70E 
  84 0368 DFC6F1C0 		.ascii	"\337\306\361\300!>\327\271g\301\202k\263\367J\236\353"
  84      213ED7B9 
  84      67C1826B 
  84      B3F74A9E 
  84      EB
  85 0379 8C7E1C69 		.ascii	"\214~\034i\327\037uF\347\036\312\243s\035\312c\263\207"
  85      D71F7546 
  85      E71ECAA3 
  85      731DCA63 
  85      B387
  86 038b F28DFF3C 		.ascii	"\362\215\377<\224\347\243\352\315\224\271\233\340\017"
  86      94E7A3EA 
  86      CD94B99B 
  86      E00F
  87 0399 77540926 		.ascii	"wT\011&\243\277\030\240\351P\374\205\362r\265\302\351"
  87      A3BF18A0 
  87      E950FC85 
  87      F272B5C2 
  87      E9
  88 03aa 5AED7ADD 		.ascii	"Z\355z\335\256z|\252sU\255\272\336\343\255\363\251\366"
  88      AE7A7CAA 
  88      7355ADBA 
  88      DEE3ADF3 
  88      A9F6
  89 03bc 95B665CF 		.ascii	"\225\266e\317\253+V\274\246\256\254\264mx\216\220j_"
  89      AB2B56BC 
  89      A6AEACB4 
  89      6D788E90 
  89      6A5F
  90 03ce 5D756DED 		.ascii	"]um\355\232r\007\323\257^\345\253y\303\353R\263\253"
  90      9A7207D3 
  90      AF5EE5AB 
  90      79C3EB52 
  90      B3AB
  91 03e0 1D1EB7DB 		.ascii	"\035\036\267\333\263.\325\340\325*[\205m\243\352p:<"
  91      B32ED5E0 
  91      D52A5B85 
  91      6DA3EA70 
  91      3A3C
  92 03f2 DE9AEA0D 		.ascii	"\336\232\352\015\313\335\345N\366rA~\315\306:b\253\025"
  92      CBDDE54E 
  92      F672417E 
ARM GAS  /tmp/ccCwBXHb.s 			page 7


  92      CDC63A62 
  92      AB15
  93 0404 367BA55D 		.ascii	"6{\245]\255@\272Z\271\316Q\373\326\232\032\325\341\366"
  93      AD40BA5A 
  93      B9CE51FB 
  93      D69A1AD5 
  93      E1F6
  94 0416 B97CD56B 		.ascii	"\271|\325k\035\016,~2\337\252\307\207\037\336:\361\235"
  94      1D0E2C7E 
  94      32DFAAC7 
  94      871FDE3A 
  94      F19D
  95 0428 CF40C095 		.ascii	"\317@\300\225\356\343\364m\362!\303b\263WY\311\374z"
  95      EEE3F46D 
  95      F221C362 
  95      B35759C9 
  95      FC7A
  96 043a AF6BA9F5 		.ascii	"\257k\251\365\251g\031\3672\275\273\306\355\361nb\377"
  96      A96719F7 
  96      32BDBBC6 
  96      EDF16E62 
  96      FF
  97 044b 007624C5 		.ascii	"\000v$\305\323"
  97      D3
  98              		.text
  99              		.section	.gnu.lto_st_lld_init.bfe9c3a7dc2b7483,"",%progbits
 100 0000 789C9D94 		.ascii	"x\234\235\224KO\023Q\024\200\357\271\363\350@U\324\225"
 100      4B4F1351 
 100      1480EFB9 
 100      F3E84055 
 100      D495
 101 0012 36242E5C 		.ascii	"6$.\\\260\261L|\305\037\240\033\023\210\213\262'>\026"
 101      B0B14C7C 
 101      C51FA01B 
 101      13888BB2 
 101      273E16
 102 0025 90906084 		.ascii	"\220\220`\204\270#L\241\030\342B\021\215\"Z\021\015"
 102      B8234CA1 
 102      18E24211 
 102      8D225A11 
 102      0D
 103 0036 08220F51 		.ascii	"\010\"\017Q+\017\225\021\037T\020\220\020#!F\026\202"
 103      2B0F9511 
 103      1F541090 
 103      10232146 
 103      1682
 104 0048 420264A0 		.ascii	"B\002d\240F2\032\304s\356\224\"\262\201N\322{\333{N"
 104      46321AC4 
 104      73EE9422 
 104      B2814ED2 
 104      7BDB7B4E 
 105 005c BFEFDCD7 		.ascii	"\277\357\334\327Hl\355\343\301\217Oa\354\020\366 1\340"
 105      486CEDE3 
 105      C18F4F61 
 105      EC10F620 
 105      31E0
 106 006e 65038CF9 		.ascii	"e\003\214\3715\016@_\030\260B\016\2050\305\3478\224"
ARM GAS  /tmp/ccCwBXHb.s 			page 8


 106      350E405F 
 106      18B0420E 
 106      8530C5E7 
 106      3894
 107 0080 990D15EE 		.ascii	"\231\015\025\356\224\032\3030\254\362k;Kv\330\234\261"
 107      941AC330 
 107      ACF26B3B 
 107      4B76D89C 
 107      B1
 108 0091 08773070 		.ascii	"\010w0p\017R\030\346\314\005\026?\271\325\000\346lu"
 108      0F5218E6 
 108      CC05163F 
 108      B9D500E6 
 108      6C75
 109 00a3 6250072A 		.ascii	"bP\007*`\337\274\3354\226\226\356\336\234\256R\266q"
 109      60DFBCDD 
 109      349696EE 
 109      DE9CAE52 
 109      B671
 110 00b5 66737461 		.ascii	"fsta\243P\243R\303\3308\246\223s\202s\352\245Q\350\016"
 110      A350A352 
 110      C3D838A6 
 110      93738273 
 110      EAA551E8 
 111 00ca CD8D1D20 		.ascii	"\315\215\035 \300\002'\177o\270\246=a\222\333\234\033"
 111      C002277F 
 111      6FB8A63D 
 111      6192DB9C 
 111      1B
 112 00db B74B0D99 		.ascii	"\267K\015\231tc\343\203C\232\030b\364\263\250\266\272"
 112      7463E383 
 112      439A1862 
 112      F4B3A8B6 
 112      BA
 113 00ec 430BC20D 		.ascii	"C\013\302\015\260\271\004\365\340\201\373\340\021\201"
 113      B0B904F5 
 113      E081FBE0 
 113      1181
 114 00fa AFBF2A27 		.ascii	"\257\277*'\334\336\006#\340\327l.C\003\004a^T\016\017"
 114      DCDE0623 
 114      E0D76C2E 
 114      43030461 
 114      5E540E0F 
 115 010e C0CB46A1 		.ascii	"\300\313F\241\370\207\352x$G\325\023\234l\225\211\013"
 115      F887EA78 
 115      2447D513 
 115      9C6C9589 
 115      0B
 116 011f C0A01121 		.ascii	"\300\240\021!XL9P\312\006,M+\226f\360\"\233(\241K\023"
 116      584C3950 
 116      CA062C4D 
 116      2B9666F0 
 116      229B28A1 
 117 0135 B2A352F0 		.ascii	"\262\243R\360\037\013uS#\242~\3050\313\214-\253\246"
 117      1F0B7553 
 117      23A27EC5 
 117      30CB8C2D 
ARM GAS  /tmp/ccCwBXHb.s 			page 9


 117      ABA6
 118 0147 A40866FF 		.ascii	"\244\010f\377\345\301 82\025ZP\3660*+\015\377\234\321"
 118      E5C12038 
 118      32155A50 
 118      F6302A2B 
 118      0DFF9CD1 
 119 015b 5664AD42 		.ascii	"Vd\255BF+\015\217VO\211Tk\346\260^\354\343\025\354\023"
 119      462B0D8F 
 119      564F8954 
 119      6BE6B05E 
 119      ECE315EC 
 120 0170 9A834A14 		.ascii	"\232\203J\024\313\372\026pEA\263}=\347\024*\327\205"
 120      CBFA1670 
 120      4541B37D 
 120      3DE7142A 
 120      D785
 121 0182 7BFEDFA6 		.ascii	"{\376\337\246\270\004\361\372\371\360\025\011U~\303"
 121      B804F1FA 
 121      F9F01509 
 121      557EC3
 122 0191 3077D95C 		.ascii	"0w\331\\\203\020\352\236Fuwf\315d\262\001\311\332\204"
 122      8310EA9E 
 122      46757766 
 122      CD64B201 
 122      C9DA84
 123 01a4 4C9C9A76 		.ascii	"L\234\232v\360b\264\242\257\350\243\330\006\371b2\203"
 123      F062B4A2 
 123      AFE8A3D8 
 123      06F96232 
 123      83
 124 01b5 0E670E56 		.ascii	"\016g\016V\313\367\230}\375\354N\301\226\210\375L\260"
 124      CBF7987D 
 124      FDEC4EC1 
 124      9688FD4C 
 124      B0
 125 01c6 FF140F87 		.ascii	"\377\024\017\207@\260\227\360Ib\360<\212\267\342\301"
 125      40B097F0 
 125      4962F03C 
 125      8AB7E2C1 
 126 01d6 BF107899 		.ascii	"\277\020x\231\360]\002\037[\004\034\003s\271\362\351"
 126      F05D021F 
 126      5B041C03 
 126      73B9F2E9 
 127 01e6 0DA313E0 		.ascii	"\015\243\023\340\245@\343i\240\310\207\316\372\010\350"
 127      A540E369 
 127      A0C887CE 
 127      FA08E8
 128 01f5 8DB83DE6 		.ascii	"\215\270=\346\036\362v\203\027v{\304\031{\005zLdm\\"
 128      1EF27683 
 128      17767BC4 
 128      197B057A 
 128      4C646D5C 
 129 0209 24C36B21 		.ascii	"$\303k!R\211\365\006\261\261\242g\342`\275\025,\027"
 129      5289F506 
 129      B1B1A267 
 129      E260BD15 
 129      2C17
ARM GAS  /tmp/ccCwBXHb.s 			page 10


 130 021b B17AFE61 		.ascii	"\261z\376aY\361\260\302\202\245\021\353\235X\333\241"
 130      59F1B0C2 
 130      82A511EB 
 130      9D58DBA1 
 131 022b CADAE224 		.ascii	"\312\332\342$\261\266x;{\227\313\234\215\003\335'\320"
 131      B1B6783B 
 131      7B97CB9C 
 131      8D03DD27 
 131      D0
 132 023c 09847E8F 		.ascii	"\011\204~\217e\022\3533\224\230]\303\342\236P\372\255"
 132      6512EB33 
 132      94985DC3 
 132      E29E50FA 
 132      AD
 133 024d E10B4DBC 		.ascii	"\341\013M\274\340\267Qj\340}H\214\320U\200~(\240P\333"
 133      E0B7516A 
 133      E07D488C 
 133      D055807E 
 133      28A050DB 
 134 0261 FC4C5522 		.ascii	"\374LU\"\225\341\306\3039\000\036\034\032\251\236\276"
 134      95E1C6C3 
 134      39001E1C 
 134      1AA99EBE 
 135 0271 BA590C69 		.ascii	"\272Y\014i\014\006\301c\363M\354\013\370\315E\237\340"
 135      0C06C163 
 135      F34DEC0B 
 135      F8CD459F 
 135      E0
 136 0282 317ACB01 		.ascii	"1z\313\001\275\335\360\220\037LM\325\017ge\237\310>"
 136      BDDDF090 
 136      1F4C4DD5 
 136      0F67659F 
 136      C83E
 137 0294 E6D373F3 		.ascii	"\346\323s\363\364\254\3439\372\351\3343\371y\272/#}"
 137      F4ACE339 
 137      FAE9DC33 
 137      F979BA2F 
 137      237D
 138 02a6 FF3E3D2D 		.ascii	"\377>=-\355\210\236q4\375\354^\212d\346\345g\346\344"
 138      ED889E71 
 138      34FDEC5E 
 138      8A64E6E5 
 138      67E6E4
 139 02b9 9C4A3DC9 		.ascii	"\234J=\311\376\002z\254\351\214"
 139      FE027AAC 
 139      E98C
 140              		.text
 141              		.section	.gnu.lto_.symbol_nodes.bfe9c3a7dc2b7483,"",%progbits
 142 0000 789C4DCA 		.ascii	"x\234M\312\273\015\302@\020\204\341\271Y\277)\202R\307"
 142      BB0DC240 
 142      1084E1B9 
 142      59BF2982 
 142      52C7
 143 0012 01121211 		.ascii	"\001\022\022\021\025 \007n\2027\230\223Cj pH\015\010"
 143      1520076E 
 143      82379893 
 143      436A2070 
ARM GAS  /tmp/ccCwBXHb.s 			page 11


 143      480D08
 144 0025 EB9CEC26 		.ascii	"\353\234\354&\277\276\3355\000Y\3002<R\300\376\015H"
 144      BFBEDD35 
 144      0059C032 
 144      3C52C0FE 
 144      0D48
 145 0037 387415F2 		.ascii	"8t\025\362\013\321Q\306\023\025\374!<(.\013\264\355"
 145      0BD151C6 
 145      1315FC21 
 145      3C282E0B 
 145      B4ED
 146 0049 ECFBFCE5 		.ascii	"\354\373\374\345}\2432\357\027\225{\017T\341\375\244"
 146      7DA332EF 
 146      17957B0F 
 146      54E1FDA4 
 147 0059 4AEF2B55 		.ascii	"J\357+Uy\237\251\332;R\215\263\241A\377\371\005C\215"
 147      799FA9DA 
 147      3B528DB3 
 147      A141FFF9 
 147      05438D
 148 006c 985AA11F 		.ascii	"\230Z\241\037\307\302P\"\246\026\230Rs\304\355wm\310"
 148      C7C25022 
 148      A6169852 
 148      73C4ED77 
 148      6DC8
 149 007e 30A51A36 		.ascii	"0\245\0326\273\271\\%\343\017l\342G!"
 149      BBB95C25 
 149      E30F6CE2 
 149      4721
 150              		.text
 151              		.section	.gnu.lto_.refs.bfe9c3a7dc2b7483,"",%progbits
 152 0000 789C6366 		.ascii	"x\234cf``\340d\200\000&\006&FF&F~\006\000\001A\000%"
 152      6060E064 
 152      80002606 
 152      26464626 
 152      467E0600 
 153              		.text
 154              		.section	.gnu.lto_.decls.bfe9c3a7dc2b7483,"",%progbits
 155 0000 789CB558 		.ascii	"x\234\265XkPTG\026\236\276=\014\314\360\2620\233\207"
 155      6B505447 
 155      169EBE3D 
 155      0CCCF0B2 
 155      309B87
 156 0013 95ADA8D9 		.ascii	"\225\255\250\331r\223T\342(&\233\324V*\211\014j\250"
 156      729354E2 
 156      28269BD4 
 156      562A890C 
 156      6AA8
 157 0025 84C41A4C 		.ascii	"\204\304\032L*\225\3751A\030\003\265<\2620&\346\337"
 157      2A95FD31 
 157      411803B5 
 157      3CB23026 
 157      E6DF
 158 0037 E511E5A5 		.ascii	"\345\021\345\245 \242\202\202\216\002\212 \002\276\221"
 158      20A28282 
 158      8E028A20 
 158      02BE91
ARM GAS  /tmp/ccCwBXHb.s 			page 12


 159 0046 372A02BE 		.ascii	"7*\002\276P\020|3(\012\202((\012\030d\366t\367\2753"
 159      50107C33 
 159      280A8228 
 159      280A1864 
 159      F674F7BD 
 160 005b 7786C1E4 		.ascii	"w\206\301\344\307\356T\035\356=}\277\376\372;\247\373"
 160      C7EE541D 
 160      EE3D7DBF 
 160      FEFA3BA7 
 160      FB
 161 006c 769F0B96 		.ascii	"v\237\013\226\311d\031H&3\303\357\326k2Y\243\\&\303"
 161      C9641948 
 161      2633C3EF 
 161      D66B3259 
 161      A35C26C3 
 162 0080 D0B6148C 		.ascii	"\320\266\024\214\003;\004V%c?W\260:\260\343`'\301\232"
 162      033B0456 
 162      25633F57 
 162      B03AB0E3 
 162      6027C19A 
 163 0094 C1CE809D 		.ascii	"\301\316\200\235\003k\001\273\010\326\006\326\016v\015"
 163      036B01BB 
 163      08D606D6 
 163      0E760D
 164 00a3 0C68659D 		.ascii	"\014he\2352\333\037\351?M\340\237\005f\022\3068\010"
 164      32DB1FE9 
 164      3F4DE09F 
 164      056612C6 
 164      3808
 165 00b5 D608D605 		.ascii	"\326\010\326\005V\003\3667\350<\033\354\016\334{\200"
 165      5603F637 
 165      E83C1BEC 
 165      0EDC7B80 
 166 00c5 B9093AFE 		.ascii	"\271\011:\376\016m\357\"\306\355\011\177\246\013\234"
 166      0E6DEF22 
 166      C6ED097F 
 166      A60B9C
 167 00d4 EDC2D873 		.ascii	"\355\302\330s\241m\036\2307\330\373`\377DL\327\307\210"
 167      A16D1E98 
 167      37D8FB60 
 167      FF444CD7 
 167      C788
 168 00e6 69FC04AE 		.ascii	"i\374\004\256\237!\246\331\007\256\276\210\305\320,"
 168      9F21A6D9 
 168      07AEBE88 
 168      C5D02C
 169 00f5 C4E44833 		.ascii	"\304\344H3\211\327]\242y\005\200\202\005m\321p\215B"
 169      89D75DA2 
 169      79058082 
 169      056DD170 
 169      8D42
 170 0107 56BDE3D0 		.ascii	"V\275\343\320f@L\353\0250\025\330\017\340G\200\275\001"
 170      66404CEB 
 170      153015D8 
 170      0FE04780 
 170      BD01
 171 0119 360DCC0B 		.ascii	"6\015\314\013\354\257`/\203\275\004\366:\330_\020\313"
ARM GAS  /tmp/ccCwBXHb.s 			page 13


 171      ECAF602F 
 171      83BD04F6 
 171      3AD85F10 
 171      CB
 172 012a F7712177 		.ascii	"\367q!w\366\277!\0165\026\345\374\2009\004\267\362\333"
 172      F6BF210E 
 172      3516E5FC 
 172      803904B7 
 172      F2DB
 173 013c D9A5873D 		.ascii	"\331\245\207=\321\234\0313Ty<\317'\360\237\241\"\244"
 173      D19C1933 
 173      54793CCF 
 173      27F09FA1 
 173      22A4
 174 014e 42BB1196 		.ascii	"B\273\021\226\364\310\204\366\321O\311\003\270u\241"
 174      F4C884F6 
 174      D14FC903 
 174      B875A1
 175 015d D7049E8F 		.ascii	"\327\004\236\217\345\007\323y\374\252\014\275;\003\275"
 175      E507D379 
 175      FCAA0CBD 
 175      3B03BD
 176 016c 3D43860A 		.ascii	"=C\206\012\320\034\372H\206\012\321\014\264\007\315"
 176      D01CFA48 
 176      860AD10C 
 176      B407CD
 177 017b 2023DDDA 		.ascii	" #\335\3320\224\350\244\022\320\011\177\204./K\033\363"
 177      3094E8A4 
 177      12D0097F 
 177      842E2F4B 
 177      1BF3
 178 018d E8E59087 		.ascii	"\350\345\220\207\352s\342^n\334\374\001xn*%}\270o\370"
 178      EA73E25E 
 178      6EDCFC01 
 178      786E2A25 
 178      7DB86FF8 
 179 01a1 AC2B7D38 		.ascii	"\254+}8\223\270\307\322\0333\025\364\251\234\270y\033"
 179      93B8C7D2 
 179      1B3315F4 
 179      A99CB879 
 179      1B
 180 01b2 37ED75A2 		.ascii	"7\355u\242\256\013q\307\343\006\236b2.\317\247\305\361"
 180      AE0B71C7 
 180      E3069E62 
 180      322ECFA7 
 180      C5F1
 181 01c4 CA460F78 		.ascii	"\312F\017x\200J`\244R\030I\206\366\323\221\337\232\201"
 181      804A60A4 
 181      52184986 
 181      F6D391DF 
 181      9A81
 182 01d6 CAD8C01B 		.ascii	"\312\330\300\033\333L\311\012\2574\012\347\371\231\210"
 182      DB4CC90A 
 182      AF340AE7 
 182      F99988
 183 01e5 26A118E0 		.ascii	"&\241\030\340\373(\374\000\362\022;\021\364\305\272"
 183      FB28FC00 
ARM GAS  /tmp/ccCwBXHb.s 			page 14


 183      F2123B11 
 183      F4C5BA
 184 01f4 71DE458A 		.ascii	"q\336E\212\336\373\"\364\311\261\214\243*\267$\222\002"
 184      DEFB22F4 
 184      C9B18CA3 
 184      2AB72492 
 184      02
 185 0205 41CA41E4 		.ascii	"A\312A\344%\321r\010\221\025I\257\200\256\251\036mP"
 185      25D17208 
 185      911549AF 
 185      80AEA91E 
 185      6D50
 186 0217 61673237 		.ascii	"ag27(7\263\253M\365n!\235\227\332Z\316:\177)\011\246"
 186      2837B3AB 
 186      4DF56E21 
 186      9D97DA5A 
 186      CE3A7F29 
 187 022d 26157E85 		.ascii	"&\025~\205\202bvU\2448C\340\263T\364Q\347\326\261<%"
 187      82627655 
 187      A43843E0 
 187      B354F451 
 187      E7D6B13C 
 188 0242 75C97BE8 		.ascii	"u\311{\350\011M\\\343]>\327\003\315\241\023<\330\234"
 188      094D5CE3 
 188      5D3ED703 
 188      CDA1133C 
 188      D89C
 189 0254 DEF03ACF 		.ascii	"\336\360:\317\313Q%H>\2120:\202\336%\203\223\336\344"
 189      CB512548 
 189      3E8A303A 
 189      82DE2583 
 189      93DEE4
 190 0267 97609529 		.ascii	"\227`\225)\263hD\0250Y\263T\024\213\312\241\361\030"
 190      B3684415 
 190      3059B354 
 190      148BCAA1 
 190      F118
 191 0279 CD1A7772 		.ascii	"\315\032wr\274:\336\011\251\3468\356T\355\240\023\225"
 191      BC3ADE09 
 191      A9E638EE 
 191      54EDA013 
 191      95
 192 028a 501097FE 		.ascii	"P\020\227\3762\221P\005\022\016[%T\"A\003y\000\221T"
 192      32915005 
 192      120E5B25 
 192      54224103 
 192      79009154 
 193 029e FC7EAB4D 		.ascii	"\374~\253M\376\312Fa\012\247\311\321\322\227%Y\253A"
 193      FECA4661 
 193      0AA7C9D1 
 193      D2972559 
 193      AB41
 194 02b0 AFC0DF7F 		.ascii	"\257\300\337\177\311YB\206k[\3321\216\246\011\211=P"
 194      C9594286 
 194      6B5BDA31 
 194      8EA60989 
 194      3D50
ARM GAS  /tmp/ccCwBXHb.s 			page 15


 195 02c2 B7C675E6 		.ascii	"\267\306u\3466\336X:8\236kVf\361\306X~\302lF\264\017"
 195      36DE583A 
 195      389E6B56 
 195      66F1C658 
 195      7EC26C46 
 196 02d8 AAB50C28 		.ascii	"\252\265\014(#\367l\300:4\023:\266nI?\210\360~DY*\322"
 196      23F76CC0 
 196      3A34133A 
 196      B66E493F 
 196      88F07E44 
 197 02ef 3674B951 		.ascii	"6t\271Q\026Sy\223\2766\236\0377\2331\243\250\227P\324"
 197      16537993 
 197      BE369E1F 
 197      379B31A3 
 197      A89750D4 
 198 0303 8B14C729 		.ascii	"\213\024\307)\305\356\376c\205J\\\315(N\\*P\003\203"
 198      C5EEFE63 
 198      854A5CCD 
 198      284E5C2A 
 198      500383
 199 0316 891FDC73 		.ascii	"\211\037\334s\352\251f}\\Z\036o2\233\337`$'$$'D\222"
 199      EAA9667D 
 199      5C5A1E6F 
 199      329BDF60 
 199      24272424 
 200 032d 93942433 		.ascii	"\223\224$3)3\301\315f\301\220\365e\015\275\201-\030"
 200      2933C1CD 
 200      66C190F5 
 200      650DBD81 
 200      2D18
 201 033f 409A9F67 		.ascii	"@\232\237g=Fr\216\265\221d@\333`JQ\237r\312\2645\322"
 201      3D46728E 
 201      B5916440 
 201      DB604A51 
 201      9F72CAB4 
 202 0355 B49D4242 		.ascii	"\264\235BB\336\3166lx\342\211c\350V\200\206\237v\244"
 202      DECE366C 
 202      78E28963 
 202      E8568086 
 202      9F76A4
 203 0368 7B50C1A5 		.ascii	"{P\301\245\205{FP\026\277CL\034\364BM\022\301M\242\340"
 203      857B4650 
 203      16BF434C 
 203      1CF4424D 
 203      12C14DA2 
 204 037d 662AB8F9 		.ascii	"f*\270\371\344\323^W|\230\261\354\256mj\304\214ek\377"
 204      E4D35E57 
 204      7C98B1EC 
 204      AE6D6AC4 
 204      8C656BFF 
 205 0391 3E290B09 		.ascii	">)\013\011\373\264\204\345\264\310r\206\262t\356\315"
 205      FBB484E5 
 205      B4C87286 
 205      B274EECD 
 206 03a1 BECCE187 		.ascii	"\276\314\341\207\214%\375\\\322zDY\214\345\371\253g"
 206      8C25FD5C 
 206      D27A4459 
ARM GAS  /tmp/ccCwBXHb.s 			page 16


 206      8CE5F9AB 
 206      67
 207 03b2 36F2B566 		.ascii	"6\362\265f\363\247\224\341\254\204\341\254\310p\216"
 207      F3A794E1 
 207      AC84E1AC 
 207      C8708E
 208 03c1 32249A1F 		.ascii	"2$\232\037\034U\341$L\031\362\352:\372\234\230\216\252"
 208      1C55E124 
 208      4C19F2EA 
 208      3AFA9C98 
 208      8EAA
 209 03d3 8112CE4E 		.ascii	"\201\022\316N\307y\011\313y\221\245\205\262\304u%\233"
 209      C77909CB 
 209      7991A585 
 209      B2C47525 
 209      9B
 210 03e4 E5B886B1 		.ascii	"\345\270\206\261\334}\026[\346,D\223<)\232\013\022\226"
 210      DC7D165B 
 210      E62C4493 
 210      3C299A0B 
 210      1296
 211 03f6 0B22CB45 		.ascii	"\013\"\313E\312r\244\251\376\016\306\227\031\313\336"
 211      CA72A4A9 
 211      FE0EC697 
 211      19CBDE
 212 0405 ACAE2421 		.ascii	"\254\256$!\232c\266\321\264J\030ZE\2066\312\260\347"
 212      9A63B6D1 
 212      B44A185A 
 212      458636CA 
 212      B0E7
 213 0417 58FB8827 		.ascii	"X\373\210'\036`\0149\303C\217\22107\211\223\346\346"
 213      1E600C39 
 213      C3438F91 
 213      30378993 
 213      E6E6
 214 0429 9284E592 		.ascii	"\222\204\345\222\310\322NY\022\212K+\225t\211\220\327"
 214      C8D24E59 
 214      128A4B2B 
 214      95748990 
 214      D7
 215 043a 8D2D912D 		.ascii	"\215-\221--{\267\272Y\332:\020m,N}r\302m\312us\205\256"
 215      2D7BB7BA 
 215      59DA3A10 
 215      6D2C4E7D 
 215      72C26DCA 
 216 0452 9BCBE2BA 		.ascii	"\233\313\342\272\331\337V\264M\205'\230\266\266\232"
 216      D9DF56B4 
 216      4D852798 
 216      B6B69A
 217 0461 980205D3 		.ascii	"\230\002\005\323\266\275l\324M\242\015z\241\253\022"
 217      B6BD6CD4 
 217      4DA20D7A 
 217      A1AB12
 218 0470 6D57456D 		.ascii	"mWEm\327\250\266;\351\033\0071\256\222S\226\265}\207"
 218      D7A8B63B 
 218      E91B0731 
 218      AE925396 
ARM GAS  /tmp/ccCwBXHb.s 			page 17


 218      B57D87
 219 0483 D721DCC0 		.ascii	"\327!\334\300\234\372\252\256\373\236o\264\311s\340"
 219      9CFAAAAE 
 219      FB9E6FB4 
 219      C973E0
 220 0492 B881DD92 		.ascii	"\270\201\335\2224\305\367\344\306*\336\334\301\267\030"
 220      34C5F7E4 
 220      C62ADEDC 
 220      C1B718
 221 04a1 07C76F9B 		.ascii	"\007\307o\233_\213I3\306\246\361$\215t;\275\016\243"
 221      5F8B4933 
 221      C6A6F124 
 221      8D743BBD 
 221      0EA3
 222 04b3 C05B2CD9 		.ascii	"\300[,\331\205o\220\261\320M\004\357['z\023\010\316"
 222      856F90B1 
 222      D04D04EF 
 222      5B277A13 
 222      08CE
 223 04c5 98CA8E73 		.ascii	"\230\312\216s6\257\025I\2355D\223\260\017\233\350>|"
 223      36AF1549 
 223      9D354493 
 223      B00F9BE8 
 223      3E7C
 224 04d7 33B33649 		.ascii	"3\2636In\203\256\261Aw\011\350.\212n\270W\275\316\215"
 224      6E83AEB1 
 224      417709E8 
 224      2E8A6EB8 
 224      57BDCE8D 
 225 04eb 9E4DBC82 		.ascii	"\236M\274\202\210-\255)JT\322\323\350\007\032N\371\232"
 225      882DAD29 
 225      4A54D2D3 
 225      E8071A4E 
 225      F99A
 226 04fd 1C39BEC9 		.ascii	"\0349\276\311b\033\250\317[EN\246\270?\267e\222\320"
 226      621BA8CF 
 226      5B454EA6 
 226      B83FB765 
 226      92D0
 227 050f B3CC4F30 		.ascii	"\263\314O0\356c\335\267\214\225\354q\305\017\004'\353"
 227      EE63DDB7 
 227      8C95EC71 
 227      C50F0427 
 227      EB
 228 0520 D435397E 		.ascii	"\32459~\304\234\224\363m\251J<\302\234]\031#\211\236"
 228      C49C94F3 
 228      6DA94A3C 
 228      C29C5D19 
 228      23899E
 229 0533 789C39A7 		.ascii	"x\2349\247o\215>v\243r\246\021w\354\367\266+\0346\263"
 229      6F8D3E76 
 229      A372A611 
 229      77ECF7B6 
 229      2B1C36B3 
 230 0547 67CDED5D 		.ascii	"g\315\355];\235p\234\023u\262F\3164xR\340\253\304\035"
 230      3B9D709C 
 230      1375B246 
ARM GAS  /tmp/ccCwBXHb.s 			page 18


 230      CE347852 
 230      E0ABC41D 
 231 055b D91A17E7 		.ascii	"\331\032\027\347\211\023\3313\343\356\347f\017\234\312"
 231      8913D933 
 231      E3EEE766 
 231      0F9CCA
 232 056a 1CF13076 		.ascii	"\034\3610vc\207qv]\337\005w\234\301\236=\276\025;\201"
 232      63877176 
 232      5DDF0577 
 232      9CC19E3D 
 232      BE153B81 
 233 057e 7026730A 		.ascii	"p&s\012n\235Kw\247\300\267\210\273=cL\203\263\331\243"
 233      6E9D4B77 
 233      A7C0B788 
 233      BB3D634C 
 233      83B3D9A3 
 234 0592 6343C9C3 		.ascii	"cC\311\303.\330\310\234\316\221\316zg\212\233G\017\344"
 234      2ED8C89C 
 234      CE91CE7A 
 234      678A9B47 
 234      0FE4
 235 05a4 CAEC7425 		.ascii	"\312\354t%K(}\274n_\336c&\014S\326\035\327\317\274\340"
 235      4B287DBC 
 235      6E5FDE63 
 235      260C53D6 
 235      1DD7CFBC 
 236 05b9 787F261E 		.ascii	"x\177&\036\357c,\2019\375-\205\236\326\003\333@\327"
 236      EF632C81 
 236      39FD2D85 
 236      9ED603DB 
 236      40D7
 237 05cb FD28C0FB 		.ascii	"\375(\300\373)\374wz`?\023\017\354\315\227\012\006\235"
 237      29FC777A 
 237      603F130F 
 237      ECCD970A 
 237      069D
 238 05dd A5E83B2F 		.ascii	"\245\350;/B'm\312h@8\217Eq)\346n;\207\013\230\263?7"
 238      42276DCA 
 238      6840388F 
 238      457129E6 
 238      6E3B870B 
 239 05f5 FF305B04 		.ascii	"\3770[\004\237\321\020:.\\r\306\305B\376\204J\307\215"
 239      9FD1103A 
 239      2E5C72C6 
 239      C542FE84 
 239      4AC78D
 240 0608 553A4D87 		.ascii	"U:M\207\326\326\252p\031{\366\274\250{\224\303\207\231"
 240      D6D6AA70 
 240      197BF6BC 
 240      A87B94C3 
 240      8799
 241 061a D3537D9F 		.ascii	"\323S}\237\347(p)qo\016\254\355t\301\345\266\003x\260"
 241      E7287029 
 241      716F0EAC 
 241      ED74C1E5 
 241      B60378B0 
 242 062e 019292CB 		.ascii	"\001\222\222\313\314\316S'e\015'$\345m\232\223\230\234"
ARM GAS  /tmp/ccCwBXHb.s 			page 19


 242      CCCE5327 
 242      650D2724 
 242      E56D9A93 
 242      989C
 243 0640 7C1316A2 		.ascii	"|\023\026\2424\2129Y\315\261\222H\206\0228/\261\017"
 243      348A3959 
 243      CDB19248 
 243      8612382F 
 243      B10F
 244 0652 410F5D8E 		.ascii	"A\017]\216?\357*E\337y\021\372\354\323\202\034\005\256"
 244      3FEF2A45 
 244      DF7911FA 
 244      ECD3821C 
 244      05AE
 245 0664 612A132A 		.ascii	"a*\023*3v\2614|\007\356\313\327\316\257)qG\263\331o"
 245      3376B134 
 245      7C07EECB 
 245      D7CEAF29 
 245      7147B3D9 
 246 0679 FA6CC96F 		.ascii	"\372l\311o\316l#\037\0377\230r\244\322w\375\356\325"
 246      CE6C231F 
 246      1F379872 
 246      A4D277FD 
 246      EED5
 247 068b 7CE33C3A 		.ascii	"|\343<:H\034\207\321\006n\272\365%\211\347\310\210\357"
 247      481C87D1 
 247      066EBAF5 
 247      2589E7C8 
 247      88EF
 248 069d C01F19C1 		.ascii	"\300\037\031\301\033\327\225\005\327\306c\212\215\265"
 248      1BD79505 
 248      D7C6638A 
 248      8DB5
 249 06ab C7C6506C 		.ascii	"\307\306Pl\011\262\200'J\024\002\357 \262\303\016!["
 249      09B28027 
 249      4A1402EF 
 249      20B2C30E 
 249      215B
 250 06bd DE671668 		.ascii	"\336g\026h\237=\264\337\016\232h\225\360\304\036;\214"
 250      9F3DB4DF 
 250      0E9A6895 
 250      F0C41E3B 
 250      8C
 251 06ce EC243CB7 		.ascii	"\354$<\267\360>\264\307>\260\307\216[\260\003\216\261"
 251      F03EB4C7 
 251      3EB0C78E 
 251      5BB0038E 
 251      B1
 252 06df 54C37A61 		.ascii	"T\303za\251~f\220\241[\360\3746}D\320\260\223 #7\007"
 252      A97E6690 
 252      A15BF0FC 
 252      367D44D0 
 252      B0932023 
 253 06f5 6DE466A3 		.ascii	"m\344f\243\014\260\255`\233\300R\301\262\301\322\301"
 253      0CB0AD60 
 253      9BC052C1 
 253      B2C1D2C1 
ARM GAS  /tmp/ccCwBXHb.s 			page 20


 254 0705 D683AD03 		.ascii	"\326\203\255\003\313\004\333\016\226\006\226\005\226"
 254      CB04DB0E 
 254      96069605 
 254      96
 255 0712 03B60D6C 		.ascii	"\003\266\015l3\330Z\260\024\260\035`[\270\331t\023\247"
 255      33D85AB0 
 255      14B01D60 
 255      5BB8D974 
 255      13A7
 256 0724 021F5A04 		.ascii	"\002\037Z\004\366\330\013|\313.\226\007\026\350]\207"
 256      F6D80B7C 
 256      CB2E9607 
 256      16E85D87 
 257 0734 506B3AC7 		.ascii	"Pk:\307,\310{\366\3102\373\014\255\265\246\236w<\373"
 257      2CC87BF6 
 257      C832FB0C 
 257      ADB5A69E 
 257      773CFB
 258 0747 565EB385 		.ascii	"V^\263\205\367\221\343\311\227\360&Yy\237\332\203Gl"
 258      F791E3C9 
 258      97F02659 
 258      799FDA83 
 258      476C
 259 0759 A63FC698 		.ascii	"\246?\306\230U&'\330D\316\013%\011\032\304W\003%\333"
 259      552627D8 
 259      44CE0B25 
 259      091AC457 
 259      0325DB
 260 076c 6918B568 		.ascii	"i\030\265h\350u\034\233\025\372\273\005z\337\361\002"
 260      E8751C9B 
 260      15FABB05 
 260      7ADFF102 
 261 077c B4C88D31 		.ascii	"\264\310\2151&3\011\343p\024>\027\300\342\216%\310\225"
 261      263309E3 
 261      70143E17 
 261      C0E28E25 
 261      C895
 262 078e C496628D 		.ascii	"\304\226b\215m\302\236\331l\017N\260\202\037;^\333T"
 262      6DC29ED9 
 262      6C0F4EB0 
 262      821F3B5E 
 262      DB54
 263 07a0 31A9EC4D 		.ascii	"1\251\354M\003%\012\036\021\210L<\362e\226\245b\312"
 263      03250A1E 
 263      11884C3C 
 263      F26596A5 
 263      62CA
 264 07b2 2CEB86BA 		.ascii	",\353\206\272\305X\217(\327o\216_k60|[\234\032,\207"
 264      C5588F28 
 264      D76F8E5F 
 264      6B36307C 
 264      5B9C1A2C 
 265 07c7 F262FA1C 		.ascii	"\362b\372\034Gk\033\345\302"
 265      476B1BE5 
 265      C2
 266 07d0 92FE7F2F 		.ascii	"\222\376\177/o\032\320\22627\010h'\014\325m\375P!\361"
 266      6F1AD096 
ARM GAS  /tmp/ccCwBXHb.s 			page 21


 266      32370868 
 266      270CD56D 
 266      FD5021F1 
 267 07e4 895F6255 		.ascii	"\211_bU\333\033\206\234m\312\204\235\222\240d(\217c"
 267      DB1B869C 
 267      6DCA849D 
 267      92A06428 
 267      8F63
 268 07f6 65025C25 		.ascii	"e\002\\%\347\260\007;\207\267t\334\031\306tg\344\210"
 268      E7B0073B 
 268      87B774DC 
 268      19C67467 
 268      E488
 269 0808 BBAD77D3 		.ascii	"\273\255w\323\026\245u\217e\037\241\371\260\220v\321"
 269      16A5758F 
 269      651FA1F9 
 269      B09076D1 
 270 0818 D4EC96EC 		.ascii	"\324\354\226\354\261\304!{xmq\2533\345\373\210\036\327"
 270      B1C4217B 
 270      786D71AB 
 270      33E5FB88 
 270      1ED7
 271 082a B9A67E44 		.ascii	"\271\246~D\371\234i\015\375\333\321\243\354\214\241"
 271      F99C690D 
 271      FDDBD1A3 
 271      EC8CA1
 272 0839 35495EDE 		.ascii	"5I^\336\340&\367\251\217\207\"\361x(\344\350\3710\020"
 272      E026F7A9 
 272      8F8722F1 
 272      7828E4E8 
 272      F93010
 273 084c D75F3CE9 		.ascii	"\327_<\351\223\270\000\324\354\241j\366R5EL\315^\252"
 273      93B800D4 
 273      ECA16AF6 
 273      5235454C 
 273      CD5EAA
 274 085f A67A5BE3 		.ascii	"\246z[\343\204\012\217\261]\377h\177o\254\022\212\302"
 274      840A8FB1 
 274      5DFF687F 
 274      6FAC128A 
 274      C2
 275 0870 DAD2C1EC 		.ascii	"\332\322\301\354\362\275\213\352\362aC'e/\332^;\215"
 275      F2BD8BEA 
 275      F2614327 
 275      652FDA5E 
 275      3B8D
 276 0882 9652C59C 		.ascii	"\226R\305\234\265.\204{V\027\356\343H]\230\337[\364"
 276      B52E847B 
 276      5617EEE3 
 276      485D98DF 
 276      5BF4
 277 0894 10E37D0A 		.ascii	"\020\343}\012J\364\250\365\362\250\013%*\255*\336\205"
 277      4AF4A8F5 
 277      F2A80B25 
 277      2AAD2ADE 
 277      85
 278 08a5 2D9F733E 		.ascii	"-\237s>\254 \223\260\224\210,\245\224\245\253\355R\213"
ARM GAS  /tmp/ccCwBXHb.s 			page 22


 278      AC2093B0 
 278      94882CA5 
 278      94A5ABED 
 278      528B
 279 08b7 0AD73096 		.ascii	"\012\3270\226\274\302\302\033*\306\262g\367\204\233"
 279      BCC2C21B 
 279      2AC6B267 
 279      F7849B
 280 08c6 1D4B9984 		.ascii	"\035K\231\204\245Ld\331OY\272\333\206x\025\276\310X"
 280      A54C64D9 
 280      4F59BADB 
 280      867815BE 
 280      C858
 281 08d8 760D54F6 		.ascii	"v\015T\366\262\240\214\205\007\202\331Ga\\\002\307>"
 281      B2A08C85 
 281      0782D947 
 281      615C02C7 
 281      3E
 282 08e9 060E4848 		.ascii	"\006\016HH\016\210$\007\271\251\212\360k\007&\036xN"
 282      0E882407 
 282      B9A98AF0 
 282      6B07261E 
 282      784E
 283 08fb 596F1FE6 		.ascii	"Yo\037\346H\275}\210\023\352\355\011S*\257\304\327\231"
 283      48BD7D88 
 283      13EAED09 
 283      532AAFC4 
 283      D799
 284 090d 8A1DF7AE 		.ascii	"\212\035\367\256\244\252p\037s\006NM\034p\002jt\224"
 284      A4AA701F 
 284      73064E4D 
 284      1C70026A 
 284      7494
 285 091f 0E49BE5F 		.ascii	"\016I\276_6\324\016#\226\371\321\012\323'\003\373y&"
 285      36D40E23 
 285      96F9D10A 
 285      D32703FB 
 285      7926
 286 0931 14C5C4CF 		.ascii	"\024\305\304\317\"\274\350\210(\024\225\003?q\231\326"
 286      22BCE888 
 286      28149503 
 286      3F7199D6 
 287 0941 6354AB79 		.ascii	"cT\253y\347\335a\204\017\261\377@\324\0245\256U\210"
 287      E7DD6184 
 287      0FB1FF40 
 287      D41435AE 
 287      5588
 288 0953 B3D8ED3F 		.ascii	"\263\330\355?y\026+$AW\210D\225\224\350\331\251\272"
 288      79162B24 
 288      41578844 
 288      9594E8D9 
 288      A9BA
 289 0965 640E3731 		.ascii	"d\01671\242\241\235[K\344,s\325e\366\231\253\222\220"
 289      A2A19D5B 
 289      4BE42C73 
 289      D565F699 
 289      AB9290
ARM GAS  /tmp/ccCwBXHb.s 			page 23


 290 0978 548924D5 		.ascii	"T\211$\325\224\244>\267c\2633\276)\220\334)iq\027\227"
 290      94A43EB7 
 290      63B333BE 
 290      2990DC29 
 290      69711797 
 291 098c 4289FD52 		.ascii	"B\211\375R\250\221\260\324\210,\265\224e\363\371&/<"
 291      A891B0D4 
 291      882CB594 
 291      65F3F926 
 291      2F3C
 292 099e C4488CD7 		.ascii	"\304H\214\327/~!,\2045\271\356v\034u\022\216:\221\243"
 292      2F7E212C 
 292      8435B9EE 
 292      761C7512 
 292      8E3A91A3 
 293 09b2 9E726C6B 		.ascii	"\236rlk\271qO\216W\273P\222\211\270\226N'\026\316\325"
 293      B9714F8E 
 293      57BB5092 
 293      89B8964E 
 293      2716CED5 
 294 09c6 490BE1B8 		.ascii	"I\013\341\270\204\344\270Hr\202\222\234\311\312\313"
 294      84E4B848 
 294      7282929C 
 294      C9CACB
 295 09d5 631B8091 		.ascii	"c\033\200\221\326\261\346\303\035]\354\215}\237n\010"
 295      D6B1E6C3 
 295      1D5DEC8D 
 295      7D9F6E08 
 296 09e5 E73A129D 		.ascii	"\347:\022\235p:\033#\266\345\376mO\274\2159|jO<\306"
 296      703A1B23 
 296      B6E5FE6D 
 296      4FBC8D39 
 296      7C6A4F3C 
 297 09fa 3B989398 		.ascii	";\230\223\230\036\327\343\202w1\247\265 -\301\005\027"
 297      1ED7E382 
 297      7731A7B5 
 297      202DC105 
 297      17
 298 0a0b 3267EC5C 		.ascii	"2g\354\\\317!\214\0170\347Pj\317v9\256d\316\311\216"
 298      CF218C0F 
 298      30E7506A 
 298      CF7639AE 
 298      64CEC98E 
 299 0a1f D5F714F8 		.ascii	"\325\367\024\3708s\256\354^\263\301\005\237f\316\372"
 299      3873AEEC 
 299      5EB3C105 
 299      9F66CEFA 
 300 0a2f FC8CD51C 		.ascii	"\374\214\325\034neNM\303\271\235J|\2319O\236\244BEu"
 300      6E654E4D 
 300      C3B99D4A 
 300      7C99394F 
 300      9EA44245 
 301 0a44 9D394D79 		.ascii	"\2359My[\307<p7s\236\366\234\257E\270\217:\236c\375"
 301      5BC73C70 
 301      37739EF6 
 301      9CAF45B8 
 301      8F3A9E63 
ARM GAS  /tmp/ccCwBXHb.s 			page 24


 302 0a59 DD179562 		.ascii	"\335\027\225bE\307J:\241\224\353m5\372\256\317\267\224"
 302      45C74A3A 
 302      A194EB6D 
 302      35FAAECF 
 302      B794
 303 0a6b 728D9098 		.ascii	"r\215\220\230\033/8\367%eT\223C\250\344X\332j\305\266"
 303      1B2F38F7 
 303      25655493 
 303      43A8E458 
 303      DA6AC5B6 
 304 0a7f DA632795 		.ascii	"\332c'\225\\\222\"\341\254=\270\337\036\234e\005_\260"
 304      5C9222E1 
 304      AC3DB8DF 
 304      1E9C6505 
 304      5FB0
 305 0a91 074F2A13 		.ascii	"\007O*\023\222\255\340\323\366\340I\265\212\344\334"
 305      92ADE0D3 
 305      F6E049B5 
 305      8AE4DC
 306 0aa0 3DE35886 		.ascii	"=\343X\2065\027\231Vl\213c\025\223J\277\223\26097\320"
 306      35179956 
 306      6C8B6315 
 306      934ABF93 
 306      B03937D0 
 307 0ab4 CDF98670 		.ascii	"\315\371\206p6\336\202\263\361\022\234i\355`7\301\256"
 307      36DE82B3 
 307      F1129C69 
 307      ED6037C1 
 307      AE
 308 0ac5 825D03BB 		.ascii	"\202]\003\273\014v\033\314\004v\035\354\012X'X\007X"
 308      0C761BCC 
 308      04761DEC 
 308      0A582758 
 308      0758
 309 0ad7 97B4BC93 		.ascii	"\227\264\274\223TA\315\216\303\263*\336b\305^t<#Vl\252"
 309      5441CD8E 
 309      C3B32ADE 
 309      62C55E74 
 309      3C23566C 
 310 0aec 157BDE1E 		.ascii	"\025{\336\036;\251\010\316\266\202\333\354\301\222R"
 310      3BA908CE 
 310      B682DBEC 
 310      C19252
 311 0afb 8C1ED813 		.ascii	"\214\036\330\023\264\002\271\341\270\002YW\226'\251"
 311      B402B9E1 
 311      B8025957 
 311      9627A9
 312 0b0a 40CE391E 		.ascii	"@\3169\036\370\035\241\000\331y\365\370\021\373\002"
 312      F81DA100 
 312      D979F5F8 
 312      11FB02
 313 0b19 44CC30BA 		.ascii	"D\3140\272\003\211\375_$\231j\316\241EF7\320\235\262"
 313      0389FD5F 
 313      24996ACE 
 313      A1454637 
 313      D09DB2
 314 0b2c EC1C3404 		.ascii	"\354\0344\004\261\3100\357\270\370\255M\215\321mSc\334"
ARM GAS  /tmp/ccCwBXHb.s 			page 25


 314      B1C830EF 
 314      B8F8AD4D 
 314      8DD16D53 
 314      63DC
 315 0b3e 156A8CBB 		.ascii	"\025j\214\273\264\306\330\\\370\354\236\023\316W\322"
 315      B4C6D85C 
 315      F8EC9E13 
 315      CE57D2
 316 0b4d F7F454F1 		.ascii	"\367\364T\361\311\253\356\370 s\3727\364?\367\300\025"
 316      C9ABEEF8 
 316      2073FA37 
 316      F43FF7C0 
 316      15
 317 0b5e CCA9DCB5 		.ascii	"\314\251\334\265\246\332\025\327SGq:\345D\2633\"\357"
 317      A6DA15D7 
 317      5347713A 
 317      E544B333 
 317      22EF
 318 0b70 2E7B714D 		.ascii	".{qM\325E\315n\342[\333\007\242\006^\270\256+\213\024"
 318      D545CD6E 
 318      E25BDB07 
 318      A2065EB8 
 318      AE2B8B14 
 319 0b84 92377C60 		.ascii	"\2227|`\212\327V\232H\353\327\364\200\220\305\207\220"
 319      8AD7569A 
 319      48EBD7F4 
 319      8090C587 
 319      90
 320 0b95 C541C8CC 		.ascii	"\305A\310\314}\260\007`\375\322eXe\031\340\236c1\326"
 320      7DB00760 
 320      FDD26558 
 320      6519E09E 
 320      6331D6
 321 0ba8 05505E44 		.ascii	"\005P^D\026\300\200\343\005P!\011\253\327\241Tq\366"
 321      16C080E3 
 321      05502109 
 321      ABD7A154 
 321      71F6
 322 0bba DB2F8C24 		.ascii	"\333/\214$y\2429\323)g\315\027.\350\021@{\254\3233 "
 322      79A239D3 
 322      2967CD17 
 322      2EE81140 
 322      7BACD333 
 323 0bcf 4E8FA3A8 		.ascii	"N\217\243\250\320\020\004\363G\201\221\017\375\204="
 323      D01004F3 
 323      4781910F 
 323      FD843D
 324 0bde 4B6CE6F5 		.ascii	"Kl\346\365\221\315\274>\026\346\3651\235\327\224\354"
 324      91CDBC3E 
 324      16E6F531 
 324      9DD794EC 
 325 0bee 8E1CDBFF 		.ascii	"\216\034\333\377\012_\261\371\207\324\260\200&WyPH`"
 325      0A5FB1F9 
 325      87D4B080 
 325      26577950 
 325      4860
 326 0c00 94CBCAD0 		.ascii	"\224\313\312\320\010\303\002o\235A\261\344\253ofjd*"
ARM GAS  /tmp/ccCwBXHb.s 			page 26


 326      08C3026F 
 326      9D41B1E4 
 326      AB6F666A 
 326      642A
 327 0c12 9D4E6C79 		.ascii	"\235NlyO\2752:J\035\032\021\024\2662X\257\216\320\377"
 327      4FBD323A 
 327      4A1D1A11 
 327      14B63258 
 327      AF8ED0FF 
 328 0c26 1216BA5C 		.ascii	"\022\026\272\\\035\036\030\024\022\032\241W\353\202"
 328      1D1E1814 
 328      121AA157 
 328      EB82
 329 0c34 F52B0257 		.ascii	"\365+\002W\206\031t\206_\177\322G\317\015\221\315v\204"
 329      86197486 
 329      5F7FD247 
 329      CF0D91CD 
 329      7684
 330 0c46 8EFE355A 		.ascii	"\216\3765Z\255\2136\004\003#@\\\276\325\007\031\"\243"
 330      AD8B3604 
 330      0323405C 
 330      BED50719 
 330      22A3
 331 0c58 7CE67D30 		.ascii	"|\346}0w\256Z\023\022\272<\364\353\000ud\264:$0L\375"
 331      77AE5A13 
 331      12BA3CF4 
 331      EB007564 
 331      B43A2430 
 332 0c6e 53649421 		.ascii	"Sd\224!Z\035\260\314\177\201\267\372\313/}\325\313\374"
 332      5A1DB0CC 
 332      7F81B7FA 
 332      CB2F7DD5 
 332      CBFC
 333 0c80 FC7F9E4F 		.ascii	"\374\177\236O\236@w]XX\360\334 \231+\273\323\205F\204"
 333      9E40775D 
 333      5858F0DC 
 333      20992BBB 
 333      D3854684 
 334 0c94 1ABC74A4 		.ascii	"\032\274t\244\203.4\352?:\375O\241a\221?\256\324\253"
 334      832E34EA 
 334      3F3AFD4F 
 334      A161913F 
 334      AED4AB
 335 0ca7 6D498322 		.ascii	"mI\203\"\303\303##\004\336\205Z\177\215\377*uPHPd\224"
 335      C3C32323 
 335      04DE855A 
 335      7F8DFF2A 
 335      75504850 
 336 0cbd 5EF7F387 		.ascii	"^\367\363\207\341\240f\232\316\020\025\030\244\327\205"
 336      E1A0669A 
 336      CE101518 
 336      A4D785
 337 0ccc 4647E9C2 		.ascii	"FG\351\302\364\201?\353\337\264%\2102X\242\011\012\241"
 337      F4813FEB 
 337      DFB42588 
 337      3258A209 
 337      0AA1
ARM GAS  /tmp/ccCwBXHb.s 			page 27


 338 0cde 50E8F492 		.ascii	"P\350\364\222.x\371\217\272\240\020}\320\277Y'\322\375"
 338      2E78F98F 
 338      BAA0107D 
 338      D0BF5927 
 338      D2FD
 339 0cf0 451D83F5 		.ascii	"E\035\203\365\313W\376\010\035gH:\256\214\010\213\204"
 339      CB57FE08 
 339      1D67483A 
 339      AE8C088B 
 339      84
 340 0d01 CB8AA8C8 		.ascii	"\313\212\250\310p\322\335+($\340\327\350e\241\341\372"
 340      70D2DD2B 
 340      2824E0D7 
 340      E865A1E1 
 340      FA
 341 0d12 A8CF0323 		.ascii	"\250\317\003#\202\303\364Q~\263^\300\0109\005\276W\245"
 341      82C3F451 
 341      7EB35EC0 
 341      083905BE 
 341      57A5
 342 0d24 42A46C52 		.ascii	"B\244lR\205\372\010\203>\2124Jc\245\215\323\"~\016\015"
 342      85FA0883 
 342      3E8A344A 
 342      63A58DD3 
 342      227E0E0D 
 343 0d38 5A1411B8 		.ascii	"Z\024\021\270<L\317&\345\275\251\246D\310\243\220A\322"
 343      3C4CCF26 
 343      E5BDA9A6 
 343      44C8A390 
 343      41D2
 344 0d4a 8DCCA44E 		.ascii	"\215\314\244N\267beD\220N\347.\336\314\375\360\037\037"
 344      B7626544 
 344      904EE72E 
 344      DECCFDF0 
 344      1F1F
 345 0d5c 792BC509 		.ascii	"y+\305\011&s\025N\326Ph\270\316\2005\332\371`\336\362"
 345      2673154E 
 345      D65068B8 
 345      CE8035DA 
 345      F960DEF2 
 346 0d70 007F8D56 		.ascii	"\000\177\215V\356\353\267H\313\005h\361\242%Z'\215\306"
 346      EEEBB748 
 346      CB0568F1 
 346      A2255A27 
 346      8DC6
 347 0d82 5F3B9FFE 		.ascii	"_;\237\376\365\226k4\213\264X\363\3252\2744@\203\027"
 347      F5966B34 
 347      8BB458F3 
 347      D532BC34 
 347      408317
 348 0d95 6AB558AB 		.ascii	"j\265X\253\001\037:\370\370.\323b_\322\323\177\241\226"
 348      011F3AF8 
 348      F82ED362 
 348      5FD2D37F 
 348      A196
 349 0da7 FB9AF55A 		.ascii	"\373\232\365Z\000\370\357\264\357\377\331udQ\003\332"
 349      00F8EFB4 
ARM GAS  /tmp/ccCwBXHb.s 			page 28


 349      EFFFD975 
 349      645103DA 
 350 0db7 BD22A303 		.ascii	"\275\"\243\003\303 \341_B\326\026C\322\374\002\264\263"
 350      C320E15F 
 350      42D61643 
 350      D2FC02B4 
 350      B3
 351 0dc8 26F31010 		.ascii	"&\363\020\020\311;\271\222\305B\347H\322\305\213\256"
 351      C93BB992 
 351      C542E748 
 351      D2C58BAE 
 352 0dd8 3F9BCC2B 		.ascii	"?\233\314+-M\220\225h\275A\347\2630`\321R\255\237{`"
 352      2D4D9095 
 352      68BD41E7 
 352      B33060D1 
 352      52AD9F7B 
 353 0ded D82F81BF 		.ascii	"\330/\201\277F\303\272\015\2037\347c\207\313T\277\312"
 353      46C3BA0D 
 353      8337E763 
 353      87CB54BF 
 353      CA
 354 0dfe 4052ACD6 		.ascii	"@R\254\326\370\007\370\005\2505\260J\325~\342\214\207"
 354      F807F805 
 354      A835B04A 
 354      D57EE28C 
 354      87
 355 0e0f 478746EB 		.ascii	"G\207F\353~\014\"y\237N\344|m\273V^\022\342\371\206"
 355      7E0C2279 
 355      9F4EE47C 
 355      6DBB565E 
 355      12E2F986 
 356 0e23 AE2A511E 		.ascii	"\256*Q\036\325k\323\364\022\225g\267\366\\%\215\256"
 356      D56BD3F4 
 356      129567B7 
 356      F65C258D 
 356      AE
 357 0e34 5A8D46B7 		.ascii	"Z\215F\267\014^g_\375\012\016\362\255Y\274\004f\300"
 357      0C5E675F 
 357      FD0A0EF2 
 357      AD59BC04 
 357      66C0
 358 0e46 4FEBB270 		.ascii	"O\353\262p\251\217\2676`\031\275\231On\024\013?\367"
 358      A98FB736 
 358      6019BD99 
 358      4F6E140B 
 358      3FF7
 359 0e58 59F495D6 		.ascii	"Y\364\225\326\231<\020\256\363\341\012SE\346,\000\032"
 359      993C10AE 
 359      F3E10A53 
 359      45E62C00 
 359      1A
 360 0e69 3EF72138 		.ascii	">\367!8'B\341M\377.x\177\312\270\003\226\261\371Z\274"
 360      2742E14D 
 360      FF2E787F 
 360      CAB80396 
 360      B1F95ABC 
 361 0e7d 60D52A36 		.ascii	"`\325*6S+\026\314[\260\212\304\353\341\353\263\304_"
ARM GAS  /tmp/ccCwBXHb.s 			page 29


 361      532B16CC 
 361      5BB08AC4 
 361      EBE1EBB3 
 361      C45F
 362 0e8f F38DA84A 		.ascii	"\363\215\250J\341\347\253\371\332w\221\202\214\267\370"
 362      E1E7ABF9 
 362      DA779182 
 362      8CB7F8
 363 0e9e 7B72F15E 		.ascii	"{r\361^\374\375\177\001\223\311kJ"
 363      FCFD7F01 
 363      93C96B4A 
 364              		.text
 365              		.section	.gnu.lto_.symtab.bfe9c3a7dc2b7483,"",%progbits
 366 0000 56656374 		.ascii	"VectorB0\000\000\000\000\000\000\000\000\000\000\000"
 366      6F724230 
 366      00000000 
 366      00000000 
 366      000000
 367 0013 00C10000 		.ascii	"\000\301\000\000\000st_lld_init\000\000\000\000\000"
 367      0073745F 
 367      6C6C645F 
 367      696E6974 
 367      00000000 
 368 0028 00000000 		.ascii	"\000\000\000\000\000\000\000\303\000\000\000_port_i"
 368      000000C3 
 368      0000005F 
 368      706F7274 
 368      5F69
 369 003a 72715F65 		.ascii	"rq_epilogue\000\000\002\000\000\000\000\000\000\000"
 369      70696C6F 
 369      67756500 
 369      00020000 
 369      00000000 
 370 004f 0000C500 		.ascii	"\000\000\305\000\000\000_trace_isr_leave\000\000\002"
 370      00005F74 
 370      72616365 
 370      5F697372 
 370      5F6C6561 
 371 0068 00000000 		.ascii	"\000\000\000\000\000\000\000\000\000\312\000\000\000"
 371      00000000 
 371      00CA0000 
 371      00
 372 0075 5F646267 		.ascii	"_dbg_check_leave_isr\000\000\002\000\000\000\000\000"
 372      5F636865 
 372      636B5F6C 
 372      65617665 
 372      5F697372 
 373 0091 00000000 		.ascii	"\000\000\000\000\314\000\000\000_dbg_check_unlock_f"
 373      CC000000 
 373      5F646267 
 373      5F636865 
 373      636B5F75 
 374 00ac 726F6D5F 		.ascii	"rom_isr\000\000\002\000\000\000\000\000\000\000\000"
 374      69737200 
 374      00020000 
 374      00000000 
 374      0000
ARM GAS  /tmp/ccCwBXHb.s 			page 30


 375 00be 00CE0000 		.ascii	"\000\316\000\000\000chSysTimerHandlerI\000\000\002\000"
 375      00636853 
 375      79735469 
 375      6D657248 
 375      616E646C 
 376 00d9 00000000 		.ascii	"\000\000\000\000\000\000\000\000\320\000\000\000_db"
 376      00000000 
 376      D0000000 
 376      5F6462
 377 00e8 675F6368 		.ascii	"g_check_lock_from_isr\000\000\002\000\000\000\000\000"
 377      65636B5F 
 377      6C6F636B 
 377      5F66726F 
 377      6D5F6973 
 378 0105 00000000 		.ascii	"\000\000\000\000\322\000\000\000_dbg_check_enter_is"
 378      D2000000 
 378      5F646267 
 378      5F636865 
 378      636B5F65 
 379 0120 72000002 		.ascii	"r\000\000\002\000\000\000\000\000\000\000\000\000\324"
 379      00000000 
 379      00000000 
 379      00D4
 380 012e 0000005F 		.ascii	"\000\000\000_trace_isr_enter\000\000\002\000\000\000"
 380      74726163 
 380      655F6973 
 380      725F656E 
 380      74657200 
 381 0147 00000000 		.ascii	"\000\000\000\000\000\000\326\000\000\000nvicEnableV"
 381      0000D600 
 381      00006E76 
 381      6963456E 
 381      61626C65 
 382 015c 6563746F 		.ascii	"ector\000\000\002\000\000\000\000\000\000\000\000\000"
 382      72000002 
 382      00000000 
 382      00000000 
 382      00
 383 016d DB000000 		.ascii	"\333\000\000\000"
 384              		.text
 385              		.section	.gnu.lto_.opts,"",%progbits
 386 0000 272D666E 		.ascii	"'-fno-trapv' '-mcpu=cortex-m4' '-mno-thumb-interwor"
 386      6F2D7472 
 386      61707627 
 386      20272D6D 
 386      6370753D 
 387 0033 6B272027 		.ascii	"k' '-mthumb' '-ggdb' '-O2' '-fomit-frame-pointer' '"
 387      2D6D7468 
 387      756D6227 
 387      20272D67 
 387      67646227 
 388 0066 2D66616C 		.ascii	"-falign-functions=16' '-ffunction-sections' '-fdata"
 388      69676E2D 
 388      66756E63 
 388      74696F6E 
 388      733D3136 
 389 0099 2D736563 		.ascii	"-sections' '-fno-common' '-flto'\000"
ARM GAS  /tmp/ccCwBXHb.s 			page 31


 389      74696F6E 
 389      73272027 
 389      2D666E6F 
 389      2D636F6D 
 390              		.text
 391              		.comm	__gnu_lto_v1,1,1
 392              		.comm	__gnu_lto_slim,1,1
 393              		.ident	"GCC: (15:4.9.3+svn231177-1) 4.9.3 20150529 (prerelease)"
ARM GAS  /tmp/ccCwBXHb.s 			page 32


DEFINED SYMBOLS
                            *ABS*:0000000000000000 hal_st_lld.c
                            *COM*:0000000000000001 __gnu_lto_v1
                            *COM*:0000000000000001 __gnu_lto_slim

NO UNDEFINED SYMBOLS
