ARM GAS  /tmp/ccmcGExJ.s 			page 1


   1              		.syntax unified
   2              		.cpu cortex-m4
   3              		.fpu softvfp
   4              		.eabi_attribute 20, 1
   5              		.eabi_attribute 21, 1
   6              		.eabi_attribute 23, 3
   7              		.eabi_attribute 24, 1
   8              		.eabi_attribute 25, 1
   9              		.eabi_attribute 26, 1
  10              		.eabi_attribute 30, 2
  11              		.eabi_attribute 34, 1
  12              		.eabi_attribute 18, 4
  13              		.thumb
  14              		.file	"nvic.c"
  15              		.text
  16              	.Ltext0:
  17              		.section	.gnu.lto_.profile.6388e6da7f9681d7,"",%progbits
  18 0000 789C6366 		.ascii	"x\234cf```a\200\000F\006u)\000\000\334\000J"
  18      60606061 
  18      80004606 
  18      75290000 
  18      DC004A
  19              		.text
  20              		.section	.gnu.lto_.jmpfuncs.6388e6da7f9681d7,"",%progbits
  21 0000 789C6366 		.ascii	"x\234cf\300\016\314\2414\013\003\023##s}=#\020\3243"
  21      C00ECCA1 
  21      340B0313 
  21      2323737D 
  21      3D2310D4 
  22 0015 41D94C1F 		.ascii	"A\331L\037\231\030\247\365_\331\301\\\373\273aF\003"
  22      9918A7F5 
  22      5FD9C15C 
  22      FBBB6146 
  22      03
  23 0026 C74F2686 		.ascii	"\307O&\206\277L@\265\214\313\031k\031X@\012\031\000"
  23      BF4C40B5 
  23      8CCB196B 
  23      1958400A 
  23      1900
  24 0038 5F210D37 		.ascii	"_!\0157"
  25              		.text
  26              		.section	.gnu.lto_.inline.6388e6da7f9681d7,"",%progbits
  27 0000 789C6D4E 		.ascii	"x\234mN\273\015\203@\014}\317X\307q\024\244N\003\023"
  27      BB0D8340 
  27      0C7DCF58 
  27      C77114A4 
  27      4E0313
  28 0013 64ABB04D 		.ascii	"d\253\260M\244\214@G\301\010,\221\021R\246L\312t\274"
  28      A48C4047 
  28      C1082C91 
  28      1152A64C 
  28      CA74BC
  29 0026 CB21AA58 		.ascii	"\313!\252X\262l\353\375\\\341\177-\373t 54R\273\332"
  29      B26CEBFD 
  29      5CE17F2D 
  29      FB742035 
  29      3452BBDA 
ARM GAS  /tmp/ccmcGExJ.s 			page 2


  30 003a C3FB8230 		.ascii	"\303\373\2020\365\006{t\016]Q@\024\024kq\304\250|\352"
  30      F5067B74 
  30      0E5D5140 
  30      14146B71 
  30      C4A87CEA 
  31 004e 0B43A0FF 		.ascii	"\013C\240\377\034\014M\242c\374\030\237\353\355\236"
  31      1C0C4DA2 
  31      63FC189F 
  31      EBED9E
  32 005d 5EF635B6 		.ascii	"^\3665\266\340\3143p-C\312\234\341\262-j\331\234r\310"
  32      E0CC3370 
  32      2D43CA9C 
  32      E1B22D6A 
  32      D99C72C8 
  33 0071 90BFB056 		.ascii	"\220\277\260V6T\327aO9xG\0126\270\016\0262"
  33      3654D761 
  33      4F397847 
  33      0A36B80E 
  33      1632
  34              		.text
  35              		.section	.gnu.lto_.pureconst.6388e6da7f9681d7,"",%progbits
  36 0000 789C6366 		.ascii	"x\234cf``\340d\200\000\026\006)F)&)\026)\000\002\307"
  36      6060E064 
  36      80001606 
  36      29462926 
  36      29162900 
  37 0016 0080     		.ascii	"\000\200"
  38              		.text
  39              		.section	.gnu.lto_nvicEnableVector.6388e6da7f9681d7,"",%progbits
  40 0000 789C9552 		.ascii	"x\234\225R\337K\223Q\030>\317\371\276\355\233\233Zt"
  40      DF4B9351 
  40      183ECFF9 
  40      BEED9B9B 
  40      5A74
  41 0012 132CA26E 		.ascii	"\023,\242n\304+\367E\027\335V\010\335IR\177A\355\306"
  41      C42BF745 
  41      17DD5608 
  41      DD49527F 
  41      41EDC6
  42 0025 413AD188 		.ascii	"A:\321\210\356<sc^\024(\3368\222\335\244\321\217\345"
  42      EE3C7363 
  42      5E1428DE 
  42      3892DDA4 
  42      D18FE5
  43 0038 6C2B2B4D 		.ascii	"l++M\341C\260\274(m\264H\206L\242\005\366\343\"M\230"
  43      E143B0BC 
  43      286DB448 
  43      864CA205 
  43      F6E3224D 
  44 004d 83CADEF7 		.ascii	"\203\312\336\367l\321\205^\324`\347\234\367\307\363"
  44      6CD1855E 
  44      D460E79C 
  44      F7C7F3
  45 005c 3ECF73CE 		.ascii	">\317s\316g\210\335??\375O\032B\234\240\035\206\200"
  45      6788DD3F 
  45      3FFD4F1A 
  45      429CA01D 
ARM GAS  /tmp/ccmcGExJ.s 			page 3


  45      8680
  46 006e 1C5A1222 		.ascii	"\034Z\022\"\342\221\000\037\004D\237D\037>\311\015\211"
  46      E291001F 
  46      04449F44 
  46      1F3EC90D 
  46      89
  47 007f 212795F0 		.ascii	"!'\225\3605\337RJ}\033^\216\264;\250H!\276\313\352\034"
  47      35DF524A 
  47      7D1B5E8E 
  47      B43BA848 
  47      21BECBEA 
  48 0094 DC4633F5 		.ascii	"\334F3\365\344W>\304M\343\030\004\235\247\323[\257|"
  48      E4573EC4 
  48      4DE31804 
  48      9DA7D35B 
  48      AF7C
  49 00a6 EBB22271 		.ascii	"\353\262\"q\224\303\231\341\305\204\233Cir85\227~\276"
  49      94C399E1 
  49      C5849B43 
  49      69723835 
  49      977EBE
  50 00b9 AF694CA9 		.ascii	"\257iL\251~g1\253N\231\025i\340\016\014\232\207\273"
  50      7E6731AB 
  50      4E991569 
  50      E00E0C9A 
  50      87BB
  51 00cb F0E31EFC 		.ascii	"\360\343\036\374\202R\002)4Q\367\353\033[y\3238\256"
  51      82520229 
  51      3451F7EB 
  51      1B5B79D3 
  51      38AE
  52 00dd E7E6D22F 		.ascii	"\347\346\322/\3635\344\352\037\344\375=\220\023h\342"
  52      F335E4EA 
  52      1FE4FD3D 
  52      901368E2 
  53 00ed F68DD8CF 		.ascii	"\366\215\330\317w>w\214d\357\257\252E\032n\320>y\300"
  53      773E778C 
  53      64EFAFAA 
  53      451A6ED0 
  53      3E79C0
  54 0100 513B3B63 		.ascii	"Q;;cS\263\031\263\001\340vI@\323\340\305\005&\266\350"
  54      53B319B3 
  54      01E07649 
  54      40D3E0C5 
  54      0526B6E8 
  55 0114 E8F2D0E2 		.ascii	"\350\362\320\342\256\343\305K\213%D\211\206\360\345"
  55      AEE3C54B 
  55      8B254489 
  55      86F0E5
  56 0123 7C949277 		.ascii	"|\224\222w\243\200\376\225\201_e\203\347\226\245,K\210"
  56      A380FE95 
  56      815F6583 
  56      E796A52C 
  56      4B88
  57 0135 02A2ABEE 		.ascii	"\002\242\253\356jlP\212T\214\347\326r\006\273\367\230"
  57      6A6C508A 
  57      548CE7D6 
ARM GAS  /tmp/ccmcGExJ.s 			page 4


  57      7206BBF7 
  57      98
  58 0146 029324B1 		.ascii	"\002\223$\261\200\371ap\013\0257\277\250\244\311\305"
  58      80F96170 
  58      0B1537BF 
  58      A8A4C9C5 
  59 0156 3A351F55 		.ascii	":5\037U\215\254z\255\264\234\363\350\224\340\360\346"
  59      8DAC7AAD 
  59      B49CF3E8 
  59      94E0F0E6 
  60 0166 DBEDCF8D 		.ascii	"\333\355\317\215I\214F\224r\254\212\364\342\0019\315"
  60      498C4694 
  60      72AC8AF4 
  60      E20139CD 
  61 0176 D0182E56 		.ascii	"\320\030.V\306\257\373ZR*F\017\342C\026Il\352G\241\312"
  61      C6AFFB5A 
  61      522A460F 
  61      E2431649 
  61      6CEA47A1 
  62 018b B591DCB6 		.ascii	"\265\221\334\266\307\236P\261\210s\210\250\361\020-"
  62      C79E50B1 
  62      887388A8 
  62      F1102D
  63 019a 65E9D2EF 		.ascii	"e\351\322\357\365\0106\211c\245\305\370R\242\275*\326"
  63      F5083689 
  63      63A5C5F8 
  63      52A2BD2A 
  63      D6
  64 01ab A22AC1BE 		.ascii	"\242*\301\276\276\031\235\251gr\267K`J\213\355/\016"
  64      BE199DA9 
  64      6772B74B 
  64      604A8BED 
  64      2F0E
  65 01bd FC90D526 		.ascii	"\374\220\325&\017\217 \334v\315a\035\245\0104;8\270"
  65      0F8F20DC 
  65      76CD611D 
  65      A508343B 
  65      38B8
  66 01cf 6069D011 		.ascii	"`i\320\021\201\307\032\024]\215\227j\327\342\245\216"
  66      81C71A14 
  66      5D8D976A 
  66      D7E2A58E 
  67 01df 17C9F5AC 		.ascii	"\027\311\365\254\266iA\340\011\374\004\325\327\360\376"
  67      B66941E0 
  67      09FC04D5 
  67      D7F0FE
  68 01ee 60ED1EFE 		.ascii	"`\355\036\376\325e=\236j\227\330\345\362pE6`\232]Z\332"
  68      D5653D9E 
  68      6A97D8E5 
  68      F2704536 
  68      609A5D5A 
  69 0203 E50CBBF4 		.ascii	"\345\014\273\364j\226\314\302\206\353\277y\236i\036"
  69      6A96CCC2 
  69      86EBBF79 
  69      9E691E
  70 0212 B937CFEC 		.ascii	"\2717\317\354_\236\271*O\021\021g\344\014\263p\266D"
  70      5F9EB92A 
ARM GAS  /tmp/ccmcGExJ.s 			page 5


  70      4F111167 
  70      E40CB370 
  70      B644
  71 0224 02E90321 		.ascii	"\002\351\003!tK `\267v\204.\206\316\236\267\303\275"
  71      744B2060 
  71      B776842E 
  71      86CE9EB7 
  71      C3BD
  72 0236 76C7854B 		.ascii	"v\307\205Kvw\270\347r\257\035\014wv\206\273\354\323"
  72      7677B8E7 
  72      72AF1D0C 
  72      777686BB 
  72      ECD3
  73 0248 E7DA5ADB 		.ascii	"\347\332Z\333\256\332]WB\301@P\240\313\354\356\011\205"
  73      AEDA5D57 
  73      42C14050 
  73      A0CBECEE 
  73      0985
  74 025a 7F035FA8 		.ascii	"\177\003_\250/j"
  74      2F6A
  75              		.text
  76              		.section	.gnu.lto_nvicDisableVector.6388e6da7f9681d7,"",%progbits
  77 0000 789C8D91 		.ascii	"x\234\215\221\313k\023Q\024\306\357wf2IM\250\342\306"
  77      CB6B1351 
  77      14C6EF77 
  77      6632494D 
  77      A8E2C6
  78 0013 1211DD94 		.ascii	"\022\021\335\224\256\222\253\377\201RpW\024\375\013"
  78      AE92ABFF 
  78      81527057 
  78      14FD0B
  79 0022 349B066C 		.ascii	"4\233\006l\"V\304]o\232\030\027\012-\335X)\331\264\276"
  79      2256C45D 
  79      6F9A1817 
  79      0A2DDD58 
  79      29D9B4BE 
  80 0036 D3A63535 		.ascii	"\323\24655>\212\302P\360\265P)\266(E\"b\224\372X4Uh"
  80      3E8AC250 
  80      F0B55029 
  80      B6284522 
  80      6294FA58 
  81 004d 06947ACE 		.ascii	"\006\224z\316\214\013\241\033\007\346\3369\347\376\276"
  81      8C0BA11B 
  81      07E6DE39 
  81      E7FEBE
  82 005c F39D33D7 		.ascii	"\363\2353\327R\233\2378\277iRj\037\357\260\024h\370"
  82      529B9F38 
  82      BF69526A 
  82      1FEFB014 
  82      68F8
  83 006e A552B908 		.ascii	"\245R\271\010\001\362\241\240\006\010\003\370BM\302"
  83      01F2A1A0 
  83      060803F8 
  83      424DC2
  84 007d B05B1E8D 		.ascii	"\260[\036\215v]5\306\254\216\317v\234\353\360X\366\203"
  84      765D35C6 
  84      AC8ECF76 
ARM GAS  /tmp/ccmcGExJ.s 			page 6


  84      9CEBF058 
  84      F683
  85 008f 8232B88E 		.ascii	"\2022\270\216.F\026\337~,\332\326^(\376~P\371\371\""
  85      2E4616DF 
  85      7E2CDAD6 
  85      5E28FE7E 
  85      50F9F922 
  86 00a3 BA421E61 		.ascii	"\272B\036a\217\204s#\317F\035\011\311\226\260\366\250"
  86      8F847323 
  86      CF461D09 
  86      C996B0F6 
  86      A8
  87 00b4 F2646BE7 		.ascii	"\362dk\347\2041\203\356\363\252\331o{d\341\006,\256"
  87      843183EE 
  87      F3AAD96F 
  87      7B64E106 
  87      2CAE
  88 00c6 879B88E3 		.ascii	"\207\233\210\343\026\342\212S\012et\012\336,\374~\023"
  88      16E28A53 
  88      0A65740A 
  88      DE2CFC7E 
  88      13
  89 00d7 750AECBD 		.ascii	"u\012\354\275-\360\304$\034\360>\275\3355\033\033\023"
  89      2DF0C424 
  89      1CF03EBD 
  89      DD351B1B 
  89      13
  90 00e8 D7266B76 		.ascii	"\327&kv\033 8\261\320\266x\011\331\262\204xq\224j\260"
  90      1B2038B1 
  90      D0B67809 
  90      D9B28478 
  90      71946AB0 
  91 00fc 4826FA44 		.ascii	"H&\372D$\273\265\214|\275\370\371\362a\251\263N\264"
  91      24BBB58C 
  91      7CBDF8F9 
  91      F261A9B3 
  91      4EB4
  92 010e CE1684EF 		.ascii	"\316\026\204\357\257\307\346b\322#\2530\305-,c\260~"
  92      AFC7E662 
  92      D223AB30 
  92      C52D2C63 
  92      B07E
  93 0120 FE170590 		.ascii	"\376\027\005\220\305\020g\362-'\210mN\261\350\341\320"
  93      C51067F2 
  93      2D27886D 
  93      4EB1E8E1 
  93      D0
  94 0131 D0E3B02F 		.ascii	"\320\343\260/\332\255P\361E\371w\305\206\025@!&\236"
  94      DAAD50F1 
  94      45F977C5 
  94      86154021 
  94      269E
  95 0143 9656AAB6 		.ascii	"\226V\252\266\020\3341\246\021g)C\363#\037v\010\303"
  95      10DC31A6 
  95      11672943 
  95      F3231F76 
  95      08C3
ARM GAS  /tmp/ccmcGExJ.s 			page 7


  96 0155 C0DA3753 		.ascii	"\300\3327S\362\201\260\231\317\233v\031\370}\343\325"
  96      F281B099 
  96      CF9B7619 
  96      F87DE3D5 
  97 0165 42C44F29 		.ascii	"B\304O)\011\307\227Z_\333K\030\313\031\343\206=\212"
  97      09C7975A 
  97      5FDB4B18 
  97      CB19E386 
  97      3D8A
  98 0177 60867FD2 		.ascii	"`\206\177\322m6\223C\357\312\305h\242l\012\360\250\015"
  98      6D369343 
  98      EFCAC568 
  98      A26C0AF0 
  98      A80D
  99 0189 5594B0E6 		.ascii	"U\224\260\346\337\012\237\\\270\264\320\212\350)S\310"
  99      DF0A9F5C 
  99      B8B4D08A 
  99      E82953C8 
 100 0199 B9BB3CDA 		.ascii	"\271\273<\332\202Y$xX\377\302\356@sw\322\307\352\314"
 100      82592478 
 100      58FFC2EE 
 100      407377D2 
 100      C7EACC
 101 01ac 62D3FADB 		.ascii	"b\323\372\333\311\377\372DQ\363}\260\311g\247G1\334"
 101      C9FFFA44 
 101      51F37DB0 
 101      C967A747 
 101      31DC
 102 01be 151FF83E 		.ascii	"\025\037\370>\367\240\377\035'\306\251\373\\\257\216"
 102      F7A0FF1D 
 102      27C6A9FB 
 102      5CAF8E
 103 01cd 9CBB7450 		.ascii	"\234\273tP\\\205j0\314\267\302\235%\222I\335\335\233"
 103      5C856A30 
 103      CCB7C29D 
 103      259249DD 
 103      DD9B
 104 01df 3E9E3E74 		.ascii	">\236>tTg\373u\357\261\023\372d\366\324\351~\235\312"
 104      5467FB75 
 104      EFB113FA 
 104      64F6D4E9 
 104      7E9DCA
 105 01f2 F6F56533 		.ascii	"\366\365e3\372\300\221\236\356\236\263:s&\235J\246\024"
 105      FAC0919E 
 105      EE9EB33A 
 105      73269D4A 
 105      A614
 106 0204 327F0097 		.ascii	"2\177\000\227?\347s"
 106      3FE773
 107              		.text
 108              		.section	.gnu.lto_nvicSetSystemHandlerPriority.6388e6da7f9681d7,"",%progbits
 109 0000 789C6D52 		.ascii	"x\234mRML\023Q\020~\337{\333miQ\214'\202\011\361B8\301"
 109      4D4C1351 
 109      107EDF7B 
 109      DB6D6951 
 109      8C278209 
 110 0018 9A78F1E0 		.ascii	"\232x\361\340A\303\301\0231\321\2337D\023\232@K\300"
ARM GAS  /tmp/ccmcGExJ.s 			page 8


 110      41C3C113 
 110      31D19B37 
 110      44139A40 
 110      4BC0
 111 002a 182F0DAF 		.ascii	"\030/\015\257\264F\017\002\0151\246Q\253\321j\004\201"
 111      B4460F02 
 111      0D31A651 
 111      ABD16A04 
 111      81
 112 003b 62F107A8 		.ascii	"b\361\007\250\227\352\301\020\242\325\306*\246i@\023"
 112      97EAC110 
 112      A2D5C62A 
 112      A6694013 
 113 004b 301A2F42 		.ascii	"0\032/BI\314F\020g\266r0\272\331\335\367f\346\233o\276"
 113      49CC4610 
 113      67B67230 
 113      BAD9DDF7 
 113      66E69B6F 
 114 0060 99F794F8 		.ascii	"\231\367\224\370\367\331O\337-)\304AZ\341\022\220\261"
 114      F7D94FDF 
 114      2D29C441 
 114      5AE11290 
 114      B1
 115 0071 9C10618F 		.ascii	"\234\020a\217\224*S/\264\327xo\011]\255`T\334\006\300"
 115      942A532F 
 115      B4D7786F 
 115      095DAD60 
 115      54DC06C0 
 116 0085 1B01D127 		.ascii	"\033\001\321'\225\201>|\225\253\022\261\354X\334\327"
 116      95813E7C 
 116      95AB12B1 
 116      EC58DCD7 
 117 0095 78576BFD 		.ascii	"xWk\375\375\366t\355\371Z\233\370\312\262\302\217{h"
 117      FDF674ED 
 117      F95A9BF8 
 117      CAB2C28F 
 117      7B68
 118 00a7 24C8CD91 		.ascii	"$\310\315\221\205\361\032\265\017\202\366\263\251\365"
 118      85F11AB5 
 118      0F82F6B3 
 118      A9F5
 119 00b5 57BE2FD2 		.ascii	"W\276/\322\226\330\313ffx.n\262)\0156\323\033\321\015"
 119      96D8CB66 
 119      66782E6E 
 119      B2290D36 
 119      D31BD10D 
 120 00c9 3424B5EE 		.ascii	"4$\265\356\317\226\246\364!\303\226\012#P\304\207Q\324"
 120      CF96A6F4 
 120      21C3960A 
 120      2350C487 
 120      51D4
 121 00db E13EEA04 		.ascii	"\341>\352\004\271\004\306\320@\3507W\327\013\206:\340"
 121      B904C6D0 
 121      40E83757 
 121      D70B863A 
 121      E0
 122 00ec F0E6532F 		.ascii	"\360\346S/\0135\225\314_\333\231\343\377\311\234@\003"
ARM GAS  /tmp/ccmcGExJ.s 			page 9


 122      0B3595CC 
 122      5FDB99E3 
 122      FFC99C40 
 122      03
 123 00fd C357A39B 		.ascii	"\303W\243\233\013>3J\252wmn\013F\012&h!\307\344\356"
 123      0B3E334A 
 123      AA776D6E 
 123      0B460A26 
 123      6821C7E4 
 124 0112 ACDEDA4A 		.ascii	"\254\336\332J\276x\226p\243J\202\353\271\300\271&\261"
 124      BE789670 
 124      A34A82EB 
 124      B9C0B926 
 124      B1
 125 0123 186EFE09 		.ascii	"\030n\376\011\261LI<\220\025)yU\357\020\315E\312\003"
 125      B14C493C 
 125      90152979 
 125      55EF10CD 
 125      45CA03
 126 0136 8A797E48 		.ascii	"\212y~H\236\315\307\247\0031/w\247|\002\223$\201\237"
 126      9ECDC7A7 
 126      03312F77 
 126      A77C0293 
 126      24819F
 127 0149 159291A9 		.ascii	"\025\222\221\251W%\030\014d17\336\016\246d\350\247\276"
 127      5725180C 
 127      643137DE 
 127      0EA664E8 
 127      A7BE
 128 015b A83DB674 		.ascii	"\250=\266t\225%\213x\200\020\207\256\014\025f\024\205"
 128      95258B78 
 128      801087AE 
 128      0C156614 
 128      85
 129 016c E21C3259 		.ascii	"\342\0342Y*{\227\226_\347=\314k:\346\350\320\345\031"
 129      2A7B9796 
 129      5FE73DCC 
 129      6B3AE6E8 
 129      D0E519
 130 017f 24702D1C 		.ascii	"$p-\034c\224\033i\2040\305\325x\366\313#q\037\021\320"
 130      63941B69 
 130      8430C5D5 
 130      78F6CB23 
 130      711F11D0 
 131 0193 B9987848 		.ascii	"\271\230xH(\247(\036!dK\217\243\306p\304\027\321\377"
 131      28A7281E 
 131      21644B8F 
 131      A3C670C4 
 131      17D1FF
 132 01a6 E1C2E7EB 		.ascii	"\341\302\347\353'*\342\351u\211\"\"%\263b\273\311Ed"
 132      272AE2E9 
 132      75892222 
 132      25B362BB 
 132      C94564
 133 01b9 77F24B79 		.ascii	"w\362Ky\305u\253\014\201\307T\241\210\347\303\016#\005"
 133      C575AB0C 
 133      81C754A1 
ARM GAS  /tmp/ccmcGExJ.s 			page 10


 133      88E7C30E 
 133      2305
 134 01cb BFAD0D2E 		.ascii	"\277\255\015.9\315zu1\242w\376\245\323\353hI\317o\315"
 134      39CD7A75 
 134      31A277FE 
 134      A5D3EB68 
 134      49CF6FCD 
 135 01df 57B34EAD 		.ascii	"W\263N\255\263\246-}xB'3\375G\350`y\356SU\323\230\216"
 135      B3A62D7D 
 135      78422733 
 135      FD47E860 
 135      79EE5355 
 136 01f6 C296D5E0 		.ascii	"\302\226\325\340~\326\234[D\241T.yi\2075\241\243\341"
 136      7ED69C5B 
 136      44A1542E 
 136      79698735 
 136      A1A3E1
 137 0209 EC1EAA8D 		.ascii	"\354\036\252\215Y4\321|\235\013\226\201E\352\304\"\302"
 137      5934D17C 
 137      9D0B9681 
 137      45EAC422 
 137      C2
 138 021a D9C411A7 		.ascii	"\331\304\021\2475\301\007\003\356\211\020M\315\315V"
 138      35C10703 
 138      EE89104D 
 138      CDCD56
 139 0229 4B87FFA4 		.ascii	"K\207\377\244\377\350q+\330ku\264uZ\335\301\2363\275"
 139      FFE8712B 
 139      D86B75B4 
 139      755ADDC1 
 139      9E33BD
 140 023c 567BB0AB 		.ascii	"V{\260\253+\030\260\016\037kmi=g\005\316\372\333\233"
 140      2B18B00E 
 140      1F6B6D69 
 140      3D6705CE 
 140      FADB9B
 141 024f DB85BBA3 		.ascii	"\333\205\273\243-p\252\363t\217\321\335\343\017\376"
 141      2D70AAF3 
 141      748FD1DD 
 141      E30FFE
 142 025e 06DFC201 		.ascii	"\006\337\302\001\001"
 142      01
 143              		.text
 144              		.section	.gnu.lto_nvicClearPending.6388e6da7f9681d7,"",%progbits
 145 0000 789C6551 		.ascii	"x\234eQMkSQ\020\2353\367\345%%R\305U\011\210.,]%W\377"
 145      4D6B5351 
 145      109D33F7 
 145      E5252552 
 145      C5550988 
 146 001a 81D285AB 		.ascii	"\201\322\205\253\242\350/\320l\032\260\211X\021w\275"
 146      A2E82FD0 
 146      6C1AB089 
 146      581177BD 
 147 002a 69625D58 		.ascii	"ib]Xh\351\306B\311F-~\304\246Zqa\265\360((\335\250D"
 147      68E9C642 
 147      C9462D7E 
 147      C4A65A71 
ARM GAS  /tmp/ccmcGExJ.s 			page 11


 147      61B5F028 
 148 0042 2B4A91B8 		.ascii	"+J\221\270h\004\277\026\266V\232\267\320:\363\236;\037"
 148      6804BF16 
 148      B6569AB7 
 148      D03AF39E 
 148      3B1F
 149 0054 BCB977CE 		.ascii	"\274\271w\316=\347\314\314\275\206\376\3772\362\377"
 149      3DE7CCCC 
 149      BD86FEFF 
 149      32F2FF
 150 0063 02D16159 		.ascii	"\002\321aYa\010<\371\222\250\234b@7\004\032a\214\340"
 150      61083CF9 
 150      92A89C62 
 150      4037041A 
 150      618CE0
 151 0076 0B6F3026 		.ascii	"\013o0&\203\372t\272o\3269\367\343\365\223\236\313="
 151      83FA74BA 
 151      6FD639F7 
 151      E3F5939E 
 151      CB3D
 152 0088 2113FDE4 		.ascii	"!\023\375\344\330\006\267\320'\224\325\367\353c\236"
 152      D806B7D0 
 152      2794D5F7 
 152      EB639E
 153 0097 390492FD 		.ascii	"9\004\222\375\343\306\326\213\364g\016\031\0074]\234"
 153      E3C6D68B 
 153      F4670E19 
 153      07345D9C 
 154 00a7 5A99F635 		.ascii	"Z\231\3665eO\323GK\215\347\273{o87\032\254,\270#^\310"
 154      654FD347 
 154      4B8DE7BB 
 154      7B6F3837 
 154      1AAC2CB8 
 155 00be 06B761C4 		.ascii	"\006\267a\304\017w\220\301]dH B\035\275J\337\250\376"
 155      0F7790C1 
 155      5D644820 
 155      421DBD4A 
 155      DFA8FE
 156 00d1 7E97F6AB 		.ascii	"~\227\366\253R{O\\\023\367\340K\3334\2777p;;\353\263"
 156      527B4F5C 
 156      13F7E04B 
 156      DB34BF37 
 156      703B3BEB 
 157 00e6 E34B5E17 		.ascii	"\343K^\027\240t\026\241g$$<\015\011\015\276bDmQ\352"
 157      A07416A1 
 157      6724243C 
 157      0D090DBE 
 157      62446D51 
 158 00fb 589F9875 		.ascii	"X\237\230u5k\250\264\306\376\324N\250\3316\363\266\324"
 158      356BA8B4 
 158      C6FED44E 
 158      A8D936F3 
 158      B6D4
 159 010d 617C7F33 		.ascii	"a|\1773\263\270K\033\025)\346\244\2175\214\266\256\254"
 159      B3B84B1B 
 159      1529E6A4 
 159      8F358CB6 
ARM GAS  /tmp/ccmcGExJ.s 			page 12


 159      AEAC
 160 011f 9A986484 		.ascii	"\232\230d\204$H\245\343\307\271'\220\210\236NL<KF\242"
 160      2448A5E3 
 160      C7B92790 
 160      889E4E4C 
 160      3C4B46A2 
 161 0133 FD844624 		.ascii	"\375\204F$\252|\370GI\340`F\210\261\317\026\307\240"
 161      AA7CF847 
 161      49E06046 
 161      88B1CF16 
 161      C7A0
 162 0145 E2822C4F 		.ascii	"\342\202,OAsq\330\374\346j\236:\370n\271\342\272u\350"
 162      417371D8 
 162      FCE66A9E 
 162      3AF86EB9 
 162      E2BA75E8 
 163 0159 8FED57CD 		.ascii	"\217\355W\315T\004\221\246\327\337v\276v\3270Sv.H\206"
 163      540491A6 
 163      D7DF76BE 
 163      76D73053 
 163      762E4886 
 164 016d 9CC4BC5C 		.ascii	"\234\304\274\\\324}\251\245\207\341\315\361t\266\356"
 164      D47DA9A5 
 164      87E1CDF1 
 164      74B6EE
 165 017c AA083985 		.ascii	"\252\0109\205\007\250a3z\0319\271z\255\331I\3319W-\007"
 165      07A86133 
 165      7A1939B9 
 165      7AADD949 
 165      D939572D 
 166 0191 FB42EEC2 		.ascii	"\373B\356\302\002\2622k\364h\017a\245\023j\241\0344"
 166      02B2326B 
 166      F4680F61 
 166      A5136AA1 
 166      1C34
 167 01a3 8F691F8A 		.ascii	"\217i\037\212\266e@\271\034ads9\333?X8S8~\312\226\206"
 167      B66540B9 
 167      1C616473 
 167      39DB3F58 
 167      3853387E 
 168 01ba EDE0E9B3 		.ascii	"\355\340\351\263\366\\\351\374\205a\233/\015\015\225"
 168      F65CE9FC 
 168      85619B2F 
 168      0D0D95
 169 01c9 8AF6E8C9 		.ascii	"\212\366\350\311\201\376\201K\266x\261\220\317\345\011"
 169      81FE814B 
 169      B678B190 
 169      CFE509
 170 01d8 C5BF674D 		.ascii	"\305\277gM\274K"
 170      BC4B
 171              		.text
 172              		.section	.gnu.lto_.symbol_nodes.6388e6da7f9681d7,"",%progbits
 173 0000 789C55C9 		.ascii	"x\234U\311\273\015\2000\000\003\321\213C$\006b%\346"
 173      BB0D8030 
 173      0003D18B 
 173      43240662 
 173      25E6
ARM GAS  /tmp/ccmcGExJ.s 			page 13


 174 0012 70466002 		.ascii	"pF`\002\224!h\370V\324\314\004\022\024\301\305\025\317"
 174      942168F8 
 174      56D4CC04 
 174      1214C1C5 
 174      15CF
 175 0024 11E8F9A6 		.ascii	"\021\350\371\246Y\206\341\002\233\261\264h\221\303\017"
 175      5986E102 
 175      9BB1B468 
 175      91C30F
 176 0033 565935A4 		.ascii	"VY5\244C\0249j{R\037a\227\233\027\310\271%*qN\0357\273"
 176      4314396A 
 176      7B521F61 
 176      979B17C8 
 176      B9252A71 
 177 004b 1E1BB4   		.ascii	"\036\033\264"
 178              		.text
 179              		.section	.gnu.lto_.refs.6388e6da7f9681d7,"",%progbits
 180 0000 789C6366 		.ascii	"x\234cf```c\200\000F&&f&\006\000\000\301\000\024"
 180      60606063 
 180      80004626 
 180      26662606 
 180      0000C100 
 181              		.text
 182              		.section	.gnu.lto_.decls.6388e6da7f9681d7,"",%progbits
 183 0000 789CBD57 		.ascii	"x\234\275WkPTG\026\236\276=\274\206\001\262\272\253"
 183      6B505447 
 183      169EBE3D 
 183      BC8601B2 
 183      BAAB
 184 0012 16956C8C 		.ascii	"\026\225l\214\331b\223\255\350\270Iv\223\324\376\210"
 184      D96293AD 
 184      E8B84976 
 184      93D4FE88 
 185 0022 044D64AB 		.ascii	"\004Md\253L\330!\361\317\376 \004\311B\025B\012\306"
 185      4CD821F1 
 185      CFFE2004 
 185      C9421542 
 185      0AC6
 186 0034 8DFEBB38 		.ascii	"\215\376\2738\250\203\002\"\210\202\010\216\002\202"
 186      A8830222 
 186      8882088E 
 186      0282
 187 0042 206F4441 		.ascii	" oDA^\002\"OAE\001\025\035\237(\242\214\200\002B\230"
 187      5E02224F 
 187      41450115 
 187      1D9F28A2 
 187      8C800242 
 188 0057 3DDD7DEF 		.ascii	"=\335}\357<\256\003\233\037[;U\347\316\234\333_\237"
 188      3CAE039B 
 188      1F5B3B55 
 188      E7CE9CDB 
 188      5F9F
 189 0069 F39DD3DD 		.ascii	"\363\235\323\335\247\317`\231L\326\200d2\023|J\227\311"
 189      A7CF6099 
 189      4CD68064 
 189      32137C4A 
 189      97C9
ARM GAS  /tmp/ccmcGExJ.s 			page 14


 190 007b 64119C4C 		.ascii	"d\021\234L\346\000\357\374@\340\247\354\024H\255\214"
 190      E600EFFC 
 190      40E0A7EC 
 190      1448AD8C 
 191 008b 7DC8FB26 		.ascii	"}\310\373&\220\013 m \035 = 0]\326+\263\375\020\234"
 191      900B206D 
 191      201D203D 
 191      20305DD6 
 191      2BB3FD10 
 192 00a0 BB60877C 		.ascii	"\273`\207|+\005;K@\336\001\371;\310z\220A\020/0\360"
 192      2B053B4B 
 192      40DE01F9 
 192      3BC87A90 
 192      41102F30 
 193 00b5 07101790 		.ascii	"\007\020\027\220!\320\357\200`\202\003}\031\310\022"
 193      21D0EF80 
 193      6082037D 
 193      19C812
 194 00c4 C47C34C9 		.ascii	"\304|4\311^\377\020.nv\374X\373\020\355\213\266\211"
 194      5EFF102E 
 194      6E76FC58 
 194      FB10ED8B 
 194      B689
 195 00d6 9F4121BE 		.ascii	"\237A!\276\025\210\371A\202-\351\247m\036\373$\216?"
 195      1588F941 
 195      822DE9A7 
 195      6D1EFB24 
 195      8E3F
 196 00e8 22969F0A 		.ascii	"\"\226\237\012\220\213B,[\341\335\317 \237\0116\177"
 196      908B422C 
 196      5BE1DDCF 
 196      209F0936 
 196      7F
 197 00f9 44CC4FDB 		.ascii	"D\314O\333\002\271\"yT,\020\203\224?\261\261L\260\337"
 197      02B92279 
 197      542C1083 
 197      943FB1B1 
 197      4CB0DF
 198 010c 6187F373 		.ascii	"a\207\363s\016\265\026d|\2179\004?\345\367\016\227T"
 198      0EB51664 
 198      7C8F3904 
 198      3FE5F70E 
 198      9754
 199 011e 7A202F4F 		.ascii	"z /OOE6\317\363:~\015*@\012\224\213\260\325\214Tx?\365"
 199      4F4536CF 
 199      F33A7E0D 
 199      2A400A94 
 199      8BB0D58C 
 200 0136 3919809F 		.ascii	"9\031\200\237\316\364[\307\363\333yc\022\217\227\311"
 200      CEF45BC7 
 200      F3DB7963 
 200      128F97C9 
 201 0146 D0079EE8 		.ascii	"\320\007\236\350}O\031\312C^tH\206\362\221':\201<\211"
 201      7D4F19CA 
 201      435E7448 
 201      86F29127 
 201      3A813C89 
ARM GAS  /tmp/ccmcGExJ.s 			page 15


 202 015a A7BBC9CF 		.ascii	"\247\273\311\317c\035\024\002Z\367\337\320;\373v\366"
 202      631D1402 
 202      5AF7DFD0 
 202      3BFB76F6 
 203 016a E1471C72 		.ascii	"\341G\034rW<\"\344P\372\221\276gn\240+\025o\021\265"
 203      573C22E4 
 203      50FA91BE 
 203      676EA02B 
 203      156F11B5 
 204 017e AA68A2CB 		.ascii	"\252h\242\313\225\016/'juRk\252#\035\225\023\265\254"
 204      950E2F27 
 204      6A75526B 
 204      AA231D95 
 204      13B5AC
 205 0191 E6D10B0F 		.ascii	"\346\321\013\017\252\276IT\355@\364v\017\342\231\347"
 205      AABE4954 
 205      ED40F476 
 205      0FE299E7 
 206 01a1 13B5BC4B 		.ascii	"\023\265\274K\253;\014\240b\360U\002\276d\250\214\372"
 206      AB3B0CA0 
 206      62F05502 
 206      BE64A88C 
 206      FA
 207 01b2 7ECF1395 		.ascii	"~\317\023\2252\327]\217\352\343\035\027%R8\317/G4\015"
 207      32D75D8F 
 207      EAE31D17 
 207      255238CF 
 207      2F47340D 
 208 01c6 85002FA2 		.ascii	"\205\000/\242\360r\264H\234D\320'\363\307\017yX\243"
 208      F072B448 
 208      9C44D027 
 208      F3C70F79 
 208      58A3
 209 01d8 4F2E84AE 		.ascii	"O.\204\256\033\217NuP\356&I\020\250T\240EV\\N!\262\246"
 209      1B8F4E75 
 209      50EE2649 
 209      10A854A0 
 209      45565C4E 
 210 01ef F41BD0F5 		.ascii	"\364\033\320\365uS-\012\354D\023\220\225z\247W\361A"
 210      75532D0A 
 210      EC441390 
 210      957AA757 
 210      F141
 211 0201 3E5D9986 		.ascii	">]\231\206\006\316\262\202q:C\233\002/\245\240\350\343"
 211      06CEB282 
 211      713A439B 
 211      022FA5A0 
 211      E8E3
 212 0213 67E39C20 		.ascii	"g\343\234 \360w\024t\350v\372t\266\013U\311\251\365"
 212      F0771474 
 212      E876FA74 
 212      B60B55C9 
 212      A9F5
 213 0225 80575CEB 		.ascii	"\200W\\\353C>\313\035y\321%6\266'\265\274\311\363rT"
 213      433ECB1D 
 213      79D12536 
 213      B627B5BC 
ARM GAS  /tmp/ccmcGExJ.s 			page 16


 213      C9F37254 
 214 0239 0394CF20 		.ascii	"\003\224\317 \214N\243\017\210s2\233|t\026\23223Gt\026"
 214      8C4EA30F 
 214      8873329B 
 214      7C74169A 
 214      32334774 
 215 024e 96EB1D05 		.ascii	"\226\353\035\005\305\242*xYM\263\306\235\237\255\213"
 215      C5A22A78 
 215      594DB3C6 
 215      9D9FAD8B 
 216 025e 71400A2F 		.ascii	"q@\012/\373\223\352\354L\242\024\362\264IK\010\205Z"
 216      FB93EAEC 
 216      4CA214F2 
 216      B4494B08 
 216      855A
 217 0270 A05069A1 		.ascii	"\240Pi\241P\203\004\016d\000\"\321\025\226\324\270\310"
 217      5083040E 
 217      640022D1 
 217      1596D4B8 
 217      C8
 218 0281 39A6A37F 		.ascii	"9\246\243\177\322U>\324s2]i~W\217\350\313\302\275/\232"
 218      D2553ED4 
 218      73325D69 
 218      7E578FE8 
 218      CBC2BD2F 
 219 0296 954B5384 		.ascii	"\225KS\204\265~C\216\374\226X\245\367\034Z\012\317\006"
 219      B57E438E 
 219      FC9658A5 
 219      F71C5A0A 
 219      CF06
 220 02a8 80D2FC94 		.ascii	"\200\322\374\224\365\026d*p\024M]I\357@>^\236\311\353"
 220      F516642A 
 220      70144D5D 
 220      49EF403E 
 220      5E9EC9EB 
 221 02bc 4B8C7139 		.ascii	"K\214q9\2318\215\327o\347\347L&D'\241F35\031\371\315"
 221      99388DD7 
 221      6FE7E74C 
 221      264427A1 
 221      46333519 
 222 02d2 A835A1E5 		.ascii	"\2505\241\345\363P\273Q>\367\314c^\026\347)\213f\221"
 222      F350BB51 
 222      3EF7CC63 
 222      5E16E729 
 222      8B6691
 223 02e5 4567DCAE 		.ascii	"Eg\334\256\363J\\\206(\215\332\216s/\035(\015\375\241"
 223      F34A5C86 
 223      288DDA8E 
 223      732F1D28 
 223      0DFDA1
 224 02f8 2CC756BE 		.ascii	",\307V\276\301d\372\234L@-V\014ZD\006\027(\203\375g"
 224      C164FA9C 
 224      4C402D56 
 224      0C5A4406 
 224      172883FD 
 225 030d AAB46EB8 		.ascii	"\252\264n\270\231\031(y\232\252ub\006\252\315\006H\010"
 225      99192879 
ARM GAS  /tmp/ccmcGExJ.s 			page 17


 225      9AAA7562 
 225      06AACD06 
 225      4808
 226 031f AD56065A 		.ascii	"\255V\006ZE\003m\324\300@\034?%\307w\230\201\351\206"
 226      45036DD4 
 226      C0401C3F 
 226      25C77798 
 226      81E986
 227 0332 C9278281 		.ascii	"\311'\202\201A\033\006\355V\006\332E\003\035\324@\352"
 227      411B06ED 
 227      5606DA45 
 227      031DD440 
 227      EA
 228 0343 EE549DD2 		.ascii	"\356T\235\322f[\223S`\211\270\223mk@\232~I\033G4[\360"
 228      665B9353 
 228      6089B893 
 228      6D6B409A 
 228      7E491B47 
 229 035a 4EC89631 		.ascii	"N\310\2261\256`\330e\336l]\244\331\352\022\263U\234"
 229      AE60D865 
 229      DE6C5DA4 
 229      D9EA12B3 
 229      559C
 230 036c 7C67CC19 		.ascii	"|g\314\031\2171\256\271\247\036\224 \340j\340\215\263"
 230      8F31AEB9 
 230      A71E9420 
 230      E06AE08D 
 230      B3
 231 037d 43636BF6 		.ascii	"Cck\366i\023\263y\203\311\3646\235\205\272\255\010w"
 231      6913B379 
 231      83C9F436 
 231      9D85BAAD 
 231      0877
 232 038f 8B847B28 		.ascii	"\213\204{(\341\007I)F\214\323i\341C;J'{]q6S\022\372"
 232      E1074929 
 232      468CD369 
 232      E1433B4A 
 232      277B5D71 
 233 03a7 5FA478BC 		.ascii	"_\244x\274]\306e@y\203\263I\275\224wW\272\277{\224\357"
 233      5DC66540 
 233      7983B349 
 233      BD947757 
 233      BABF7B94 
 234 03bc D11BE376 		.ascii	"\321\033\343v\214.\213N\324oO\344IV\350\341\275\004"
 234      8C2E8B4E 
 234      D46F4FE4 
 234      4956E8E1 
 234      BD04
 235 03ce 5E208D56 		.ascii	"^ \215Vg\3762\361\205\256 \240\321\213\336\265:\226"
 235      67FE32F1 
 235      85AE20A0 
 235      D18BDEB5 
 235      3A96
 236 03e0 4BD8B14C 		.ascii	"K\330\261L\3508t\016S\325D]\036\274\324\177Z\216{\230"
 236      E838740E 
 236      53D5445D 
 236      1EBCD47F 
ARM GAS  /tmp/ccmcGExJ.s 			page 18


 236      5A8E7B98 
 237 03f4 FFDD374E 		.ascii	"\377\3357Nt:\341~\252pI\367&r\220x\250lk\354u8QK\204"
 237      743AE17E 
 237      AA7049F7 
 237      26729078 
 237      A86C6BEC 
 238 040d 1375155C 		.ascii	"\023u\025\\_\023OT\373+\003\"'j\000V\240\337r\242\226"
 238      5F134F54 
 238      FB2B0322 
 238      276A0056 
 238      A0DF72A2 
 239 0422 28C48AC1 		.ascii	"(\304\212\301\031\372r\376a\337\350\315\371\214\346"
 239      19FA72FE 
 239      61DFE8CD 
 239      F98CE6
 240 0431 693B7E47 		.ascii	"i;~G\214\336\000\243}\026\243\003\310l\025]\213\213"
 240      8CDE00A3 
 240      7D16A303 
 240      C86C155D 
 240      8B8B
 241 0443 3E884995 		.ascii	">\210I\225\325\376\012\243h\220\036\353\241=\374\204"
 241      D5FE0AA3 
 241      68901EEB 
 241      A13DFC84 
 242 0453 9C9671BD 		.ascii	"\234\226q\275\201F\337\335n\322\271\323\312\035CK\367"
 242      8146DFDD 
 242      6ED2B9D3 
 242      CA1D434B 
 242      F7
 243 0464 AEF6BE01 		.ascii	"\256\366\276\001G|\227\245\346ic\366V\346\340W\325\027"
 243      477C97A5 
 243      E66963F6 
 243      56E6E057 
 243      D517
 244 0476 9871B6F3 		.ascii	"\230q\266\363D1G\355\363\234\365\265\241d\327\306d\226"
 244      443147ED 
 244      F39CF5B5 
 244      A164D7C6 
 244      6496
 245 0488 E109A2AA 		.ascii	"\341\011\242\252\023Q\015s\211\374\002\367\304\003\361"
 245      13510D73 
 245      89FC02F7 
 245      C403F1
 246 0497 9EB8CF8C 		.ascii	"\236\270\317\214\227\227Mv\273[*\277\206\236\377\273"
 246      97974D76 
 246      BB5B2ABF 
 246      869EFFBB 
 247 04a7 00BF47E1 		.ascii	"\000\277G\341\017i\345\177 V\376\270\341\211Y\007k\364"
 247      0F69E57F 
 247      2056FEB8 
 247      E1895907 
 247      6BF4
 248 04b9 9D85D0B7 		.ascii	"\235\205\320\267\362\253\233]\361\010\213\273\345q]"
 248      F2AB9B5D 
 248      F1088BBB 
 248      E5715D
 249 04c8 829245E1 		.ascii	"\202\222E\341H\217x}A\254\013\245\375=Qo\366\\-`9[J"
ARM GAS  /tmp/ccmcGExJ.s 			page 19


 249      488F787D 
 249      41AC0BA5 
 249      FD3D516F 
 249      F65C2D60 
 250 04df D4B97BBA 		.ascii	"\324\271{\272q\207\371\243\030\021\243x\302\242\250"
 250      7187F9A3 
 250      1811A378 
 250      C2A2A8
 251 04ee 2B194973 		.ascii	"+\031Is\224F\361\030\340\303\024\376\224\362\032\021"
 251      9446F118 
 251      E0C314FE 
 251      94F21A11 
 252 04fe 7965F7EF 		.ascii	"ye\367\357=\214\361s\306k\327a\32317<\303\224\224\232"
 252      3D8CF173 
 252      C66BD761 
 252      D331373C 
 252      C394949A 
 253 0512 C3498C14 		.ascii	"\303I\214\024O\365\256\314\214\323\030\363\230*\315"
 253      4FF5AECC 
 253      8CD318F3 
 253      982ACD
 254 0521 976E14B0 		.ascii	"\227n\024\260\373YOu\335\371\251\0369\216e\203\342\""
 254      FB594F75 
 254      DDF9A91E 
 254      398E6583 
 254      E222
 255 0533 2985457A 		.ascii	")\205EzX\330\222\345\216\023\330`K\327\245\373l\211"
 255      58D892E5 
 255      8E13D860 
 255      4BD7A5FB 
 255      6C89
 256 0545 F474F0E5 		.ascii	"\364t\360\345\343s\307\235p*\033\234N\216MafyL\213K"
 256      E373C79D 
 256      702A1B9C 
 256      4E8E4D61 
 256      66794C8B 
 257 055a 656A9B1B 		.ascii	"ej\233\033\316`\203\235i\331\331J6\223\016\336\350L"
 257      CE60839D 
 257      69D9D94A 
 257      36930EDE 
 257      E84C
 258 056c 9C51E25C 		.ascii	"\234Q\342\\6\270\327x)^`KK\320\323\234\331a\266\021"
 258      36B8D778 
 258      295E604B 
 258      4BD0D39C 
 258      D961B611 
 259 0580 7977CA69 		.ascii	"yw\312i\2522\227\345\224\355K\376\325\001!\345\237\320"
 259      AA3297E5 
 259      94ED4BFE 
 259      D50121E5 
 259      9FD0
 260 0592 ABA7E140 		.ascii	"\253\247\341@\217\313\3749\3469!\307&\226\343\336\213"
 260      8FCBFC39 
 260      E63921C7 
 260      2696E3DE 
 260      8B
 261 05a3 99FB5FDB 		.ascii	"\231\373_\333)\277\000|\216\302\243\271E\342$\202\236"
ARM GAS  /tmp/ccmcGExJ.s 			page 20


 261      29BF007C 
 261      8EC2A3B9 
 261      45E22482 
 261      9E
 262 05b4 993B31EA 		.ascii	"\231;1\352\206O2\2429\015\223{Xr\364\224h^}R\256@\324"
 262      864F32A2 
 262      390D937B 
 262      5872F494 
 262      685E7D52 
 263 05cb 83A639CD 		.ascii	"\203\2469\315P\301\210\032)>\246O\327\355D\365QV!\237"
 263      50C1881A 
 263      293EA64F 
 263      D7ED44F5 
 263      5156219F 
 264 05df 5D29719E 		.ascii	"])q\236\237\351.\221\351N\2162\235\272u\272\326\246"
 264      9FE92E91 
 264      E94E8E32 
 264      9DBA75BA 
 264      D6A6
 265 05f1 9B21073E 		.ascii	"\233!\007>\206\363D;8\002\327Q\246\273D\246su\323\035"
 265      86F3443B 
 265      3802D751 
 265      A6BB44A6 
 265      7375D31D 
 266 0605 4A6BF4E0 		.ascii	"Jk\364\340B\350#\275\317\323\225\270\022\333\354i\245"
 266      42E823BD 
 266      CFD395B8 
 266      12DBEC69 
 266      A5
 267 0616 B0A78DFA 		.ascii	"\260\247\215\3723w\\X\\G)\300\2243\222\354L\001\211"
 267      33775C58 
 267      5C4729C0 
 267      943392EC 
 267      4C0189
 268 0629 BF25FAB1 		.ascii	"\277%\372\261\355\325C\254\001\324:\020\275`\346\312"
 268      EDD543AC 
 268      01D43A10 
 268      BD60E6CA 
 269 0639 9305B6F9 		.ascii	"\223\005\266\371^1\260\004\026X\374\365r\271t\005\342"
 269      5E31B004 
 269      1658FCF5 
 269      72B97405 
 269      E2
 270 064a 80693C65 		.ascii	"\200i<e\232H\231\356\025\231^;\177\375\246\033\256b"
 270      9A4899EE 
 270      15995E3B 
 270      7FFDA61B 
 270      AE62
 271 065c 4CF32AAE 		.ascii	"L\363*\256\032\330\0164\322*a\234\232\275\354\202\233"
 271      1AD80E34 
 271      D22A619C 
 271      9ABDEC82 
 271      9B
 272 066d D8A0F6E4 		.ascii	"\330\240\366\344\255i\005\013\203\324+\217\351\274="
 272      AD69050B 
 272      83D42B8F 
 272      E9BC3D
ARM GAS  /tmp/ccmcGExJ.s 			page 21


 273 067c 6FA315E2 		.ascii	"o\243\025\342g1yx\351I\001M\035-\363O\342\371\354e\304"
 273      67317978 
 273      E949014D 
 273      1D2DF34F 
 273      E2F9EC65 
 274 0691 17DAC761 		.ascii	"\027\332\307a\224\311-63@I\224\306\237\340!\323\363"
 274      94C92D36 
 274      33404994 
 274      C69FE021 
 274      D3F3
 275 06a3 31D1FA33 		.ascii	"1\321\3723+[W\243!\270]\036!\206\024+\005\204d\005\324"
 275      2B5B57A3 
 275      21B85D1E 
 275      2186142B 
 275      05846405 
 276 06b8 EA3B0B1D 		.ascii	"\352;\013\035\001IjI\262`\323\\\023\367Kl\326\2116'"
 276      01496A49 
 276      B260D35C 
 276      13F74B6C 
 276      D6893627 
 277 06cc A536A790 		.ascii	"\2456\247\220\025\222\347\365U\004\011'\037=\023\220"
 277      1592E7F5 
 277      55040927 
 277      1F3D1390 
 278 06dc 623D108A 		.ascii	"b=\020\212\225\005Y+\"_H\221/%\310z\0219-E\276\222 "
 278      9505592B 
 278      225F4891 
 278      2F25C87A 
 278      11392D45 
 279 06f3 CF8AC8E7 		.ascii	"\317\212\310\347R\344\030\262\215\250U\214hF\032\321"
 279      52E418B2 
 279      8DA8558C 
 279      68461AD1 
 280 0703 AC05B94F 		.ascii	"\254\005\271OX\3645\032\031\272\005\343\267\351\020"
 280      58F4351A 
 280      19BA05E3 
 280      B7E910
 281 0712 41C36D81 		.ascii	"A\303m\201\2628/t\200[\201\322@\216\201\034\006\321"
 281      B2382F74 
 281      805B81D2 
 281      408E811C 
 281      06D1
 282 0724 831C0249 		.ascii	"\203\034\002I\005I\007\311\0009\002r\024$\005\344 \267"
 282      054907C9 
 282      00390272 
 282      142405E4 
 282      20B7
 283 0736 825E7A94 		.ascii	"\202^z\224m\033\341\000'\030m\027\362/\236k\244\225"
 283      6D1BE100 
 283      27186D17 
 283      F22F9E6B 
 283      A495
 284 0748 E4BF4664 		.ascii	"\344\277Fd;.e;!\211\253}e\352j\024\0136w\0136\3053\205"
 284      3B2E653B 
 284      2189AB7D 
 284      65EA6A14 
 284      0B36770B 
ARM GAS  /tmp/ccmcGExJ.s 			page 22


 285 0760 F6486C56 		.ascii	"\366HlV\2136G\2456\215\026\233\344\0067\024\025:\362"
 285      8B3647A5 
 285      368D169B 
 285      E4063714 
 285      153AF2
 286 0773 88406462 		.ascii	"\210@dbOd\356\007F^\314\316\270\243\305^\3662\205r "
 286      4F64EE07 
 286      465ECCCE 
 286      B8A3C55E 
 286      F6328572 
 287 0788 41FF8B64 		.ascii	"A\377\213dQ\022]\361\310\031e\2035\203\245\207 \224"
 287      51125DF1 
 287      C8196583 
 287      3583A587 
 287      2094
 288 079a C41EE2F8 		.ascii	"\304\036\342\370\276<\275\243M\037\231m\265\243e\350"
 288      BE3CBDA3 
 288      4D1F996D 
 288      B5A365E8 
 289 07aa 38C7FE1E 		.ascii	"8\307\376\036\3017\251\360\206\322&\316\006M\272>\013"
 289      C137A9F0 
 289      86D226CE 
 289      064DBA3E 
 289      0B
 290 07bb 3A5740E7 		.ascii	":W@\347Rt\315\255\330aVa\014\316\304W\273)9\332\201"
 290      5274CDAD 
 290      D8615661 
 290      0CCEC457 
 290      BB2939DA 
 291 07d0 1EDD387A 		.ascii	"\036\3358z\224\313\206\342wz\340\0309\353\302\264m\371"
 291      94CB86E2 
 291      777AE018 
 291      39EBC2B4 
 291      6DF9
 292 07e2 0AB1D7D0 		.ascii	"\012\261\327\320\375\252^\243\266\273\250\321\003\307"
 292      FDAA5EA3 
 292      B6BBA8D1 
 292      03C7
 293 07f0 B3F91D13 		.ascii	"\263\371\035\023\015%.8\231)/F\033\007\235q*S\262S\016"
 293      0D252E38 
 293      99292F46 
 293      1B079D71 
 293      2A53B253 
 294 0805 9C646E29 		.ascii	"\234dn)\213\212Nm\235#\316`c\025\261\247\272\034q\226"
 294      8B8A4E6D 
 294      9D23CE60 
 294      6315B1A7 
 294      BA1C7196 
 295 0819 60E2EED4 		.ascii	"`\342\356\3248\253\220oPF\007\366C\333\237\313\306\304"
 295      38AB906F 
 295      504607F6 
 295      43DB9FCB 
 295      C6C4
 296 082b 0EC09D75 		.ascii	"\016\300\235u\000\223;\214\261\254\012)\211:\224\230"
 296      00933B8C 
 296      B1AC0A29 
 296      893A9498 
ARM GAS  /tmp/ccmcGExJ.s 			page 23


 297 083b 57CC66BA 		.ascii	"W\314f\272\322?\307\3173\017\270\315_)O\213\225\262"
 297      D23FC7CF 
 297      330FB8CD 
 297      5F294F8B 
 297      95B2
 298 084d 9255CA8C 		.ascii	"\222U\312\214\236\276t7\351\025P\001\033\360\024\335"
 298      9EBE7437 
 298      E9155001 
 298      1BF014DD 
 299 085d 7B6768A9 		.ascii	"{gh\251<-\226\312\272\231[\227]\245W\300\274\350\372"
 299      3C2D96CA 
 299      BA995B97 
 299      5DA557C0 
 299      BCE8FA
 300 0870 8931932B 		.ascii	"\2111\223+.`A\244Mv\266\260\177\351\313\210\332\323"
 300      2E6041A4 
 300      4D76B6B0 
 300      7FE9CB88 
 300      DAD3
 301 0882 D274C315 		.ascii	"\322t\303\025\027\2631\035\257-T\340SL\311\273{1\211"
 301      17B3311D 
 301      AF2D54E0 
 301      534CC9BB 
 301      7B3189
 302 0895 95FEF768 		.ascii	"\225\376\367h\001\276\377$\335\015W\263\261\341cy\375"
 302      01BEFF24 
 302      DD0D57B3 
 302      B1E16379 
 302      FD
 303 08a6 4A5CCF94 		.ascii	"J\\\317\224\333\223\267\033\331\345\267\232\250\347"
 303      DB93B71B 
 303      D9E5B79A 
 303      A8E7
 304 08b4 B66754BA 		.ascii	"\266gT\272\342f664\2224*\307\355L\211n(\274\302\200"
 304      E2663636 
 304      3492342A 
 304      C7ED4C89 
 304      6E28BCC2 
 305 08c9 9FD29B69 		.ascii	"\237\322\233i\354\330Ng\334\315\306\312\262r*Yn\327"
 305      ECD84E67 
 305      DCCDC6CA 
 305      B2722A59 
 305      6ED7
 306 08db D0BCEF29 		.ascii	"\320\274\357)59\315\237\275\013b\366\336\247\311\213"
 306      3539CD9F 
 306      BD0B62F6 
 306      DEA7C98B 
 307 08eb CEC83160 		.ascii	"\316\3101`!\035z\361\236i\201t\024\323t\264\322t\\\020"
 307      211D7AF1 
 307      9E698174 
 307      14D374B4 
 307      D2745C10 
 308 08ff D3D1969C 		.ascii	"\323\321\226\2341\344h\215.\340\026@W5\366\315\271\342"
 308      31E4688D 
 308      2EE01640 
 308      5735F6CD 
 308      B9E2
ARM GAS  /tmp/ccmcGExJ.s 			page 24


 309 0911 5E5B964A 		.ascii	"^[\226J\306rV\313\227\273\340~6VU\2328\315z\202\365"
 309      C67256CB 
 309      97BBE07E 
 309      3656559A 
 309      38CD7A82 
 310 0926 446DD4F1 		.ascii	"Dm\324\361G\225\370\246\334\246Ms\027\332\264\204\242"
 310      4795F8A6 
 310      DCA64D73 
 310      17DAB484 
 310      A2
 311 0937 EC71B608 		.ascii	"\354q\266\010\264I\312;z\263\023\317\037\355%1\332\036"
 311      B449CA3B 
 311      7AB313CF 
 311      1FED2531 
 311      DA1E
 312 0949 61AF3CE9 		.ascii	"a\257<\351\311\367\220^\253\335\020@\031\015\3402\015"
 312      C9F7905E 
 312      ABDD1040 
 312      190DE032 
 312      0D
 313 095a E09218C0 		.ascii	"\340\222\030\300\356\351\322zl\215&\341\316\213\036"
 313      EEE9D27A 
 313      6C8D26E1 
 313      CE8B1E
 314 0969 2DCB8376 		.ascii	"-\313\203v\301 \254^\335\010\317\332 ?\353~\322]\350"
 314      C120AC5E 
 314      DD08CFDA 
 314      203FEB7E 
 314      D25DE8
 315 097c 27533ACE 		.ascii	"'S:\316\014\262\003@{\205\374\373\245\217\026hz\372"
 315      0CB20340 
 315      7B85FCFB 
 315      A58F1668 
 315      7AFA
 316 098e C5284AD8 		.ascii	"\305(J\330\311\255>V\261I\032\3045\240\325Gi\015PZ\375"
 316      C9AD3E56 
 316      B1491AC4 
 316      35A0D547 
 316      690D505A 
 317 09a3 22AD9733 		.ascii	"\"\255\2273\005C\257\0051/z\344Z\323\036%~\300\2028"
 317      0543AF05 
 317      312F7AE4 
 317      5AD31E25 
 317      7EC08238 
 318 09b7 925036CD 		.ascii	"\222P6\315\332\325\237\210\272\363`L\227\034\017\013"
 318      DAD59F88 
 318      BAF3604C 
 318      971C0F0B 
 319 09c7 47BFBE7C 		.ascii	"G\277\276|\214\235Y\035\321\227\026\335~X\341l\351$"
 319      8C9D591D 
 319      D19716DD 
 319      7E58E16C 
 319      E924
 320 09d9 5658F714 		.ascii	"VX\367\024^\344\3467\230\272\332\225\274p\367\227\303"
 320      5EE4E637 
 320      98BADA95 
 320      BC70F797 
ARM GAS  /tmp/ccmcGExJ.s 			page 25


 320      C3
 321 09ea 3D31667D 		.ascii	"=1f}\367\263\214\026#s\2370g\356\023J\355c--Ef\261\010"
 321      F7B38C16 
 321      23739F30 
 321      67EE134A 
 321      ED632D2D 
 322 0a02 1D94426F 		.ascii	"\035\224BoI\240\263f\253ERh\2615t\177\264>U\005\310"
 322      49A0B366 
 322      AB455268 
 322      B135747F 
 322      B43E5505 
 323 0a17 36B8D3DA 		.ascii	"6\270\323\332\005\244\270\317Q\207\304\350^\263\377"
 323      05A4B8CF 
 323      5187C4E8 
 323      5EB3FF
 324 0a26 F352A3CD 		.ascii	"\363R\243\3156a\355\327\352\017Q,Y\202\213Rl\227m\012"
 324      3661EDD7 
 324      EA0F512C 
 324      59828B52 
 324      6C976D0A 
 325 0a3a A2F53A15 		.ascii	"\242\365:\025\334\252U\300\240Z\200\212e\012\235\265"
 325      DCAA55C0 
 325      A05A808A 
 325      650A9DB5 
 326 0a4a E1AAD5BF 		.ascii	"\341\252\325\277*\024\255\236\224Z}\317\026\231f\366"
 326      2A14AD9E 
 326      945A7DCF 
 326      169966F6 
 327 0a5a DF69DFBF 		.ascii	"\337i\337\277%\254\004sXM\366\303\262@g\314i-\264\353"
 327      25AC0473 
 327      584DF6C3 
 327      B24067CC 
 327      692DB4EB 
 328 0a6e DF6A5D77 		.ascii	"\337j]w\233\255\326J\241u\326V\241S\311 +\000\373\223"
 328      9BADD64A 
 328      A175D656 
 328      A153C920 
 328      2B00FB93 
 329 0a82 76750429 		.ascii	"vu\004)\356Zt\3236\255\321\372\303\004z\035\24078\011"
 329      EE5A74D3 
 329      36ADD1FA 
 329      C3047A1D 
 329      A0373809 
 330 0a96 7418D952 		.ascii	"t\030\331R\375\305L\265\304\376\016\260\342\272\307"
 330      FDC54CB5 
 330      C4FE0EB0 
 330      E2BAC7
 331 0aa5 CCB5DE3E 		.ascii	"\314\265\336>W+l\274\031\333(\305\236\223b\343\314\330"
 331      572B6CBC 
 331      19DB28C5 
 331      9E9362E3 
 331      CCD8
 332 0ab7 06FBD8D7 		.ascii	"\006\373\330\327\372\300<\010\347\004\035\032\023Z\233"
 332      FAC03C08 
 332      E7041D1A 
 332      135A9B
 333 0ac6 17D0DA0C 		.ascii	"\027\320\332\014A\2732\014r\027\344\031\210\001\344"
ARM GAS  /tmp/ccmcGExJ.s 			page 26


 333      41BB320C 
 333      7217E419 
 333      8801E4
 334 0ad5 36C84390 		.ascii	"6\310C\220\011\220' \243 \317A\214 \217A\356\203\334"
 334      09902720 
 334      A320CF41 
 334      8C208F41 
 334      EE83DC
 335 0ae8 037904F2 		.ascii	"\003y\004\362\000d\034\344)\310\010\310\035s\237\010"
 335      00641CE4 
 335      29C808C8 
 335      1D739F08 
 336 0af8 294D2729 		.ascii	")M')\275\002)\355\0258\212\205\017]\225\254~\2549\234"
 336      BD0229ED 
 336      15388A85 
 336      0F5D95AC 
 336      7EAC399C 
 337 0b0c 1A6938AC 		.ascii	"\032i8\254\375f\241\323\206j\212vuc\366\272\272\230"
 337      FD66A1D3 
 337      866A8A76 
 337      7563F6BA 
 337      BA98
 338 0b1e 810CBD23 		.ascii	"\201\014\275#\362ZLqG\"\234\321$X\312\347\314}\327\230"
 338      F25A4C71 
 338      47229CD1 
 338      2458CAE7 
 338      CC7DD798 
 339 0b32 D877D94B 		.ascii	"\330w\331K\014z\011\371\370\177\344\006J_\354\376\253"
 339      0C7A09F9 
 339      F87FE406 
 339      4A5FECFE 
 339      AB
 340 0b43 15AE366D 		.ascii	"\025\2566m\334\244M\3237%\264q\344[\036\024\022\030"
 340      DCA44DD3 
 340      3725B471 
 340      E45B1E14 
 340      1218
 341 0b55 E9BC2534 		.ascii	"\351\274%4\\\363\321\207\001\032\307\257\276\376n\271"
 341      5CF3D187 
 341      011AC7AF 
 341      BEFE6EB9 
 342 0b65 8F4C1110 		.ascii	"\217L\021\020 \276Y\251\332\022\025\251\012\015\017"
 342      20BE59A9 
 342      DA1215A9 
 342      0A0D0F
 343 0b74 0ADBB229 		.ascii	"\012\333\262)X\025\036\374sX\350\017\252\315\201A!\241"
 343      58151EFC 
 343      7358E80F 
 343      AACD8141 
 343      21A1
 344 0b86 E1C1AA80 		.ascii	"\341\301\252\200M\301?\006n\011\323\004h\266\375\024"
 344      4DC13F06 
 344      6E09D304 
 344      68B6FD14 
 345 0b96 1CB52A44 		.ascii	"\034\265*D\266\302\036:j[\224* J\263\011,\002\344\215"
 345      B6C21E3A 
 345      6A5B942A 
ARM GAS  /tmp/ccmcGExJ.s 			page 27


 345      204AB309 
 345      2C02E48D 
 346 0baa F07F8706 		.ascii	"\360\177\207\006\255\013\017\374!,xcp\220&\"r\345\252"
 346      AD0B0FFC 
 346      212C7863 
 346      70902622 
 346      72E5AA
 347 0bbd 552A9F90 		.ascii	"U*\237\220\320\037B\277\361WED\251B\002\303T?EDj\242"
 347      D01F42BF 
 347      F1574544 
 347      A94202C3 
 347      543F4544 
 348 0bd3 5441119B 		.ascii	"TA\021\2337G\204\253\274\325\033|6lU\221i\253\202d\277"
 348      374784AB 
 348      BCD51B7C 
 348      366C5591 
 348      69AB8264 
 349 0be8 21DF6B43 		.ascii	"!\337kC\243,\363\337$o\374\2035\376\333\2424\301\233"
 349      A32CF3DF 
 349      246FFC83 
 349      35FEDBA2 
 349      34C19B
 350 0bfb D707866F 		.ascii	"\327\007\206o\012\013\216\364\213\014\215\210\014\325"
 350      0A0B8EF4 
 350      8B0C8D88 
 350      0CD5
 351 0c09 6CA3DE7C 		.ascii	"l\243\336|\302\202\003#\375\202\303\201\301\277\\\202"
 351      C2820323 
 351      FD82C381 
 351      C1BF5C82 
 352 0c19 4200B83E 		.ascii	"B\000\270>0L\363{[\277\221\0323\357\240\020\340\351"
 352      304CF37B 
 352      5BBF911A 
 352      33EFA010 
 352      E0E9
 353 0c2b 1C10F0E3 		.ascii	"\034\020\360\343\226\360\240\200\0007\361\307\252O\376"
 353      96F0A080 
 353      0037F1C7 
 353      AA4FFE
 354 0c3a FAD9EAB7 		.ascii	"\372\331\352\267\026\362&s\"i\3734@\343\302\022H~}\275"
 354      16F22673 
 354      2269FB34 
 354      40E3C212 
 354      487E7DBD 
 355 0c4e D1D727E0 		.ascii	"\321\327'\340[\310\217\334\327\177\235\332E\275\016"
 355      5BC88FDC 
 355      D77F9DDA 
 355      45BD0E
 356 0c5d 9E1BD7AD 		.ascii	"\236\033\327\255]-\367\365Y\247vV3\355\3170\350g\031"
 356      5D2DF7F5 
 356      59A77656 
 356      33EDCF30 
 356      E86719
 357 0c70 FC1006AD 		.ascii	"\374\020\006\255\324\217\344\276\336_X\324\2179_?\263"
 357      D48FE4BE 
 357      DE5F58D4 
 357      8F395F3F 
ARM GAS  /tmp/ccmcGExJ.s 			page 28


 357      B3
 358 0c81 F217B9FF 		.ascii	"\362\027\271\377\267\276\352\277\331\306\"d.x\253\206"
 358      B7BEEABF 
 358      D9C62264 
 358      2E78AB86 
 359 0c91 644FE5B3 		.ascii	"dO\345\263\301\337\327_\345\023\021\031\254\362\025"
 359      C1DFD75F 
 359      E5131119 
 359      ACF215
 360 0ca0 43042520 		.ascii	"C\004% h\363\307$P\177\237/(A\007\037\277\357|\327\202"
 360      68F3C724 
 360      507F9F2F 
 360      2841071F 
 360      BFEF7CD7 
 361 0cb5 6B7FB57C 		.ascii	"k\177\265|\343\267\337\250\035\274}\325>j\354\017\342"
 361      E3B7DFA8 
 361      1DBC7DD5 
 361      3E6AEC0F 
 361      E2
 362 0cc6 43BED7FB 		.ascii	"C\276\327\3739\370\257'\203>_\302c=y\254\205\207\303"
 362      39F8AF27 
 362      833E5FC2 
 362      633D79AC 
 362      8587C3
 363 0cd9 860D5F7A 		.ascii	"\206\015_z\253\345_\220\2077\350\330\357K5^\013\342"
 363      ABE55F90 
 363      8737E8D8 
 363      EF4B355E 
 363      0BE2
 364 0ceb BD562D87 		.ascii	"\275V-\20715\304\346\255\006\343\336>\352\377\000\262"
 364      3135C4E6 
 364      AD06E3DE 
 364      3EEAFF00 
 364      B2
 365 0cfc 0CFEE1   		.ascii	"\014\376\341"
 366              		.text
 367              		.section	.gnu.lto_.symtab.6388e6da7f9681d7,"",%progbits
 368 0000 6E766963 		.ascii	"nvicEnableVector\000\000\000\000\000\000\000\000\000"
 368      456E6162 
 368      6C655665 
 368      63746F72 
 368      00000000 
 369 0019 000000C3 		.ascii	"\000\000\000\303\000\000\000nvicDisableVector\000\000"
 369      0000006E 
 369      76696344 
 369      69736162 
 369      6C655665 
 370 0033 00000000 		.ascii	"\000\000\000\000\000\000\000\000\000\000\307\000\000"
 370      00000000 
 370      0000C700 
 370      00
 371 0040 006E7669 		.ascii	"\000nvicSetSystemHandlerPriority\000\000\000\000\000"
 371      63536574 
 371      53797374 
 371      656D4861 
 371      6E646C65 
 372 0062 00000000 		.ascii	"\000\000\000\000\000\000\000\311\000\000\000nvicCle"
ARM GAS  /tmp/ccmcGExJ.s 			page 29


 372      000000C9 
 372      0000006E 
 372      76696343 
 372      6C65
 373 0074 61725065 		.ascii	"arPending\000\000\000\000\000\000\000\000\000\000\000"
 373      6E64696E 
 373      67000000 
 373      00000000 
 373      00000000 
 374 0088 00CB0000 		.ascii	"\000\313\000\000\000chSysHalt\000\000\002\000\000\000"
 374      00636853 
 374      79734861 
 374      6C740000 
 374      02000000 
 375 009c 00000000 		.ascii	"\000\000\000\000\000\000\320\000\000\000"
 375      0000D000 
 375      0000
 376              		.text
 377              		.section	.gnu.lto_.opts,"",%progbits
 378 0000 272D666E 		.ascii	"'-fno-trapv' '-mcpu=cortex-m4' '-mno-thumb-interwor"
 378      6F2D7472 
 378      61707627 
 378      20272D6D 
 378      6370753D 
 379 0033 6B272027 		.ascii	"k' '-mthumb' '-ggdb' '-O2' '-fomit-frame-pointer' '"
 379      2D6D7468 
 379      756D6227 
 379      20272D67 
 379      67646227 
 380 0066 2D66616C 		.ascii	"-falign-functions=16' '-ffunction-sections' '-fdata"
 380      69676E2D 
 380      66756E63 
 380      74696F6E 
 380      733D3136 
 381 0099 2D736563 		.ascii	"-sections' '-fno-common' '-flto'\000"
 381      74696F6E 
 381      73272027 
 381      2D666E6F 
 381      2D636F6D 
 382              		.text
 383              		.comm	__gnu_lto_v1,1,1
 384              		.comm	__gnu_lto_slim,1,1
 385              		.ident	"GCC: (15:4.9.3+svn231177-1) 4.9.3 20150529 (prerelease)"
ARM GAS  /tmp/ccmcGExJ.s 			page 30


DEFINED SYMBOLS
                            *ABS*:0000000000000000 nvic.c
                            *COM*:0000000000000001 __gnu_lto_v1
                            *COM*:0000000000000001 __gnu_lto_slim

NO UNDEFINED SYMBOLS
