ARM GAS  /tmp/cc8w7RsM.s 			page 1


   1              		.syntax unified
   2              		.cpu cortex-m4
   3              		.fpu softvfp
   4              		.eabi_attribute 20, 1
   5              		.eabi_attribute 21, 1
   6              		.eabi_attribute 23, 3
   7              		.eabi_attribute 24, 1
   8              		.eabi_attribute 25, 1
   9              		.eabi_attribute 26, 1
  10              		.eabi_attribute 30, 2
  11              		.eabi_attribute 34, 1
  12              		.eabi_attribute 18, 4
  13              		.thumb
  14              		.file	"stm32_isr.c"
  15              		.text
  16              	.Ltext0:
  17              		.section	.gnu.lto_.profile.22cd272264fbc6c6,"",%progbits
  18 0000 789C6366 		.ascii	"x\234cf```e\200\000F\206\245\214\252\000\002\240\000"
  18      60606065 
  18      80004686 
  18      A58CAA00 
  18      02A000
  19 0013 D5       		.ascii	"\325"
  20              		.text
  21              		.section	.gnu.lto_.jmpfuncs.22cd272264fbc6c6,"",%progbits
  22 0000 789C6366 		.ascii	"x\234cf\300\016\376Bi&\020f\372\310\304\270\367\376"
  22      C00EFE42 
  22      69261066 
  22      FAC8C4B8 
  22      F7FE
  23 0012 ED87CC2F 		.ascii	"\355\207\314/\230~21h00.g\224b\000\011~\376\367y/\023"
  23      987E3231 
  23      6830302E 
  23      67946200 
  23      097EFEF7 
  24 0029 58908D81 		.ascii	"X\220\215\201q\005H\020$:\347\374\227\007\034`Qq\006"
  24      71054810 
  24      243AE7FC 
  24      97071C60 
  24      517106
  25 003c C6952051 		.ascii	"\306\225 Q\204\\\323\351#\227!:\270\030\030W\241\312"
  25      845CD3E9 
  25      2397213A 
  25      B8181857 
  25      A1CA
  26 004e 7D59F3EB 		.ascii	"}Y\363\35327X\216\223\201q5\252\334\215\205o\246\361"
  26      3237588E 
  26      93817135 
  26      AADC8D85 
  26      6FA6F1
  27 0061 82E53818 		.ascii	"\202\3458\030\030\327\240\312}\377s\274\225\037,\307"
  27      18D7A0CA 
  27      7DFF73BC 
  27      951F2CC7 
  28 0071 CEC0B816 		.ascii	"\316\300\270\026I\016B\201IF\006\006F&\260\273\201\324"
  28      490E4281 
  28      49460606 
ARM GAS  /tmp/cc8w7RsM.s 			page 2


  28      4626B0BB 
  28      81D4
  29 0083 4A08B50A 		.ascii	"J\010\265\012B\255\206Pk \324Z\010\005\322\303\000\000"
  29      42AD8650 
  29      6B20D45A 
  29      0805D2C3 
  29      0000
  30 0095 D03D3CC2 		.ascii	"\320=<\302"
  31              		.text
  32              		.section	.gnu.lto_.inline.22cd272264fbc6c6,"",%progbits
  33 0000 789C6366 		.ascii	"x\234cf\300\016\232\2414\023\003\203\3045\006F\020\315"
  33      C00E9AA1 
  33      34130383 
  33      C4350646 
  33      10CD
  34 0012 C0B6401E 		.ascii	"\300\266@\036D10\363\200\305\211\247\030\031\004\317"
  34      443130F3 
  34      80C589A7 
  34      181904CF 
  35 0022 A399C1C4 		.ascii	"\243\231\301\304\015\022&\206d\000\000\253\306\004\305"
  35      0D122686 
  35      640000AB 
  35      C604C5
  36              		.text
  37              		.section	.gnu.lto_.pureconst.22cd272264fbc6c6,"",%progbits
  38 0000 789C6366 		.ascii	"x\234cf```e\200\000&\006\011F\011\000\000\361\000<"
  38      60606065 
  38      80002606 
  38      09460900 
  38      00F1003C 
  39              		.text
  40              		.section	.gnu.lto_irqInit.22cd272264fbc6c6,"",%progbits
  41 0000 789C7DD1 		.ascii	"x\234}\321\275KBQ\024\000\360s\316\013{%a\264$\375\003"
  41      BD4B4251 
  41      1400F073 
  41      CE0B7B25 
  41      61B424FD 
  42 0015 35F940A3 		.ascii	"5\371@\243\265!h\213\006\333\243Z\022\012C\035\\\304"
  42      B521688B 
  42      06DBA35A 
  42      120A431D 
  42      5CC4
  43 0027 A7283485 		.ascii	"\247(4\205\223ID\020\021}h\332wK\302\033\202\206 \007"
  43      93494410 
  43      117D68DA 
  43      774BC21B 
  43      82862007 
  44 003b 8782A20F 		.ascii	"\207\202\242\017((hH\236\020/+\273\367\335!\036\301"
  44      28286848 
  44      9E102F2B 
  44      BBF7DD21 
  44      1EC1
  45 004d BB70EEB9 		.ascii	"\273p\356\271p\316\371\015\367H\360\377\364\260\030"
  45      70CEF90D 
  45      F748F0FF 
  45      F4B018
  46 005c 24800196 		.ascii	"$\200\001\226Q\002\244\314%@B&D\376\000\2048a\034_\251"
ARM GAS  /tmp/cc8w7RsM.s 			page 3


  46      5102A4CC 
  46      25404226 
  46      44FE0084 
  46      38611C5F 
  47 0071 4698D1F2 		.ascii	"F\230\321\3629g\357\272\252\252\357I\303\235v\033lL"
  47      3967EFBA 
  47      AAAAEF49 
  47      C39D761B 
  47      6C4C
  48 0083 27C1E006 		.ascii	"'\301\340\006\366\002\353\251\245\276\257\234\216\024"
  48      F602EBA9 
  48      A5BEAF9C 
  48      8E14
  49 0091 EBE91435 		.ascii	"\353\351\0245\334D\007\262\\\352\322\324fs-{\332hi\003"
  49      DC4407B2 
  49      5CEAD2D4 
  49      66732D7B 
  49      DA686903 
  50 00a5 786225EE 		.ascii	"xb%\356?\023\361,\335bZ[\254 o\346\312Ju\241H\261\206"
  50      3F13F12C 
  50      DD625A5B 
  50      AC206FE6 
  50      CA4A75A1 
  51 00bc 3AAFCA06 		.ascii	":\257\312\006\241N\014\300-\214\361\222\376\243\227"
  51      A14E0CC0 
  51      2D8CF192 
  51      FEA397
  52 00cb E9850C22 		.ascii	"\351\205\014\"\007\3406\366\3600H\002.\344\\v@^\000"
  52      07E036F6 
  52      F0304802 
  52      2EE45C76 
  52      405E00
  53 00de 1F5FE769 		.ascii	"\037_\347i\227\011\264\002\026\254\300\222-\260#\200"
  53      9709B402 
  53      16ACC092 
  53      2DB02380 
  54 00ee EBD5B76C 		.ascii	"\353\325\267l\207\011\310\200E+\260l\013\224\004P/|"
  54      8709C880 
  54      452BB06C 
  54      0B940450 
  54      2F7C
  55 0100 569D26D0 		.ascii	"V\235&\320\006\270k\005Vl\201=\001$/\316\252\342\017"
  55      06B86B05 
  55      566C813D 
  55      01242FCE 
  55      AAE20F
  56 0113 DA01F7AD 		.ascii	"\332\001\367\255\300\256-p \200\345J\375A6\201n\300"
  56      C0AE2D70 
  56      2080E54A 
  56      FD413681 
  56      6EC0
  57 0125 432BB06F 		.ascii	"C+\260o\013\034\011\240|\177\363(\231@\037\340\361\037"
  57      0B1C09A0 
  57      7C7FF328 
  57      99401FE0 
  57      F11F
  58 0137 708709ED 		.ascii	"p\207\011\355d\324\004\200o\031\371v\331\256\373=\036"
ARM GAS  /tmp/cc8w7RsM.s 			page 4


  58      64D40480 
  58      6F19F976 
  58      D9AEFB3D 
  58      1E
  59 0148 65683A30 		.ascii	"eh:0\031\030\365+\301\2602=1\243\314\005C\221\260\342"
  59      1918F52B 
  59      C1B0323D 
  59      31A3CC05 
  59      4391B0E2 
  60 015c 1F1BF179 		.ascii	"\037\033\361y\305=\354\213F\225pd\326\347\035\017\204"
  60      C53DEC8B 
  60      46957064 
  60      D6E71D0F 
  60      84
  61 016d 439E29F8 		.ascii	"C\236)\370\005\267\017\327\""
  61      05B70FD7 
  61      22
  62              		.text
  63              		.section	.gnu.lto_irqDeinit.22cd272264fbc6c6,"",%progbits
  64 0000 789C7DD1 		.ascii	"x\234}\321\277KBQ\024\007\360s\316\013{&a\264$\256\015"
  64      BF4B4251 
  64      1407F073 
  64      CE0B7B26 
  64      61B424AE 
  65 0015 36F940A3 		.ascii	"6\371@\243\177 h\013\007\333\243Z\024\012C\035\\\304"
  65      7F20680B 
  65      07DBA35A 
  65      140A431D 
  65      5CC4
  66 0027 67283485 		.ascii	"g(4\205S5DP\021\375\320\264\337\233\340\0204\00498\024"
  66      53354450 
  66      11FDD0B4 
  66      DF9BE010 
  66      34043938 
  67 003c 28565050 		.ascii	"(VPP\320\240)\205\231\331\275\357\016o\010\336\205w"
  67      D0A02985 
  67      99D9BDEF 
  67      0E6F08DE 
  67      8577
  68 004e CF83733E 		.ascii	"\317\203s>_\270\034\011\376\037;\373\206\011`\214U\224"
  68      5FB81C09 
  68      FE1F3BFB 
  68      8609608C 
  68      5594
  69 0060 0029750B 		.ascii	"\000)u\013\020\227\011\221\377\000B\2140\206oT'L\025"
  69      10970991 
  69      FF00428C 
  69      30866F54 
  69      274C15
  70 0073 D2EB16C7 		.ascii	"\322\353\026\307\256\252\252\265\355\216-ik1\326 \021"
  70      AEAAAAB5 
  70      ED8E2D69 
  70      6B31D620 
  70      11
  71 0084 837BE800 		.ascii	"\203{\350\0006SOt\356,\246\004\233\031\020=\334G\023"
  71      36534F74 
  71      EE2CA604 
ARM GAS  /tmp/cc8w7RsM.s 			page 5


  71      9B19103D 
  71      DC4713
  72 0097 B29A1B2C 		.ascii	"\262\232\033,\250\335\356\316Z\245\333c\006xf-\236\377"
  72      A8DDEECE 
  72      5AA5DB63 
  72      0678662D 
  72      9EFF
  73 00a9 42C4AB54 		.ascii	"B\304\253T\301D\241\\D>\314S6K+Y\212\266\325eUn\021"
  73      C144A15C 
  73      443ECC53 
  73      364B2B59 
  73      8AB6D565 
  74 00c0 368805E0 		.ascii	"6\210\005\340\001Fy\253\361\333\310\323+\265\210L\200"
  74      014679AB 
  74      F1DBC8D3 
  74      2BB5884C 
  74      80
  75 00d1 87686F91 		.ascii	"\207ho\221\004\\W\254F8-\360\327\317u\322\252\341^\300"
  75      045C57AC 
  75      46382DF0 
  75      D7CF75D2 
  75      AAE15EC0 
  76 00e5 8C8EAB86 		.ascii	"\214\216\253\206\370H\340\373\255\367\325~\015\313\200"
  76      F848E0FB 
  76      ADF7D57E 
  76      0DCB80
  77 00f4 591DD70C 		.ascii	"Y\035\327\014qN\340f\346\273d\321\260\031\360X\307\037"
  77      714EE066 
  77      E6BB64D1 
  77      B019F058 
  77      C71F
  78 0106 86F844E0 		.ascii	"\206\370D\340\245\233\253\222xs\037\340\251\216\233"
  78      A59BAB92 
  78      78731FE0 
  78      A98E9B
  79 0115 86F84CE0 		.ascii	"\206\370L\340\215b\363Q\326\360\020\340\271\216?\015"
  79      8D62F351 
  79      D6F010E0 
  79      B98E3F0D 
  80 0125 F185C0F9 		.ascii	"\361\205\300\371\207\362\223\244\341\021\300K\201\253"
  80      87F293A4 
  80      E111C04B 
  80      81AB
  81 0133 182FB43D 		.ascii	"\030/\264=\032\006\276I\344\033d\373\034u:\225q\237"
  81      1A06BE49 
  81      E41B64FB 
  81      1C753A95 
  81      719F
  82 0145 7FD6EFF1 		.ascii	"\177\326\357\361*\201\220\342\233\231W\026\003\301p"
  82      2A8190E2 
  82      9B995716 
  82      03C170
  83 0154 48F14E4D 		.ascii	"H\361NM\272]\342\236pG\"J(\274\340vM\373CA\347\034\374"
  83      BA5DE29E 
  83      7047224A 
  83      28BCE076 
  83      4DFB4341 
ARM GAS  /tmp/cc8w7RsM.s 			page 6


  84 016b 014F0FD4 		.ascii	"\001O\017\324\036"
  84      1E
  85              		.text
  86              		.section	.gnu.lto_.symbol_nodes.22cd272264fbc6c6,"",%progbits
  87 0000 789C4DCB 		.ascii	"x\234M\313\273\015\2000\014\004\320\213\323\260\265"
  87      BB0D8030 
  87      0C04D08B 
  87      D3B0B5
  88 000f 53640026 		.ascii	"Sd\000&@\024\031\201\206O\351\232\031@\312\034\210\204"
  88      40141981 
  88      864FE99A 
  88      1940CA1C 
  88      8884
  89 0021 1C52DC3C 		.ascii	"\034R\334<\337Y\366\000\026pd\025\005\306\023P\3054"
  89      DF59F600 
  89      16706415 
  89      05C61350 
  89      C534
  90 0033 0F904DD4 		.ascii	"\017\220M\324\365\205\333E\245\025\010\241\344C\324"
  90      F585DB45 
  90      A51508A1 
  90      E443D4
  91 0042 77D94390 		.ascii	"w\331C\220\256\307U\215f\032\357f\242Fs\265l\337_\321"
  91      AEC7558D 
  91      661AEF66 
  91      A24673B5 
  91      6CDF5FD1 
  92 0056 68A6F1BF 		.ascii	"h\246\361\277S\243\365\017/\353\2157\206"
  92      53A3F50F 
  92      2FEB8D37 
  92      86
  93              		.text
  94              		.section	.gnu.lto_.refs.22cd272264fbc6c6,"",%progbits
  95 0000 789C6366 		.ascii	"x\234cf```d\200\002\000\000=\000\005"
  95      60606064 
  95      80020000 
  95      3D0005
  96              		.text
  97              		.section	.gnu.lto_.decls.22cd272264fbc6c6,"",%progbits
  98 0000 789C7592 		.ascii	"x\234u\222]H\024Q\024\307\357\335Y\265\235\006\265\036"
  98      5D481451 
  98      14C7EFDD 
  98      59B59D06 
  98      B51E
  99 0012 142468EB 		.ascii	"\024$h\353\301'\335!\355\275B+z\260$\263\227\036\026"
  99      C127DD21 
  99      EDBD422B 
  99      7AB024B3 
  99      971E16
 100 0025 5D271C58 		.ascii	"]'\034Xgmg,}\273\272Q\022V*\010~\224\011J~\233\371\261"
 100      676D672C 
 100      7DBBBA51 
 100      12562A08 
 100      7E94094A 
 101 003d A6EBEA0A 		.ascii	"\246\353\352\012i\033\024\004)\026=\244=TD\210\205}"
 101      691B1404 
 101      29163DA4 
ARM GAS  /tmp/cc8w7RsM.s 			page 7


 101      3D544488 
 101      857D
 102 004f 51399D7B 		.ascii	"Q9\235{w\326]\311\275p\346\336{\356\371\377\357\357"
 102      77D65DC9 
 102      BD70E6DE 
 102      7BEEF9FF 
 102      EFEF
 103 0061 1E864308 		.ascii	"\036\206C\010\365@\3500\0129\204\3420B0\241|\010X\242"
 103      F540E830 
 103      0A3984E2 
 103      304230A1 
 103      7C0858A2 
 104 0075 61141A66 		.ascii	"a\024\032f\2101\010/\204\017b\026\375?\306\214:\252"
 104      8831082F 
 104      840F6216 
 104      FD3FC68C 
 104      3AAA
 105 0087 0D18DA49 		.ascii	"\015\030\332I\343\314d\234\373v\320y\243ts\206\316\037"
 105      E3CC649C 
 105      FB76D079 
 105      A3747386 
 105      CE1F
 106 0099 A5F3C6B8 		.ascii	"\245\363\306\270\357\213\011O\016m<\337\375\321\204"
 106      EF8B094F 
 106      0E6D3CDF 
 106      FDD184
 107 00a8 13792BDD 		.ascii	"\023y+\335N5\006\233\343a+\360f\272\235\235\371\271"
 107      4E35069B 
 107      E3612BF0 
 107      66BA9D9D 
 107      F9B9
 108 00ba C073264C 		.ascii	"\300s&L\327\235\315\253\213|F\037!\244\226\004^\341"
 108      D79DCDAB 
 108      8B7C461F 
 108      21A49604 
 108      5EE1
 109 00cc 88455DED 		.ascii	"\210E]\355\312S\236\333\313\212\252\357\373\352\022"
 109      CA539EDB 
 109      CB8AAAEF 
 109      FBEA12
 110 00db 407F8067 		.ascii	"@\177\200gGo\333~uY\330\226\266'\011R\246\340{\322\231"
 110      476FDB7E 
 110      7559D896 
 110      B6270952 
 110      A6E07BD2 
 111 00f0 88D3F92E 		.ascii	"\210\323\371.0Z\3677.\354#\304\214\037`\036\367c\016"
 111      305AF737 
 111      2EEC23C4 
 111      8C1F601E 
 111      F7630E
 112 0103 F7E10CDA 		.ascii	"\367\341\014\3326\252\246\243\226\220\032R\357!\226"
 112      36AAA6A3 
 112      96901A52 
 112      EF2196
 113 0112 6022C2DD 		.ascii	"`\"\302\3358\015\367\3404\204\207p:T\260Z<\000\311A"
 113      380DF7E0 
 113      34848770 
ARM GAS  /tmp/cc8w7RsM.s 			page 8


 113      3A54B05A 
 113      3C00C941 
 114 0126 4882F1FC 		.ascii	"H\202\361\374\237\231\253q\230O\337Y\364p\007\021Ch"
 114      9F99AB71 
 114      984FDF59 
 114      F4700711 
 114      4368
 115 0138 F334A650 		.ascii	"\3634\246P\204a@\350\215 \000Q\210\201\036\300K|\277"
 115      846140E8 
 115      8D200051 
 115      88811EC0 
 115      4B7CBF
 116 014b DF2D9A53 		.ascii	"\337-\232S\233@A\275\223\3158?e\313\034\341\021\234"
 116      9B4041BD 
 116      93CD383F 
 116      65CB1CE1 
 116      119C
 117 015d 0ADF0BE6 		.ascii	"\012\337\013\346PCz\373<\272\211SXC\226\226\273&\022"
 117      50437AFB 
 117      3CBA8953 
 117      58439696 
 117      BB2612
 118 0170 ACEDA463 		.ascii	"\254\355\244cx}\315\363\365P\013\351\250!\233\272\216"
 118      787DCDF3 
 118      F5500BE9 
 118      A8219BBA 
 118      8E
 119 0181 99068F6E 		.ascii	"\231\006\217n]\210\350:t\341\030\266\202p\263\365\365"
 119      5D88E83A 
 119      74E118B6 
 119      8270B3F5 
 119      F5
 120 0192 AA99EBC7 		.ascii	"\252\231\353\307\314\245\361{\313\017\201\271t|\352"
 120      CCA5F17B 
 120      CB0F81B9 
 120      747CEA
 121 01a1 8E0F9280 		.ascii	"\216\017\222\200\256\037a\006\343Q\006\343a\003/3\250"
 121      AE1F6106 
 121      E35106E3 
 121      61032F33 
 121      A8
 122 01b2 1D1C9EB6 		.ascii	"\035\034\236\266\230M\241\027P6\310\265\276\030h\023"
 122      984DA117 
 122      5036C8B5 
 122      BE186813 
 123 01c2 B6721398 		.ascii	"\266r\023\230%\007o\177{,\304|\332${\332#l\274md\261"
 123      25076F7F 
 123      7B2CC47C 
 123      DA247BDA 
 123      236CBC6D 
 124 01d8 BF9DE7C6 		.ascii	"\277\235\347\306CX\213\263\325=\361\200\265B\326o=\371"
 124      43588BB3 
 124      D53DF180 
 124      B542D66F 
 124      3DF9
 125 01ea 70B4C153 		.ascii	"p\264\301S\337EVt}?S\341\251(\266\2510\233/&\333\233"
 125      DF455674 
ARM GAS  /tmp/cc8w7RsM.s 			page 9


 125      7D3F53E1 
 125      A928B6A9 
 125      309B2F26 
 126 0200 D1CDB5A4 		.ascii	"\321\315\265\244\230\030~\2061\035\306xVw}^\3406B\030"
 126      98187E86 
 126      311DC678 
 126      56777D5E 
 126      E0364218 
 127 0214 F50D9FFF 		.ascii	"\365\015\237\377&1\214\216{\235\327\254F{@\201g\242"
 127      26318C8E 
 127      7B9DD7AC 
 127      467B4081 
 127      67A2
 128 0226 1066C208 		.ascii	"\020f\302\010\263\014\241\356\316\362]A\270\021\371"
 128      B30CA1EE 
 128      CEF25D41 
 128      B811F9
 129 0235 591873E4 		.ascii	"Y\030s\344\302\000\026X5\314P\375\262\351\346\222e["
 129      C2001658 
 129      35CC50FD 
 129      B2E9E692 
 129      655B
 130 0247 B57F5BF5 		.ascii	"\265\177[\365\234QM\347]\025\262\242eg\331\265\370\223"
 130      9C514DE7 
 130      5D15B2A2 
 130      6567D9B5 
 130      F893
 131 0259 A70BAD39 		.ascii	"\247\013\2559\210\267\333\303\231L\261Bu\213\262\342"
 131      88B7DBC3 
 131      994CB142 
 131      758BB2E2 
 132 0269 70569448 		.ascii	"pV\224H\242\"]q\312\305bY\221\243TV$\321^\"],\252pj"
 132      A2225D71 
 132      CAC56259 
 132      91A35456 
 132      24D15E22 
 133 0282 76ADAA5C 		.ascii	"v\255\252\\Rm\245\350\340N\325j\225*\332U\255\004\034"
 133      526DA5E8 
 133      E04ED56A 
 133      952ADA55 
 133      AD041C
 134 0295 A1244176 		.ascii	"\241$Av_:\245\310\332a\233M\314)\225\213\3453\005\242"
 134      5F3AA5C8 
 134      DA619B4D 
 134      CC29958B 
 134      E53305A2 
 135 02a9 4B154B8B 		.ascii	"K\025K\213\234b\271\313\255\251b\301\271\274\354\254"
 135      9C62B9CB 
 135      ADA962C1 
 135      B9BCECAC 
 136 02b9 D0F74476 		.ascii	"\320\367Dve\245\250je\000\"\253n\233\003Y@\234+\311"
 136      65A5A86A 
 136      650022AB 
 136      6E9B0359 
 136      409C2BC9 
 137 02cd 204F562E 		.ascii	" OV.\313\216\343JQ\261S:/94\227;3\226\237\303UV\346"
 137      CB8EE34A 
ARM GAS  /tmp/cc8w7RsM.s 			page 10


 137      51B1533A 
 137      2F393497 
 137      3B33969F 
 138 02e5 52C46367 		.ascii	"R\304cg\363r\362*E*\003\212=t\316\225\325\210\376\037"
 138      F372F22A 
 138      452A038A 
 138      3D74CE95 
 138      D588FE1F 
 139 02f9 7DE36B7E 		.ascii	"}\343k~"
 140              		.text
 141              		.section	.gnu.lto_.symtab.22cd272264fbc6c6,"",%progbits
 142 0000 69727149 		.ascii	"irqInit\000\000\000\000\000\000\000\000\000\000\000"
 142      6E697400 
 142      00000000 
 142      00000000 
 142      0000
 143 0012 00B40000 		.ascii	"\000\264\000\000\000irqDeinit\000\000\000\000\000\000"
 143      00697271 
 143      4465696E 
 143      69740000 
 143      00000000 
 144 0026 00000000 		.ascii	"\000\000\000\000\000\000\266\000\000\000nvicEnableV"
 144      0000B600 
 144      00006E76 
 144      6963456E 
 144      61626C65 
 145 003b 6563746F 		.ascii	"ector\000\000\002\000\000\000\000\000\000\000\000\000"
 145      72000002 
 145      00000000 
 145      00000000 
 145      00
 146 004c BB000000 		.ascii	"\273\000\000\000nvicDisableVector\000\000\002\000\000"
 146      6E766963 
 146      44697361 
 146      626C6556 
 146      6563746F 
 147 0066 00000000 		.ascii	"\000\000\000\000\000\000\000\277\000\000\000"
 147      000000BF 
 147      000000
 148              		.text
 149              		.section	.gnu.lto_.opts,"",%progbits
 150 0000 272D666E 		.ascii	"'-fno-trapv' '-mcpu=cortex-m4' '-mno-thumb-interwor"
 150      6F2D7472 
 150      61707627 
 150      20272D6D 
 150      6370753D 
 151 0033 6B272027 		.ascii	"k' '-mthumb' '-ggdb' '-O2' '-fomit-frame-pointer' '"
 151      2D6D7468 
 151      756D6227 
 151      20272D67 
 151      67646227 
 152 0066 2D66616C 		.ascii	"-falign-functions=16' '-ffunction-sections' '-fdata"
 152      69676E2D 
 152      66756E63 
 152      74696F6E 
 152      733D3136 
 153 0099 2D736563 		.ascii	"-sections' '-fno-common' '-flto'\000"
ARM GAS  /tmp/cc8w7RsM.s 			page 11


 153      74696F6E 
 153      73272027 
 153      2D666E6F 
 153      2D636F6D 
 154              		.text
 155              		.comm	__gnu_lto_v1,1,1
 156              		.comm	__gnu_lto_slim,1,1
 157              		.ident	"GCC: (15:4.9.3+svn231177-1) 4.9.3 20150529 (prerelease)"
ARM GAS  /tmp/cc8w7RsM.s 			page 12


DEFINED SYMBOLS
                            *ABS*:0000000000000000 stm32_isr.c
                            *COM*:0000000000000001 __gnu_lto_v1
                            *COM*:0000000000000001 __gnu_lto_slim

NO UNDEFINED SYMBOLS
